###############################################################################
#                                                                             #
# IAR C/C++ Compiler V8.10.3.10338/W32 for 8051         07/Jun/2017  11:00:09 #
# Copyright 2004-2011 IAR Systems AB.                                         #
#                                                                             #
#    Core               =  plain                                              #
#    Code model         =  banked                                             #
#    Data model         =  large                                              #
#    Calling convention =  xdata reentrant                                    #
#    Constant location  =  data_rom                                           #
#    Dptr setup         =  1,16                                               #
#    Source file        =  F:\zigbee\zigbee\ZIGBEE_EB2530\第6章               #
#                          实践项目\WSN_ZigBee\Components\hal\target\CC2530EB #
#                          \hal_key.c                                         #
#    Command line       =  -f "F:\zigbee\zigbee\ZIGBEE_EB2530\第6章           #
#                          实践项目\WSN_ZigBee\Projects\zstack\Utilities\Seri #
#                          alApp\CC2530DB\..\..\..\Tools\CC2530DB\f8wEndev.cf #
#                          g" (-DCPU32MHZ -DROOT=__near_func -DBLINK_LEDS)    #
#                          -f "F:\zigbee\zigbee\ZIGBEE_EB2530\第6章           #
#                          实践项目\WSN_ZigBee\Projects\zstack\Utilities\Seri #
#                          alApp\CC2530DB\..\..\..\Tools\CC2530DB\f8wConfig.c #
#                          fg" (-DSECURE=0 -DZG_SECURE_DYNAMIC=0 -DREFLECTOR  #
#                          -DDEFAULT_CHANLIST=0x00000800                      #
#                          -DZDAPP_CONFIG_PAN_ID=0xFFF1                       #
#                          -DNWK_START_DELAY=100 -DEXTENDED_JOINING_RANDOM_MA #
#                          SK=0x007F -DBEACON_REQUEST_DELAY=100               #
#                          -DBEACON_REQ_DELAY_MASK=0x00FF                     #
#                          -DROUTE_EXPIRY_TIME=30 -DAPSC_ACK_WAIT_DURATION_PO #
#                          LLED=3000 -DNWK_INDIRECT_MSG_TIMEOUT=7             #
#                          -DMAX_RREQ_ENTRIES=8 -DAPSC_MAX_FRAME_RETRIES=3    #
#                          -DNWK_MAX_DATA_RETRIES=2                           #
#                          -DMAX_POLL_FAILURE_RETRIES=2 -DMAX_BCAST=9         #
#                          -DAPS_MAX_GROUPS=16 -DMAX_RTG_ENTRIES=40           #
#                          -DNWK_MAX_BINDING_ENTRIES=4                        #
#                          -DMAX_BINDING_CLUSTER_IDS=4 "-DDEFAULT_KEY={0x01,  #
#                          0x03, 0x05, 0x07, 0x09, 0x0B, 0x0D, 0x0F, 0x00,    #
#                          0x02, 0x04, 0x06, 0x08, 0x0A, 0x0C, 0x0D}"         #
#                          -DMAC_MAX_FRAME_SIZE=116 "-DCONST=const __code"    #
#                          -DGENERIC=__generic -DRFD_RCVC_ALWAYS_ON=FALSE     #
#                          -DPOLL_RATE=1000 -DQUEUED_POLL_RATE=100            #
#                          -DRESPONSE_POLL_RATE=100) -DREJOIN_POLL_RATE=440   #
#                          "F:\zigbee\zigbee\ZIGBEE_EB2530\第6章              #
#                          实践项目\WSN_ZigBee\Components\hal\target\CC2530EB #
#                          \hal_key.c" -D ZIGBEEPRO -D NWK_AUTO_POLL -D       #
#                          HAL_UART=TRUE -D SERIAL_APP_PORT=0 -D              #
#                          LCD_SUPPORTED -D xPOWER_SAVING -lC                 #
#                          "F:\zigbee\zigbee\ZIGBEE_EB2530\第6章              #
#                          实践项目\WSN_ZigBee\Projects\zstack\Utilities\Seri #
#                          alApp\CC2530DB\EndDeviceEB-Pro\List\" -lA          #
#                          "F:\zigbee\zigbee\ZIGBEE_EB2530\第6章              #
#                          实践项目\WSN_ZigBee\Projects\zstack\Utilities\Seri #
#                          alApp\CC2530DB\EndDeviceEB-Pro\List\"              #
#                          --diag_suppress Pe001,Pa010 -o                     #
#                          "F:\zigbee\zigbee\ZIGBEE_EB2530\第6章              #
#                          实践项目\WSN_ZigBee\Projects\zstack\Utilities\Seri #
#                          alApp\CC2530DB\EndDeviceEB-Pro\Obj\" -e --debug    #
#                          --core=plain --dptr=16,1 --data_model=large        #
#                          --code_model=banked --calling_convention=xdata_ree #
#                          ntrant --place_constants=data_rom                  #
#                          --nr_virtual_regs 8 -I "F:\zigbee\zigbee\ZIGBEE_EB #
#                          2530\第6章 实践项目\WSN_ZigBee\Projects\zstack\Uti #
#                          lities\SerialApp\CC2530DB\" -I                     #
#                          "F:\zigbee\zigbee\ZIGBEE_EB2530\第6章              #
#                          实践项目\WSN_ZigBee\Projects\zstack\Utilities\Seri #
#                          alApp\CC2530DB\..\SOURCE\" -I                      #
#                          "F:\zigbee\zigbee\ZIGBEE_EB2530\第6章              #
#                          实践项目\WSN_ZigBee\Projects\zstack\Utilities\Seri #
#                          alApp\CC2530DB\..\..\..\ZMAIN\TI2530DB\" -I        #
#                          "F:\zigbee\zigbee\ZIGBEE_EB2530\第6章              #
#                          实践项目\WSN_ZigBee\Projects\zstack\Utilities\Seri #
#                          alApp\CC2530DB\..\..\..\..\..\COMPONENTS\MT\" -I   #
#                          "F:\zigbee\zigbee\ZIGBEE_EB2530\第6章              #
#                          实践项目\WSN_ZigBee\Projects\zstack\Utilities\Seri #
#                          alApp\CC2530DB\..\..\..\..\..\COMPONENTS\HAL\INCLU #
#                          DE\" -I "F:\zigbee\zigbee\ZIGBEE_EB2530\第6章      #
#                          实践项目\WSN_ZigBee\Projects\zstack\Utilities\Seri #
#                          alApp\CC2530DB\..\..\..\..\..\COMPONENTS\HAL\TARGE #
#                          T\CC2530EB\" -I "F:\zigbee\zigbee\ZIGBEE_EB2530\第 #
#                          6章 实践项目\WSN_ZigBee\Projects\zstack\Utilities\ #
#                          SerialApp\CC2530DB\..\..\..\..\..\COMPONENTS\OSAL\ #
#                          MCU\CCSOC\" -I "F:\zigbee\zigbee\ZIGBEE_EB2530\第6 #
#                          章 实践项目\WSN_ZigBee\Projects\zstack\Utilities\S #
#                          erialApp\CC2530DB\..\..\..\..\..\COMPONENTS\OSAL\I #
#                          NCLUDE\" -I "F:\zigbee\zigbee\ZIGBEE_EB2530\第6章  #
#                          实践项目\WSN_ZigBee\Projects\zstack\Utilities\Seri #
#                          alApp\CC2530DB\..\..\..\..\..\COMPONENTS\STACK\AF\ #
#                          " -I "F:\zigbee\zigbee\ZIGBEE_EB2530\第6章         #
#                          实践项目\WSN_ZigBee\Projects\zstack\Utilities\Seri #
#                          alApp\CC2530DB\..\..\..\..\..\COMPONENTS\STACK\NWK #
#                          \" -I "F:\zigbee\zigbee\ZIGBEE_EB2530\第6章        #
#                          实践项目\WSN_ZigBee\Projects\zstack\Utilities\Seri #
#                          alApp\CC2530DB\..\..\..\..\..\COMPONENTS\STACK\SEC #
#                          \" -I "F:\zigbee\zigbee\ZIGBEE_EB2530\第6章        #
#                          实践项目\WSN_ZigBee\Projects\zstack\Utilities\Seri #
#                          alApp\CC2530DB\..\..\..\..\..\COMPONENTS\STACK\SAP #
#                          I\" -I "F:\zigbee\zigbee\ZIGBEE_EB2530\第6章       #
#                          实践项目\WSN_ZigBee\Projects\zstack\Utilities\Seri #
#                          alApp\CC2530DB\..\..\..\..\..\COMPONENTS\STACK\SYS #
#                          \" -I "F:\zigbee\zigbee\ZIGBEE_EB2530\第6章        #
#                          实践项目\WSN_ZigBee\Projects\zstack\Utilities\Seri #
#                          alApp\CC2530DB\..\..\..\..\..\COMPONENTS\STACK\ZDO #
#                          \" -I "F:\zigbee\zigbee\ZIGBEE_EB2530\第6章        #
#                          实践项目\WSN_ZigBee\Projects\zstack\Utilities\Seri #
#                          alApp\CC2530DB\..\..\..\..\..\COMPONENTS\ZMAC\F8W\ #
#                          " -I "F:\zigbee\zigbee\ZIGBEE_EB2530\第6章         #
#                          实践项目\WSN_ZigBee\Projects\zstack\Utilities\Seri #
#                          alApp\CC2530DB\..\..\..\..\..\COMPONENTS\ZMAC\"    #
#                          -I "F:\zigbee\zigbee\ZIGBEE_EB2530\第6章           #
#                          实践项目\WSN_ZigBee\Projects\zstack\Utilities\Seri #
#                          alApp\CC2530DB\..\..\..\..\..\COMPONENTS\SERVICES\ #
#                          SADDR\" -I "F:\zigbee\zigbee\ZIGBEE_EB2530\第6章   #
#                          实践项目\WSN_ZigBee\Projects\zstack\Utilities\Seri #
#                          alApp\CC2530DB\..\..\..\..\..\COMPONENTS\SERVICES\ #
#                          SDATA\" -I "F:\zigbee\zigbee\ZIGBEE_EB2530\第6章   #
#                          实践项目\WSN_ZigBee\Projects\zstack\Utilities\Seri #
#                          alApp\CC2530DB\..\..\..\..\..\COMPONENTS\MAC\INCLU #
#                          DE\" -I "F:\zigbee\zigbee\ZIGBEE_EB2530\第6章      #
#                          实践项目\WSN_ZigBee\Projects\zstack\Utilities\Seri #
#                          alApp\CC2530DB\..\..\..\..\..\COMPONENTS\MAC\HIGH_ #
#                          LEVEL\" -I "F:\zigbee\zigbee\ZIGBEE_EB2530\第6章   #
#                          实践项目\WSN_ZigBee\Projects\zstack\Utilities\Seri #
#                          alApp\CC2530DB\..\..\..\..\..\COMPONENTS\MAC\LOW_L #
#                          EVEL\srf04\" -I "F:\zigbee\zigbee\ZIGBEE_EB2530\第 #
#                          6章 实践项目\WSN_ZigBee\Projects\zstack\Utilities\ #
#                          SerialApp\CC2530DB\..\..\..\..\..\COMPONENTS\MAC\L #
#                          OW_LEVEL\srf04\SINGLE_CHIP\" -Ohz                  #
#                          --require_prototypes                               #
#    List file          =  F:\zigbee\zigbee\ZIGBEE_EB2530\第6章               #
#                          实践项目\WSN_ZigBee\Projects\zstack\Utilities\Seri #
#                          alApp\CC2530DB\EndDeviceEB-Pro\List\hal_key.lst    #
#    Object file        =  F:\zigbee\zigbee\ZIGBEE_EB2530\第6章               #
#                          实践项目\WSN_ZigBee\Projects\zstack\Utilities\Seri #
#                          alApp\CC2530DB\EndDeviceEB-Pro\Obj\hal_key.r51     #
#                                                                             #
#                                                                             #
###############################################################################

F:\zigbee\zigbee\ZIGBEE_EB2530\第6章 实践项目\WSN_ZigBee\Components\hal\target\CC2530EB\hal_key.c
      1          /**************************************************************************************************
      2            Filename:       hal_key.c
      3            Revised:        $Date: 2009-12-16 17:44:49 -0800 (Wed, 16 Dec 2009) $
      4            Revision:       $Revision: 21351 $
      5          
      6            Description:    This file contains the interface to the HAL KEY Service.
      7          
      8          
      9            Copyright 2006-2009 Texas Instruments Incorporated. All rights reserved.
     10          
     11            IMPORTANT: Your use of this Software is limited to those specific rights
     12            granted under the terms of a software license agreement between the user
     13            who downloaded the software, his/her employer (which must be your employer)
     14            and Texas Instruments Incorporated (the "License").  You may not use this
     15            Software unless you agree to abide by the terms of the License. The License
     16            limits your use, and you acknowledge, that the Software may not be modified,
     17            copied or distributed unless embedded on a Texas Instruments microcontroller
     18            or used solely and exclusively in conjunction with a Texas Instruments radio
     19            frequency transceiver, which is integrated into your product.  Other than for
     20            the foregoing purpose, you may not use, reproduce, copy, prepare derivative
     21            works of, modify, distribute, perform, display or sell this Software and/or
     22            its documentation for any purpose.
     23          
     24            YOU FURTHER ACKNOWLEDGE AND AGREE THAT THE SOFTWARE AND DOCUMENTATION ARE
     25            PROVIDED AS IS?WITHOUT WARRANTY OF ANY KIND, EITHER EXPRESS OR IMPLIED,
     26            INCLUDING WITHOUT LIMITATION, ANY WARRANTY OF MERCHANTABILITY, TITLE,
     27            NON-INFRINGEMENT AND FITNESS FOR A PARTICULAR PURPOSE. IN NO EVENT SHALL
     28            TEXAS INSTRUMENTS OR ITS LICENSORS BE LIABLE OR OBLIGATED UNDER CONTRACT,
     29            NEGLIGENCE, STRICT LIABILITY, CONTRIBUTION, BREACH OF WARRANTY, OR OTHER
     30            LEGAL EQUITABLE THEORY ANY DIRECT OR INDIRECT DAMAGES OR EXPENSES
     31            INCLUDING BUT NOT LIMITED TO ANY INCIDENTAL, SPECIAL, INDIRECT, PUNITIVE
     32            OR CONSEQUENTIAL DAMAGES, LOST PROFITS OR LOST DATA, COST OF PROCUREMENT
     33            OF SUBSTITUTE GOODS, TECHNOLOGY, SERVICES, OR ANY CLAIMS BY THIRD PARTIES
     34            (INCLUDING BUT NOT LIMITED TO ANY DEFENSE THEREOF), OR OTHER SIMILAR COSTS.
     35          
     36            Should you have any questions regarding your right to use this Software,
     37            contact Texas Instruments Incorporated at www.TI.com.
     38          **************************************************************************************************/
     39          /*********************************************************************
     40           NOTE: If polling is used, the hal_driver task schedules the KeyRead()
     41                 to occur every 100ms.  This should be long enough to naturally
     42                 debounce the keys.  The KeyRead() function remembers the key
     43                 state of the previous poll and will only return a non-zero
     44                 value if the key state changes.
     45          
     46           NOTE: If interrupts are used, the KeyRead() function is scheduled
     47                 25ms after the interrupt occurs by the ISR.  This delay is used
     48                 for key debouncing.  The ISR disables any further Key interrupt
     49                 until KeyRead() is executed.  KeyRead() will re-enable Key
     50                 interrupts after executing.  Unlike polling, when interrupts
     51                 are enabled, the previous key state is not remembered.  This
     52                 means that KeyRead() will return the current state of the keys
     53                 (not a change in state of the keys).
     54          
     55           NOTE: If interrupts are used, the KeyRead() fucntion is scheduled by
     56                 the ISR.  Therefore, the joystick movements will only be detected
     57                 during a pushbutton interrupt caused by S1 or the center joystick
     58                 pushbutton.
     59          
     60           NOTE: When a switch like S1 is pushed, the S1 signal goes from a normally
     61                 high state to a low state.  This transition is typically clean.  The
     62                 duration of the low state is around 200ms.  When the signal returns
     63                 to the high state, there is a high likelihood of signal bounce, which
     64                 causes a unwanted interrupts.  Normally, we would set the interrupt
     65                 edge to falling edge to generate an interrupt when S1 is pushed, but
     66                 because of the signal bounce, it is better to set the edge to rising
     67                 edge to generate an interrupt when S1 is released.  The debounce logic
     68                 can then filter out the signal bounce.  The result is that we typically
     69                 get only 1 interrupt per button push.  This mechanism is not totally
     70                 foolproof because occasionally, signal bound occurs during the falling
     71                 edge as well.  A similar mechanism is used to handle the joystick
     72                 pushbutton on the DB.  For the EB, we do not have independent control
     73                 of the interrupt edge for the S1 and center joystick pushbutton.  As
     74                 a result, only one or the other pushbuttons work reasonably well with
     75                 interrupts.  The default is the make the S1 switch on the EB work more
     76                 reliably.
     77          
     78          *********************************************************************/
     79          
     80          /**************************************************************************************************
     81           *                                            INCLUDES
     82           **************************************************************************************************/
     83          #include "hal_mcu.h"

   \                                 In  segment SFR_AN, at 0x80
   \   union <unnamed> volatile __sfr _A_P0
   \                     _A_P0:
   \   000000                DS 1

   \                                 In  segment SFR_AN, at 0x89
   \   unsigned char volatile __sfr P0IFG
   \                     P0IFG:
   \   000000                DS 1

   \                                 In  segment SFR_AN, at 0x8b
   \   unsigned char volatile __sfr P2IFG
   \                     P2IFG:
   \   000000                DS 1

   \                                 In  segment SFR_AN, at 0x8c
   \   unsigned char volatile __sfr PICTL
   \                     PICTL:
   \   000000                DS 1

   \                                 In  segment SFR_AN, at 0x9a
   \   unsigned char volatile __sfr IEN2
   \                     IEN2:
   \   000000                DS 1

   \                                 In  segment SFR_AN, at 0xa0
   \   union <unnamed> volatile __sfr _A_P2
   \                     _A_P2:
   \   000000                DS 1

   \                                 In  segment SFR_AN, at 0xab
   \   unsigned char volatile __sfr P0IEN
   \                     P0IEN:
   \   000000                DS 1

   \                                 In  segment SFR_AN, at 0xac
   \   unsigned char volatile __sfr P2IEN
   \                     P2IEN:
   \   000000                DS 1

   \                                 In  segment SFR_AN, at 0xb8
   \   union <unnamed> volatile __sfr _A_IEN1
   \                     _A_IEN1:
   \   000000                DS 1

   \                                 In  segment SFR_AN, at 0xc0
   \   union <unnamed> volatile __sfr _A_IRCON
   \                     _A_IRCON:
   \   000000                DS 1

   \                                 In  segment SFR_AN, at 0xe8
   \   union <unnamed> volatile __sfr _A_IRCON2
   \                     _A_IRCON2:
   \   000000                DS 1

   \                                 In  segment SFR_AN, at 0xf3
   \   unsigned char volatile __sfr P0SEL
   \                     P0SEL:
   \   000000                DS 1

   \                                 In  segment SFR_AN, at 0xf5
   \   unsigned char volatile __sfr P2SEL
   \                     P2SEL:
   \   000000                DS 1

   \                                 In  segment SFR_AN, at 0xfd
   \   unsigned char volatile __sfr P0DIR
   \                     P0DIR:
   \   000000                DS 1

   \                                 In  segment SFR_AN, at 0xff
   \   unsigned char volatile __sfr P2DIR
   \                     P2DIR:
   \   000000                DS 1
     84          #include "hal_defs.h"
     85          #include "hal_types.h"
     86          #include "hal_board.h"
     87          #include "hal_drivers.h"
     88          #include "hal_adc.h"
     89          #include "hal_key.h"
     90          #include "osal.h"
     91          
     92          #if (defined HAL_KEY) && (HAL_KEY == TRUE)
     93          
     94          /**************************************************************************************************
     95           *                                              MACROS
     96           **************************************************************************************************/
     97          
     98          /**************************************************************************************************
     99           *                                            CONSTANTS
    100           **************************************************************************************************/
    101          #define HAL_KEY_RISING_EDGE   0
    102          #define HAL_KEY_FALLING_EDGE  1
    103          
    104          #define HAL_KEY_DEBOUNCE_VALUE  25
    105          #define HAL_KEY_POLLING_VALUE   100
    106          
    107          /* CPU port interrupt */
    108          #define HAL_KEY_CPU_PORT_0_IF P0IF
    109          #define HAL_KEY_CPU_PORT_2_IF P2IF
    110          
    111          /* SW_6 is at P0.1 */
    112          #define HAL_KEY_SW_6_PORT   P0
    113          #define HAL_KEY_SW_6_BIT    BV(1)
    114          #define HAL_KEY_SW_6_SEL    P0SEL
    115          #define HAL_KEY_SW_6_DIR    P0DIR
    116          
    117          /* edge interrupt */
    118          #define HAL_KEY_SW_6_EDGEBIT  BV(0)
    119          #define HAL_KEY_SW_6_EDGE     HAL_KEY_FALLING_EDGE
    120          
    121          
    122          /* SW_6 interrupts */
    123          #define HAL_KEY_SW_6_IEN      IEN1  /* CPU interrupt mask register */
    124          #define HAL_KEY_SW_6_IENBIT   BV(5) /* Mask bit for all of Port_0 */
    125          #define HAL_KEY_SW_6_ICTL     P0IEN /* Port Interrupt Control register */
    126          #define HAL_KEY_SW_6_ICTLBIT  BV(1) /* P0IEN - P0.1 enable/disable bit */
    127          #define HAL_KEY_SW_6_PXIFG    P0IFG /* Interrupt flag at source */
    128          
    129          /* Joy stick move at P2.0 */
    130          #define HAL_KEY_JOY_MOVE_PORT   P2
    131          #define HAL_KEY_JOY_MOVE_BIT    BV(0)
    132          #define HAL_KEY_JOY_MOVE_SEL    P2SEL
    133          #define HAL_KEY_JOY_MOVE_DIR    P2DIR
    134          
    135          /* edge interrupt */
    136          #define HAL_KEY_JOY_MOVE_EDGEBIT  BV(3)
    137          #define HAL_KEY_JOY_MOVE_EDGE     HAL_KEY_FALLING_EDGE
    138          
    139          /* Joy move interrupts */
    140          #define HAL_KEY_JOY_MOVE_IEN      IEN2  /* CPU interrupt mask register */
    141          #define HAL_KEY_JOY_MOVE_IENBIT   BV(1) /* Mask bit for all of Port_2 */
    142          #define HAL_KEY_JOY_MOVE_ICTL     P2IEN /* Port Interrupt Control register */
    143          #define HAL_KEY_JOY_MOVE_ICTLBIT  BV(0) /* P2IENL - P2.0<->P2.3 enable/disable bit */
    144          #define HAL_KEY_JOY_MOVE_PXIFG    P2IFG /* Interrupt flag at source */
    145          
    146          #define HAL_KEY_JOY_CHN   HAL_ADC_CHANNEL_6
    147          
    148          
    149          /**************************************************************************************************
    150           *                                            TYPEDEFS
    151           **************************************************************************************************/
    152          
    153          
    154          /**************************************************************************************************
    155           *                                        GLOBAL VARIABLES
    156           **************************************************************************************************/

   \                                 In  segment XDATA_Z, align 1, keep-with-next
    157          static uint8 halKeySavedKeys;     /* used to store previous key state in polling mode */
   \                     halKeySavedKeys:
   \   000000                DS 1
   \   000001                REQUIRE __INIT_XDATA_Z

   \                                 In  segment XDATA_Z, align 1, keep-with-next
    158          static halKeyCBack_t pHalKeyProcessFunction;
   \                     pHalKeyProcessFunction:
   \   000000                DS 2
   \   000002                REQUIRE __INIT_XDATA_Z

   \                                 In  segment XDATA_Z, align 1, keep-with-next
    159          static uint8 HalKeyConfigured;
   \                     HalKeyConfigured:
   \   000000                DS 1
   \   000001                REQUIRE __INIT_XDATA_Z

   \                                 In  segment XDATA_Z, align 1, keep-with-next
    160          bool Hal_KeyIntEnable;            /* interrupt enable/disable flag */
   \                     Hal_KeyIntEnable:
   \   000000                DS 1
   \   000001                REQUIRE __INIT_XDATA_Z
    161          
    162          /**************************************************************************************************
    163           *                                        FUNCTIONS - Local
    164           **************************************************************************************************/
    165          void halProcessKeyInterrupt(void);
    166          uint8 halGetJoyKeyInput(void);
    167          
    168          
    169          
    170          /**************************************************************************************************
    171           *                                        FUNCTIONS - API
    172           **************************************************************************************************/
    173          
    174          
    175          /**************************************************************************************************
    176           * @fn      HalKeyInit
    177           *
    178           * @brief   Initilize Key Service
    179           *
    180           * @param   none
    181           *
    182           * @return  None
    183           **************************************************************************************************/

   \                                 In  segment BANKED_CODE, align 1, keep-with-next
    184          void HalKeyInit( void )
   \                     HalKeyInit:
    185          {
   \   000000   C082         PUSH    DPL
   \   000002   C083         PUSH    DPH
   \   000004                ; Saved register size: 2
   \   000004                ; Auto size: 0
    186            /* Initialize previous key to 0 */
    187            halKeySavedKeys = 0;
   \   000004   90....       MOV     DPTR,#halKeySavedKeys
   \   000007   E4           CLR     A
   \   000008   F0           MOVX    @DPTR,A
    188          
    189            HAL_KEY_SW_6_SEL &= ~(HAL_KEY_SW_6_BIT);    /* Set pin function to GPIO */
   \   000009   53F3FD       ANL     0xf3,#0xfd
    190            HAL_KEY_SW_6_DIR &= ~(HAL_KEY_SW_6_BIT);    /* Set pin direction to Input */
   \   00000C   53FDFD       ANL     0xfd,#0xfd
    191          
    192            HAL_KEY_JOY_MOVE_SEL &= ~(HAL_KEY_JOY_MOVE_BIT); /* Set pin function to GPIO */
   \   00000F   53F5FE       ANL     0xf5,#0xfe
    193            HAL_KEY_JOY_MOVE_DIR &= ~(HAL_KEY_JOY_MOVE_BIT); /* Set pin direction to Input */
   \   000012   53FFFE       ANL     0xff,#0xfe
    194          
    195          
    196            /* Initialize callback function */
    197            pHalKeyProcessFunction  = NULL;
   \   000015   90....       MOV     DPTR,#pHalKeyProcessFunction
   \   000018   F0           MOVX    @DPTR,A
   \   000019   A3           INC     DPTR
   \   00001A   F0           MOVX    @DPTR,A
    198          
    199            /* Start with key is not configured */
    200            HalKeyConfigured = FALSE;
   \   00001B   90....       MOV     DPTR,#HalKeyConfigured
   \   00001E   F0           MOVX    @DPTR,A
    201          }
   \   00001F   02....       LJMP    ?Subroutine0 & 0xFFFF
   \   000022                REQUIRE P0SEL
   \   000022                REQUIRE P0DIR
   \   000022                REQUIRE P2SEL
   \   000022                REQUIRE P2DIR

   \                                 In  segment BANKED_CODE, align 1, keep-with-next
   \                     ?Subroutine0:
   \   000000   D083         POP     DPH
   \   000002   D082         POP     DPL
   \   000004   02....       LJMP    ?BRET
    202          
    203          
    204          /**************************************************************************************************
    205           * @fn      HalKeyConfig
    206           *
    207           * @brief   Configure the Key serivce
    208           *
    209           * @param   interruptEnable - TRUE/FALSE, enable/disable interrupt
    210           *          cback - pointer to the CallBack function
    211           *
    212           * @return  None
    213           **************************************************************************************************/

   \                                 In  segment BANKED_CODE, align 1, keep-with-next
    214          void HalKeyConfig (bool interruptEnable, halKeyCBack_t cback)
   \                     HalKeyConfig:
    215          {
   \   000000   74F7         MOV     A,#-0x9
   \   000002   12....       LCALL   ?BANKED_ENTER_XDATA
   \   000005                ; Saved register size: 9
   \   000005                ; Auto size: 0
   \   000005   E9           MOV     A,R1
    216            /* Enable/Disable Interrupt or */
    217            Hal_KeyIntEnable = interruptEnable;
   \   000006   90....       MOV     DPTR,#Hal_KeyIntEnable
   \   000009   F0           MOVX    @DPTR,A
    218          
    219            /* Register the callback fucntion */
    220            pHalKeyProcessFunction = cback;
   \   00000A   90....       MOV     DPTR,#pHalKeyProcessFunction
   \   00000D   EA           MOV     A,R2
   \   00000E   F0           MOVX    @DPTR,A
   \   00000F   A3           INC     DPTR
   \   000010   EB           MOV     A,R3
   \   000011   F0           MOVX    @DPTR,A
    221          
    222            /* Determine if interrupt is enable or not */
    223            if (Hal_KeyIntEnable)
   \   000012   90....       MOV     DPTR,#Hal_KeyIntEnable
   \   000015   E0           MOVX    A,@DPTR
   \   000016   6033         JZ      ??HalKeyConfig_0
    224            {
    225              /* Rising/Falling edge configuratinn */
    226          
    227              PICTL &= ~(HAL_KEY_SW_6_EDGEBIT);    /* Clear the edge bit */
   \   000018   538CFE       ANL     0x8c,#0xfe
    228              /* For falling edge, the bit must be set. */
    229            #if (HAL_KEY_SW_6_EDGE == HAL_KEY_FALLING_EDGE)
    230              PICTL |= HAL_KEY_SW_6_EDGEBIT;
   \   00001B   438C01       ORL     0x8c,#0x1
    231            #endif
    232          
    233          
    234              /* Interrupt configuration:
    235               * - Enable interrupt generation at the port
    236               * - Enable CPU interrupt
    237               * - Clear any pending interrupt
    238               */
    239              HAL_KEY_SW_6_ICTL |= HAL_KEY_SW_6_ICTLBIT;
   \   00001E   43AB02       ORL     0xab,#0x2
    240              HAL_KEY_SW_6_IEN |= HAL_KEY_SW_6_IENBIT;
   \   000021   D2BD         SETB    0xb8.5
    241              HAL_KEY_SW_6_PXIFG = ~(HAL_KEY_SW_6_BIT);
   \   000023   7589FD       MOV     0x89,#-0x3
    242          
    243          
    244          
    245              /* Rising/Falling edge configuratinn */
    246          
    247              HAL_KEY_JOY_MOVE_ICTL &= ~(HAL_KEY_JOY_MOVE_EDGEBIT);    /* Clear the edge bit */
   \   000026   53ACF7       ANL     0xac,#0xf7
    248              /* For falling edge, the bit must be set. */
    249            #if (HAL_KEY_JOY_MOVE_EDGE == HAL_KEY_FALLING_EDGE)
    250              HAL_KEY_JOY_MOVE_ICTL |= HAL_KEY_JOY_MOVE_EDGEBIT;
   \   000029   43AC08       ORL     0xac,#0x8
    251            #endif
    252          
    253          
    254              /* Interrupt configuration:
    255               * - Enable interrupt generation at the port
    256               * - Enable CPU interrupt
    257               * - Clear any pending interrupt
    258               */
    259              HAL_KEY_JOY_MOVE_ICTL |= HAL_KEY_JOY_MOVE_ICTLBIT;
   \   00002C   43AC01       ORL     0xac,#0x1
    260              HAL_KEY_JOY_MOVE_IEN |= HAL_KEY_JOY_MOVE_IENBIT;
   \   00002F   439A02       ORL     0x9a,#0x2
    261              HAL_KEY_JOY_MOVE_PXIFG = ~(HAL_KEY_JOY_MOVE_BIT);
   \   000032   758BFE       MOV     0x8b,#-0x2
    262          
    263          
    264              /* Do this only after the hal_key is configured - to work with sleep stuff */
    265              if (HalKeyConfigured == TRUE)
   \   000035   90....       MOV     DPTR,#HalKeyConfigured
   \   000038   E0           MOVX    A,@DPTR
   \   000039   6401         XRL     A,#0x1
   \   00003B   7023         JNZ     ??HalKeyConfig_1
    266              {
    267                osal_stop_timerEx( Hal_TaskID, HAL_KEY_EVENT);  /* Cancel polling if active */
   \   00003D                ; Setup parameters for call to function osal_stop_timerEx
   \   00003D   7A01         MOV     R2,#0x1
   \   00003F   7B00         MOV     R3,#0x0
   \   000041   90....       MOV     DPTR,#Hal_TaskID
   \   000044   E0           MOVX    A,@DPTR
   \   000045   F9           MOV     R1,A
   \   000046   12....       LCALL   ??osal_stop_timerEx?relay
   \   000049   8015         SJMP    ??HalKeyConfig_1
    268              }
    269            }
    270            else    /* Interrupts NOT enabled */
    271            {
    272              HAL_KEY_SW_6_ICTL &= ~(HAL_KEY_SW_6_ICTLBIT); /* don't generate interrupt */
   \                     ??HalKeyConfig_0:
   \   00004B   53ABFD       ANL     0xab,#0xfd
    273              HAL_KEY_SW_6_IEN &= ~(HAL_KEY_SW_6_IENBIT);   /* Clear interrupt enable bit */
   \   00004E   C2BD         CLR     0xb8.5
    274          
    275              osal_start_timerEx (Hal_TaskID, HAL_KEY_EVENT, HAL_KEY_POLLING_VALUE);    /* Kick off polling */
   \   000050                ; Setup parameters for call to function osal_start_timerEx
   \   000050   7C64         MOV     R4,#0x64
   \   000052   7D00         MOV     R5,#0x0
   \   000054   7A01         MOV     R2,#0x1
   \   000056   7B00         MOV     R3,#0x0
   \   000058   90....       MOV     DPTR,#Hal_TaskID
   \   00005B   E0           MOVX    A,@DPTR
   \   00005C   F9           MOV     R1,A
   \   00005D   12....       LCALL   ??osal_start_timerEx?relay
    276            }
    277          
    278            /* Key now is configured */
    279            HalKeyConfigured = TRUE;
   \                     ??HalKeyConfig_1:
   \   000060   90....       MOV     DPTR,#HalKeyConfigured
   \   000063   7401         MOV     A,#0x1
   \   000065   F0           MOVX    @DPTR,A
    280          }
   \   000066   FF           MOV     R7,A
   \   000067   02....       LJMP    ?BANKED_LEAVE_XDATA
   \   00006A                REQUIRE PICTL
   \   00006A                REQUIRE P0IEN
   \   00006A                REQUIRE _A_IEN1
   \   00006A                REQUIRE P0IFG
   \   00006A                REQUIRE P2IEN
   \   00006A                REQUIRE IEN2
   \   00006A                REQUIRE P2IFG
    281          
    282          
    283          /**************************************************************************************************
    284           * @fn      HalKeyRead
    285           *
    286           * @brief   Read the current value of a key
    287           *
    288           * @param   None
    289           *
    290           * @return  keys - current keys status
    291           **************************************************************************************************/

   \                                 In  segment BANKED_CODE, align 1, keep-with-next
    292          uint8 HalKeyRead ( void )
   \                     HalKeyRead:
    293          {
   \   000000                ; Saved register size: 0
   \   000000                ; Auto size: 0
    294            uint8 keys = 0;
   \   000000   7900         MOV     R1,#0x0
    295          
    296            if (HAL_PUSH_BUTTON1())
   \   000002   A281         MOV     C,0x80.1
   \   000004   5002         JNC     ??HalKeyRead_0
    297            {
    298              keys |= HAL_KEY_SW_6;
   \   000006   7920         MOV     R1,#0x20
    299            }
    300          
    301          /*  if ((HAL_KEY_JOY_MOVE_PORT & HAL_KEY_JOY_MOVE_BIT))  // Key is active low 
    302            {
    303              keys |= halGetJoyKeyInput();
    304            }
    305          */
    306            return keys;
   \                     ??HalKeyRead_0:
   \   000008   02....       LJMP    ?BRET
   \   00000B                REQUIRE _A_P0
    307          }
    308          
    309          
    310          /**************************************************************************************************
    311           * @fn      HalKeyPoll
    312           *
    313           * @brief   Called by hal_driver to poll the keys
    314           *
    315           * @param   None
    316           *
    317           * @return  None
    318           **************************************************************************************************/

   \                                 In  segment BANKED_CODE, align 1, keep-with-next
    319          void HalKeyPoll (void)
   \                     HalKeyPoll:
    320          {
   \   000000   C082         PUSH    DPL
   \   000002   C083         PUSH    DPH
   \   000004                ; Saved register size: 2
   \   000004                ; Auto size: 0
    321            uint8 keys = 0;
   \   000004   7900         MOV     R1,#0x0
    322          
    323          /* if ((HAL_KEY_JOY_MOVE_PORT & HAL_KEY_JOY_MOVE_BIT))  // Key is active HIGH 
    324            {
    325              keys = halGetJoyKeyInput();
    326            }
    327          */
    328            if (!HAL_PUSH_BUTTON2())//S0
   \   000006   A2A0         MOV     C,0xa0.0
   \   000008   4001         JC      ??HalKeyPoll_0
    329            {
    330              keys |= HAL_KEY_SW_1; 
   \   00000A   09           INC     R1
    331            }
    332            if (!HAL_PUSH_BUTTON1())//S1 
   \                     ??HalKeyPoll_0:
   \   00000B   A281         MOV     C,0x80.1
   \   00000D   4004         JC      ??HalKeyPoll_1
    333            {
    334              keys |= HAL_KEY_SW_6; 
   \   00000F   E9           MOV     A,R1
   \   000010   D2E5         SETB    0xE0 /* A   */.5
   \   000012   F9           MOV     R1,A
    335            }
    336            
    337            if (!Hal_KeyIntEnable)
   \                     ??HalKeyPoll_1:
   \   000013   90....       MOV     DPTR,#Hal_KeyIntEnable
   \   000016   E0           MOVX    A,@DPTR
   \   000017   7009         JNZ     ??HalKeyPoll_2
    338            {
    339              if (keys == halKeySavedKeys)
   \   000019   90....       MOV     DPTR,#halKeySavedKeys
   \   00001C   E0           MOVX    A,@DPTR
   \   00001D   69           XRL     A,R1
   \   00001E   6021         JZ      ??HalKeyPoll_3
    340              {
    341                /* Exit - since no keys have changed */
    342                return;
    343              }
    344              /* Store the current keys for comparation next time */
    345              halKeySavedKeys = keys;
   \   000020   E9           MOV     A,R1
   \   000021   F0           MOVX    @DPTR,A
    346            }
    347            else
    348            {
    349              /* Key interrupt handled here */
    350            }
    351          
    352            /* Invoke Callback if new keys were depressed */
    353            if (keys && (pHalKeyProcessFunction))
   \                     ??HalKeyPoll_2:
   \   000022   E9           MOV     A,R1
   \   000023   601C         JZ      ??HalKeyPoll_3
   \   000025   90....       MOV     DPTR,#pHalKeyProcessFunction
   \   000028   E0           MOVX    A,@DPTR
   \   000029   FA           MOV     R2,A
   \   00002A   A3           INC     DPTR
   \   00002B   E0           MOVX    A,@DPTR
   \   00002C   FB           MOV     R3,A
   \   00002D   EA           MOV     A,R2
   \   00002E   4B           ORL     A,R3
   \   00002F   6010         JZ      ??HalKeyPoll_3
    354            {
    355              (pHalKeyProcessFunction) (keys, HAL_KEY_STATE_NORMAL);
   \   000031                ; Setup parameters for indirect call
   \   000031   7A00         MOV     R2,#0x0
   \   000033   90....       MOV     DPTR,#pHalKeyProcessFunction
   \   000036   E0           MOVX    A,@DPTR
   \   000037   F8           MOV     R0,A
   \   000038   A3           INC     DPTR
   \   000039   E0           MOVX    A,@DPTR
   \   00003A   F583         MOV     DPH,A
   \   00003C   8882         MOV     DPL,R0
   \   00003E   12....       LCALL   ?CALL_IND
    356            }
   \                     ??HalKeyPoll_3:
   \   000041   02....       LJMP    ?Subroutine0 & 0xFFFF
   \   000044                REQUIRE _A_P2
   \   000044                REQUIRE _A_P0
    357          }
    358          
    359          /**************************************************************************************************
    360           * @fn      halGetJoyKeyInput
    361           *
    362           * @brief   Map the ADC value to its corresponding key.
    363           *
    364           * @param   None
    365           *
    366           * @return  keys - current joy key status
    367           **************************************************************************************************/

   \                                 In  segment BANKED_CODE, align 1, keep-with-next
    368          uint8 halGetJoyKeyInput(void)
   \                     halGetJoyKeyInput:
    369          {
   \   000000   74F7         MOV     A,#-0x9
   \   000002   12....       LCALL   ?BANKED_ENTER_XDATA
   \   000005                ; Saved register size: 9
   \   000005                ; Auto size: 0
    370            /* The joystick control is encoded as an analog voltage.
    371             * Read the JOY_LEVEL analog value and map it to joy movement.
    372             */
    373            uint8 adc;
    374            uint8 ksave0 = 0;
   \   000005   7E00         MOV     R6,#0x0
    375            uint8 ksave1;
    376          
    377            /* Keep on reading the ADC until two consecutive key decisions are the same. */
    378            do
    379            {
    380              ksave1 = ksave0;    /* save previouse key reading */
   \                     ??halGetJoyKeyInput_0:
   \   000007   EE           MOV     A,R6
   \   000008   FF           MOV     R7,A
    381          
    382              adc = HalAdcRead (HAL_KEY_JOY_CHN, HAL_ADC_RESOLUTION_8);
   \   000009                ; Setup parameters for call to function HalAdcRead
   \   000009   7A01         MOV     R2,#0x1
   \   00000B   7906         MOV     R1,#0x6
   \   00000D   12....       LCALL   ??HalAdcRead?relay
   \   000010   EA           MOV     A,R2
   \   000011   F8           MOV     R0,A
    383          
    384              if ((adc >= 2) && (adc <= 38))
   \   000012   74FE         MOV     A,#-0x2
   \   000014   28           ADD     A,R0
   \   000015   C3           CLR     C
   \   000016   9425         SUBB    A,#0x25
   \   000018   5005         JNC     ??halGetJoyKeyInput_1
    385              {
    386                 ksave0 |= HAL_KEY_UP;
   \   00001A   EE           MOV     A,R6
   \   00001B   D2E0         SETB    0xE0 /* A   */.0
   \   00001D   8032         SJMP    ??halGetJoyKeyInput_2
    387              }
    388              else if ((adc >= 74) && (adc <= 88))
   \                     ??halGetJoyKeyInput_1:
   \   00001F   74B6         MOV     A,#-0x4a
   \   000021   28           ADD     A,R0
   \   000022   C3           CLR     C
   \   000023   940F         SUBB    A,#0xf
   \   000025   5005         JNC     ??halGetJoyKeyInput_3
    389              {
    390                ksave0 |= HAL_KEY_RIGHT;
   \   000027   EE           MOV     A,R6
   \   000028   D2E1         SETB    0xE0 /* A   */.1
   \   00002A   8025         SJMP    ??halGetJoyKeyInput_2
    391              }
    392              else if ((adc >= 60) && (adc <= 73))
   \                     ??halGetJoyKeyInput_3:
   \   00002C   74C4         MOV     A,#-0x3c
   \   00002E   28           ADD     A,R0
   \   00002F   C3           CLR     C
   \   000030   940E         SUBB    A,#0xe
   \   000032   5005         JNC     ??halGetJoyKeyInput_4
    393              {
    394                ksave0 |= HAL_KEY_LEFT;
   \   000034   EE           MOV     A,R6
   \   000035   D2E3         SETB    0xE0 /* A   */.3
   \   000037   8018         SJMP    ??halGetJoyKeyInput_2
    395              }
    396              else if ((adc >= 39) && (adc <= 59))
   \                     ??halGetJoyKeyInput_4:
   \   000039   74D9         MOV     A,#-0x27
   \   00003B   28           ADD     A,R0
   \   00003C   C3           CLR     C
   \   00003D   9415         SUBB    A,#0x15
   \   00003F   5005         JNC     ??halGetJoyKeyInput_5
    397              {
    398                ksave0 |= HAL_KEY_DOWN;
   \   000041   EE           MOV     A,R6
   \   000042   D2E4         SETB    0xE0 /* A   */.4
   \   000044   800B         SJMP    ??halGetJoyKeyInput_2
    399              }
    400              else if ((adc >= 89) && (adc <= 100))
   \                     ??halGetJoyKeyInput_5:
   \   000046   74A7         MOV     A,#-0x59
   \   000048   28           ADD     A,R0
   \   000049   C3           CLR     C
   \   00004A   940C         SUBB    A,#0xc
   \   00004C   5004         JNC     ??halGetJoyKeyInput_6
    401              {
    402                ksave0 |= HAL_KEY_CENTER;
   \   00004E   EE           MOV     A,R6
   \   00004F   D2E2         SETB    0xE0 /* A   */.2
   \                     ??halGetJoyKeyInput_2:
   \   000051   FE           MOV     R6,A
    403              }
    404            } while (ksave0 != ksave1);
   \                     ??halGetJoyKeyInput_6:
   \   000052   EF           MOV     A,R7
   \   000053   6E           XRL     A,R6
   \   000054   70B1         JNZ     ??halGetJoyKeyInput_0
    405          
    406            return ksave0;
   \   000056   EE           MOV     A,R6
   \   000057   F9           MOV     R1,A
   \   000058   7F01         MOV     R7,#0x1
   \   00005A   02....       LJMP    ?BANKED_LEAVE_XDATA
    407          }
    408          
    409          
    410          
    411          
    412          
    413          /**************************************************************************************************
    414           * @fn      halProcessKeyInterrupt
    415           *
    416           * @brief   Checks to see if it's a valid key interrupt, saves interrupt driven key states for
    417           *          processing by HalKeyRead(), and debounces keys by scheduling HalKeyRead() 25ms later.
    418           *
    419           * @param
    420           *
    421           * @return
    422           **************************************************************************************************/

   \                                 In  segment BANKED_CODE, align 1, keep-with-next
    423          void halProcessKeyInterrupt (void)
   \                     halProcessKeyInterrupt:
    424          {
   \   000000   C082         PUSH    DPL
   \   000002   C083         PUSH    DPH
   \   000004                ; Saved register size: 2
   \   000004                ; Auto size: 0
    425            bool valid=FALSE;
   \   000004   7800         MOV     R0,#0x0
    426          
    427            if (HAL_KEY_SW_6_PXIFG & HAL_KEY_SW_6_BIT)  /* Interrupt Flag has been set */
   \   000006   E589         MOV     A,0x89
   \   000008   A2E1         MOV     C,0xE0 /* A   */.1
   \   00000A   5004         JNC     ??halProcessKeyInterrupt_0
    428            {
    429              HAL_KEY_SW_6_PXIFG = ~(HAL_KEY_SW_6_BIT); /* Clear Interrupt Flag */
   \   00000C   7589FD       MOV     0x89,#-0x3
    430              valid = TRUE;
   \   00000F   08           INC     R0
    431            }
    432          
    433            if (HAL_KEY_JOY_MOVE_PXIFG & HAL_KEY_JOY_MOVE_BIT)  /* Interrupt Flag has been set */
   \                     ??halProcessKeyInterrupt_0:
   \   000010   E58B         MOV     A,0x8b
   \   000012   A2E0         MOV     C,0xE0 /* A   */.0
   \   000014   5005         JNC     ??halProcessKeyInterrupt_1
    434            {
    435              HAL_KEY_JOY_MOVE_PXIFG = ~(HAL_KEY_JOY_MOVE_BIT); /* Clear Interrupt Flag */
   \   000016   758BFE       MOV     0x8b,#-0x2
    436              valid = TRUE;
   \   000019   8005         SJMP    ??halProcessKeyInterrupt_2
    437            }
    438          
    439            if (valid)
   \                     ??halProcessKeyInterrupt_1:
   \   00001B   E8           MOV     A,R0
   \   00001C   A2E0         MOV     C,0xE0 /* A   */.0
   \   00001E   5010         JNC     ??halProcessKeyInterrupt_3
    440            {
    441              osal_start_timerEx (Hal_TaskID, HAL_KEY_EVENT, HAL_KEY_DEBOUNCE_VALUE);
   \                     ??halProcessKeyInterrupt_2:
   \   000020                ; Setup parameters for call to function osal_start_timerEx
   \   000020   7C19         MOV     R4,#0x19
   \   000022   7D00         MOV     R5,#0x0
   \   000024   7A01         MOV     R2,#0x1
   \   000026   7B00         MOV     R3,#0x0
   \   000028   90....       MOV     DPTR,#Hal_TaskID
   \   00002B   E0           MOVX    A,@DPTR
   \   00002C   F9           MOV     R1,A
   \   00002D   12....       LCALL   ??osal_start_timerEx?relay
    442            }
    443          }
   \                     ??halProcessKeyInterrupt_3:
   \   000030                REQUIRE ?Subroutine0
   \   000030                REQUIRE P0IFG
   \   000030                REQUIRE P2IFG
   \   000030                ; // Fall through to label ?Subroutine0
    444          
    445          /**************************************************************************************************
    446           * @fn      HalKeyEnterSleep
    447           *
    448           * @brief  - Get called to enter sleep mode
    449           *
    450           * @param
    451           *
    452           * @return
    453           **************************************************************************************************/

   \                                 In  segment BANKED_CODE, align 1, keep-with-next
    454          void HalKeyEnterSleep ( void )
   \                     HalKeyEnterSleep:
    455          {
   \   000000                ; Saved register size: 0
   \   000000                ; Auto size: 0
    456          }
   \   000000   02....       LJMP    ?BRET
    457          
    458          /**************************************************************************************************
    459           * @fn      HalKeyExitSleep
    460           *
    461           * @brief   - Get called when sleep is over
    462           *
    463           * @param
    464           *
    465           * @return  - return saved keys
    466           **************************************************************************************************/

   \                                 In  segment BANKED_CODE, align 1, keep-with-next
    467          uint8 HalKeyExitSleep ( void )
   \                     HalKeyExitSleep:
    468          {
   \   000000   C082         PUSH    DPL
   \   000002   C083         PUSH    DPH
   \   000004                ; Saved register size: 2
   \   000004                ; Auto size: 0
    469            /* Wake up and read keys */
    470            return ( HalKeyRead () );
   \   000004                ; Setup parameters for call to function HalKeyRead
   \   000004   12....       LCALL   ??HalKeyRead?relay
   \   000007   80..         SJMP    ?Subroutine0
    471          }
    472          
    473          /***************************************************************************************************
    474           *                                    INTERRUPT SERVICE ROUTINE
    475           ***************************************************************************************************/
    476          
    477          /**************************************************************************************************
    478           * @fn      halKeyPort0Isr
    479           *
    480           * @brief   Port0 ISR
    481           *
    482           * @param
    483           *
    484           * @return
    485           **************************************************************************************************/

   \                                 In  segment NEAR_CODE, align 1, keep-with-next
    486          HAL_ISR_FUNCTION( halKeyPort0Isr, P0INT_VECTOR )
   \                     halKeyPort0Isr:
    487          {
   \   000000   C0E0         PUSH    A
   \   000002   74F2         MOV     A,#-0xe
   \   000004   12....       LCALL   ?INTERRUPT_ENTER_XSP
   \   000007                ; Saved register size: 14
   \   000007                ; Auto size: 0
    488            if (HAL_KEY_SW_6_PXIFG & HAL_KEY_SW_6_BIT)
   \   000007   E589         MOV     A,0x89
   \   000009   A2E1         MOV     C,0xE0 /* A   */.1
   \   00000B   5003         JNC     ??halKeyPort0Isr_0
    489            {
    490              halProcessKeyInterrupt();
   \   00000D                ; Setup parameters for call to function halProcessKeyInterrupt
   \   00000D   12....       LCALL   ??halProcessKeyInterrupt?relay
    491            }
    492          
    493            /*
    494              Clear the CPU interrupt flag for Port_0
    495              PxIFG has to be cleared before PxIF
    496            */
    497            HAL_KEY_SW_6_PXIFG = 0;
   \                     ??halKeyPort0Isr_0:
   \   000010   758900       MOV     0x89,#0x0
    498            HAL_KEY_CPU_PORT_0_IF = 0;
   \   000013   C2C5         CLR     0xc0.5
    499          }
   \   000015                REQUIRE ?Subroutine1
   \   000015                REQUIRE P0IFG
   \   000015                REQUIRE _A_IRCON
   \   000015                ; // Fall through to label ?Subroutine1

   \                                 In  segment NEAR_CODE, align 1, keep-with-next
   \                     ?Subroutine1:
   \   000000   7F01         MOV     R7,#0x1
   \   000002   02....       LJMP    ?INTERRUPT_LEAVE_XSP
    500          
    501          
    502          /**************************************************************************************************
    503           * @fn      halKeyPort2Isr
    504           *
    505           * @brief   Port2 ISR
    506           *
    507           * @param
    508           *
    509           * @return
    510           **************************************************************************************************/

   \                                 In  segment NEAR_CODE, align 1, keep-with-next
    511          HAL_ISR_FUNCTION( halKeyPort2Isr, P2INT_VECTOR )
   \                     halKeyPort2Isr:
    512          {
   \   000000   C0E0         PUSH    A
   \   000002   74F2         MOV     A,#-0xe
   \   000004   12....       LCALL   ?INTERRUPT_ENTER_XSP
   \   000007                ; Saved register size: 14
   \   000007                ; Auto size: 0
    513            if (HAL_KEY_JOY_MOVE_PXIFG & HAL_KEY_JOY_MOVE_BIT)
   \   000007   E58B         MOV     A,0x8b
   \   000009   A2E0         MOV     C,0xE0 /* A   */.0
   \   00000B   5003         JNC     ??halKeyPort2Isr_0
    514            {
    515              halProcessKeyInterrupt();
   \   00000D                ; Setup parameters for call to function halProcessKeyInterrupt
   \   00000D   12....       LCALL   ??halProcessKeyInterrupt?relay
    516            }
    517          
    518            /*
    519              Clear the CPU interrupt flag for Port_2
    520              PxIFG has to be cleared before PxIF
    521              Notes: P2_1 and P2_2 are debug lines.
    522            */
    523            HAL_KEY_JOY_MOVE_PXIFG = 0;
   \                     ??halKeyPort2Isr_0:
   \   000010   758B00       MOV     0x8b,#0x0
    524            HAL_KEY_CPU_PORT_2_IF = 0;
   \   000013   C2E8         CLR     0xe8.0
    525          }
   \   000015   80..         SJMP    ?Subroutine1
   \   000017                REQUIRE P2IFG
   \   000017                REQUIRE _A_IRCON2

   \                                 In  segment INTVEC, offset 0x33, root
   \                     `??halKeyPort2Isr??INTVEC 51`:
   \   000033   02....       LJMP       (halKeyPort2Isr)

   \                                 In  segment INTVEC, offset 0x6b, root
   \                     `??halKeyPort0Isr??INTVEC 107`:
   \   00006B   02....       LJMP       (halKeyPort0Isr)

   \                                 In  segment BANK_RELAYS, align 1
   \                     ??HalKeyInit?relay:
   \   000000   12....       LCALL   ?BDISPATCH
   \   000003   ......       DC24    HalKeyInit

   \                                 In  segment BANK_RELAYS, align 1
   \                     ??HalKeyConfig?relay:
   \   000000   12....       LCALL   ?BDISPATCH
   \   000003   ......       DC24    HalKeyConfig

   \                                 In  segment BANK_RELAYS, align 1
   \                     ??HalKeyRead?relay:
   \   000000   12....       LCALL   ?BDISPATCH
   \   000003   ......       DC24    HalKeyRead

   \                                 In  segment BANK_RELAYS, align 1
   \                     ??HalKeyPoll?relay:
   \   000000   12....       LCALL   ?BDISPATCH
   \   000003   ......       DC24    HalKeyPoll

   \                                 In  segment BANK_RELAYS, align 1
   \                     ??halGetJoyKeyInput?relay:
   \   000000   12....       LCALL   ?BDISPATCH
   \   000003   ......       DC24    halGetJoyKeyInput

   \                                 In  segment BANK_RELAYS, align 1
   \                     ??halProcessKeyInterrupt?relay:
   \   000000   12....       LCALL   ?BDISPATCH
   \   000003   ......       DC24    halProcessKeyInterrupt

   \                                 In  segment BANK_RELAYS, align 1
   \                     ??HalKeyEnterSleep?relay:
   \   000000   12....       LCALL   ?BDISPATCH
   \   000003   ......       DC24    HalKeyEnterSleep

   \                                 In  segment BANK_RELAYS, align 1
   \                     ??HalKeyExitSleep?relay:
   \   000000   12....       LCALL   ?BDISPATCH
   \   000003   ......       DC24    HalKeyExitSleep
    526          
    527          #else
    528          
    529          
    530          void HalKeyInit(void){}
    531          void HalKeyConfig(bool interruptEnable, halKeyCBack_t cback){}
    532          uint8 HalKeyRead(void){ return 0;}
    533          void HalKeyPoll(void){}
    534          
    535          #endif /* HAL_KEY */
    536          
    537          
    538          
    539          
    540          
    541          /**************************************************************************************************
    542          **************************************************************************************************/
    543          
    544          
    545          

   Maximum stack usage in bytes:

     Function                    ISTACK PSTACK XSTACK
     --------                    ------ ------ ------
     HalKeyConfig                    0      0      9
       -> osal_stop_timerEx          0      0     18
       -> osal_start_timerEx         0      0     18
     HalKeyEnterSleep                0      0      0
     HalKeyExitSleep                 2      0      0
       -> HalKeyRead                 4      0      0
     HalKeyInit                      2      0      0
     HalKeyPoll                      2      0      0
     HalKeyRead                      0      0      0
     halGetJoyKeyInput               0      0      9
       -> HalAdcRead                 0      0     18
     halKeyPort0Isr                  0      0     14
       -> halProcessKeyInterrupt     0      0     28
     halKeyPort2Isr                  0      0     14
       -> halProcessKeyInterrupt     0      0     28
     halProcessKeyInterrupt          2      0     14
       -> osal_start_timerEx         4      0      0


   Segment part sizes:

     Function/Label                 Bytes
     --------------                 -----
     _A_P0                             1
     P0IFG                             1
     P2IFG                             1
     PICTL                             1
     IEN2                              1
     _A_P2                             1
     P0IEN                             1
     P2IEN                             1
     _A_IEN1                           1
     _A_IRCON                          1
     _A_IRCON2                         1
     P0SEL                             1
     P2SEL                             1
     P0DIR                             1
     P2DIR                             1
     halKeySavedKeys                   1
     pHalKeyProcessFunction            2
     HalKeyConfigured                  1
     Hal_KeyIntEnable                  1
     HalKeyInit                       34
     ?Subroutine0                      7
     HalKeyConfig                    106
     HalKeyRead                       11
     HalKeyPoll                       68
     halGetJoyKeyInput                93
     halProcessKeyInterrupt           48
     HalKeyEnterSleep                  3
     HalKeyExitSleep                   9
     halKeyPort0Isr                   21
     ?Subroutine1                      5
     halKeyPort2Isr                   23
     ??halKeyPort2Isr??INTVEC 51       3
     ??halKeyPort0Isr??INTVEC 107      3
     ??HalKeyInit?relay                6
     ??HalKeyConfig?relay              6
     ??HalKeyRead?relay                6
     ??HalKeyPoll?relay                6
     ??halGetJoyKeyInput?relay         6
     ??halProcessKeyInterrupt?relay    6
     ??HalKeyEnterSleep?relay          6
     ??HalKeyExitSleep?relay           6

 
 379 bytes in segment BANKED_CODE
  48 bytes in segment BANK_RELAYS
   6 bytes in segment INTVEC
  49 bytes in segment NEAR_CODE
  15 bytes in segment SFR_AN
   5 bytes in segment XDATA_Z
 
 476 bytes of CODE  memory (+  6 bytes shared)
   0 bytes of DATA  memory (+ 15 bytes shared)
   5 bytes of XDATA memory

Errors: none
Warnings: none
