###############################################################################
#                                                                             #
# IAR C/C++ Compiler V8.10.3.10338/W32 for 8051         07/Jun/2017  10:59:51 #
# Copyright 2004-2011 IAR Systems AB.                                         #
#                                                                             #
#    Core               =  plain                                              #
#    Code model         =  banked                                             #
#    Data model         =  large                                              #
#    Calling convention =  xdata reentrant                                    #
#    Constant location  =  data_rom                                           #
#    Dptr setup         =  1,16                                               #
#    Source file        =  F:\zigbee\zigbee\ZIGBEE_EB2530\µÚ6ÕÂ               #
#                          Êµ¼ùÏîÄ¿\WSN_ZigBee\Components\hal\target\CC2530EB #
#                          \hal_sleep.c                                       #
#    Command line       =  -f "F:\zigbee\zigbee\ZIGBEE_EB2530\µÚ6ÕÂ           #
#                          Êµ¼ùÏîÄ¿\WSN_ZigBee\Projects\zstack\Utilities\Seri #
#                          alApp\CC2530DB\..\..\..\Tools\CC2530DB\f8wEndev.cf #
#                          g" (-DCPU32MHZ -DROOT=__near_func -DBLINK_LEDS)    #
#                          -f "F:\zigbee\zigbee\ZIGBEE_EB2530\µÚ6ÕÂ           #
#                          Êµ¼ùÏîÄ¿\WSN_ZigBee\Projects\zstack\Utilities\Seri #
#                          alApp\CC2530DB\..\..\..\Tools\CC2530DB\f8wConfig.c #
#                          fg" (-DSECURE=0 -DZG_SECURE_DYNAMIC=0 -DREFLECTOR  #
#                          -DDEFAULT_CHANLIST=0x00000800                      #
#                          -DZDAPP_CONFIG_PAN_ID=0xFFF1                       #
#                          -DNWK_START_DELAY=100 -DEXTENDED_JOINING_RANDOM_MA #
#                          SK=0x007F -DBEACON_REQUEST_DELAY=100               #
#                          -DBEACON_REQ_DELAY_MASK=0x00FF                     #
#                          -DROUTE_EXPIRY_TIME=30 -DAPSC_ACK_WAIT_DURATION_PO #
#                          LLED=3000 -DNWK_INDIRECT_MSG_TIMEOUT=7             #
#                          -DMAX_RREQ_ENTRIES=8 -DAPSC_MAX_FRAME_RETRIES=3    #
#                          -DNWK_MAX_DATA_RETRIES=2                           #
#                          -DMAX_POLL_FAILURE_RETRIES=2 -DMAX_BCAST=9         #
#                          -DAPS_MAX_GROUPS=16 -DMAX_RTG_ENTRIES=40           #
#                          -DNWK_MAX_BINDING_ENTRIES=4                        #
#                          -DMAX_BINDING_CLUSTER_IDS=4 "-DDEFAULT_KEY={0x01,  #
#                          0x03, 0x05, 0x07, 0x09, 0x0B, 0x0D, 0x0F, 0x00,    #
#                          0x02, 0x04, 0x06, 0x08, 0x0A, 0x0C, 0x0D}"         #
#                          -DMAC_MAX_FRAME_SIZE=116 "-DCONST=const __code"    #
#                          -DGENERIC=__generic -DRFD_RCVC_ALWAYS_ON=FALSE     #
#                          -DPOLL_RATE=1000 -DQUEUED_POLL_RATE=100            #
#                          -DRESPONSE_POLL_RATE=100) -DREJOIN_POLL_RATE=440   #
#                          "F:\zigbee\zigbee\ZIGBEE_EB2530\µÚ6ÕÂ              #
#                          Êµ¼ùÏîÄ¿\WSN_ZigBee\Components\hal\target\CC2530EB #
#                          \hal_sleep.c" -D ZIGBEEPRO -D NWK_AUTO_POLL -D     #
#                          HAL_UART=TRUE -D SERIAL_APP_PORT=0 -D              #
#                          LCD_SUPPORTED -D xPOWER_SAVING -lC                 #
#                          "F:\zigbee\zigbee\ZIGBEE_EB2530\µÚ6ÕÂ              #
#                          Êµ¼ùÏîÄ¿\WSN_ZigBee\Projects\zstack\Utilities\Seri #
#                          alApp\CC2530DB\EndDeviceEB-Pro\List\" -lA          #
#                          "F:\zigbee\zigbee\ZIGBEE_EB2530\µÚ6ÕÂ              #
#                          Êµ¼ùÏîÄ¿\WSN_ZigBee\Projects\zstack\Utilities\Seri #
#                          alApp\CC2530DB\EndDeviceEB-Pro\List\"              #
#                          --diag_suppress Pe001,Pa010 -o                     #
#                          "F:\zigbee\zigbee\ZIGBEE_EB2530\µÚ6ÕÂ              #
#                          Êµ¼ùÏîÄ¿\WSN_ZigBee\Projects\zstack\Utilities\Seri #
#                          alApp\CC2530DB\EndDeviceEB-Pro\Obj\" -e --debug    #
#                          --core=plain --dptr=16,1 --data_model=large        #
#                          --code_model=banked --calling_convention=xdata_ree #
#                          ntrant --place_constants=data_rom                  #
#                          --nr_virtual_regs 8 -I "F:\zigbee\zigbee\ZIGBEE_EB #
#                          2530\µÚ6ÕÂ Êµ¼ùÏîÄ¿\WSN_ZigBee\Projects\zstack\Uti #
#                          lities\SerialApp\CC2530DB\" -I                     #
#                          "F:\zigbee\zigbee\ZIGBEE_EB2530\µÚ6ÕÂ              #
#                          Êµ¼ùÏîÄ¿\WSN_ZigBee\Projects\zstack\Utilities\Seri #
#                          alApp\CC2530DB\..\SOURCE\" -I                      #
#                          "F:\zigbee\zigbee\ZIGBEE_EB2530\µÚ6ÕÂ              #
#                          Êµ¼ùÏîÄ¿\WSN_ZigBee\Projects\zstack\Utilities\Seri #
#                          alApp\CC2530DB\..\..\..\ZMAIN\TI2530DB\" -I        #
#                          "F:\zigbee\zigbee\ZIGBEE_EB2530\µÚ6ÕÂ              #
#                          Êµ¼ùÏîÄ¿\WSN_ZigBee\Projects\zstack\Utilities\Seri #
#                          alApp\CC2530DB\..\..\..\..\..\COMPONENTS\MT\" -I   #
#                          "F:\zigbee\zigbee\ZIGBEE_EB2530\µÚ6ÕÂ              #
#                          Êµ¼ùÏîÄ¿\WSN_ZigBee\Projects\zstack\Utilities\Seri #
#                          alApp\CC2530DB\..\..\..\..\..\COMPONENTS\HAL\INCLU #
#                          DE\" -I "F:\zigbee\zigbee\ZIGBEE_EB2530\µÚ6ÕÂ      #
#                          Êµ¼ùÏîÄ¿\WSN_ZigBee\Projects\zstack\Utilities\Seri #
#                          alApp\CC2530DB\..\..\..\..\..\COMPONENTS\HAL\TARGE #
#                          T\CC2530EB\" -I "F:\zigbee\zigbee\ZIGBEE_EB2530\µÚ #
#                          6ÕÂ Êµ¼ùÏîÄ¿\WSN_ZigBee\Projects\zstack\Utilities\ #
#                          SerialApp\CC2530DB\..\..\..\..\..\COMPONENTS\OSAL\ #
#                          MCU\CCSOC\" -I "F:\zigbee\zigbee\ZIGBEE_EB2530\µÚ6 #
#                          ÕÂ Êµ¼ùÏîÄ¿\WSN_ZigBee\Projects\zstack\Utilities\S #
#                          erialApp\CC2530DB\..\..\..\..\..\COMPONENTS\OSAL\I #
#                          NCLUDE\" -I "F:\zigbee\zigbee\ZIGBEE_EB2530\µÚ6ÕÂ  #
#                          Êµ¼ùÏîÄ¿\WSN_ZigBee\Projects\zstack\Utilities\Seri #
#                          alApp\CC2530DB\..\..\..\..\..\COMPONENTS\STACK\AF\ #
#                          " -I "F:\zigbee\zigbee\ZIGBEE_EB2530\µÚ6ÕÂ         #
#                          Êµ¼ùÏîÄ¿\WSN_ZigBee\Projects\zstack\Utilities\Seri #
#                          alApp\CC2530DB\..\..\..\..\..\COMPONENTS\STACK\NWK #
#                          \" -I "F:\zigbee\zigbee\ZIGBEE_EB2530\µÚ6ÕÂ        #
#                          Êµ¼ùÏîÄ¿\WSN_ZigBee\Projects\zstack\Utilities\Seri #
#                          alApp\CC2530DB\..\..\..\..\..\COMPONENTS\STACK\SEC #
#                          \" -I "F:\zigbee\zigbee\ZIGBEE_EB2530\µÚ6ÕÂ        #
#                          Êµ¼ùÏîÄ¿\WSN_ZigBee\Projects\zstack\Utilities\Seri #
#                          alApp\CC2530DB\..\..\..\..\..\COMPONENTS\STACK\SAP #
#                          I\" -I "F:\zigbee\zigbee\ZIGBEE_EB2530\µÚ6ÕÂ       #
#                          Êµ¼ùÏîÄ¿\WSN_ZigBee\Projects\zstack\Utilities\Seri #
#                          alApp\CC2530DB\..\..\..\..\..\COMPONENTS\STACK\SYS #
#                          \" -I "F:\zigbee\zigbee\ZIGBEE_EB2530\µÚ6ÕÂ        #
#                          Êµ¼ùÏîÄ¿\WSN_ZigBee\Projects\zstack\Utilities\Seri #
#                          alApp\CC2530DB\..\..\..\..\..\COMPONENTS\STACK\ZDO #
#                          \" -I "F:\zigbee\zigbee\ZIGBEE_EB2530\µÚ6ÕÂ        #
#                          Êµ¼ùÏîÄ¿\WSN_ZigBee\Projects\zstack\Utilities\Seri #
#                          alApp\CC2530DB\..\..\..\..\..\COMPONENTS\ZMAC\F8W\ #
#                          " -I "F:\zigbee\zigbee\ZIGBEE_EB2530\µÚ6ÕÂ         #
#                          Êµ¼ùÏîÄ¿\WSN_ZigBee\Projects\zstack\Utilities\Seri #
#                          alApp\CC2530DB\..\..\..\..\..\COMPONENTS\ZMAC\"    #
#                          -I "F:\zigbee\zigbee\ZIGBEE_EB2530\µÚ6ÕÂ           #
#                          Êµ¼ùÏîÄ¿\WSN_ZigBee\Projects\zstack\Utilities\Seri #
#                          alApp\CC2530DB\..\..\..\..\..\COMPONENTS\SERVICES\ #
#                          SADDR\" -I "F:\zigbee\zigbee\ZIGBEE_EB2530\µÚ6ÕÂ   #
#                          Êµ¼ùÏîÄ¿\WSN_ZigBee\Projects\zstack\Utilities\Seri #
#                          alApp\CC2530DB\..\..\..\..\..\COMPONENTS\SERVICES\ #
#                          SDATA\" -I "F:\zigbee\zigbee\ZIGBEE_EB2530\µÚ6ÕÂ   #
#                          Êµ¼ùÏîÄ¿\WSN_ZigBee\Projects\zstack\Utilities\Seri #
#                          alApp\CC2530DB\..\..\..\..\..\COMPONENTS\MAC\INCLU #
#                          DE\" -I "F:\zigbee\zigbee\ZIGBEE_EB2530\µÚ6ÕÂ      #
#                          Êµ¼ùÏîÄ¿\WSN_ZigBee\Projects\zstack\Utilities\Seri #
#                          alApp\CC2530DB\..\..\..\..\..\COMPONENTS\MAC\HIGH_ #
#                          LEVEL\" -I "F:\zigbee\zigbee\ZIGBEE_EB2530\µÚ6ÕÂ   #
#                          Êµ¼ùÏîÄ¿\WSN_ZigBee\Projects\zstack\Utilities\Seri #
#                          alApp\CC2530DB\..\..\..\..\..\COMPONENTS\MAC\LOW_L #
#                          EVEL\srf04\" -I "F:\zigbee\zigbee\ZIGBEE_EB2530\µÚ #
#                          6ÕÂ Êµ¼ùÏîÄ¿\WSN_ZigBee\Projects\zstack\Utilities\ #
#                          SerialApp\CC2530DB\..\..\..\..\..\COMPONENTS\MAC\L #
#                          OW_LEVEL\srf04\SINGLE_CHIP\" -Ohz                  #
#                          --require_prototypes                               #
#    List file          =  F:\zigbee\zigbee\ZIGBEE_EB2530\µÚ6ÕÂ               #
#                          Êµ¼ùÏîÄ¿\WSN_ZigBee\Projects\zstack\Utilities\Seri #
#                          alApp\CC2530DB\EndDeviceEB-Pro\List\hal_sleep.lst  #
#    Object file        =  F:\zigbee\zigbee\ZIGBEE_EB2530\µÚ6ÕÂ               #
#                          Êµ¼ùÏîÄ¿\WSN_ZigBee\Projects\zstack\Utilities\Seri #
#                          alApp\CC2530DB\EndDeviceEB-Pro\Obj\hal_sleep.r51   #
#                                                                             #
#                                                                             #
###############################################################################

F:\zigbee\zigbee\ZIGBEE_EB2530\µÚ6ÕÂ Êµ¼ùÏîÄ¿\WSN_ZigBee\Components\hal\target\CC2530EB\hal_sleep.c
      1          /**************************************************************************************************
      2            Filename:       hal_sleep.c
      3            Revised:        $Date: 2009-01-29 15:49:56 -0800 (Thu, 29 Jan 2009) $
      4            Revision:       $Revision: 18906 $
      5          
      6            Description:    This module contains the HAL power management procedures for the CC2530.
      7          
      8          
      9            Copyright 2006-2007 Texas Instruments Incorporated. All rights reserved.
     10          
     11            IMPORTANT: Your use of this Software is limited to those specific rights
     12            granted under the terms of a software license agreement between the user
     13            who downloaded the software, his/her employer (which must be your employer)
     14            and Texas Instruments Incorporated (the "License").  You may not use this
     15            Software unless you agree to abide by the terms of the License. The License
     16            limits your use, and you acknowledge, that the Software may not be modified,
     17            copied or distributed unless embedded on a Texas Instruments microcontroller
     18            or used solely and exclusively in conjunction with a Texas Instruments radio
     19            frequency transceiver, which is integrated into your product.  Other than for
     20            the foregoing purpose, you may not use, reproduce, copy, prepare derivative
     21            works of, modify, distribute, perform, display or sell this Software and/or
     22            its documentation for any purpose.
     23          
     24            YOU FURTHER ACKNOWLEDGE AND AGREE THAT THE SOFTWARE AND DOCUMENTATION ARE
     25            PROVIDED “AS IS” WITHOUT WARRANTY OF ANY KIND, EITHER EXPRESS OR IMPLIED,
     26            INCLUDING WITHOUT LIMITATION, ANY WARRANTY OF MERCHANTABILITY, TITLE,
     27            NON-INFRINGEMENT AND FITNESS FOR A PARTICULAR PURPOSE. IN NO EVENT SHALL
     28            TEXAS INSTRUMENTS OR ITS LICENSORS BE LIABLE OR OBLIGATED UNDER CONTRACT,
     29            NEGLIGENCE, STRICT LIABILITY, CONTRIBUTION, BREACH OF WARRANTY, OR OTHER
     30            LEGAL EQUITABLE THEORY ANY DIRECT OR INDIRECT DAMAGES OR EXPENSES
     31            INCLUDING BUT NOT LIMITED TO ANY INCIDENTAL, SPECIAL, INDIRECT, PUNITIVE
     32            OR CONSEQUENTIAL DAMAGES, LOST PROFITS OR LOST DATA, COST OF PROCUREMENT
     33            OF SUBSTITUTE GOODS, TECHNOLOGY, SERVICES, OR ANY CLAIMS BY THIRD PARTIES
     34            (INCLUDING BUT NOT LIMITED TO ANY DEFENSE THEREOF), OR OTHER SIMILAR COSTS.
     35          
     36            Should you have any questions regarding your right to use this Software,
     37            contact Texas Instruments Incorporated at www.TI.com.
     38          **************************************************************************************************/
     39          
     40          /* ------------------------------------------------------------------------------------------------
     41           *                                          Includes
     42           * ------------------------------------------------------------------------------------------------
     43           */
     44          #include "hal_types.h"
     45          #include "hal_mcu.h"

   \                                 In  segment SFR_AN, at 0x87
   \   unsigned char volatile __sfr PCON
   \                     PCON:
   \   000000                DS 1

   \                                 In  segment SFR_AN, at 0x95
   \   unsigned char volatile __sfr ST0
   \                     ST0:
   \   000000                DS 1

   \                                 In  segment SFR_AN, at 0x96
   \   unsigned char volatile __sfr ST1
   \                     ST1:
   \   000000                DS 1

   \                                 In  segment SFR_AN, at 0x97
   \   unsigned char volatile __sfr ST2
   \                     ST2:
   \   000000                DS 1

   \                                 In  segment SFR_AN, at 0x9a
   \   unsigned char volatile __sfr IEN2
   \                     IEN2:
   \   000000                DS 1

   \                                 In  segment SFR_AN, at 0xa8
   \   union <unnamed> volatile __sfr _A_IEN0
   \                     _A_IEN0:
   \   000000                DS 1

   \                                 In  segment SFR_AN, at 0xad
   \   unsigned char volatile __sfr STLOAD
   \                     STLOAD:
   \   000000                DS 1

   \                                 In  segment SFR_AN, at 0xb8
   \   union <unnamed> volatile __sfr _A_IEN1
   \                     _A_IEN1:
   \   000000                DS 1

   \                                 In  segment SFR_AN, at 0xbe
   \   unsigned char volatile __sfr SLEEPCMD
   \                     SLEEPCMD:
   \   000000                DS 1

   \                                 In  segment SFR_AN, at 0xc0
   \   union <unnamed> volatile __sfr _A_IRCON
   \                     _A_IRCON:
   \   000000                DS 1
     46          #include "hal_board.h"
     47          #include "hal_sleep.h"
     48          #include "hal_led.h"
     49          #include "hal_key.h"
     50          #include "mac_api.h"
     51          #include "OSAL.h"
     52          #include "OSAL_Timers.h"
     53          #include "OSAL_Tasks.h"
     54          #include "OSAL_PwrMgr.h"
     55          #include "OnBoard.h"
     56          #include "hal_drivers.h"
     57          #include "hal_assert.h"
     58          #include "mac_mcu.h"
     59          
     60          #if !defined (RTR_NWK) && defined (NWK_AUTO_POLL)
     61          #include "nwk_globals.h"
     62          #include "ZGlobals.h"
     63          #endif
     64          
     65          /* ------------------------------------------------------------------------------------------------
     66           *                                           Macros
     67           * ------------------------------------------------------------------------------------------------
     68           */
     69          
     70          /* POWER CONSERVATION DEFINITIONS
     71           * Sleep mode H/W definitions (enabled with POWER_SAVING compile option)
     72           */
     73          #define CC2530_PM0            0  /* PM0, Clock oscillators on, voltage regulator on */
     74          #define CC2530_PM1            1  /* PM1, 32.768 kHz oscillators on, voltage regulator on */
     75          #define CC2530_PM2            2  /* PM2, 32.768 kHz oscillators on, voltage regulator off */
     76          #define CC2530_PM3            3  /* PM3, All clock oscillators off, voltage regulator off */
     77          
     78          /* HAL power management mode is set according to the power management state. The default
     79           * setting is HAL_SLEEP_OFF. The actual value is tailored to different HW platform. Both
     80           * HAL_SLEEP_TIMER and HAL_SLEEP_DEEP selections will:
     81           *   1. turn off the system clock, and
     82           *   2. halt the MCU.
     83           * HAL_SLEEP_TIMER can be woken up by sleep timer interrupt, I/O interrupt and reset.
     84           * HAL_SLEEP_DEEP can be woken up by I/O interrupt and reset.
     85           */
     86          #define HAL_SLEEP_OFF         CC2530_PM0
     87          #define HAL_SLEEP_TIMER       CC2530_PM2
     88          #define HAL_SLEEP_DEEP        CC2530_PM3
     89          
     90          /* MAX_SLEEP_TIME calculation:
     91           *   Sleep timer maximum duration = 0xFFFF7F / 32768 Hz = 511.996 seconds
     92           *   Round it to 510 seconds or 510000 ms
     93           */
     94          #define MAX_SLEEP_TIME                   510000             /* maximum time to sleep allowed by ST */
     95          
     96          
     97          /* minimum time to sleep, this macro is to:
     98           * 1. avoid thrashing in-and-out of sleep with short OSAL timer (~2ms)
     99           * 2. define minimum safe sleep period
    100           */
    101          #if !defined (PM_MIN_SLEEP_TIME)
    102          #define PM_MIN_SLEEP_TIME                14                 /* default to minimum safe sleep time minimum CAP */
    103          #endif
    104          
    105          /* The PCON instruction must be 4-byte aligned. The following code may cause excessive power
    106           * consumption if not aligned. See linker file ".xcl" for actual placement.
    107           */
    108          #pragma location = "SLEEP_CODE"

   \                                 In  segment SLEEP_CODE, align 1, keep-with-next
    109          static void halSetSleepMode(void)
   \                     halSetSleepMode:
    110          {
   \   000000                ; Saved register size: 0
   \   000000                ; Auto size: 0
    111            PCON |= PCON_IDLE;
   \   000000   438701       ORL     0x87,#0x1
    112            asm("NOP");
   \   000003   00           NOP
    113          }
   \   000004   02....       LJMP    ?BRET
   \   000007                REQUIRE PCON
    114          
    115          /* This value is used to adjust the sleep timer compare value such that the sleep timer
    116           * compare takes into account the amount of processing time spent in function halSleep().
    117           * The first value is determined by measuring the number of sleep timer ticks it from
    118           * the beginning of the function to entering sleep mode.  The second value is determined
    119           * by measuring the number of sleep timer ticks from exit of sleep mode to the call to
    120           * osal_adjust_timers().
    121           */
    122          #define HAL_SLEEP_ADJ_TICKS   (7 + 10)
    123          
    124          #ifndef HAL_SLEEP_DEBUG_POWER_MODE
    125          /* set CC2530 power mode; always use PM2 */
    126          #define HAL_SLEEP_SET_POWER_MODE(mode)       st( SLEEPCMD &= ~PMODE; /* clear mode bits */    \
    127                                                           SLEEPCMD |= mode;   /* set mode bits   */    \
    128                                                           while (!(STLOAD & LDRDY));                   \
    129                                                           {                                            \
    130                                                             halSetSleepMode();                         \
    131                                                           }                                            \
    132                                                         )
    133          #else
    134          /* Debug: don't set power mode, just block until sleep timer interrupt */
    135          #define HAL_SLEEP_SET_POWER_MODE(mode)      st( while(halSleepInt == FALSE); \
    136                                                          halSleepInt = FALSE; )
    137          #endif
    138          
    139          /* sleep and external interrupt port masks */
    140          #define STIE_BV                             BV(5)
    141          #define P0IE_BV                             BV(5)
    142          #define P1IE_BV                             BV(4)
    143          #define P2IE_BV                             BV(1)
    144          
    145          /* sleep timer interrupt control */
    146          #define HAL_SLEEP_TIMER_ENABLE_INT()        st(IEN0 |= STIE_BV;)     /* enable sleep timer interrupt */
    147          #define HAL_SLEEP_TIMER_DISABLE_INT()       st(IEN0 &= ~STIE_BV;)    /* disable sleep timer interrupt */
    148          #define HAL_SLEEP_TIMER_CLEAR_INT()         st(IRCON &= ~0x80;)      /* clear sleep interrupt flag */
    149          
    150          /* backup interrupt enable registers before sleep */
    151          #define HAL_SLEEP_IE_BACKUP_AND_DISABLE(ien0, ien1, ien2) st(ien0  = IEN0;    /* backup IEN0 register */ \
    152                                                                       ien1  = IEN1;    /* backup IEN1 register */ \
    153                                                                       ien2  = IEN2;    /* backup IEN2 register */ \
    154                                                                       IEN0 &= STIE_BV; /* disable IEN0 except STIE */ \
    155                                                                       IEN1 &= P0IE_BV; /* disable IEN1 except P0IE */ \
    156                                                                       IEN2 &= (P1IE_BV|P2IE_BV);) /* disable IEN2 except P1IE, P2IE */
    157          
    158          /* restore interrupt enable registers before sleep */
    159          #define HAL_SLEEP_IE_RESTORE(ien0, ien1, ien2) st(IEN0 = ien0;   /* restore IEN0 register */ \
    160                                                            IEN1 = ien1;   /* restore IEN1 register */ \
    161                                                            IEN2 = ien2;)  /* restore IEN2 register */
    162          
    163          /* convert msec to 320 usec units with round */
    164          #define HAL_SLEEP_MS_TO_320US(ms)           (((((uint32) (ms)) * 100) + 31) / 32)
    165          
    166          /* for optimized indexing of uint32's */
    167          #if HAL_MCU_LITTLE_ENDIAN()
    168          #define UINT32_NDX0   0
    169          #define UINT32_NDX1   1
    170          #define UINT32_NDX2   2
    171          #define UINT32_NDX3   3
    172          #else
    173          #define UINT32_NDX0   3
    174          #define UINT32_NDX1   2
    175          #define UINT32_NDX2   1
    176          #define UINT32_NDX3   0
    177          #endif
    178          
    179          /* ------------------------------------------------------------------------------------------------
    180           *                                        Local Variables
    181           * ------------------------------------------------------------------------------------------------
    182           */
    183          
    184          /* HAL power management mode is set according to the power management state.
    185           */

   \                                 In  segment XDATA_Z, align 1, keep-with-next
    186          static uint8 halPwrMgtMode = HAL_SLEEP_OFF;
   \                     halPwrMgtMode:
   \   000000                DS 1
   \   000001                REQUIRE __INIT_XDATA_Z
    187          
    188          /* stores the sleep timer count upon entering sleep */

   \                                 In  segment XDATA_Z, align 1, keep-with-next
    189          static uint32 halSleepTimerStart;
   \                     halSleepTimerStart:
   \   000000                DS 4
   \   000004                REQUIRE __INIT_XDATA_Z
    190          
    191          /* stores the accumulated sleep time */

   \                                 In  segment XDATA_Z, align 1, keep-with-next
    192          static uint32 halAccumulatedSleepTime;
   \                     halAccumulatedSleepTime:
   \   000000                DS 4
   \   000004                REQUIRE __INIT_XDATA_Z
    193          
    194          #ifdef HAL_SLEEP_DEBUG_POWER_MODE
    195          static bool halSleepInt = FALSE;
    196          #endif
    197          
    198          /* ------------------------------------------------------------------------------------------------
    199           *                                      Function Prototypes
    200           * ------------------------------------------------------------------------------------------------
    201           */
    202          
    203          void halSleepSetTimer(uint32 timeout);
    204          uint32 HalTimerElapsed( void );
    205          
    206          /**************************************************************************************************
    207           * @fn          halSleep
    208           *
    209           * @brief       This function is called from the OSAL task loop using and existing OSAL
    210           *              interface.  It sets the low power mode of the MAC and the CC2530.
    211           *
    212           * input parameters
    213           *
    214           * @param       osal_timeout - Next OSAL timer timeout.
    215           *
    216           * output parameters
    217           *
    218           * None.
    219           *
    220           * @return      None.
    221           **************************************************************************************************
    222           */

   \                                 In  segment BANKED_CODE, align 1, keep-with-next
    223          void halSleep( uint16 osal_timeout )
   \                     halSleep:
    224          {
   \   000000   74F0         MOV     A,#-0x10
   \   000002   12....       LCALL   ?BANKED_ENTER_XDATA
   \   000005                ; Saved register size: 16
   \   000005                ; Auto size: 4
   \   000005   74FC         MOV     A,#-0x4
   \   000007   12....       LCALL   ?ALLOC_XSTACK8
   \   00000A   8A..         MOV     ?V0 + 0,R2
   \   00000C   8B..         MOV     ?V0 + 1,R3
    225            uint32        timeout;
    226            uint32        macTimeout = 0;
    227          
    228            halAccumulatedSleepTime = 0;
   \   00000E   90....       MOV     DPTR,#__Constant_0
   \   000011   12....       LCALL   ?XLOAD_R2345
   \   000014   90....       MOV     DPTR,#halAccumulatedSleepTime
   \   000017   12....       LCALL   ?XSTORE_R2345
    229          
    230            /* get next OSAL timer expiration converted to 320 usec units */
    231            timeout = HAL_SLEEP_MS_TO_320US(osal_timeout);
   \   00001A   E4           CLR     A
   \   00001B   F5..         MOV     ?V0 + 2,A
   \   00001D   F5..         MOV     ?V0 + 3,A
   \   00001F   90....       MOV     DPTR,#__Constant_64
   \   000022   78..         MOV     R0,#?V0 + 4
   \   000024   12....       LCALL   ?L_MOV_X
   \   000027   78..         MOV     R0,#?V0 + 0
   \   000029   79..         MOV     R1,#?V0 + 4
   \   00002B   12....       LCALL   ?L_MUL
   \   00002E   90....       MOV     DPTR,#__Constant_1f
   \   000031   78..         MOV     R0,#?V0 + 0
   \   000033   12....       LCALL   ?L_ADD_X
   \   000036   7405         MOV     A,#0x5
   \   000038   78..         MOV     R0,#?V0 + 0
   \   00003A   12....       LCALL   ?UL_SHR
   \   00003D   85..82       MOV     DPL,?XSP + 0
   \   000040   85..83       MOV     DPH,?XSP + 1
   \   000043   78..         MOV     R0,#?V0 + 0
   \   000045   12....       LCALL   ?L_MOV_TO_X
    232            if (timeout == 0)
   \   000048   85..82       MOV     DPL,?XSP + 0
   \   00004B   85..83       MOV     DPH,?XSP + 1
   \   00004E   78..         MOV     R0,#?V0 + 0
   \   000050   12....       LCALL   ?L_MOV_X
   \   000053   12....       LCALL   ?Subroutine1 & 0xFFFF
   \                     ??CrossCallReturnLabel_4:
   \   000056   7024         JNZ     ??halSleep_0
    233            {
    234              timeout = MAC_PwrNextTimeout();
   \   000058                ; Setup parameters for call to function MAC_PwrNextTimeout
   \   000058   12....       LCALL   ??MAC_PwrNextTimeout?relay
   \   00005B   85..82       MOV     DPL,?XSP + 0
   \   00005E   85..83       MOV     DPH,?XSP + 1
   \   000061   12....       LCALL   ?XSTORE_R2345
    235            }
    236            else
    237            {
    238              /* get next MAC timer expiration */
    239              macTimeout = MAC_PwrNextTimeout();
    240          
    241              /* get lesser of two timeouts */
    242              if ((macTimeout != 0) && (macTimeout < timeout))
    243              {
    244                timeout = macTimeout;
    245              }
    246            }
    247          
    248            /* HAL_SLEEP_PM2 is entered only if the timeout is zero and
    249             * the device is a stimulated device.
    250             */
    251            halPwrMgtMode = (timeout == 0) ? HAL_SLEEP_DEEP : HAL_SLEEP_TIMER;
   \   000064   85..82       MOV     DPL,?XSP + 0
   \   000067   85..83       MOV     DPH,?XSP + 1
   \   00006A   78..         MOV     R0,#?V0 + 0
   \   00006C   12....       LCALL   ?L_MOV_X
   \   00006F   12....       LCALL   ?Subroutine1 & 0xFFFF
   \                     ??CrossCallReturnLabel_5:
   \   000072   7031         JNZ     ??halSleep_1
   \   000074   90....       MOV     DPTR,#halPwrMgtMode
   \   000077   7403         MOV     A,#0x3
   \   000079   F0           MOVX    @DPTR,A
   \   00007A   805B         SJMP    ??halSleep_2
   \                     ??halSleep_0:
   \   00007C                ; Setup parameters for call to function MAC_PwrNextTimeout
   \   00007C   12....       LCALL   ??MAC_PwrNextTimeout?relay
   \   00007F   8A..         MOV     ?V0 + 0,R2
   \   000081   8B..         MOV     ?V0 + 1,R3
   \   000083   8C..         MOV     ?V0 + 2,R4
   \   000085   8D..         MOV     ?V0 + 3,R5
   \   000087   EA           MOV     A,R2
   \   000088   12....       LCALL   ??Subroutine3_0 & 0xFFFF
   \                     ??CrossCallReturnLabel_3:
   \   00008B   6018         JZ      ??halSleep_1
   \   00008D   85..82       MOV     DPL,?XSP + 0
   \   000090   85..83       MOV     DPH,?XSP + 1
   \   000093   78..         MOV     R0,#?V0 + 0
   \   000095   12....       LCALL   ?UL_GE_X
   \   000098   400B         JC      ??halSleep_1
   \   00009A   85..82       MOV     DPL,?XSP + 0
   \   00009D   85..83       MOV     DPH,?XSP + 1
   \   0000A0   78..         MOV     R0,#?V0 + 0
   \   0000A2   12....       LCALL   ?L_MOV_TO_X
   \                     ??halSleep_1:
   \   0000A5   90....       MOV     DPTR,#halPwrMgtMode
   \   0000A8   7402         MOV     A,#0x2
   \   0000AA   12....       LCALL   ?Subroutine2 & 0xFFFF
    252          
    253            /* DEEP sleep can only be entered when zgPollRate == 0.
    254             * This is to eliminate any possibility of entering PM3 between
    255             * two network timers.
    256             */
    257          #if !defined (RTR_NWK) && defined (NWK_AUTO_POLL)
    258            if ((timeout > HAL_SLEEP_MS_TO_320US(PM_MIN_SLEEP_TIME)) ||
    259                (timeout == 0 && zgPollRate == 0))
   \                     ??CrossCallReturnLabel_0:
   \   0000AD   C082         PUSH    DPL
   \   0000AF   C083         PUSH    DPH
   \   0000B1   90....       MOV     DPTR,#__Constant_2d
   \   0000B4   78..         MOV     R0,#?V0 + 0
   \   0000B6   12....       LCALL   ?L_MOV_X
   \   0000B9   D083         POP     DPH
   \   0000BB   D082         POP     DPL
   \   0000BD   78..         MOV     R0,#?V0 + 0
   \   0000BF   12....       LCALL   ?UL_GT_X
   \   0000C2   5022         JNC     ??halSleep_3
   \   0000C4   85..82       MOV     DPL,?XSP + 0
   \   0000C7   85..83       MOV     DPH,?XSP + 1
   \   0000CA   78..         MOV     R0,#?V0 + 0
   \   0000CC   12....       LCALL   ?L_MOV_X
   \   0000CF   12....       LCALL   ?Subroutine1 & 0xFFFF
   \                     ??CrossCallReturnLabel_6:
   \   0000D2   6003         JZ      $+5
   \   0000D4   02....       LJMP    ??halSleep_4 & 0xFFFF
   \                     ??halSleep_2:
   \   0000D7   90....       MOV     DPTR,#zgPollRate
   \   0000DA   E0           MOVX    A,@DPTR
   \   0000DB   F8           MOV     R0,A
   \   0000DC   A3           INC     DPTR
   \   0000DD   E0           MOVX    A,@DPTR
   \   0000DE   F9           MOV     R1,A
   \   0000DF   E8           MOV     A,R0
   \   0000E0   49           ORL     A,R1
   \   0000E1   6003         JZ      $+5
   \   0000E3   02....       LJMP    ??halSleep_4 & 0xFFFF
    260          #else
    261            if ((timeout > HAL_SLEEP_MS_TO_320US(PM_MIN_SLEEP_TIME)) ||
    262                (timeout == 0))
    263          #endif
    264            {
    265              halIntState_t ien0, ien1, ien2;
    266          
    267              HAL_ASSERT(HAL_INTERRUPTS_ARE_ENABLED());
   \                     ??halSleep_3:
   \   0000E6   A2AF         MOV     C,0xa8.7
   \   0000E8   4003         JC      ??halSleep_5
   \   0000EA                ; Setup parameters for call to function halAssertHandler
   \   0000EA   12....       LCALL   ??halAssertHandler?relay
    268              HAL_DISABLE_INTERRUPTS();
   \                     ??halSleep_5:
   \   0000ED   C2AF         CLR     0xa8.7
    269          
    270              /* always use "deep sleep" to turn off radio VREG on CC2530 */
    271              if (MAC_PwrOffReq(MAC_PWR_SLEEP_DEEP) == MAC_SUCCESS)
   \   0000EF                ; Setup parameters for call to function MAC_PwrOffReq
   \   0000EF   7902         MOV     R1,#0x2
   \   0000F1   12....       LCALL   ??MAC_PwrOffReq?relay
   \   0000F4   E9           MOV     A,R1
   \   0000F5   6003         JZ      $+5
   \   0000F7   02....       LJMP    ??halSleep_6 & 0xFFFF
    272              {
    273                while ( (HAL_SLEEP_MS_TO_320US(halAccumulatedSleepTime) < timeout) || (timeout == 0) )
   \                     ??halSleep_7:
   \   0000FA   90....       MOV     DPTR,#halAccumulatedSleepTime
   \   0000FD   78..         MOV     R0,#?V0 + 0
   \   0000FF   12....       LCALL   ?L_MOV_X
   \   000102   90....       MOV     DPTR,#__Constant_64
   \   000105   78..         MOV     R0,#?V0 + 4
   \   000107   12....       LCALL   ?L_MOV_X
   \   00010A   78..         MOV     R0,#?V0 + 0
   \   00010C   79..         MOV     R1,#?V0 + 4
   \   00010E   12....       LCALL   ?L_MUL
   \   000111   90....       MOV     DPTR,#__Constant_1f
   \   000114   78..         MOV     R0,#?V0 + 0
   \   000116   12....       LCALL   ?L_ADD_X
   \   000119   7405         MOV     A,#0x5
   \   00011B   78..         MOV     R0,#?V0 + 0
   \   00011D   12....       LCALL   ?UL_SHR
   \   000120   85..82       MOV     DPL,?XSP + 0
   \   000123   85..83       MOV     DPH,?XSP + 1
   \   000126   78..         MOV     R0,#?V0 + 0
   \   000128   12....       LCALL   ?UL_GE_X
   \   00012B   5013         JNC     ??halSleep_8
   \   00012D   85..82       MOV     DPL,?XSP + 0
   \   000130   85..83       MOV     DPH,?XSP + 1
   \   000133   78..         MOV     R0,#?V0 + 0
   \   000135   12....       LCALL   ?L_MOV_X
   \   000138   12....       LCALL   ?Subroutine1 & 0xFFFF
   \                     ??CrossCallReturnLabel_7:
   \   00013B   6003         JZ      $+5
   \   00013D   02....       LJMP    ??halSleep_9 & 0xFFFF
    274                {
    275                  /* get peripherals ready for sleep */
    276                  HalKeyEnterSleep();
   \                     ??halSleep_8:
   \   000140                ; Setup parameters for call to function HalKeyEnterSleep
   \   000140   12....       LCALL   ??HalKeyEnterSleep?relay
    277          
    278          #ifdef HAL_SLEEP_DEBUG_LED
    279                  HAL_TURN_OFF_LED3();
    280          #else
    281                  /* use this to turn LEDs off during sleep */
    282                  HalLedEnterSleep();
   \   000143                ; Setup parameters for call to function HalLedEnterSleep
   \   000143   12....       LCALL   ??HalLedEnterSleep?relay
    283          #endif
    284          
    285                  /* enable sleep timer interrupt */
    286                  if (timeout != 0)
   \   000146   85..82       MOV     DPL,?XSP + 0
   \   000149   85..83       MOV     DPH,?XSP + 1
   \   00014C   78..         MOV     R0,#?V0 + 0
   \   00014E   12....       LCALL   ?L_MOV_X
   \   000151   12....       LCALL   ?Subroutine1 & 0xFFFF
   \                     ??CrossCallReturnLabel_8:
   \   000154   6045         JZ      ??halSleep_10
    287                  {
    288                    if (timeout > HAL_SLEEP_MS_TO_320US( MAX_SLEEP_TIME ))
   \   000156   85..82       MOV     DPL,?XSP + 0
   \   000159   85..83       MOV     DPH,?XSP + 1
   \   00015C   C082         PUSH    DPL
   \   00015E   C083         PUSH    DPH
   \   000160   90....       MOV     DPTR,#__Constant_185197
   \   000163   78..         MOV     R0,#?V0 + 0
   \   000165   12....       LCALL   ?L_MOV_X
   \   000168   D083         POP     DPH
   \   00016A   D082         POP     DPL
   \   00016C   78..         MOV     R0,#?V0 + 0
   \   00016E   12....       LCALL   ?UL_GT_X
   \   000171   4018         JC      ??halSleep_11
    289                    {
    290                      timeout -= HAL_SLEEP_MS_TO_320US( MAX_SLEEP_TIME );
   \   000173   90....       MOV     DPTR,#__Constant_ffe7ae6a
   \   000176   78..         MOV     R0,#?V0 + 0
   \   000178   12....       LCALL   ?L_MOV_X
   \   00017B   85..82       MOV     DPL,?XSP + 0
   \   00017E   85..83       MOV     DPH,?XSP + 1
   \   000181   78..         MOV     R0,#?V0 + 0
   \   000183   12....       LCALL   ?L_ADD_TO_X
    291                      halSleepSetTimer(HAL_SLEEP_MS_TO_320US( MAX_SLEEP_TIME ));
   \   000186                ; Setup parameters for call to function halSleepSetTimer
   \   000186   90....       MOV     DPTR,#__Constant_185196
   \   000189   8006         SJMP    ??halSleep_12
    292                    }
    293                    else
    294                    {
    295                      /* set sleep timer */
    296                      halSleepSetTimer(timeout);
   \                     ??halSleep_11:
   \   00018B                ; Setup parameters for call to function halSleepSetTimer
   \   00018B   85..82       MOV     DPL,?XSP + 0
   \   00018E   85..83       MOV     DPH,?XSP + 1
   \                     ??halSleep_12:
   \   000191   12....       LCALL   ?XLOAD_R2345
   \   000194   12....       LCALL   ??halSleepSetTimer?relay
    297                    }
    298          
    299                    /* set up sleep timer interrupt */
    300                    HAL_SLEEP_TIMER_CLEAR_INT();
   \   000197   C2C7         CLR     0xc0.7
    301                    HAL_SLEEP_TIMER_ENABLE_INT();
   \   000199   D2AD         SETB    0xa8.5
    302                  }
    303          
    304          #ifdef HAL_SLEEP_DEBUG_LED
    305                  if (halPwrMgtMode == CC2530_PM1)
    306                  {
    307                    HAL_TURN_ON_LED1();
    308                  }
    309                  else
    310                  {
    311                    HAL_TURN_OFF_LED1();
    312                  }
    313          #endif
    314          
    315                  /* save interrupt enable registers and disable all interrupts */
    316                  HAL_SLEEP_IE_BACKUP_AND_DISABLE(ien0, ien1, ien2);
   \                     ??halSleep_10:
   \   00019B   E5A8         MOV     A,0xa8
   \   00019D   FE           MOV     R6,A
   \   00019E   E5B8         MOV     A,0xb8
   \   0001A0   FF           MOV     R7,A
   \   0001A1   E59A         MOV     A,0x9a
   \   0001A3   F5..         MOV     ?V0 + 0,A
   \   0001A5   53A820       ANL     0xa8,#0x20
   \   0001A8   53B820       ANL     0xb8,#0x20
   \   0001AB   539A12       ANL     0x9a,#0x12
    317                  HAL_ENABLE_INTERRUPTS();
   \   0001AE   D2AF         SETB    0xa8.7
    318          
    319                  /* set CC2530 power mode, interrupt is disabled after this function */
    320                  HAL_SLEEP_SET_POWER_MODE(halPwrMgtMode);
   \   0001B0   53BEFC       ANL     0xbe,#0xfc
   \   0001B3   90....       MOV     DPTR,#halPwrMgtMode
   \   0001B6   E0           MOVX    A,@DPTR
   \   0001B7   42BE         ORL     0xbe,A
   \                     ??halSleep_13:
   \   0001B9   E5AD         MOV     A,0xad
   \   0001BB   A2E0         MOV     C,0xE0 /* A   */.0
   \   0001BD   50FA         JNC     ??halSleep_13
   \   0001BF                ; Setup parameters for call to function halSetSleepMode
   \   0001BF   12....       LCALL   ??halSetSleepMode?relay
    321                  HAL_DISABLE_INTERRUPTS();
   \   0001C2   C2AF         CLR     0xa8.7
    322          
    323                  /* restore interrupt enable registers */
    324                  HAL_SLEEP_IE_RESTORE(ien0, ien1, ien2);
   \   0001C4   8EA8         MOV     0xa8,R6
   \   0001C6   8FB8         MOV     0xb8,R7
   \   0001C8   85..9A       MOV     0x9a,?V0 + 0
    325          
    326                  /* disable sleep timer interrupt */
    327                  HAL_SLEEP_TIMER_DISABLE_INT();
   \   0001CB   C2AD         CLR     0xa8.5
    328          
    329                  /* Calculate timer elasped */
    330                  halAccumulatedSleepTime += (HalTimerElapsed() / TICK_COUNT);
   \   0001CD                ; Setup parameters for call to function HalTimerElapsed
   \   0001CD   12....       LCALL   ??HalTimerElapsed?relay
   \   0001D0   8A..         MOV     ?V0 + 0,R2
   \   0001D2   8B..         MOV     ?V0 + 1,R3
   \   0001D4   8C..         MOV     ?V0 + 2,R4
   \   0001D6   8D..         MOV     ?V0 + 3,R5
   \   0001D8   90....       MOV     DPTR,#halAccumulatedSleepTime
   \   0001DB   78..         MOV     R0,#?V0 + 0
   \   0001DD   12....       LCALL   ?L_ADD_TO_X
    331          
    332                  /* deduct the sleep time for the next iteration */
    333                  if ( osal_timeout > halAccumulatedSleepTime)
    334                  {
    335                    osal_timeout -= halAccumulatedSleepTime;
    336                  }
    337          
    338          #ifdef HAL_SLEEP_DEBUG_LED
    339                  HAL_TURN_ON_LED3();
    340          #else
    341                  /* use this to turn LEDs back on after sleep */
    342                  HalLedExitSleep();
   \   0001E0                ; Setup parameters for call to function HalLedExitSleep
   \   0001E0   12....       LCALL   ??HalLedExitSleep?relay
    343          #endif
    344          
    345                  /* handle peripherals; exit loop if key presses */
    346                  if ( HalKeyExitSleep() )
   \   0001E3                ; Setup parameters for call to function HalKeyExitSleep
   \   0001E3   12....       LCALL   ??HalKeyExitSleep?relay
   \   0001E6   E9           MOV     A,R1
   \   0001E7   7013         JNZ     ??halSleep_9
    347                  {
    348                    break;
    349                  }
    350          
    351                  /* exit loop if no timer active */
    352                  if ( timeout == 0 ) break;
   \   0001E9   85..82       MOV     DPL,?XSP + 0
   \   0001EC   85..83       MOV     DPH,?XSP + 1
   \   0001EF   78..         MOV     R0,#?V0 + 0
   \   0001F1   12....       LCALL   ?L_MOV_X
   \   0001F4   12....       LCALL   ?Subroutine1 & 0xFFFF
    353                }
   \                     ??CrossCallReturnLabel_9:
   \   0001F7   6003         JZ      $+5
   \   0001F9   02....       LJMP    ??halSleep_7 & 0xFFFF
    354          
    355                /* power on the MAC; blocks until completion */
    356                MAC_PwrOnReq();
   \                     ??halSleep_9:
   \   0001FC                ; Setup parameters for call to function MAC_PwrOnReq
   \   0001FC   12....       LCALL   ??MAC_PwrOnReq?relay
    357          
    358              }
    359          
    360              HAL_ENABLE_INTERRUPTS();
   \                     ??halSleep_6:
   \   0001FF   D2AF         SETB    0xa8.7
    361            }
    362          }
   \                     ??halSleep_4:
   \   000201                REQUIRE ?Subroutine0
   \   000201                REQUIRE _A_IEN0
   \   000201                REQUIRE _A_IRCON
   \   000201                REQUIRE _A_IEN1
   \   000201                REQUIRE IEN2
   \   000201                REQUIRE SLEEPCMD
   \   000201                REQUIRE STLOAD
   \   000201                ; // Fall through to label ?Subroutine0

   \                                 In  segment BANKED_CODE, align 1, keep-with-next
   \                     ?Subroutine0:
   \   000000   7404         MOV     A,#0x4
   \   000002   12....       LCALL   ?DEALLOC_XSTACK8
   \   000005   7F08         MOV     R7,#0x8
   \   000007   02....       LJMP    ?BANKED_LEAVE_XDATA

   \                                 In  segment BANKED_CODE, align 1, keep-with-next
   \                     ?Subroutine1:
   \   000000   E5..         MOV     A,?V0 + 0
   \   000002                REQUIRE ??Subroutine3_0
   \   000002                ; // Fall through to label ??Subroutine3_0

   \                                 In  segment BANKED_CODE, align 1, keep-with-next
   \                     ??Subroutine3_0:
   \   000000   45..         ORL     A,?V0 + 1
   \   000002   45..         ORL     A,?V0 + 2
   \   000004   45..         ORL     A,?V0 + 3
   \   000006   22           RET

   \                                 In  segment BANKED_CODE, align 1, keep-with-next
   \                     ?Subroutine2:
   \   000000   F0           MOVX    @DPTR,A
   \   000001   85..82       MOV     DPL,?XSP + 0
   \   000004   85..83       MOV     DPH,?XSP + 1
   \   000007   22           RET
    363          
    364          /**************************************************************************************************
    365           * @fn          halSleepSetTimer
    366           *
    367           * @brief       This function sets the CC2530 sleep timer compare value.  First it reads and
    368           *              stores the value of the sleep timer; this value is used later to update OSAL
    369           *              timers.  Then the timeout value is converted from 320 usec units to 32 kHz
    370           *              period units and the compare value is set to the timeout.
    371           *
    372           * input parameters
    373           *
    374           * @param       timeout - Timeout value in 320 usec units.  The sleep timer compare is set to
    375           *                        this value.
    376           *
    377           * output parameters
    378           *
    379           * None.
    380           *
    381           * @return      None.
    382           **************************************************************************************************
    383           */

   \                                 In  segment BANKED_CODE, align 1, keep-with-next
    384          void halSleepSetTimer(uint32 timeout)
   \                     halSleepSetTimer:
    385          {
   \   000000   74F0         MOV     A,#-0x10
   \   000002   12....       LCALL   ?BANKED_ENTER_XDATA
   \   000005                ; Saved register size: 16
   \   000005                ; Auto size: 4
   \   000005   74FC         MOV     A,#-0x4
   \   000007   12....       LCALL   ?ALLOC_XSTACK8
   \   00000A   8A..         MOV     ?V0 + 0,R2
   \   00000C   8B..         MOV     ?V0 + 1,R3
   \   00000E   8C..         MOV     ?V0 + 2,R4
   \   000010   8D..         MOV     ?V0 + 3,R5
    386            uint32 ticks;
    387          
    388            /* read the sleep timer; ST0 must be read first */
    389            ((uint8 *) &ticks)[UINT32_NDX0] = ST0;
   \   000012   E595         MOV     A,0x95
   \   000014   85..82       MOV     DPL,?XSP + 0
   \   000017   85..83       MOV     DPH,?XSP + 1
   \   00001A   F0           MOVX    @DPTR,A
    390            ((uint8 *) &ticks)[UINT32_NDX1] = ST1;
   \   00001B   E596         MOV     A,0x96
   \   00001D   C0E0         PUSH    A
   \   00001F   7401         MOV     A,#0x1
   \   000021   12....       LCALL   ?XSTACK_DISP0_8
   \   000024   D0E0         POP     A
   \   000026   F0           MOVX    @DPTR,A
    391            ((uint8 *) &ticks)[UINT32_NDX2] = ST2;
   \   000027   E597         MOV     A,0x97
   \   000029   C0E0         PUSH    A
   \   00002B   7402         MOV     A,#0x2
   \   00002D   12....       LCALL   ?XSTACK_DISP0_8
   \   000030   D0E0         POP     A
   \   000032   F0           MOVX    @DPTR,A
    392            ((uint8 *) &ticks)[UINT32_NDX3] = 0;
   \   000033   7403         MOV     A,#0x3
   \   000035   12....       LCALL   ?XSTACK_DISP0_8
   \   000038   E4           CLR     A
   \   000039   12....       LCALL   ?Subroutine2 & 0xFFFF
    393          
    394            /* store value for later */
    395            halSleepTimerStart = ticks;
   \                     ??CrossCallReturnLabel_1:
   \   00003C   12....       LCALL   ?XLOAD_R2345
   \   00003F   90....       MOV     DPTR,#halSleepTimerStart
   \   000042   12....       LCALL   ?XSTORE_R2345
    396          
    397            /* Compute sleep timer compare value.  The ratio of 32 kHz ticks to 320 usec ticks
    398             * is 32768/3125 = 10.48576.  This is nearly 671/64 = 10.484375.
    399             */
    400            ticks += (timeout * 671) / 64;
    401          
    402            /* subtract the processing time spent in function halSleep() */
    403            ticks -= HAL_SLEEP_ADJ_TICKS;
   \   000045   90....       MOV     DPTR,#__Constant_29f
   \   000048   78..         MOV     R0,#?V0 + 4
   \   00004A   12....       LCALL   ?L_MOV_X
   \   00004D   78..         MOV     R0,#?V0 + 0
   \   00004F   79..         MOV     R1,#?V0 + 4
   \   000051   12....       LCALL   ?L_MUL
   \   000054   7406         MOV     A,#0x6
   \   000056   78..         MOV     R0,#?V0 + 0
   \   000058   12....       LCALL   ?UL_SHR
   \   00005B   90....       MOV     DPTR,#__Constant_ffffffef
   \   00005E   78..         MOV     R0,#?V0 + 0
   \   000060   12....       LCALL   ?L_ADD_X
   \   000063   85..82       MOV     DPL,?XSP + 0
   \   000066   85..83       MOV     DPH,?XSP + 1
   \   000069   78..         MOV     R0,#?V0 + 0
   \   00006B   12....       LCALL   ?L_ADD_TO_X
    404          
    405            /* set sleep timer compare; ST0 must be written last */
    406            ST2 = ((uint8 *) &ticks)[UINT32_NDX2];
   \   00006E   7402         MOV     A,#0x2
   \   000070   12....       LCALL   ?XSTACK_DISP0_8
   \   000073   E0           MOVX    A,@DPTR
   \   000074   F597         MOV     0x97,A
    407            ST1 = ((uint8 *) &ticks)[UINT32_NDX1];
   \   000076   7401         MOV     A,#0x1
   \   000078   12....       LCALL   ?XSTACK_DISP0_8
   \   00007B   E0           MOVX    A,@DPTR
   \   00007C   F596         MOV     0x96,A
    408            ST0 = ((uint8 *) &ticks)[UINT32_NDX0];
   \   00007E   85..82       MOV     DPL,?XSP + 0
   \   000081   85..83       MOV     DPH,?XSP + 1
   \   000084   E0           MOVX    A,@DPTR
   \   000085   F595         MOV     0x95,A
    409          }
   \   000087   02....       LJMP    ?Subroutine0 & 0xFFFF
   \   00008A                REQUIRE ST0
   \   00008A                REQUIRE ST1
   \   00008A                REQUIRE ST2
    410          
    411          /**************************************************************************************************
    412           * @fn          TimerElapsed
    413           *
    414           * @brief       Determine the number of OSAL timer ticks elapsed during sleep.
    415           *
    416           * input parameters
    417           *
    418           * @param       None.
    419           *
    420           * output parameters
    421           *
    422           * None.
    423           *
    424           * @return      Number of timer ticks elapsed during sleep.
    425           **************************************************************************************************
    426           */

   \                                 In  segment BANKED_CODE, align 1, keep-with-next
    427          uint32 TimerElapsed( void )
   \                     TimerElapsed:
    428          {
   \   000000   C082         PUSH    DPL
   \   000002   C083         PUSH    DPH
   \   000004                ; Saved register size: 2
   \   000004                ; Auto size: 0
    429            return ( halAccumulatedSleepTime );
   \   000004   90....       MOV     DPTR,#halAccumulatedSleepTime
   \   000007   12....       LCALL   ?XLOAD_R2345
   \   00000A   D083         POP     DPH
   \   00000C   D082         POP     DPL
   \   00000E   02....       LJMP    ?BRET
    430          }
    431          
    432          /**************************************************************************************************
    433           * @fn          HalTimerElapsed
    434           *
    435           * @brief       Determine the number of OSAL timer ticks elapsed during sleep.  This function
    436           *              relies on OSAL macro TICK_COUNT to be set to 1; then ticks are calculated in
    437           *              units of msec.
    438           *
    439           * input parameters
    440           *
    441           * @param       None.
    442           *
    443           * output parameters
    444           *
    445           * None.
    446           *
    447           * @return      Number of timer ticks elapsed during sleep.
    448           **************************************************************************************************
    449           */

   \                                 In  segment BANKED_CODE, align 1, keep-with-next
    450          uint32 HalTimerElapsed( void )
   \                     HalTimerElapsed:
    451          {
   \   000000   74F0         MOV     A,#-0x10
   \   000002   12....       LCALL   ?BANKED_ENTER_XDATA
   \   000005                ; Saved register size: 16
   \   000005                ; Auto size: 4
   \   000005   74FC         MOV     A,#-0x4
   \   000007   12....       LCALL   ?ALLOC_XSTACK8
    452            uint32 ticks;
    453          
    454            /* read the sleep timer; ST0 must be read first */
    455            ((uint8 *) &ticks)[UINT32_NDX0] = ST0;
   \   00000A   E595         MOV     A,0x95
   \   00000C   85..82       MOV     DPL,?XSP + 0
   \   00000F   85..83       MOV     DPH,?XSP + 1
   \   000012   F0           MOVX    @DPTR,A
    456            ((uint8 *) &ticks)[UINT32_NDX1] = ST1;
   \   000013   E596         MOV     A,0x96
   \   000015   C0E0         PUSH    A
   \   000017   7401         MOV     A,#0x1
   \   000019   12....       LCALL   ?XSTACK_DISP0_8
   \   00001C   D0E0         POP     A
   \   00001E   F0           MOVX    @DPTR,A
    457            ((uint8 *) &ticks)[UINT32_NDX2] = ST2;
   \   00001F   E597         MOV     A,0x97
   \   000021   C0E0         PUSH    A
   \   000023   7402         MOV     A,#0x2
   \   000025   12....       LCALL   ?XSTACK_DISP0_8
   \   000028   D0E0         POP     A
   \   00002A   F0           MOVX    @DPTR,A
    458          
    459            /* set bit 24 to handle wraparound */
    460            ((uint8 *) &ticks)[UINT32_NDX3] = 0x01;
   \   00002B   7403         MOV     A,#0x3
   \   00002D   12....       LCALL   ?XSTACK_DISP0_8
   \   000030   7401         MOV     A,#0x1
   \   000032   12....       LCALL   ?Subroutine2 & 0xFFFF
    461          
    462            /* calculate elapsed time */
    463            ticks -= halSleepTimerStart;
    464          
    465            /* add back the processing time spent in function halSleep() */
    466            ticks += HAL_SLEEP_ADJ_TICKS;
    467          
    468            /* mask off excess if no wraparound */
    469            ticks &= 0x00FFFFFF;
    470          
    471            /* Convert elapsed time in milliseconds with round.  1000/32768 = 125/4096 */
    472            return ( ((ticks * 125) + 4095) / 4096 );
   \                     ??CrossCallReturnLabel_2:
   \   000035   78..         MOV     R0,#?V0 + 0
   \   000037   12....       LCALL   ?L_MOV_X
   \   00003A   90....       MOV     DPTR,#halSleepTimerStart
   \   00003D   78..         MOV     R0,#?V0 + 0
   \   00003F   12....       LCALL   ?L_SUB_X
   \   000042   90....       MOV     DPTR,#__Constant_11
   \   000045   78..         MOV     R0,#?V0 + 0
   \   000047   12....       LCALL   ?L_ADD_X
   \   00004A   90....       MOV     DPTR,#__Constant_ffffff
   \   00004D   78..         MOV     R0,#?V0 + 0
   \   00004F   12....       LCALL   ?L_AND_X
   \   000052   90....       MOV     DPTR,#__Constant_7d
   \   000055   78..         MOV     R0,#?V0 + 4
   \   000057   12....       LCALL   ?L_MOV_X
   \   00005A   78..         MOV     R0,#?V0 + 0
   \   00005C   79..         MOV     R1,#?V0 + 4
   \   00005E   12....       LCALL   ?L_MUL
   \   000061   90....       MOV     DPTR,#__Constant_fff
   \   000064   78..         MOV     R0,#?V0 + 0
   \   000066   12....       LCALL   ?L_ADD_X
   \   000069   740C         MOV     A,#0xc
   \   00006B   78..         MOV     R0,#?V0 + 0
   \   00006D   12....       LCALL   ?UL_SHR
   \   000070   AA..         MOV     R2,?V0 + 0
   \   000072   AB..         MOV     R3,?V0 + 1
   \   000074   AC..         MOV     R4,?V0 + 2
   \   000076   FD           MOV     R5,A
   \   000077   02....       LJMP    ?Subroutine0 & 0xFFFF
   \   00007A                REQUIRE ST0
   \   00007A                REQUIRE ST1
   \   00007A                REQUIRE ST2
    473          }
    474          
    475          /**************************************************************************************************
    476           * @fn          halSleepWait
    477           *
    478           * @brief       Perform a blocking wait.
    479           *
    480           * input parameters
    481           *
    482           * @param       duration - Duration of wait in microseconds.
    483           *
    484           * output parameters
    485           *
    486           * None.
    487           *
    488           * @return      None.
    489           **************************************************************************************************
    490           */

   \                                 In  segment BANKED_CODE, align 1, keep-with-next
    491          void halSleepWait(uint16 duration)
   \                     halSleepWait:
    492          {
   \   000000                ; Saved register size: 0
   \   000000                ; Auto size: 0
   \   000000   8008         SJMP    ??halSleepWait_0
    493            while (duration--)
    494            {
    495              asm("NOP");
   \                     ??halSleepWait_1:
   \   000002   00           NOP
    496              asm("NOP");
   \   000003   00           NOP
    497              asm("NOP");
   \   000004   00           NOP
    498              asm("NOP");
   \   000005   00           NOP
    499              asm("NOP");
   \   000006   00           NOP
    500              asm("NOP");
   \   000007   00           NOP
    501              asm("NOP");
   \   000008   00           NOP
    502              asm("NOP");
   \   000009   00           NOP
    503            }
   \                     ??halSleepWait_0:
   \   00000A   EA           MOV     A,R2
   \   00000B   F8           MOV     R0,A
   \   00000C   EB           MOV     A,R3
   \   00000D   F9           MOV     R1,A
   \   00000E   E8           MOV     A,R0
   \   00000F   24FF         ADD     A,#-0x1
   \   000011   1A           DEC     R2
   \   000012   E9           MOV     A,R1
   \   000013   34FF         ADDC    A,#-0x1
   \   000015   FB           MOV     R3,A
   \   000016   E8           MOV     A,R0
   \   000017   49           ORL     A,R1
   \   000018   70E8         JNZ     ??halSleepWait_1
    504          }
   \   00001A   02....       LJMP    ?BRET
    505          
    506          /**************************************************************************************************
    507           * @fn          halRestoreSleepLevel
    508           *
    509           * @brief       Restore the deepest timer sleep level.
    510           *
    511           * input parameters
    512           *
    513           * @param       None
    514           *
    515           * output parameters
    516           *
    517           *              None.
    518           *
    519           * @return      None.
    520           **************************************************************************************************
    521           */

   \                                 In  segment BANKED_CODE, align 1, keep-with-next
    522          void halRestoreSleepLevel( void )
   \                     halRestoreSleepLevel:
    523          {
   \   000000                ; Saved register size: 0
   \   000000                ; Auto size: 0
    524            /* Stubs */
    525          }
   \   000000   02....       LJMP    ?BRET
    526          
    527          /**************************************************************************************************
    528           * @fn          halSleepTimerIsr
    529           *
    530           * @brief       Sleep timer ISR.
    531           *
    532           * input parameters
    533           *
    534           * None.
    535           *
    536           * output parameters
    537           *
    538           * None.
    539           *
    540           * @return      None.
    541           **************************************************************************************************
    542           */

   \                                 In  segment NEAR_CODE, align 1, keep-with-next
    543          HAL_ISR_FUNCTION(halSleepTimerIsr, ST_VECTOR)
   \                     halSleepTimerIsr:
    544          {
   \   000000   C0E0         PUSH    A
   \   000002   74F2         MOV     A,#-0xe
   \   000004   12....       LCALL   ?INTERRUPT_ENTER_XSP
   \   000007                ; Saved register size: 14
   \   000007                ; Auto size: 0
    545            HAL_SLEEP_TIMER_CLEAR_INT();
   \   000007   C2C7         CLR     0xc0.7
    546            CLEAR_SLEEP_MODE();
    547          
    548            /* CC2530 chip bug workaround */
    549            macMcuTimer2OverflowWorkaround();
   \   000009                ; Setup parameters for call to function macMcuTimer2OverflowWorkaround
   \   000009   12....       LCALL   ??macMcuTimer2OverflowWorkaround?relay
    550          
    551          #ifdef HAL_SLEEP_DEBUG_POWER_MODE
    552            halSleepInt = TRUE;
    553          #endif
    554          }
   \   00000C   7F01         MOV     R7,#0x1
   \   00000E   02....       LJMP    ?INTERRUPT_LEAVE_XSP
   \   000011                REQUIRE _A_IRCON

   \                                 In  segment INTVEC, offset 0x2b, root
   \                     `??halSleepTimerIsr??INTVEC 43`:
   \   00002B   02....       LJMP       (halSleepTimerIsr)

   \                                 In  segment XDATA_ROM_C, align 1
   \                     __Constant_0:
   \   000000   00000000     DD 0

   \                                 In  segment XDATA_ROM_C, align 1
   \                     __Constant_64:
   \   000000   64000000     DD 100

   \                                 In  segment XDATA_ROM_C, align 1
   \                     __Constant_1f:
   \   000000   1F000000     DD 31

   \                                 In  segment XDATA_ROM_C, align 1
   \                     __Constant_2d:
   \   000000   2D000000     DD 45

   \                                 In  segment XDATA_ROM_C, align 1
   \                     __Constant_185197:
   \   000000   97511800     DD 1593751

   \                                 In  segment XDATA_ROM_C, align 1
   \                     __Constant_ffe7ae6a:
   \   000000   6AAEE7FF     DD 4293373546

   \                                 In  segment XDATA_ROM_C, align 1
   \                     __Constant_185196:
   \   000000   96511800     DD 1593750

   \                                 In  segment XDATA_ROM_C, align 1
   \                     __Constant_29f:
   \   000000   9F020000     DD 671

   \                                 In  segment XDATA_ROM_C, align 1
   \                     __Constant_ffffffef:
   \   000000   EFFFFFFF     DD 4294967279

   \                                 In  segment XDATA_ROM_C, align 1
   \                     __Constant_11:
   \   000000   11000000     DD 17

   \                                 In  segment XDATA_ROM_C, align 1
   \                     __Constant_ffffff:
   \   000000   FFFFFF00     DD 16777215

   \                                 In  segment XDATA_ROM_C, align 1
   \                     __Constant_7d:
   \   000000   7D000000     DD 125

   \                                 In  segment XDATA_ROM_C, align 1
   \                     __Constant_fff:
   \   000000   FF0F0000     DD 4095

   \                                 In  segment BANK_RELAYS, align 1
   \                     ??halSetSleepMode?relay:
   \   000000   12....       LCALL   ?BDISPATCH
   \   000003   ......       DC24    halSetSleepMode

   \                                 In  segment BANK_RELAYS, align 1
   \                     ??halSleep?relay:
   \   000000   12....       LCALL   ?BDISPATCH
   \   000003   ......       DC24    halSleep

   \                                 In  segment BANK_RELAYS, align 1
   \                     ??halSleepSetTimer?relay:
   \   000000   12....       LCALL   ?BDISPATCH
   \   000003   ......       DC24    halSleepSetTimer

   \                                 In  segment BANK_RELAYS, align 1
   \                     ??TimerElapsed?relay:
   \   000000   12....       LCALL   ?BDISPATCH
   \   000003   ......       DC24    TimerElapsed

   \                                 In  segment BANK_RELAYS, align 1
   \                     ??HalTimerElapsed?relay:
   \   000000   12....       LCALL   ?BDISPATCH
   \   000003   ......       DC24    HalTimerElapsed

   \                                 In  segment BANK_RELAYS, align 1
   \                     ??halSleepWait?relay:
   \   000000   12....       LCALL   ?BDISPATCH
   \   000003   ......       DC24    halSleepWait

   \                                 In  segment BANK_RELAYS, align 1
   \                     ??halRestoreSleepLevel?relay:
   \   000000   12....       LCALL   ?BDISPATCH
   \   000003   ......       DC24    halRestoreSleepLevel
    555          

   Maximum stack usage in bytes:

     Function                       ISTACK PSTACK XSTACK
     --------                       ------ ------ ------
     HalTimerElapsed                    1      0     40
     TimerElapsed                       2      0      0
     halRestoreSleepLevel               0      0      0
     halSetSleepMode                    0      0     20
     halSleep                           2      0     20
       -> MAC_PwrNextTimeout            0      0     40
       -> MAC_PwrNextTimeout            0      0     40
       -> halAssertHandler              0      0     40
       -> MAC_PwrOffReq                 0      0     40
       -> HalKeyEnterSleep              0      0     40
       -> HalLedEnterSleep              0      0     40
       -> halSleepSetTimer              0      0     40
       -> halSleepSetTimer              0      0     40
       -> halSetSleepMode               0      0     40
       -> HalTimerElapsed               0      0     40
       -> HalLedExitSleep               0      0     40
       -> HalKeyExitSleep               0      0     40
       -> MAC_PwrOnReq                  0      0     40
     halSleepSetTimer                   1      0     40
     halSleepTimerIsr                   0      0     14
       -> macMcuTimer2OverflowWorkaround
                                        0      0     28
     halSleepWait                       0      0      0


   Segment part sizes:

     Function/Label                Bytes
     --------------                -----
     PCON                             1
     ST0                              1
     ST1                              1
     ST2                              1
     IEN2                             1
     _A_IEN0                          1
     STLOAD                           1
     _A_IEN1                          1
     SLEEPCMD                         1
     _A_IRCON                         1
     halSetSleepMode                  7
     halPwrMgtMode                    1
     halSleepTimerStart               4
     halAccumulatedSleepTime          4
     halSleep                       513
     ?Subroutine0                    10
     ?Subroutine1                     2
     ??Subroutine3_0                  7
     ?Subroutine2                     8
     halSleepSetTimer               138
     TimerElapsed                    17
     HalTimerElapsed                122
     halSleepWait                    29
     halRestoreSleepLevel             3
     halSleepTimerIsr                17
     ??halSleepTimerIsr??INTVEC 43    3
     __Constant_0                     4
     __Constant_64                    4
     __Constant_1f                    4
     __Constant_2d                    4
     __Constant_185197                4
     __Constant_ffe7ae6a              4
     __Constant_185196                4
     __Constant_29f                   4
     __Constant_ffffffef              4
     __Constant_11                    4
     __Constant_ffffff                4
     __Constant_7d                    4
     __Constant_fff                   4
     ??halSetSleepMode?relay          6
     ??halSleep?relay                 6
     ??halSleepSetTimer?relay         6
     ??TimerElapsed?relay             6
     ??HalTimerElapsed?relay          6
     ??halSleepWait?relay             6
     ??halRestoreSleepLevel?relay     6

 
 849 bytes in segment BANKED_CODE
  42 bytes in segment BANK_RELAYS
   3 bytes in segment INTVEC
  17 bytes in segment NEAR_CODE
  10 bytes in segment SFR_AN
   7 bytes in segment SLEEP_CODE
  52 bytes in segment XDATA_ROM_C
   9 bytes in segment XDATA_Z
 
 915 bytes of CODE  memory (+  3 bytes shared)
   0 bytes of CONST memory (+ 52 bytes shared)
   0 bytes of DATA  memory (+ 10 bytes shared)
   9 bytes of XDATA memory

Errors: none
Warnings: none
