###############################################################################
#                                                                             #
# IAR C/C++ Compiler V8.10.3.10338/W32 for 8051         07/Jun/2017  11:00:12 #
# Copyright 2004-2011 IAR Systems AB.                                         #
#                                                                             #
#    Core               =  plain                                              #
#    Code model         =  banked                                             #
#    Data model         =  large                                              #
#    Calling convention =  xdata reentrant                                    #
#    Constant location  =  data_rom                                           #
#    Dptr setup         =  1,16                                               #
#    Source file        =  F:\zigbee\zigbee\ZIGBEE_EB2530\µÚ6ÕÂ               #
#                          Êµ¼ùÏîÄ¿\WSN_ZigBee\Components\mac\low_level\srf04 #
#                          \single_chip\mac_radio_defs.c                      #
#    Command line       =  -f "F:\zigbee\zigbee\ZIGBEE_EB2530\µÚ6ÕÂ           #
#                          Êµ¼ùÏîÄ¿\WSN_ZigBee\Projects\zstack\Utilities\Seri #
#                          alApp\CC2530DB\..\..\..\Tools\CC2530DB\f8wEndev.cf #
#                          g" (-DCPU32MHZ -DROOT=__near_func -DBLINK_LEDS)    #
#                          -f "F:\zigbee\zigbee\ZIGBEE_EB2530\µÚ6ÕÂ           #
#                          Êµ¼ùÏîÄ¿\WSN_ZigBee\Projects\zstack\Utilities\Seri #
#                          alApp\CC2530DB\..\..\..\Tools\CC2530DB\f8wConfig.c #
#                          fg" (-DSECURE=0 -DZG_SECURE_DYNAMIC=0 -DREFLECTOR  #
#                          -DDEFAULT_CHANLIST=0x00000800                      #
#                          -DZDAPP_CONFIG_PAN_ID=0xFFF1                       #
#                          -DNWK_START_DELAY=100 -DEXTENDED_JOINING_RANDOM_MA #
#                          SK=0x007F -DBEACON_REQUEST_DELAY=100               #
#                          -DBEACON_REQ_DELAY_MASK=0x00FF                     #
#                          -DROUTE_EXPIRY_TIME=30 -DAPSC_ACK_WAIT_DURATION_PO #
#                          LLED=3000 -DNWK_INDIRECT_MSG_TIMEOUT=7             #
#                          -DMAX_RREQ_ENTRIES=8 -DAPSC_MAX_FRAME_RETRIES=3    #
#                          -DNWK_MAX_DATA_RETRIES=2                           #
#                          -DMAX_POLL_FAILURE_RETRIES=2 -DMAX_BCAST=9         #
#                          -DAPS_MAX_GROUPS=16 -DMAX_RTG_ENTRIES=40           #
#                          -DNWK_MAX_BINDING_ENTRIES=4                        #
#                          -DMAX_BINDING_CLUSTER_IDS=4 "-DDEFAULT_KEY={0x01,  #
#                          0x03, 0x05, 0x07, 0x09, 0x0B, 0x0D, 0x0F, 0x00,    #
#                          0x02, 0x04, 0x06, 0x08, 0x0A, 0x0C, 0x0D}"         #
#                          -DMAC_MAX_FRAME_SIZE=116 "-DCONST=const __code"    #
#                          -DGENERIC=__generic -DRFD_RCVC_ALWAYS_ON=FALSE     #
#                          -DPOLL_RATE=1000 -DQUEUED_POLL_RATE=100            #
#                          -DRESPONSE_POLL_RATE=100) -DREJOIN_POLL_RATE=440   #
#                          "F:\zigbee\zigbee\ZIGBEE_EB2530\µÚ6ÕÂ              #
#                          Êµ¼ùÏîÄ¿\WSN_ZigBee\Components\mac\low_level\srf04 #
#                          \single_chip\mac_radio_defs.c" -D ZIGBEEPRO -D     #
#                          NWK_AUTO_POLL -D HAL_UART=TRUE -D                  #
#                          SERIAL_APP_PORT=0 -D LCD_SUPPORTED -D              #
#                          xPOWER_SAVING -lC "F:\zigbee\zigbee\ZIGBEE_EB2530\ #
#                          µÚ6ÕÂ Êµ¼ùÏîÄ¿\WSN_ZigBee\Projects\zstack\Utilitie #
#                          s\SerialApp\CC2530DB\EndDeviceEB-Pro\List\" -lA    #
#                          "F:\zigbee\zigbee\ZIGBEE_EB2530\µÚ6ÕÂ              #
#                          Êµ¼ùÏîÄ¿\WSN_ZigBee\Projects\zstack\Utilities\Seri #
#                          alApp\CC2530DB\EndDeviceEB-Pro\List\"              #
#                          --diag_suppress Pe001,Pa010 -o                     #
#                          "F:\zigbee\zigbee\ZIGBEE_EB2530\µÚ6ÕÂ              #
#                          Êµ¼ùÏîÄ¿\WSN_ZigBee\Projects\zstack\Utilities\Seri #
#                          alApp\CC2530DB\EndDeviceEB-Pro\Obj\" -e --debug    #
#                          --core=plain --dptr=16,1 --data_model=large        #
#                          --code_model=banked --calling_convention=xdata_ree #
#                          ntrant --place_constants=data_rom                  #
#                          --nr_virtual_regs 8 -I "F:\zigbee\zigbee\ZIGBEE_EB #
#                          2530\µÚ6ÕÂ Êµ¼ùÏîÄ¿\WSN_ZigBee\Projects\zstack\Uti #
#                          lities\SerialApp\CC2530DB\" -I                     #
#                          "F:\zigbee\zigbee\ZIGBEE_EB2530\µÚ6ÕÂ              #
#                          Êµ¼ùÏîÄ¿\WSN_ZigBee\Projects\zstack\Utilities\Seri #
#                          alApp\CC2530DB\..\SOURCE\" -I                      #
#                          "F:\zigbee\zigbee\ZIGBEE_EB2530\µÚ6ÕÂ              #
#                          Êµ¼ùÏîÄ¿\WSN_ZigBee\Projects\zstack\Utilities\Seri #
#                          alApp\CC2530DB\..\..\..\ZMAIN\TI2530DB\" -I        #
#                          "F:\zigbee\zigbee\ZIGBEE_EB2530\µÚ6ÕÂ              #
#                          Êµ¼ùÏîÄ¿\WSN_ZigBee\Projects\zstack\Utilities\Seri #
#                          alApp\CC2530DB\..\..\..\..\..\COMPONENTS\MT\" -I   #
#                          "F:\zigbee\zigbee\ZIGBEE_EB2530\µÚ6ÕÂ              #
#                          Êµ¼ùÏîÄ¿\WSN_ZigBee\Projects\zstack\Utilities\Seri #
#                          alApp\CC2530DB\..\..\..\..\..\COMPONENTS\HAL\INCLU #
#                          DE\" -I "F:\zigbee\zigbee\ZIGBEE_EB2530\µÚ6ÕÂ      #
#                          Êµ¼ùÏîÄ¿\WSN_ZigBee\Projects\zstack\Utilities\Seri #
#                          alApp\CC2530DB\..\..\..\..\..\COMPONENTS\HAL\TARGE #
#                          T\CC2530EB\" -I "F:\zigbee\zigbee\ZIGBEE_EB2530\µÚ #
#                          6ÕÂ Êµ¼ùÏîÄ¿\WSN_ZigBee\Projects\zstack\Utilities\ #
#                          SerialApp\CC2530DB\..\..\..\..\..\COMPONENTS\OSAL\ #
#                          MCU\CCSOC\" -I "F:\zigbee\zigbee\ZIGBEE_EB2530\µÚ6 #
#                          ÕÂ Êµ¼ùÏîÄ¿\WSN_ZigBee\Projects\zstack\Utilities\S #
#                          erialApp\CC2530DB\..\..\..\..\..\COMPONENTS\OSAL\I #
#                          NCLUDE\" -I "F:\zigbee\zigbee\ZIGBEE_EB2530\µÚ6ÕÂ  #
#                          Êµ¼ùÏîÄ¿\WSN_ZigBee\Projects\zstack\Utilities\Seri #
#                          alApp\CC2530DB\..\..\..\..\..\COMPONENTS\STACK\AF\ #
#                          " -I "F:\zigbee\zigbee\ZIGBEE_EB2530\µÚ6ÕÂ         #
#                          Êµ¼ùÏîÄ¿\WSN_ZigBee\Projects\zstack\Utilities\Seri #
#                          alApp\CC2530DB\..\..\..\..\..\COMPONENTS\STACK\NWK #
#                          \" -I "F:\zigbee\zigbee\ZIGBEE_EB2530\µÚ6ÕÂ        #
#                          Êµ¼ùÏîÄ¿\WSN_ZigBee\Projects\zstack\Utilities\Seri #
#                          alApp\CC2530DB\..\..\..\..\..\COMPONENTS\STACK\SEC #
#                          \" -I "F:\zigbee\zigbee\ZIGBEE_EB2530\µÚ6ÕÂ        #
#                          Êµ¼ùÏîÄ¿\WSN_ZigBee\Projects\zstack\Utilities\Seri #
#                          alApp\CC2530DB\..\..\..\..\..\COMPONENTS\STACK\SAP #
#                          I\" -I "F:\zigbee\zigbee\ZIGBEE_EB2530\µÚ6ÕÂ       #
#                          Êµ¼ùÏîÄ¿\WSN_ZigBee\Projects\zstack\Utilities\Seri #
#                          alApp\CC2530DB\..\..\..\..\..\COMPONENTS\STACK\SYS #
#                          \" -I "F:\zigbee\zigbee\ZIGBEE_EB2530\µÚ6ÕÂ        #
#                          Êµ¼ùÏîÄ¿\WSN_ZigBee\Projects\zstack\Utilities\Seri #
#                          alApp\CC2530DB\..\..\..\..\..\COMPONENTS\STACK\ZDO #
#                          \" -I "F:\zigbee\zigbee\ZIGBEE_EB2530\µÚ6ÕÂ        #
#                          Êµ¼ùÏîÄ¿\WSN_ZigBee\Projects\zstack\Utilities\Seri #
#                          alApp\CC2530DB\..\..\..\..\..\COMPONENTS\ZMAC\F8W\ #
#                          " -I "F:\zigbee\zigbee\ZIGBEE_EB2530\µÚ6ÕÂ         #
#                          Êµ¼ùÏîÄ¿\WSN_ZigBee\Projects\zstack\Utilities\Seri #
#                          alApp\CC2530DB\..\..\..\..\..\COMPONENTS\ZMAC\"    #
#                          -I "F:\zigbee\zigbee\ZIGBEE_EB2530\µÚ6ÕÂ           #
#                          Êµ¼ùÏîÄ¿\WSN_ZigBee\Projects\zstack\Utilities\Seri #
#                          alApp\CC2530DB\..\..\..\..\..\COMPONENTS\SERVICES\ #
#                          SADDR\" -I "F:\zigbee\zigbee\ZIGBEE_EB2530\µÚ6ÕÂ   #
#                          Êµ¼ùÏîÄ¿\WSN_ZigBee\Projects\zstack\Utilities\Seri #
#                          alApp\CC2530DB\..\..\..\..\..\COMPONENTS\SERVICES\ #
#                          SDATA\" -I "F:\zigbee\zigbee\ZIGBEE_EB2530\µÚ6ÕÂ   #
#                          Êµ¼ùÏîÄ¿\WSN_ZigBee\Projects\zstack\Utilities\Seri #
#                          alApp\CC2530DB\..\..\..\..\..\COMPONENTS\MAC\INCLU #
#                          DE\" -I "F:\zigbee\zigbee\ZIGBEE_EB2530\µÚ6ÕÂ      #
#                          Êµ¼ùÏîÄ¿\WSN_ZigBee\Projects\zstack\Utilities\Seri #
#                          alApp\CC2530DB\..\..\..\..\..\COMPONENTS\MAC\HIGH_ #
#                          LEVEL\" -I "F:\zigbee\zigbee\ZIGBEE_EB2530\µÚ6ÕÂ   #
#                          Êµ¼ùÏîÄ¿\WSN_ZigBee\Projects\zstack\Utilities\Seri #
#                          alApp\CC2530DB\..\..\..\..\..\COMPONENTS\MAC\LOW_L #
#                          EVEL\srf04\" -I "F:\zigbee\zigbee\ZIGBEE_EB2530\µÚ #
#                          6ÕÂ Êµ¼ùÏîÄ¿\WSN_ZigBee\Projects\zstack\Utilities\ #
#                          SerialApp\CC2530DB\..\..\..\..\..\COMPONENTS\MAC\L #
#                          OW_LEVEL\srf04\SINGLE_CHIP\" -Ohz                  #
#                          --require_prototypes                               #
#    List file          =  F:\zigbee\zigbee\ZIGBEE_EB2530\µÚ6ÕÂ               #
#                          Êµ¼ùÏîÄ¿\WSN_ZigBee\Projects\zstack\Utilities\Seri #
#                          alApp\CC2530DB\EndDeviceEB-Pro\List\mac_radio_defs #
#                          .lst                                               #
#    Object file        =  F:\zigbee\zigbee\ZIGBEE_EB2530\µÚ6ÕÂ               #
#                          Êµ¼ùÏîÄ¿\WSN_ZigBee\Projects\zstack\Utilities\Seri #
#                          alApp\CC2530DB\EndDeviceEB-Pro\Obj\mac_radio_defs. #
#                          r51                                                #
#                                                                             #
#                                                                             #
###############################################################################

F:\zigbee\zigbee\ZIGBEE_EB2530\µÚ6ÕÂ Êµ¼ùÏîÄ¿\WSN_ZigBee\Components\mac\low_level\srf04\single_chip\mac_radio_defs.c
      1          /**************************************************************************************************
      2            Filename:       mac_radio_defs.c
      3            Revised:        $Date: 2009-03-27 14:32:42 -0700 (Fri, 27 Mar 2009) $
      4            Revision:       $Revision: 19584 $
      5          
      6            Description:    Describe the purpose and contents of the file.
      7          
      8          
      9            Copyright 2006-2009 Texas Instruments Incorporated. All rights reserved.
     10          
     11            IMPORTANT: Your use of this Software is limited to those specific rights
     12            granted under the terms of a software license agreement between the user
     13            who downloaded the software, his/her employer (which must be your employer)
     14            and Texas Instruments Incorporated (the "License").  You may not use this
     15            Software unless you agree to abide by the terms of the License. The License
     16            limits your use, and you acknowledge, that the Software may not be modified,
     17            copied or distributed unless embedded on a Texas Instruments microcontroller
     18            or used solely and exclusively in conjunction with a Texas Instruments radio
     19            frequency transceiver, which is integrated into your product.  Other than for
     20            the foregoing purpose, you may not use, reproduce, copy, prepare derivative
     21            works of, modify, distribute, perform, display or sell this Software and/or
     22            its documentation for any purpose.
     23          
     24            YOU FURTHER ACKNOWLEDGE AND AGREE THAT THE SOFTWARE AND DOCUMENTATION ARE
     25            PROVIDED “AS IS” WITHOUT WARRANTY OF ANY KIND, EITHER EXPRESS OR IMPLIED,
     26            INCLUDING WITHOUT LIMITATION, ANY WARRANTY OF MERCHANTABILITY, TITLE,
     27            NON-INFRINGEMENT AND FITNESS FOR A PARTICULAR PURPOSE. IN NO EVENT SHALL
     28            TEXAS INSTRUMENTS OR ITS LICENSORS BE LIABLE OR OBLIGATED UNDER CONTRACT,
     29            NEGLIGENCE, STRICT LIABILITY, CONTRIBUTION, BREACH OF WARRANTY, OR OTHER
     30            LEGAL EQUITABLE THEORY ANY DIRECT OR INDIRECT DAMAGES OR EXPENSES
     31            INCLUDING BUT NOT LIMITED TO ANY INCIDENTAL, SPECIAL, INDIRECT, PUNITIVE
     32            OR CONSEQUENTIAL DAMAGES, LOST PROFITS OR LOST DATA, COST OF PROCUREMENT
     33            OF SUBSTITUTE GOODS, TECHNOLOGY, SERVICES, OR ANY CLAIMS BY THIRD PARTIES
     34            (INCLUDING BUT NOT LIMITED TO ANY DEFENSE THEREOF), OR OTHER SIMILAR COSTS.
     35          
     36            Should you have any questions regarding your right to use this Software,
     37            contact Texas Instruments Incorporated at www.TI.com.
     38          **************************************************************************************************/
     39          
     40          /* ------------------------------------------------------------------------------------------------
     41           *                                             Includes
     42           * ------------------------------------------------------------------------------------------------
     43           */
     44          #include "mac_radio_defs.h"
     45          #include "hal_types.h"
     46          #include "hal_assert.h"
     47          #include "mac_pib.h"
     48          
     49          
     50          /* ------------------------------------------------------------------------------------------------
     51           *                                        Global Constants
     52           * ------------------------------------------------------------------------------------------------
     53           */
     54          #if defined (HAL_PA_LNA)
     55          const uint8 CODE macRadioDefsTxPowerTable[] =
     56          {
     57            /*   0 dBm */   0xD5,   /* TBD: place holder */
     58            /*   1 dBm */   0xD5,   /* TBD: place holder */
     59            /*   2 dBm */   0xD5,   /* TBD: place holder */
     60            /*   3 dBm */   0xD5,   /* TBD: place holder */
     61            /*   4 dBm */   0xD5,   /* TBD: place holder */
     62            /*   5 dBm */   0xD5,   /* TBD: place holder */
     63            /*   6 dBm */   0xD5,   /* TBD: place holder */
     64            /*   7 dBm */   0xD5,   /* TBD: place holder */
     65            /*   8 dBm */   0xD5,   /* TBD: place holder */
     66            /*   9 dBm */   0xD5,   /* TBD: place holder */
     67            /*  10 dBm */   0xD5,   /* TBD: place holder */
     68            /*  11 dBm */   0xD5,   /* TBD: place holder */
     69            /*  12 dBm */   0xD5,   /* TBD: place holder */
     70            /*  13 dBm */   0xD5,   /* TBD: place holder */
     71            /*  14 dBm */   0xD5,   /* TBD: place holder */
     72            /*  15 dBm */   0xD5,   /* TBD: place holder */
     73            /*  16 dBm */   0xD5,   /* TBD: place holder */
     74            /*  17 dBm */   0xD5,   /* TBD: place holder */
     75            /*  18 dBm */   0xD5,   /* TBD: place holder */
     76            /*  19 dBm */   0xD5    /* TBD: place holder */
     77          };
     78          #elif defined (HAL_PA_LNA_CC2590)
     79          const uint8 CODE macRadioDefsTxPowerTable[] =
     80          {
     81            /*   0 dBm */   0xD5,   /* TBD: place holder */
     82            /*   1 dBm */   0xD5,   /* TBD: place holder */
     83            /*   2 dBm */   0xD5,   /* TBD: place holder */
     84            /*   3 dBm */   0xD5,   /* TBD: place holder */
     85            /*   4 dBm */   0xD5,   /* TBD: place holder */
     86            /*   5 dBm */   0xD5,   /* TBD: place holder */
     87            /*   6 dBm */   0xD5,   /* TBD: place holder */
     88            /*   7 dBm */   0xD5,   /* TBD: place holder */
     89            /*   8 dBm */   0xD5,   /* TBD: place holder */
     90            /*   9 dBm */   0xD5,   /* TBD: place holder */
     91            /*  10 dBm */   0xD5,   /* TBD: place holder */
     92            /*  11 dBm */   0xD5    /* TBD: place holder */
     93          };
     94          #else
     95          /* values based on testing PG2.1 */

   \                                 In  segment CODE_C, align 1
     96          const uint8 CODE macRadioDefsTxPowerTable[] =
   \                     macRadioDefsTxPowerTable:
   \   000000   D5           DB 213
   \   000001   C5           DB 197
   \   000002   C5           DB 197
   \   000003   B5           DB 181
   \   000004   A5           DB 165
   \   000005   A5           DB 165
   \   000006   95           DB 149
   \   000007   85           DB 133
   \   000008   85           DB 133
   \   000009   75           DB 117
   \   00000A   75           DB 117
   \   00000B   65           DB 101
   \   00000C   65           DB 101
   \   00000D   55           DB 85
   \   00000E   55           DB 85
   \   00000F   45           DB 69
   \   000010   45           DB 69
   \   000011   35           DB 53
   \   000012   35           DB 53
   \   000013   25           DB 37
   \   000014   25           DB 37
   \   000015   15           DB 21
   \   000016   05           DB 5
     97          {
     98            /*   0 dBm */   0xD5,   /* characterized as  0  dBm in datasheet */
     99            /*  -1 dBm */   0xC5,   /* characterized as -1  dBm in datasheet */
    100            /*  -2 dBm */   0xC5,
    101            /*  -3 dBm */   0xB5,   /* characterized as -3  dBm in datasheet */
    102            /*  -4 dBm */   0xA5,   /* characterized as -4  dBm in datasheet */
    103            /*  -5 dBm */   0xA5,
    104            /*  -6 dBm */   0x95,   /* characterized as -6  dBm in datasheet */
    105            /*  -7 dBm */   0x85,   /* characterized as -7  dBm in datasheet */
    106            /*  -8 dBm */   0x85,
    107            /*  -9 dBm */   0x75,   /* characterized as -9  dBm in datasheet */
    108            /* -10 dBm */   0x75,
    109            /* -11 dBm */   0x65,   /* characterized as -11 dBm in datasheet */
    110            /* -12 dBm */   0x65,
    111            /* -13 dBm */   0x55,   /* characterized as -13 dBm in datasheet */
    112            /* -14 dBm */   0x55,
    113            /* -15 dBm */   0x45,   /* characterized as -15 dBm in datasheet */
    114            /* -16 dBm */   0x45,
    115            /* -17 dBm */   0x35,   /* characterized as -17 dBm in datasheet */
    116            /* -18 dBm */   0x35,
    117            /* -19 dBm */   0x25,   /* characterized as -19 dBm in datasheet */
    118            /* -20 dBm */   0x25,
    119            /* -21 dBm */   0x15,   /* characterized as -21 dBm in datasheet */
    120            /* -22 dBm */   0x05    /* characterized as -23 dBm in datasheet */
    121          };
    122          #endif
    123          
    124          
    125          /**************************************************************************************************
    126           * @fn          macRadioTurnOnPower
    127           *
    128           * @brief       Logic and sequence for powering up the radio.
    129           *
    130           * @param       none
    131           *
    132           * @return      none
    133           **************************************************************************************************
    134           */

   \                                 In  segment BANKED_CODE, align 1, keep-with-next
    135          void macRadioTurnOnPower(void)
   \                     macRadioTurnOnPower:
    136          {
   \   000000   C082         PUSH    DPL
   \   000002   C083         PUSH    DPH
   \   000004                ; Saved register size: 2
   \   000004                ; Auto size: 0
    137            /* Enable RF error trap */
    138            MAC_MCU_RFERR_ENABLE_INTERRUPT();
   \   000004   9061A5       MOV     DPTR,#0x61a5
   \   000007   E0           MOVX    A,@DPTR
   \   000008   D2E2         SETB    0xE0 /* A   */.2
   \   00000A   F0           MOVX    @DPTR,A
    139          
    140          #if defined (HAL_PA_LNA) || defined (HAL_PA_LNA_CC2590)
    141            /* AGCCTRL1 for CC2590 or CC2591 */
    142            AGCCTRL1 = 0x16;
    143          
    144            /* CC2591 PA/LNA control configuration
    145             *   P0_7 -> HGM
    146             *   P1_1 -> PA_EN
    147             *   P1_4 -> EN
    148             */
    149          
    150            /* P0_7 */
    151            HAL_PA_LNA_RX_HGM();
    152          
    153            /* P1_1 */
    154            RFC_OBS_CTRL0 = RFC_OBS_CTRL_PA_PD_INV;
    155            OBSSEL1       = OBSSEL1_OBS_CTRL0;
    156          
    157            /* P1_4 */
    158            RFC_OBS_CTRL1 = RFC_OBS_CTRL_LNAMIX_PD_INV;
    159            OBSSEL4       = OBSSEL4_OBS_CTRL4;
    160          #endif /* defined (HAL_PA_LNA) || defined (HAL_PA_LNA_CC2590) */
    161          
    162            if (macChipVersion <= REV_B)
   \   00000B   90....       MOV     DPTR,#macChipVersion
   \   00000E   E0           MOVX    A,@DPTR
   \   00000F   C3           CLR     C
   \   000010   9412         SUBB    A,#0x12
   \   000012   502D         JNC     ??macRadioTurnOnPower_0
    163            {
    164              /* radio initializations for disappearing RAM; PG1.0 and before only */
    165              MAC_RADIO_SET_PAN_ID(macPib.panId);
   \   000014   90....       MOV     DPTR,#macPib + 29
   \   000017   E0           MOVX    A,@DPTR
   \   000018   906172       MOV     DPTR,#0x6172
   \   00001B   F0           MOVX    @DPTR,A
   \   00001C   90....       MOV     DPTR,#macPib + 30
   \   00001F   E0           MOVX    A,@DPTR
   \   000020   906173       MOV     DPTR,#0x6173
   \   000023   F0           MOVX    @DPTR,A
    166              MAC_RADIO_SET_SHORT_ADDR(macPib.shortAddress);
   \   000024   90....       MOV     DPTR,#macPib + 33
   \   000027   E0           MOVX    A,@DPTR
   \   000028   906174       MOV     DPTR,#0x6174
   \   00002B   F0           MOVX    @DPTR,A
   \   00002C   90....       MOV     DPTR,#macPib + 34
   \   00002F   E0           MOVX    A,@DPTR
   \   000030   906175       MOV     DPTR,#0x6175
   \   000033   F0           MOVX    @DPTR,A
    167              MAC_RADIO_SET_IEEE_ADDR(macPib.extendedAddress.addr.extAddr);
   \   000034                ; Setup parameters for call to function macMemWriteRam
   \   000034   7908         MOV     R1,#0x8
   \   000036   7C..         MOV     R4,#(macPib + 49) & 0xff
   \   000038   7D..         MOV     R5,#((macPib + 49) >> 8) & 0xff
   \   00003A   7A6A         MOV     R2,#0x6a
   \   00003C   7B61         MOV     R3,#0x61
   \   00003E   12....       LCALL   ??macMemWriteRam?relay
    168            }
    169          }
   \                     ??macRadioTurnOnPower_0:
   \   000041                REQUIRE ?Subroutine0
   \   000041                ; // Fall through to label ?Subroutine0

   \                                 In  segment BANKED_CODE, align 1, keep-with-next
   \                     ?Subroutine0:
   \   000000   D083         POP     DPH
   \   000002   D082         POP     DPL
   \   000004   02....       LJMP    ?BRET
    170          
    171          
    172          /**************************************************************************************************
    173           * @fn          macRadioTurnOffPower
    174           *
    175           * @brief       Logic and sequence for powering down the radio.
    176           *
    177           * @param       none
    178           *
    179           * @return      none
    180           **************************************************************************************************
    181           */

   \                                 In  segment BANKED_CODE, align 1, keep-with-next
    182          void macRadioTurnOffPower(void)
   \                     macRadioTurnOffPower:
    183          {
   \   000000   C082         PUSH    DPL
   \   000002   C083         PUSH    DPH
   \   000004                ; Saved register size: 2
   \   000004                ; Auto size: 0
    184            /* Disable RF error trap */
    185            MAC_MCU_RFERR_DISABLE_INTERRUPT();
   \   000004   9061A5       MOV     DPTR,#0x61a5
   \   000007   E0           MOVX    A,@DPTR
   \   000008   C2E2         CLR     0xE0 /* A   */.2
   \   00000A   F0           MOVX    @DPTR,A
    186          
    187          #if defined (HAL_PA_LNA) || defined (HAL_PA_LNA_CC2590)
    188            /* Make sure the HGM pin is low before entering sleep */
    189            HAL_PA_LNA_RX_LGM();
    190          #endif
    191          }
   \   00000B   80..         SJMP    ?Subroutine0

   \                                 In  segment BANK_RELAYS, align 1
   \                     ??macRadioTurnOnPower?relay:
   \   000000   12....       LCALL   ?BDISPATCH
   \   000003   ......       DC24    macRadioTurnOnPower

   \                                 In  segment BANK_RELAYS, align 1
   \                     ??macRadioTurnOffPower?relay:
   \   000000   12....       LCALL   ?BDISPATCH
   \   000003   ......       DC24    macRadioTurnOffPower
    192          
    193          
    194          /**************************************************************************************************
    195           *                                  Compile Time Integrity Checks
    196           **************************************************************************************************
    197           */
    198          HAL_ASSERT_SIZE(macRadioDefsTxPowerTable, MAC_RADIO_TX_POWER_MAX_DBM+1);  /* array size mismatch */
    199          
    200          #if (HAL_CPU_CLOCK_MHZ != 32)
    201          #error "ERROR: The only tested/supported clock speed is 32 MHz."
    202          #endif
    203          
    204          #if (MAC_RADIO_RECEIVER_SENSITIVITY_DBM > MAC_SPEC_MIN_RECEIVER_SENSITIVITY)
    205          #error "ERROR: Radio sensitivity does not meet specification."
    206          #endif
    207          
    208          #if defined (HAL_PA_LNA) && defined (HAL_PA_LNA_CC2590)
    209          #error "ERROR: HAL_PA_LNA and HAL_PA_LNA_CC2590 cannot be both defined."
    210          #endif
    211          
    212          /**************************************************************************************************
    213           */

   Maximum stack usage in bytes:

     Function             ISTACK PSTACK XSTACK
     --------             ------ ------ ------
     macRadioTurnOffPower     2      0      0
     macRadioTurnOnPower      2      0      0
       -> macMemWriteRam      4      0      0


   Segment part sizes:

     Function/Label               Bytes
     --------------               -----
     macRadioDefsTxPowerTable       23
     macRadioTurnOnPower            65
     ?Subroutine0                    7
     macRadioTurnOffPower           13
     ??macRadioTurnOnPower?relay     6
     ??macRadioTurnOffPower?relay    6

 
 85 bytes in segment BANKED_CODE
 12 bytes in segment BANK_RELAYS
 23 bytes in segment CODE_C
 
 120 bytes of CODE memory

Errors: none
Warnings: none
