###############################################################################
#                                                                             #
# IAR C/C++ Compiler V8.10.1.10194/W32 for 8051         14/Jun/2016  16:18:33 #
# Copyright 2004-2011 IAR Systems AB.                                         #
#                                                                             #
#    Core               =  plain                                              #
#    Code model         =  banked                                             #
#    Data model         =  large                                              #
#    Calling convention =  xdata reentrant                                    #
#    Constant location  =  data_rom                                           #
#    Dptr setup         =  1,16                                               #
#    Source file        =  F:\นโลฬืสมฯ\ETC-WSNฮ๏มชอ๘นโลฬืสมฯ210\ZigBeeอ๘ย็\WS #
#                          N-CSิดย๋\ZStack-CC2530-2.5.1a\Components\uCGUI\Fon #
#                          t\F16_1HK.c                                        #
#    Command line       =  -f F:\นโลฬืสมฯ\ETC-WSNฮ๏มชอ๘นโลฬืสมฯ210\ZigBeeอ๘ย็ #
#                          \WSN-CSิดย๋\ZStack-CC2530-2.5.1a\Projects\zstack\U #
#                          tilities\SerialApp\CC2530DB\..\..\..\Tools\CC2530D #
#                          B\f8wCoord.cfg (-DCPU32MHZ -DROOT=__near_func      #
#                          -DMAC_CFG_APP_PENDING_QUEUE=TRUE                   #
#                          -DMAC_CFG_TX_DATA_MAX=5 -DMAC_CFG_TX_MAX=8         #
#                          -DMAC_CFG_RX_MAX=5 -DZDO_COORDINATOR -DRTR_NWK)    #
#                          -f F:\นโลฬืสมฯ\ETC-WSNฮ๏มชอ๘นโลฬืสมฯ210\ZigBeeอ๘ย็ #
#                          \WSN-CSิดย๋\ZStack-CC2530-2.5.1a\Projects\zstack\U #
#                          tilities\SerialApp\CC2530DB\..\..\..\Tools\CC2530D #
#                          B\f8wConfig.cfg (-DZIGBEEPRO -DSECURE=0            #
#                          -DZG_SECURE_DYNAMIC=0 -DREFLECTOR                  #
#                          -DDEFAULT_CHANLIST=0x00000800                      #
#                          -DZDAPP_CONFIG_PAN_ID=0x1001                       #
#                          -DNWK_START_DELAY=100 -DEXTENDED_JOINING_RANDOM_MA #
#                          SK=0x007F -DBEACON_REQUEST_DELAY=100               #
#                          -DBEACON_REQ_DELAY_MASK=0x00FF                     #
#                          -DLINK_STATUS_JITTER_MASK=0x007F                   #
#                          -DROUTE_EXPIRY_TIME=30 -DAPSC_ACK_WAIT_DURATION_PO #
#                          LLED=3000 -DNWK_INDIRECT_MSG_TIMEOUT=7             #
#                          -DMAX_RREQ_ENTRIES=8 -DAPSC_MAX_FRAME_RETRIES=3    #
#                          -DNWK_MAX_DATA_RETRIES=2                           #
#                          -DMAX_POLL_FAILURE_RETRIES=2 -DMAX_BCAST=9         #
#                          -DAPS_MAX_GROUPS=16 -DMAX_RTG_ENTRIES=40           #
#                          -DNWK_MAX_BINDING_ENTRIES=4                        #
#                          -DMAX_BINDING_CLUSTER_IDS=4 "-DDEFAULT_KEY={0x01,  #
#                          0x03, 0x05, 0x07, 0x09, 0x0B, 0x0D, 0x0F, 0x00,    #
#                          0x02, 0x04, 0x06, 0x08, 0x0A, 0x0C, 0x0D}"         #
#                          -DMAC_MAX_FRAME_SIZE=116                           #
#                          -DZDNWKMGR_MIN_TRANSMISSIONS=20 "-DCONST=const     #
#                          __code" -DGENERIC=__generic                        #
#                          -DRFD_RCVC_ALWAYS_ON=FALSE -DPOLL_RATE=1000        #
#                          -DQUEUED_POLL_RATE=100 -DRESPONSE_POLL_RATE=100)   #
#                          -DREJOIN_POLL_RATE=440 F:\นโลฬืสมฯ\ETC-WSNฮ๏มชอ๘นโ #
#                          ลฬืสมฯ210\ZigBeeอ๘ย็\WSN-CSิดย๋\ZStack-CC2530-2.5. #
#                          1a\Components\uCGUI\Font\F16_1HK.c -D              #
#                          HAL_UART=TRUE -D SERIAL_APP_PORT=0 -D COOR -D      #
#                          LCD_SUPPORTED -D NV_INIT -lC                       #
#                          F:\นโลฬืสมฯ\ETC-WSNฮ๏มชอ๘นโลฬืสมฯ210\ZigBeeอ๘ย็\WS #
#                          N-CSิดย๋\ZStack-CC2530-2.5.1a\Projects\zstack\Util #
#                          ities\SerialApp\CC2530DB\CoordinatorEB\List\ -lA   #
#                          F:\นโลฬืสมฯ\ETC-WSNฮ๏มชอ๘นโลฬืสมฯ210\ZigBeeอ๘ย็\WS #
#                          N-CSิดย๋\ZStack-CC2530-2.5.1a\Projects\zstack\Util #
#                          ities\SerialApp\CC2530DB\CoordinatorEB\List\       #
#                          --diag_suppress Pe001,Pa010 -o                     #
#                          F:\นโลฬืสมฯ\ETC-WSNฮ๏มชอ๘นโลฬืสมฯ210\ZigBeeอ๘ย็\WS #
#                          N-CSิดย๋\ZStack-CC2530-2.5.1a\Projects\zstack\Util #
#                          ities\SerialApp\CC2530DB\CoordinatorEB\Obj\ -e     #
#                          --no_code_motion --debug --core=plain --dptr=16,1  #
#                          --data_model=large --code_model=banked             #
#                          --calling_convention=xdata_reentrant               #
#                          --place_constants=data_rom --nr_virtual_regs 16    #
#                          -I F:\นโลฬืสมฯ\ETC-WSNฮ๏มชอ๘นโลฬืสมฯ210\ZigBeeอ๘ย็ #
#                          \WSN-CSิดย๋\ZStack-CC2530-2.5.1a\Projects\zstack\U #
#                          tilities\SerialApp\CC2530DB\ -I                    #
#                          F:\นโลฬืสมฯ\ETC-WSNฮ๏มชอ๘นโลฬืสมฯ210\ZigBeeอ๘ย็\WS #
#                          N-CSิดย๋\ZStack-CC2530-2.5.1a\Projects\zstack\Util #
#                          ities\SerialApp\CC2530DB\..\Public\ -I             #
#                          F:\นโลฬืสมฯ\ETC-WSNฮ๏มชอ๘นโลฬืสมฯ210\ZigBeeอ๘ย็\WS #
#                          N-CSิดย๋\ZStack-CC2530-2.5.1a\Projects\zstack\Util #
#                          ities\SerialApp\CC2530DB\..\..\..\..\..\Components #
#                          \uCGUI\Core\ -I F:\นโลฬืสมฯ\ETC-WSNฮ๏มชอ๘นโลฬืสมฯ2 #
#                          10\ZigBeeอ๘ย็\WSN-CSิดย๋\ZStack-CC2530-2.5.1a\Proj #
#                          ects\zstack\Utilities\SerialApp\CC2530DB\..\..\..\ #
#                          ..\..\Components\uCGUI\MultiLayer\ -I              #
#                          F:\นโลฬืสมฯ\ETC-WSNฮ๏มชอ๘นโลฬืสมฯ210\ZigBeeอ๘ย็\WS #
#                          N-CSิดย๋\ZStack-CC2530-2.5.1a\Projects\zstack\Util #
#                          ities\SerialApp\CC2530DB\..\..\..\..\..\Components #
#                          \uCGUI\Config\ -I F:\นโลฬืสมฯ\ETC-WSNฮ๏มชอ๘นโลฬืสม #
#                          ฯ210\ZigBeeอ๘ย็\WSN-CSิดย๋\ZStack-CC2530-2.5.1a\Pr #
#                          ojects\zstack\Utilities\SerialApp\CC2530DB\..\Coor #
#                          dinator\ -I F:\นโลฬืสมฯ\ETC-WSNฮ๏มชอ๘นโลฬืสมฯ210\Z #
#                          igBeeอ๘ย็\WSN-CSิดย๋\ZStack-CC2530-2.5.1a\Projects #
#                          \zstack\Utilities\SerialApp\CC2530DB\..\..\..\ZMai #
#                          n\TI2530DB\ -I F:\นโลฬืสมฯ\ETC-WSNฮ๏มชอ๘นโลฬืสมฯ21 #
#                          0\ZigBeeอ๘ย็\WSN-CSิดย๋\ZStack-CC2530-2.5.1a\Proje #
#                          cts\zstack\Utilities\SerialApp\CC2530DB\..\..\..\. #
#                          .\..\Components\hal\include\ -I                    #
#                          F:\นโลฬืสมฯ\ETC-WSNฮ๏มชอ๘นโลฬืสมฯ210\ZigBeeอ๘ย็\WS #
#                          N-CSิดย๋\ZStack-CC2530-2.5.1a\Projects\zstack\Util #
#                          ities\SerialApp\CC2530DB\..\..\..\..\..\Components #
#                          \hal\target\CC2530EB\ -I                           #
#                          F:\นโลฬืสมฯ\ETC-WSNฮ๏มชอ๘นโลฬืสมฯ210\ZigBeeอ๘ย็\WS #
#                          N-CSิดย๋\ZStack-CC2530-2.5.1a\Projects\zstack\Util #
#                          ities\SerialApp\CC2530DB\..\..\..\..\..\Components #
#                          \mac\include\ -I F:\นโลฬืสมฯ\ETC-WSNฮ๏มชอ๘นโลฬืสมฯ #
#                          210\ZigBeeอ๘ย็\WSN-CSิดย๋\ZStack-CC2530-2.5.1a\Pro #
#                          jects\zstack\Utilities\SerialApp\CC2530DB\..\..\.. #
#                          \..\..\Components\mac\high_level\ -I               #
#                          F:\นโลฬืสมฯ\ETC-WSNฮ๏มชอ๘นโลฬืสมฯ210\ZigBeeอ๘ย็\WS #
#                          N-CSิดย๋\ZStack-CC2530-2.5.1a\Projects\zstack\Util #
#                          ities\SerialApp\CC2530DB\..\..\..\..\..\Components #
#                          \mac\low_level\srf04\ -I                           #
#                          F:\นโลฬืสมฯ\ETC-WSNฮ๏มชอ๘นโลฬืสมฯ210\ZigBeeอ๘ย็\WS #
#                          N-CSิดย๋\ZStack-CC2530-2.5.1a\Projects\zstack\Util #
#                          ities\SerialApp\CC2530DB\..\..\..\..\..\Components #
#                          \mac\low_level\srf04\single_chip\ -I               #
#                          F:\นโลฬืสมฯ\ETC-WSNฮ๏มชอ๘นโลฬืสมฯ210\ZigBeeอ๘ย็\WS #
#                          N-CSิดย๋\ZStack-CC2530-2.5.1a\Projects\zstack\Util #
#                          ities\SerialApp\CC2530DB\..\..\..\..\..\Components #
#                          \mt\ -I F:\นโลฬืสมฯ\ETC-WSNฮ๏มชอ๘นโลฬืสมฯ210\ZigBe #
#                          eอ๘ย็\WSN-CSิดย๋\ZStack-CC2530-2.5.1a\Projects\zst #
#                          ack\Utilities\SerialApp\CC2530DB\..\..\..\..\..\Co #
#                          mponents\osal\include\ -I                          #
#                          F:\นโลฬืสมฯ\ETC-WSNฮ๏มชอ๘นโลฬืสมฯ210\ZigBeeอ๘ย็\WS #
#                          N-CSิดย๋\ZStack-CC2530-2.5.1a\Projects\zstack\Util #
#                          ities\SerialApp\CC2530DB\..\..\..\..\..\Components #
#                          \services\saddr\ -I F:\นโลฬืสมฯ\ETC-WSNฮ๏มชอ๘นโลฬื #
#                          สมฯ210\ZigBeeอ๘ย็\WSN-CSิดย๋\ZStack-CC2530-2.5.1a\ #
#                          Projects\zstack\Utilities\SerialApp\CC2530DB\..\.. #
#                          \..\..\..\Components\services\sdata\ -I            #
#                          F:\นโลฬืสมฯ\ETC-WSNฮ๏มชอ๘นโลฬืสมฯ210\ZigBeeอ๘ย็\WS #
#                          N-CSิดย๋\ZStack-CC2530-2.5.1a\Projects\zstack\Util #
#                          ities\SerialApp\CC2530DB\..\..\..\..\..\Components #
#                          \stack\af\ -I F:\นโลฬืสมฯ\ETC-WSNฮ๏มชอ๘นโลฬืสมฯ210 #
#                          \ZigBeeอ๘ย็\WSN-CSิดย๋\ZStack-CC2530-2.5.1a\Projec #
#                          ts\zstack\Utilities\SerialApp\CC2530DB\..\..\..\.. #
#                          \..\Components\stack\nwk\ -I                       #
#                          F:\นโลฬืสมฯ\ETC-WSNฮ๏มชอ๘นโลฬืสมฯ210\ZigBeeอ๘ย็\WS #
#                          N-CSิดย๋\ZStack-CC2530-2.5.1a\Projects\zstack\Util #
#                          ities\SerialApp\CC2530DB\..\..\..\..\..\Components #
#                          \stack\sapi\ -I F:\นโลฬืสมฯ\ETC-WSNฮ๏มชอ๘นโลฬืสมฯ2 #
#                          10\ZigBeeอ๘ย็\WSN-CSิดย๋\ZStack-CC2530-2.5.1a\Proj #
#                          ects\zstack\Utilities\SerialApp\CC2530DB\..\..\..\ #
#                          ..\..\Components\stack\sec\ -I                     #
#                          F:\นโลฬืสมฯ\ETC-WSNฮ๏มชอ๘นโลฬืสมฯ210\ZigBeeอ๘ย็\WS #
#                          N-CSิดย๋\ZStack-CC2530-2.5.1a\Projects\zstack\Util #
#                          ities\SerialApp\CC2530DB\..\..\..\..\..\Components #
#                          \stack\sys\ -I F:\นโลฬืสมฯ\ETC-WSNฮ๏มชอ๘นโลฬืสมฯ21 #
#                          0\ZigBeeอ๘ย็\WSN-CSิดย๋\ZStack-CC2530-2.5.1a\Proje #
#                          cts\zstack\Utilities\SerialApp\CC2530DB\..\..\..\. #
#                          .\..\Components\stack\zdo\ -I                      #
#                          F:\นโลฬืสมฯ\ETC-WSNฮ๏มชอ๘นโลฬืสมฯ210\ZigBeeอ๘ย็\WS #
#                          N-CSิดย๋\ZStack-CC2530-2.5.1a\Projects\zstack\Util #
#                          ities\SerialApp\CC2530DB\..\..\..\..\..\Components #
#                          \zmac\ -I F:\นโลฬืสมฯ\ETC-WSNฮ๏มชอ๘นโลฬืสมฯ210\Zig #
#                          Beeอ๘ย็\WSN-CSิดย๋\ZStack-CC2530-2.5.1a\Projects\z #
#                          stack\Utilities\SerialApp\CC2530DB\..\..\..\..\..\ #
#                          Components\zmac\f8w\ -Ohz --require_prototypes     #
#    List file          =  F:\นโลฬืสมฯ\ETC-WSNฮ๏มชอ๘นโลฬืสมฯ210\ZigBeeอ๘ย็\WS #
#                          N-CSิดย๋\ZStack-CC2530-2.5.1a\Projects\zstack\Util #
#                          ities\SerialApp\CC2530DB\CoordinatorEB\List\F16_1H #
#                          K.lst                                              #
#    Object file        =  F:\นโลฬืสมฯ\ETC-WSNฮ๏มชอ๘นโลฬืสมฯ210\ZigBeeอ๘ย็\WS #
#                          N-CSิดย๋\ZStack-CC2530-2.5.1a\Projects\zstack\Util #
#                          ities\SerialApp\CC2530DB\CoordinatorEB\Obj\F16_1HK #
#                          .r51                                               #
#                                                                             #
#                                                                             #
###############################################################################

F:\นโลฬืสมฯ\ETC-WSNฮ๏มชอ๘นโลฬืสมฯ210\ZigBeeอ๘ย็\WSN-CSิดย๋\ZStack-CC2530-2.5.1a\Components\uCGUI\Font\F16_1HK.c
      1          /*
      2          *********************************************************************************************************
      3          *                                                uC/GUI
      4          *                        Universal graphic software for embedded applications
      5          *
      6          *                       (c) Copyright 2002, Micrium Inc., Weston, FL
      7          *                       (c) Copyright 2002, SEGGER Microcontroller Systeme GmbH
      8          *
      9          *              ตC/GUI is protected by international copyright laws. Knowledge of the
     10          *              source code may not be used to write a similar product. This file may
     11          *              only be used in accordance with a license and should not be redistributed
     12          *              in any way. We appreciate your understanding and fairness.
     13          *
     14          ----------------------------------------------------------------------
     15          File        : F16_1HK.C
     16          Purpose     : ASCII, West European, Hiragana & Katakana
     17          Height      : 16
     18          ---------------------------END-OF-HEADER------------------------------
     19          */
     20          
     21          #include "GUI_FontIntern.h"
     22          
     23          

   \                                 In  segment XDATA_ROM_C, align 1
     24          GUI_CONST_STORAGE GUI_FONT_PROP GUI_Font16_1HK_Prop2 = {
   \                     GUI_Font16_1HK_Prop2:
   \   000000   A130         DW 12449
   \   000002   F630         DW 12534
   \   000004   ....         DW GUI_Font16_HK_CharInfo + 19FH
   \   000006   ....         DW GUI_Font16_1_FontProp1
     25             0x30A1                                         /* first character               */
     26            ,0x30F6                                         /* last character                */
     27            ,&GUI_Font16_HK_CharInfo[83]                    /* address of first character    */
     28            ,(const GUI_FONT_PROP GUI_UNI_PTR *)&GUI_Font16_1_FontProp1  /* pointer to next GUI_FONT_PROP */
     29          };
     30          

   \                                 In  segment XDATA_ROM_C, align 1
     31          GUI_CONST_STORAGE GUI_FONT_PROP GUI_Font16_1HK_Prop1 = {
   \                     GUI_Font16_1HK_Prop1:
   \   000000   4130         DW 12353
   \   000002   9330         DW 12435
   \   000004   ....         DW GUI_Font16_HK_CharInfo
   \   000006   ....         DW GUI_Font16_1HK_Prop2
     32             0x3041                                       /* first character               */
     33            ,0x3093                                       /* last character                */
     34            ,&GUI_Font16_HK_CharInfo[0]                   /* address of first character    */
     35            ,(const GUI_FONT_PROP GUI_UNI_PTR *)&GUI_Font16_1HK_Prop2  /* pointer to next GUI_FONT_PROP */
     36          };
     37          

   \                                 In  segment XDATA_ROM_C, align 1
     38          GUI_CONST_STORAGE GUI_FONT GUI_Font16_1HK = {
   \                     GUI_Font16_1HK:
   \   000000   ....         DW ??GUIPROP_DispChar?relay
   \   000002   ....         DW ??GUIPROP_GetCharDistX?relay
   \   000004   ....         DW ??GUIPROP_GetFontInfo?relay
   \   000006   ....         DW ??GUIPROP_IsInFont?relay
   \   000008   0000         DW 0H
   \   00000A   10           DB 16
   \   00000B   10           DB 16
   \   00000C   01           DB 1
   \   00000D   01           DB 1
   \   00000E   ....         DW GUI_Font16_1HK_Prop1
   \   000010   0D           DB 13
   \   000011   07           DB 7
   \   000012   0A           DB 10
     39             GUI_FONTTYPE_PROP  /* type of font    */
     40            ,16                 /* height of font  */
     41            ,16                 /* space of font y */
     42            ,1                  /* magnification x */
     43            ,1                  /* magnification y */
     44            ,{(const GUI_FONT_PROP GUI_UNI_PTR *)&GUI_Font16_1HK_Prop1}
     45            , 13, 7, 10
     46          };
     47          


   Segment part sizes:

     Function/Label       Bytes
     --------------       -----
     GUI_Font16_1HK_Prop2    8
     GUI_Font16_1HK_Prop1    8
     GUI_Font16_1HK         19

 
 35 bytes in segment XDATA_ROM_C
 
 35 bytes of CONST memory

Errors: none
Warnings: none
