###############################################################################
#                                                                             #
# IAR C/C++ Compiler V8.10.1.10194/W32 for 8051         14/Jun/2016  16:18:34 #
# Copyright 2004-2011 IAR Systems AB.                                         #
#                                                                             #
#    Core               =  plain                                              #
#    Code model         =  banked                                             #
#    Data model         =  large                                              #
#    Calling convention =  xdata reentrant                                    #
#    Constant location  =  data_rom                                           #
#    Dptr setup         =  1,16                                               #
#    Source file        =  F:\¹âÅÌ×ÊÁÏ\ETC-WSNÎïÁªÍø¹âÅÌ×ÊÁÏ210\ZigBeeÍøÂç\WS #
#                          N-CSÔ´Âë\ZStack-CC2530-2.5.1a\Components\uCGUI\Fon #
#                          t\FD32.c                                           #
#    Command line       =  -f F:\¹âÅÌ×ÊÁÏ\ETC-WSNÎïÁªÍø¹âÅÌ×ÊÁÏ210\ZigBeeÍøÂç #
#                          \WSN-CSÔ´Âë\ZStack-CC2530-2.5.1a\Projects\zstack\U #
#                          tilities\SerialApp\CC2530DB\..\..\..\Tools\CC2530D #
#                          B\f8wCoord.cfg (-DCPU32MHZ -DROOT=__near_func      #
#                          -DMAC_CFG_APP_PENDING_QUEUE=TRUE                   #
#                          -DMAC_CFG_TX_DATA_MAX=5 -DMAC_CFG_TX_MAX=8         #
#                          -DMAC_CFG_RX_MAX=5 -DZDO_COORDINATOR -DRTR_NWK)    #
#                          -f F:\¹âÅÌ×ÊÁÏ\ETC-WSNÎïÁªÍø¹âÅÌ×ÊÁÏ210\ZigBeeÍøÂç #
#                          \WSN-CSÔ´Âë\ZStack-CC2530-2.5.1a\Projects\zstack\U #
#                          tilities\SerialApp\CC2530DB\..\..\..\Tools\CC2530D #
#                          B\f8wConfig.cfg (-DZIGBEEPRO -DSECURE=0            #
#                          -DZG_SECURE_DYNAMIC=0 -DREFLECTOR                  #
#                          -DDEFAULT_CHANLIST=0x00000800                      #
#                          -DZDAPP_CONFIG_PAN_ID=0x1001                       #
#                          -DNWK_START_DELAY=100 -DEXTENDED_JOINING_RANDOM_MA #
#                          SK=0x007F -DBEACON_REQUEST_DELAY=100               #
#                          -DBEACON_REQ_DELAY_MASK=0x00FF                     #
#                          -DLINK_STATUS_JITTER_MASK=0x007F                   #
#                          -DROUTE_EXPIRY_TIME=30 -DAPSC_ACK_WAIT_DURATION_PO #
#                          LLED=3000 -DNWK_INDIRECT_MSG_TIMEOUT=7             #
#                          -DMAX_RREQ_ENTRIES=8 -DAPSC_MAX_FRAME_RETRIES=3    #
#                          -DNWK_MAX_DATA_RETRIES=2                           #
#                          -DMAX_POLL_FAILURE_RETRIES=2 -DMAX_BCAST=9         #
#                          -DAPS_MAX_GROUPS=16 -DMAX_RTG_ENTRIES=40           #
#                          -DNWK_MAX_BINDING_ENTRIES=4                        #
#                          -DMAX_BINDING_CLUSTER_IDS=4 "-DDEFAULT_KEY={0x01,  #
#                          0x03, 0x05, 0x07, 0x09, 0x0B, 0x0D, 0x0F, 0x00,    #
#                          0x02, 0x04, 0x06, 0x08, 0x0A, 0x0C, 0x0D}"         #
#                          -DMAC_MAX_FRAME_SIZE=116                           #
#                          -DZDNWKMGR_MIN_TRANSMISSIONS=20 "-DCONST=const     #
#                          __code" -DGENERIC=__generic                        #
#                          -DRFD_RCVC_ALWAYS_ON=FALSE -DPOLL_RATE=1000        #
#                          -DQUEUED_POLL_RATE=100 -DRESPONSE_POLL_RATE=100)   #
#                          -DREJOIN_POLL_RATE=440 F:\¹âÅÌ×ÊÁÏ\ETC-WSNÎïÁªÍø¹â #
#                          ÅÌ×ÊÁÏ210\ZigBeeÍøÂç\WSN-CSÔ´Âë\ZStack-CC2530-2.5. #
#                          1a\Components\uCGUI\Font\FD32.c -D HAL_UART=TRUE   #
#                          -D SERIAL_APP_PORT=0 -D COOR -D LCD_SUPPORTED -D   #
#                          NV_INIT -lC F:\¹âÅÌ×ÊÁÏ\ETC-WSNÎïÁªÍø¹âÅÌ×ÊÁÏ210\Z #
#                          igBeeÍøÂç\WSN-CSÔ´Âë\ZStack-CC2530-2.5.1a\Projects #
#                          \zstack\Utilities\SerialApp\CC2530DB\CoordinatorEB #
#                          \List\ -lA F:\¹âÅÌ×ÊÁÏ\ETC-WSNÎïÁªÍø¹âÅÌ×ÊÁÏ210\Zi #
#                          gBeeÍøÂç\WSN-CSÔ´Âë\ZStack-CC2530-2.5.1a\Projects\ #
#                          zstack\Utilities\SerialApp\CC2530DB\CoordinatorEB\ #
#                          List\ --diag_suppress Pe001,Pa010 -o               #
#                          F:\¹âÅÌ×ÊÁÏ\ETC-WSNÎïÁªÍø¹âÅÌ×ÊÁÏ210\ZigBeeÍøÂç\WS #
#                          N-CSÔ´Âë\ZStack-CC2530-2.5.1a\Projects\zstack\Util #
#                          ities\SerialApp\CC2530DB\CoordinatorEB\Obj\ -e     #
#                          --no_code_motion --debug --core=plain --dptr=16,1  #
#                          --data_model=large --code_model=banked             #
#                          --calling_convention=xdata_reentrant               #
#                          --place_constants=data_rom --nr_virtual_regs 16    #
#                          -I F:\¹âÅÌ×ÊÁÏ\ETC-WSNÎïÁªÍø¹âÅÌ×ÊÁÏ210\ZigBeeÍøÂç #
#                          \WSN-CSÔ´Âë\ZStack-CC2530-2.5.1a\Projects\zstack\U #
#                          tilities\SerialApp\CC2530DB\ -I                    #
#                          F:\¹âÅÌ×ÊÁÏ\ETC-WSNÎïÁªÍø¹âÅÌ×ÊÁÏ210\ZigBeeÍøÂç\WS #
#                          N-CSÔ´Âë\ZStack-CC2530-2.5.1a\Projects\zstack\Util #
#                          ities\SerialApp\CC2530DB\..\Public\ -I             #
#                          F:\¹âÅÌ×ÊÁÏ\ETC-WSNÎïÁªÍø¹âÅÌ×ÊÁÏ210\ZigBeeÍøÂç\WS #
#                          N-CSÔ´Âë\ZStack-CC2530-2.5.1a\Projects\zstack\Util #
#                          ities\SerialApp\CC2530DB\..\..\..\..\..\Components #
#                          \uCGUI\Core\ -I F:\¹âÅÌ×ÊÁÏ\ETC-WSNÎïÁªÍø¹âÅÌ×ÊÁÏ2 #
#                          10\ZigBeeÍøÂç\WSN-CSÔ´Âë\ZStack-CC2530-2.5.1a\Proj #
#                          ects\zstack\Utilities\SerialApp\CC2530DB\..\..\..\ #
#                          ..\..\Components\uCGUI\MultiLayer\ -I              #
#                          F:\¹âÅÌ×ÊÁÏ\ETC-WSNÎïÁªÍø¹âÅÌ×ÊÁÏ210\ZigBeeÍøÂç\WS #
#                          N-CSÔ´Âë\ZStack-CC2530-2.5.1a\Projects\zstack\Util #
#                          ities\SerialApp\CC2530DB\..\..\..\..\..\Components #
#                          \uCGUI\Config\ -I F:\¹âÅÌ×ÊÁÏ\ETC-WSNÎïÁªÍø¹âÅÌ×ÊÁ #
#                          Ï210\ZigBeeÍøÂç\WSN-CSÔ´Âë\ZStack-CC2530-2.5.1a\Pr #
#                          ojects\zstack\Utilities\SerialApp\CC2530DB\..\Coor #
#                          dinator\ -I F:\¹âÅÌ×ÊÁÏ\ETC-WSNÎïÁªÍø¹âÅÌ×ÊÁÏ210\Z #
#                          igBeeÍøÂç\WSN-CSÔ´Âë\ZStack-CC2530-2.5.1a\Projects #
#                          \zstack\Utilities\SerialApp\CC2530DB\..\..\..\ZMai #
#                          n\TI2530DB\ -I F:\¹âÅÌ×ÊÁÏ\ETC-WSNÎïÁªÍø¹âÅÌ×ÊÁÏ21 #
#                          0\ZigBeeÍøÂç\WSN-CSÔ´Âë\ZStack-CC2530-2.5.1a\Proje #
#                          cts\zstack\Utilities\SerialApp\CC2530DB\..\..\..\. #
#                          .\..\Components\hal\include\ -I                    #
#                          F:\¹âÅÌ×ÊÁÏ\ETC-WSNÎïÁªÍø¹âÅÌ×ÊÁÏ210\ZigBeeÍøÂç\WS #
#                          N-CSÔ´Âë\ZStack-CC2530-2.5.1a\Projects\zstack\Util #
#                          ities\SerialApp\CC2530DB\..\..\..\..\..\Components #
#                          \hal\target\CC2530EB\ -I                           #
#                          F:\¹âÅÌ×ÊÁÏ\ETC-WSNÎïÁªÍø¹âÅÌ×ÊÁÏ210\ZigBeeÍøÂç\WS #
#                          N-CSÔ´Âë\ZStack-CC2530-2.5.1a\Projects\zstack\Util #
#                          ities\SerialApp\CC2530DB\..\..\..\..\..\Components #
#                          \mac\include\ -I F:\¹âÅÌ×ÊÁÏ\ETC-WSNÎïÁªÍø¹âÅÌ×ÊÁÏ #
#                          210\ZigBeeÍøÂç\WSN-CSÔ´Âë\ZStack-CC2530-2.5.1a\Pro #
#                          jects\zstack\Utilities\SerialApp\CC2530DB\..\..\.. #
#                          \..\..\Components\mac\high_level\ -I               #
#                          F:\¹âÅÌ×ÊÁÏ\ETC-WSNÎïÁªÍø¹âÅÌ×ÊÁÏ210\ZigBeeÍøÂç\WS #
#                          N-CSÔ´Âë\ZStack-CC2530-2.5.1a\Projects\zstack\Util #
#                          ities\SerialApp\CC2530DB\..\..\..\..\..\Components #
#                          \mac\low_level\srf04\ -I                           #
#                          F:\¹âÅÌ×ÊÁÏ\ETC-WSNÎïÁªÍø¹âÅÌ×ÊÁÏ210\ZigBeeÍøÂç\WS #
#                          N-CSÔ´Âë\ZStack-CC2530-2.5.1a\Projects\zstack\Util #
#                          ities\SerialApp\CC2530DB\..\..\..\..\..\Components #
#                          \mac\low_level\srf04\single_chip\ -I               #
#                          F:\¹âÅÌ×ÊÁÏ\ETC-WSNÎïÁªÍø¹âÅÌ×ÊÁÏ210\ZigBeeÍøÂç\WS #
#                          N-CSÔ´Âë\ZStack-CC2530-2.5.1a\Projects\zstack\Util #
#                          ities\SerialApp\CC2530DB\..\..\..\..\..\Components #
#                          \mt\ -I F:\¹âÅÌ×ÊÁÏ\ETC-WSNÎïÁªÍø¹âÅÌ×ÊÁÏ210\ZigBe #
#                          eÍøÂç\WSN-CSÔ´Âë\ZStack-CC2530-2.5.1a\Projects\zst #
#                          ack\Utilities\SerialApp\CC2530DB\..\..\..\..\..\Co #
#                          mponents\osal\include\ -I                          #
#                          F:\¹âÅÌ×ÊÁÏ\ETC-WSNÎïÁªÍø¹âÅÌ×ÊÁÏ210\ZigBeeÍøÂç\WS #
#                          N-CSÔ´Âë\ZStack-CC2530-2.5.1a\Projects\zstack\Util #
#                          ities\SerialApp\CC2530DB\..\..\..\..\..\Components #
#                          \services\saddr\ -I F:\¹âÅÌ×ÊÁÏ\ETC-WSNÎïÁªÍø¹âÅÌ× #
#                          ÊÁÏ210\ZigBeeÍøÂç\WSN-CSÔ´Âë\ZStack-CC2530-2.5.1a\ #
#                          Projects\zstack\Utilities\SerialApp\CC2530DB\..\.. #
#                          \..\..\..\Components\services\sdata\ -I            #
#                          F:\¹âÅÌ×ÊÁÏ\ETC-WSNÎïÁªÍø¹âÅÌ×ÊÁÏ210\ZigBeeÍøÂç\WS #
#                          N-CSÔ´Âë\ZStack-CC2530-2.5.1a\Projects\zstack\Util #
#                          ities\SerialApp\CC2530DB\..\..\..\..\..\Components #
#                          \stack\af\ -I F:\¹âÅÌ×ÊÁÏ\ETC-WSNÎïÁªÍø¹âÅÌ×ÊÁÏ210 #
#                          \ZigBeeÍøÂç\WSN-CSÔ´Âë\ZStack-CC2530-2.5.1a\Projec #
#                          ts\zstack\Utilities\SerialApp\CC2530DB\..\..\..\.. #
#                          \..\Components\stack\nwk\ -I                       #
#                          F:\¹âÅÌ×ÊÁÏ\ETC-WSNÎïÁªÍø¹âÅÌ×ÊÁÏ210\ZigBeeÍøÂç\WS #
#                          N-CSÔ´Âë\ZStack-CC2530-2.5.1a\Projects\zstack\Util #
#                          ities\SerialApp\CC2530DB\..\..\..\..\..\Components #
#                          \stack\sapi\ -I F:\¹âÅÌ×ÊÁÏ\ETC-WSNÎïÁªÍø¹âÅÌ×ÊÁÏ2 #
#                          10\ZigBeeÍøÂç\WSN-CSÔ´Âë\ZStack-CC2530-2.5.1a\Proj #
#                          ects\zstack\Utilities\SerialApp\CC2530DB\..\..\..\ #
#                          ..\..\Components\stack\sec\ -I                     #
#                          F:\¹âÅÌ×ÊÁÏ\ETC-WSNÎïÁªÍø¹âÅÌ×ÊÁÏ210\ZigBeeÍøÂç\WS #
#                          N-CSÔ´Âë\ZStack-CC2530-2.5.1a\Projects\zstack\Util #
#                          ities\SerialApp\CC2530DB\..\..\..\..\..\Components #
#                          \stack\sys\ -I F:\¹âÅÌ×ÊÁÏ\ETC-WSNÎïÁªÍø¹âÅÌ×ÊÁÏ21 #
#                          0\ZigBeeÍøÂç\WSN-CSÔ´Âë\ZStack-CC2530-2.5.1a\Proje #
#                          cts\zstack\Utilities\SerialApp\CC2530DB\..\..\..\. #
#                          .\..\Components\stack\zdo\ -I                      #
#                          F:\¹âÅÌ×ÊÁÏ\ETC-WSNÎïÁªÍø¹âÅÌ×ÊÁÏ210\ZigBeeÍøÂç\WS #
#                          N-CSÔ´Âë\ZStack-CC2530-2.5.1a\Projects\zstack\Util #
#                          ities\SerialApp\CC2530DB\..\..\..\..\..\Components #
#                          \zmac\ -I F:\¹âÅÌ×ÊÁÏ\ETC-WSNÎïÁªÍø¹âÅÌ×ÊÁÏ210\Zig #
#                          BeeÍøÂç\WSN-CSÔ´Âë\ZStack-CC2530-2.5.1a\Projects\z #
#                          stack\Utilities\SerialApp\CC2530DB\..\..\..\..\..\ #
#                          Components\zmac\f8w\ -Ohz --require_prototypes     #
#    List file          =  F:\¹âÅÌ×ÊÁÏ\ETC-WSNÎïÁªÍø¹âÅÌ×ÊÁÏ210\ZigBeeÍøÂç\WS #
#                          N-CSÔ´Âë\ZStack-CC2530-2.5.1a\Projects\zstack\Util #
#                          ities\SerialApp\CC2530DB\CoordinatorEB\List\FD32.l #
#                          st                                                 #
#    Object file        =  F:\¹âÅÌ×ÊÁÏ\ETC-WSNÎïÁªÍø¹âÅÌ×ÊÁÏ210\ZigBeeÍøÂç\WS #
#                          N-CSÔ´Âë\ZStack-CC2530-2.5.1a\Projects\zstack\Util #
#                          ities\SerialApp\CC2530DB\CoordinatorEB\Obj\FD32.r5 #
#                          1                                                  #
#                                                                             #
#                                                                             #
###############################################################################

F:\¹âÅÌ×ÊÁÏ\ETC-WSNÎïÁªÍø¹âÅÌ×ÊÁÏ210\ZigBeeÍøÂç\WSN-CSÔ´Âë\ZStack-CC2530-2.5.1a\Components\uCGUI\Font\FD32.c
      1          /*
      2          *********************************************************************************************************
      3          *                                                uC/GUI
      4          *                        Universal graphic software for embedded applications
      5          *
      6          *                       (c) Copyright 2002, Micrium Inc., Weston, FL
      7          *                       (c) Copyright 2002, SEGGER Microcontroller Systeme GmbH
      8          *
      9          *              µC/GUI is protected by international copyright laws. Knowledge of the
     10          *              source code may not be used to write a similar product. This file may
     11          *              only be used in accordance with a license and should not be redistributed
     12          *              in any way. We appreciate your understanding and fairness.
     13          *
     14          ----------------------------------------------------------------------
     15          File        : FD32.C
     16          Purpose     : Implementation of the the proportional 32 pixel digit
     17          Height      : 32
     18          ---------------------------END-OF-HEADER------------------------------
     19          */
     20          
     21          
     22          #include "GUI_FontIntern.h"
     23          

   \                                 In  segment XDATA_ROM_C, align 1
     24          GUI_CONST_STORAGE U8 acFont32[12][96] = {
   \                     acFont32:
   \   000000   00           DB 0
   \   000001   7F           DB 127
   \   000002   00           DB 0
   \   000003   01           DB 1
   \   000004   FF           DB 255
   \   000005   C0           DB 192
   \   000006   03           DB 3
   \   000007   FF           DB 255
   \   000008   E0           DB 224
   \   000009   07           DB 7
   \   00000A   FF           DB 255
   \   00000B   F0           DB 240
   \   00000C   0F           DB 15
   \   00000D   E3           DB 227
   \   00000E   F8           DB 248
   \   00000F   0F           DB 15
   \   000010   80           DB 128
   \   000011   F8           DB 248
   \   000012   1F           DB 31
   \   000013   00           DB 0
   \   000014   7C           DB 124
   \   000015   1F           DB 31
   \   000016   00           DB 0
   \   000017   7C           DB 124
   \   000018   1F           DB 31
   \   000019   00           DB 0
   \   00001A   7C           DB 124
   \   00001B   3E           DB 62
   \   00001C   00           DB 0
   \   00001D   3E           DB 62
   \   00001E   3E           DB 62
   \   00001F   00           DB 0
   \   000020   3E           DB 62
   \   000021   3E           DB 62
   \   000022   00           DB 0
   \   000023   3E           DB 62
   \   000024   3E           DB 62
   \   000025   00           DB 0
   \   000026   3E           DB 62
   \   000027   3E           DB 62
   \   000028   00           DB 0
   \   000029   3E           DB 62
   \   00002A   3E           DB 62
   \   00002B   00           DB 0
   \   00002C   3E           DB 62
   \   00002D   3E           DB 62
   \   00002E   00           DB 0
   \   00002F   3E           DB 62
   \   000030   3E           DB 62
   \   000031   00           DB 0
   \   000032   3E           DB 62
   \   000033   3E           DB 62
   \   000034   00           DB 0
   \   000035   3E           DB 62
   \   000036   3E           DB 62
   \   000037   00           DB 0
   \   000038   3E           DB 62
   \   000039   3E           DB 62
   \   00003A   00           DB 0
   \   00003B   3E           DB 62
   \   00003C   3E           DB 62
   \   00003D   00           DB 0
   \   00003E   3E           DB 62
   \   00003F   3E           DB 62
   \   000040   00           DB 0
   \   000041   3E           DB 62
   \   000042   3E           DB 62
   \   000043   00           DB 0
   \   000044   3E           DB 62
   \   000045   1F           DB 31
   \   000046   00           DB 0
   \   000047   7C           DB 124
   \   000048   1F           DB 31
   \   000049   00           DB 0
   \   00004A   7C           DB 124
   \   00004B   1F           DB 31
   \   00004C   00           DB 0
   \   00004D   7C           DB 124
   \   00004E   0F           DB 15
   \   00004F   80           DB 128
   \   000050   F8           DB 248
   \   000051   0F           DB 15
   \   000052   E3           DB 227
   \   000053   F8           DB 248
   \   000054   07           DB 7
   \   000055   FF           DB 255
   \   000056   F0           DB 240
   \   000057   03           DB 3
   \   000058   FF           DB 255
   \   000059   E0           DB 224
   \   00005A   01           DB 1
   \   00005B   FF           DB 255
   \   00005C   C0           DB 192
   \   00005D   00           DB 0
   \   00005E   7F           DB 127
   \   00005F   00           DB 0
   \   000060   00           DB 0
   \   000061   03           DB 3
   \   000062   C0           DB 192
   \   000063   00           DB 0
   \   000064   03           DB 3
   \   000065   C0           DB 192
   \   000066   00           DB 0
   \   000067   07           DB 7
   \   000068   C0           DB 192
   \   000069   00           DB 0
   \   00006A   07           DB 7
   \   00006B   C0           DB 192
   \   00006C   00           DB 0
   \   00006D   0F           DB 15
   \   00006E   C0           DB 192
   \   00006F   00           DB 0
   \   000070   3F           DB 63
   \   000071   C0           DB 192
   \   000072   03           DB 3
   \   000073   FF           DB 255
   \   000074   C0           DB 192
   \   000075   03           DB 3
   \   000076   FF           DB 255
   \   000077   C0           DB 192
   \   000078   03           DB 3
   \   000079   FF           DB 255
   \   00007A   C0           DB 192
   \   00007B   03           DB 3
   \   00007C   FF           DB 255
   \   00007D   C0           DB 192
   \   00007E   00           DB 0
   \   00007F   07           DB 7
   \   000080   C0           DB 192
   \   000081   00           DB 0
   \   000082   07           DB 7
   \   000083   C0           DB 192
   \   000084   00           DB 0
   \   000085   07           DB 7
   \   000086   C0           DB 192
   \   000087   00           DB 0
   \   000088   07           DB 7
   \   000089   C0           DB 192
   \   00008A   00           DB 0
   \   00008B   07           DB 7
   \   00008C   C0           DB 192
   \   00008D   00           DB 0
   \   00008E   07           DB 7
   \   00008F   C0           DB 192
   \   000090   00           DB 0
   \   000091   07           DB 7
   \   000092   C0           DB 192
   \   000093   00           DB 0
   \   000094   07           DB 7
   \   000095   C0           DB 192
   \   000096   00           DB 0
   \   000097   07           DB 7
   \   000098   C0           DB 192
   \   000099   00           DB 0
   \   00009A   07           DB 7
   \   00009B   C0           DB 192
   \   00009C   00           DB 0
   \   00009D   07           DB 7
   \   00009E   C0           DB 192
   \   00009F   00           DB 0
   \   0000A0   07           DB 7
   \   0000A1   C0           DB 192
   \   0000A2   00           DB 0
   \   0000A3   07           DB 7
   \   0000A4   C0           DB 192
   \   0000A5   00           DB 0
   \   0000A6   07           DB 7
   \   0000A7   C0           DB 192
   \   0000A8   00           DB 0
   \   0000A9   07           DB 7
   \   0000AA   C0           DB 192
   \   0000AB   00           DB 0
   \   0000AC   07           DB 7
   \   0000AD   C0           DB 192
   \   0000AE   00           DB 0
   \   0000AF   07           DB 7
   \   0000B0   C0           DB 192
   \   0000B1   00           DB 0
   \   0000B2   07           DB 7
   \   0000B3   C0           DB 192
   \   0000B4   00           DB 0
   \   0000B5   07           DB 7
   \   0000B6   C0           DB 192
   \   0000B7   00           DB 0
   \   0000B8   07           DB 7
   \   0000B9   C0           DB 192
   \   0000BA   00           DB 0
   \   0000BB   07           DB 7
   \   0000BC   C0           DB 192
   \   0000BD   00           DB 0
   \   0000BE   07           DB 7
   \   0000BF   C0           DB 192
   \   0000C0   00           DB 0
   \   0000C1   7F           DB 127
   \   0000C2   80           DB 128
   \   0000C3   01           DB 1
   \   0000C4   FF           DB 255
   \   0000C5   E0           DB 224
   \   0000C6   03           DB 3
   \   0000C7   FF           DB 255
   \   0000C8   F0           DB 240
   \   0000C9   07           DB 7
   \   0000CA   FF           DB 255
   \   0000CB   F8           DB 248
   \   0000CC   0F           DB 15
   \   0000CD   E1           DB 225
   \   0000CE   FC           DB 252
   \   0000CF   1F           DB 31
   \   0000D0   80           DB 128
   \   0000D1   FC           DB 252
   \   0000D2   1F           DB 31
   \   0000D3   00           DB 0
   \   0000D4   7E           DB 126
   \   0000D5   3E           DB 62
   \   0000D6   00           DB 0
   \   0000D7   3E           DB 62
   \   0000D8   3E           DB 62
   \   0000D9   00           DB 0
   \   0000DA   3E           DB 62
   \   0000DB   3E           DB 62
   \   0000DC   00           DB 0
   \   0000DD   3E           DB 62
   \   0000DE   00           DB 0
   \   0000DF   00           DB 0
   \   0000E0   3E           DB 62
   \   0000E1   00           DB 0
   \   0000E2   00           DB 0
   \   0000E3   3E           DB 62
   \   0000E4   00           DB 0
   \   0000E5   00           DB 0
   \   0000E6   3E           DB 62
   \   0000E7   00           DB 0
   \   0000E8   00           DB 0
   \   0000E9   7E           DB 126
   \   0000EA   00           DB 0
   \   0000EB   00           DB 0
   \   0000EC   FC           DB 252
   \   0000ED   00           DB 0
   \   0000EE   01           DB 1
   \   0000EF   FC           DB 252
   \   0000F0   00           DB 0
   \   0000F1   07           DB 7
   \   0000F2   F8           DB 248
   \   0000F3   00           DB 0
   \   0000F4   0F           DB 15
   \   0000F5   E0           DB 224
   \   0000F6   00           DB 0
   \   0000F7   3F           DB 63
   \   0000F8   C0           DB 192
   \   0000F9   00           DB 0
   \   0000FA   7F           DB 127
   \   0000FB   80           DB 128
   \   0000FC   01           DB 1
   \   0000FD   FE           DB 254
   \   0000FE   00           DB 0
   \   0000FF   03           DB 3
   \   000100   FC           DB 252
   \   000101   00           DB 0
   \   000102   07           DB 7
   \   000103   F0           DB 240
   \   000104   00           DB 0
   \   000105   0F           DB 15
   \   000106   E0           DB 224
   \   000107   00           DB 0
   \   000108   0F           DB 15
   \   000109   C0           DB 192
   \   00010A   00           DB 0
   \   00010B   1F           DB 31
   \   00010C   80           DB 128
   \   00010D   00           DB 0
   \   00010E   1F           DB 31
   \   00010F   00           DB 0
   \   000110   00           DB 0
   \   000111   3F           DB 63
   \   000112   FF           DB 255
   \   000113   FE           DB 254
   \   000114   3F           DB 63
   \   000115   FF           DB 255
   \   000116   FE           DB 254
   \   000117   3F           DB 63
   \   000118   FF           DB 255
   \   000119   FE           DB 254
   \   00011A   3F           DB 63
   \   00011B   FF           DB 255
   \   00011C   FE           DB 254
   \   00011D   3F           DB 63
   \   00011E   FF           DB 255
   \   00011F   FE           DB 254
   \   000120   00           DB 0
   \   000121   7E           DB 126
   \   000122   00           DB 0
   \   000123   03           DB 3
   \   000124   FF           DB 255
   \   000125   C0           DB 192
   \   000126   07           DB 7
   \   000127   FF           DB 255
   \   000128   E0           DB 224
   \   000129   0F           DB 15
   \   00012A   FF           DB 255
   \   00012B   F0           DB 240
   \   00012C   1F           DB 31
   \   00012D   81           DB 129
   \   00012E   F8           DB 248
   \   00012F   1F           DB 31
   \   000130   00           DB 0
   \   000131   F8           DB 248
   \   000132   3E           DB 62
   \   000133   00           DB 0
   \   000134   FC           DB 252
   \   000135   3E           DB 62
   \   000136   00           DB 0
   \   000137   7C           DB 124
   \   000138   3E           DB 62
   \   000139   00           DB 0
   \   00013A   7C           DB 124
   \   00013B   3E           DB 62
   \   00013C   00           DB 0
   \   00013D   7C           DB 124
   \   00013E   00           DB 0
   \   00013F   00           DB 0
   \   000140   F8           DB 248
   \   000141   00           DB 0
   \   000142   00           DB 0
   \   000143   F8           DB 248
   \   000144   00           DB 0
   \   000145   01           DB 1
   \   000146   F0           DB 240
   \   000147   00           DB 0
   \   000148   3F           DB 63
   \   000149   E0           DB 224
   \   00014A   00           DB 0
   \   00014B   3F           DB 63
   \   00014C   C0           DB 192
   \   00014D   00           DB 0
   \   00014E   3F           DB 63
   \   00014F   E0           DB 224
   \   000150   00           DB 0
   \   000151   3F           DB 63
   \   000152   F8           DB 248
   \   000153   00           DB 0
   \   000154   01           DB 1
   \   000155   FC           DB 252
   \   000156   00           DB 0
   \   000157   00           DB 0
   \   000158   7C           DB 124
   \   000159   00           DB 0
   \   00015A   00           DB 0
   \   00015B   7E           DB 126
   \   00015C   00           DB 0
   \   00015D   00           DB 0
   \   00015E   3E           DB 62
   \   00015F   00           DB 0
   \   000160   00           DB 0
   \   000161   3E           DB 62
   \   000162   7C           DB 124
   \   000163   00           DB 0
   \   000164   3E           DB 62
   \   000165   7C           DB 124
   \   000166   00           DB 0
   \   000167   3E           DB 62
   \   000168   7C           DB 124
   \   000169   00           DB 0
   \   00016A   7E           DB 126
   \   00016B   3E           DB 62
   \   00016C   00           DB 0
   \   00016D   7C           DB 124
   \   00016E   3F           DB 63
   \   00016F   00           DB 0
   \   000170   FC           DB 252
   \   000171   1F           DB 31
   \   000172   81           DB 129
   \   000173   F8           DB 248
   \   000174   0F           DB 15
   \   000175   FF           DB 255
   \   000176   F0           DB 240
   \   000177   07           DB 7
   \   000178   FF           DB 255
   \   000179   E0           DB 224
   \   00017A   03           DB 3
   \   00017B   FF           DB 255
   \   00017C   C0           DB 192
   \   00017D   00           DB 0
   \   00017E   7E           DB 126
   \   00017F   00           DB 0
   \   000180   00           DB 0
   \   000181   01           DB 1
   \   000182   F0           DB 240
   \   000183   00           DB 0
   \   000184   03           DB 3
   \   000185   F0           DB 240
   \   000186   00           DB 0
   \   000187   07           DB 7
   \   000188   F0           DB 240
   \   000189   00           DB 0
   \   00018A   07           DB 7
   \   00018B   F0           DB 240
   \   00018C   00           DB 0
   \   00018D   0F           DB 15
   \   00018E   F0           DB 240
   \   00018F   00           DB 0
   \   000190   1F           DB 31
   \   000191   F0           DB 240
   \   000192   00           DB 0
   \   000193   1E           DB 30
   \   000194   F0           DB 240
   \   000195   00           DB 0
   \   000196   3E           DB 62
   \   000197   F0           DB 240
   \   000198   00           DB 0
   \   000199   7C           DB 124
   \   00019A   F0           DB 240
   \   00019B   00           DB 0
   \   00019C   78           DB 120
   \   00019D   F0           DB 240
   \   00019E   00           DB 0
   \   00019F   F8           DB 248
   \   0001A0   F0           DB 240
   \   0001A1   01           DB 1
   \   0001A2   F0           DB 240
   \   0001A3   F0           DB 240
   \   0001A4   01           DB 1
   \   0001A5   E0           DB 224
   \   0001A6   F0           DB 240
   \   0001A7   03           DB 3
   \   0001A8   E0           DB 224
   \   0001A9   F0           DB 240
   \   0001AA   07           DB 7
   \   0001AB   C0           DB 192
   \   0001AC   F0           DB 240
   \   0001AD   07           DB 7
   \   0001AE   80           DB 128
   \   0001AF   F0           DB 240
   \   0001B0   0F           DB 15
   \   0001B1   80           DB 128
   \   0001B2   F0           DB 240
   \   0001B3   1F           DB 31
   \   0001B4   00           DB 0
   \   0001B5   F0           DB 240
   \   0001B6   1E           DB 30
   \   0001B7   00           DB 0
   \   0001B8   F0           DB 240
   \   0001B9   3E           DB 62
   \   0001BA   00           DB 0
   \   0001BB   F0           DB 240
   \   0001BC   3F           DB 63
   \   0001BD   FF           DB 255
   \   0001BE   FF           DB 255
   \   0001BF   3F           DB 63
   \   0001C0   FF           DB 255
   \   0001C1   FF           DB 255
   \   0001C2   3F           DB 63
   \   0001C3   FF           DB 255
   \   0001C4   FF           DB 255
   \   0001C5   3F           DB 63
   \   0001C6   FF           DB 255
   \   0001C7   FF           DB 255
   \   0001C8   00           DB 0
   \   0001C9   00           DB 0
   \   0001CA   F0           DB 240
   \   0001CB   00           DB 0
   \   0001CC   00           DB 0
   \   0001CD   F0           DB 240
   \   0001CE   00           DB 0
   \   0001CF   00           DB 0
   \   0001D0   F0           DB 240
   \   0001D1   00           DB 0
   \   0001D2   00           DB 0
   \   0001D3   F0           DB 240
   \   0001D4   00           DB 0
   \   0001D5   00           DB 0
   \   0001D6   F0           DB 240
   \   0001D7   00           DB 0
   \   0001D8   00           DB 0
   \   0001D9   F0           DB 240
   \   0001DA   00           DB 0
   \   0001DB   00           DB 0
   \   0001DC   F0           DB 240
   \   0001DD   00           DB 0
   \   0001DE   00           DB 0
   \   0001DF   F0           DB 240
   \   0001E0   07           DB 7
   \   0001E1   FF           DB 255
   \   0001E2   FC           DB 252
   \   0001E3   07           DB 7
   \   0001E4   FF           DB 255
   \   0001E5   FC           DB 252
   \   0001E6   07           DB 7
   \   0001E7   FF           DB 255
   \   0001E8   FC           DB 252
   \   0001E9   07           DB 7
   \   0001EA   FF           DB 255
   \   0001EB   FC           DB 252
   \   0001EC   0F           DB 15
   \   0001ED   80           DB 128
   \   0001EE   00           DB 0
   \   0001EF   0F           DB 15
   \   0001F0   80           DB 128
   \   0001F1   00           DB 0
   \   0001F2   0F           DB 15
   \   0001F3   80           DB 128
   \   0001F4   00           DB 0
   \   0001F5   0F           DB 15
   \   0001F6   80           DB 128
   \   0001F7   00           DB 0
   \   0001F8   0F           DB 15
   \   0001F9   00           DB 0
   \   0001FA   00           DB 0
   \   0001FB   0F           DB 15
   \   0001FC   00           DB 0
   \   0001FD   00           DB 0
   \   0001FE   0F           DB 15
   \   0001FF   1F           DB 31
   \   000200   00           DB 0
   \   000201   0F           DB 15
   \   000202   7F           DB 127
   \   000203   E0           DB 224
   \   000204   0F           DB 15
   \   000205   FF           DB 255
   \   000206   F0           DB 240
   \   000207   1F           DB 31
   \   000208   FF           DB 255
   \   000209   F8           DB 248
   \   00020A   1F           DB 31
   \   00020B   E1           DB 225
   \   00020C   FC           DB 252
   \   00020D   1F           DB 31
   \   00020E   80           DB 128
   \   00020F   7E           DB 126
   \   000210   1F           DB 31
   \   000211   00           DB 0
   \   000212   3E           DB 62
   \   000213   00           DB 0
   \   000214   00           DB 0
   \   000215   3F           DB 63
   \   000216   00           DB 0
   \   000217   00           DB 0
   \   000218   1F           DB 31
   \   000219   00           DB 0
   \   00021A   00           DB 0
   \   00021B   1F           DB 31
   \   00021C   00           DB 0
   \   00021D   00           DB 0
   \   00021E   1F           DB 31
   \   00021F   00           DB 0
   \   000220   00           DB 0
   \   000221   1F           DB 31
   \   000222   00           DB 0
   \   000223   00           DB 0
   \   000224   1F           DB 31
   \   000225   3E           DB 62
   \   000226   00           DB 0
   \   000227   3F           DB 63
   \   000228   3E           DB 62
   \   000229   00           DB 0
   \   00022A   3E           DB 62
   \   00022B   1F           DB 31
   \   00022C   00           DB 0
   \   00022D   7E           DB 126
   \   00022E   1F           DB 31
   \   00022F   80           DB 128
   \   000230   FC           DB 252
   \   000231   0F           DB 15
   \   000232   C3           DB 195
   \   000233   FC           DB 252
   \   000234   07           DB 7
   \   000235   FF           DB 255
   \   000236   F8           DB 248
   \   000237   03           DB 3
   \   000238   FF           DB 255
   \   000239   F0           DB 240
   \   00023A   01           DB 1
   \   00023B   FF           DB 255
   \   00023C   C0           DB 192
   \   00023D   00           DB 0
   \   00023E   3E           DB 62
   \   00023F   00           DB 0
   \   000240   00           DB 0
   \   000241   3F           DB 63
   \   000242   C0           DB 192
   \   000243   00           DB 0
   \   000244   FF           DB 255
   \   000245   F0           DB 240
   \   000246   01           DB 1
   \   000247   FF           DB 255
   \   000248   F8           DB 248
   \   000249   03           DB 3
   \   00024A   FF           DB 255
   \   00024B   FC           DB 252
   \   00024C   07           DB 7
   \   00024D   E0           DB 224
   \   00024E   7C           DB 124
   \   00024F   0F           DB 15
   \   000250   C0           DB 192
   \   000251   3E           DB 62
   \   000252   0F           DB 15
   \   000253   80           DB 128
   \   000254   1E           DB 30
   \   000255   1F           DB 31
   \   000256   00           DB 0
   \   000257   1E           DB 30
   \   000258   1F           DB 31
   \   000259   00           DB 0
   \   00025A   00           DB 0
   \   00025B   1F           DB 31
   \   00025C   00           DB 0
   \   00025D   00           DB 0
   \   00025E   3E           DB 62
   \   00025F   00           DB 0
   \   000260   00           DB 0
   \   000261   3E           DB 62
   \   000262   1F           DB 31
   \   000263   00           DB 0
   \   000264   3E           DB 62
   \   000265   7F           DB 127
   \   000266   E0           DB 224
   \   000267   3E           DB 62
   \   000268   FF           DB 255
   \   000269   F0           DB 240
   \   00026A   3F           DB 63
   \   00026B   FF           DB 255
   \   00026C   F8           DB 248
   \   00026D   3F           DB 63
   \   00026E   C0           DB 192
   \   00026F   FC           DB 252
   \   000270   3F           DB 63
   \   000271   80           DB 128
   \   000272   7E           DB 126
   \   000273   3F           DB 63
   \   000274   00           DB 0
   \   000275   3E           DB 62
   \   000276   3F           DB 63
   \   000277   00           DB 0
   \   000278   1F           DB 31
   \   000279   3E           DB 62
   \   00027A   00           DB 0
   \   00027B   1F           DB 31
   \   00027C   3E           DB 62
   \   00027D   00           DB 0
   \   00027E   1F           DB 31
   \   00027F   3E           DB 62
   \   000280   00           DB 0
   \   000281   1F           DB 31
   \   000282   1E           DB 30
   \   000283   00           DB 0
   \   000284   1F           DB 31
   \   000285   1F           DB 31
   \   000286   00           DB 0
   \   000287   1F           DB 31
   \   000288   1F           DB 31
   \   000289   00           DB 0
   \   00028A   1F           DB 31
   \   00028B   0F           DB 15
   \   00028C   80           DB 128
   \   00028D   3E           DB 62
   \   00028E   0F           DB 15
   \   00028F   80           DB 128
   \   000290   7E           DB 126
   \   000291   07           DB 7
   \   000292   E0           DB 224
   \   000293   FC           DB 252
   \   000294   03           DB 3
   \   000295   FF           DB 255
   \   000296   F8           DB 248
   \   000297   01           DB 1
   \   000298   FF           DB 255
   \   000299   F0           DB 240
   \   00029A   00           DB 0
   \   00029B   FF           DB 255
   \   00029C   E0           DB 224
   \   00029D   00           DB 0
   \   00029E   1F           DB 31
   \   00029F   00           DB 0
   \   0002A0   3F           DB 63
   \   0002A1   FF           DB 255
   \   0002A2   FF           DB 255
   \   0002A3   3F           DB 63
   \   0002A4   FF           DB 255
   \   0002A5   FF           DB 255
   \   0002A6   3F           DB 63
   \   0002A7   FF           DB 255
   \   0002A8   FF           DB 255
   \   0002A9   3F           DB 63
   \   0002AA   FF           DB 255
   \   0002AB   FF           DB 255
   \   0002AC   3F           DB 63
   \   0002AD   FF           DB 255
   \   0002AE   FF           DB 255
   \   0002AF   00           DB 0
   \   0002B0   00           DB 0
   \   0002B1   1F           DB 31
   \   0002B2   00           DB 0
   \   0002B3   00           DB 0
   \   0002B4   3E           DB 62
   \   0002B5   00           DB 0
   \   0002B6   00           DB 0
   \   0002B7   7C           DB 124
   \   0002B8   00           DB 0
   \   0002B9   00           DB 0
   \   0002BA   F8           DB 248
   \   0002BB   00           DB 0
   \   0002BC   01           DB 1
   \   0002BD   F0           DB 240
   \   0002BE   00           DB 0
   \   0002BF   03           DB 3
   \   0002C0   E0           DB 224
   \   0002C1   00           DB 0
   \   0002C2   07           DB 7
   \   0002C3   E0           DB 224
   \   0002C4   00           DB 0
   \   0002C5   07           DB 7
   \   0002C6   C0           DB 192
   \   0002C7   00           DB 0
   \   0002C8   0F           DB 15
   \   0002C9   C0           DB 192
   \   0002CA   00           DB 0
   \   0002CB   1F           DB 31
   \   0002CC   80           DB 128
   \   0002CD   00           DB 0
   \   0002CE   1F           DB 31
   \   0002CF   80           DB 128
   \   0002D0   00           DB 0
   \   0002D1   3F           DB 63
   \   0002D2   00           DB 0
   \   0002D3   00           DB 0
   \   0002D4   3F           DB 63
   \   0002D5   00           DB 0
   \   0002D6   00           DB 0
   \   0002D7   7E           DB 126
   \   0002D8   00           DB 0
   \   0002D9   00           DB 0
   \   0002DA   7E           DB 126
   \   0002DB   00           DB 0
   \   0002DC   00           DB 0
   \   0002DD   7E           DB 126
   \   0002DE   00           DB 0
   \   0002DF   00           DB 0
   \   0002E0   FC           DB 252
   \   0002E1   00           DB 0
   \   0002E2   00           DB 0
   \   0002E3   FC           DB 252
   \   0002E4   00           DB 0
   \   0002E5   00           DB 0
   \   0002E6   FC           DB 252
   \   0002E7   00           DB 0
   \   0002E8   01           DB 1
   \   0002E9   F8           DB 248
   \   0002EA   00           DB 0
   \   0002EB   01           DB 1
   \   0002EC   F8           DB 248
   \   0002ED   00           DB 0
   \   0002EE   01           DB 1
   \   0002EF   F8           DB 248
   \   0002F0   00           DB 0
   \   0002F1   01           DB 1
   \   0002F2   F8           DB 248
   \   0002F3   00           DB 0
   \   0002F4   03           DB 3
   \   0002F5   F0           DB 240
   \   0002F6   00           DB 0
   \   0002F7   03           DB 3
   \   0002F8   F0           DB 240
   \   0002F9   00           DB 0
   \   0002FA   03           DB 3
   \   0002FB   F0           DB 240
   \   0002FC   00           DB 0
   \   0002FD   03           DB 3
   \   0002FE   F0           DB 240
   \   0002FF   00           DB 0
   \   000300   00           DB 0
   \   000301   7F           DB 127
   \   000302   80           DB 128
   \   000303   01           DB 1
   \   000304   FF           DB 255
   \   000305   E0           DB 224
   \   000306   07           DB 7
   \   000307   FF           DB 255
   \   000308   F8           DB 248
   \   000309   0F           DB 15
   \   00030A   FF           DB 255
   \   00030B   FC           DB 252
   \   00030C   0F           DB 15
   \   00030D   C0           DB 192
   \   00030E   FC           DB 252
   \   00030F   1F           DB 31
   \   000310   80           DB 128
   \   000311   7E           DB 126
   \   000312   1F           DB 31
   \   000313   00           DB 0
   \   000314   3E           DB 62
   \   000315   1F           DB 31
   \   000316   00           DB 0
   \   000317   3E           DB 62
   \   000318   1F           DB 31
   \   000319   00           DB 0
   \   00031A   3E           DB 62
   \   00031B   1F           DB 31
   \   00031C   00           DB 0
   \   00031D   3E           DB 62
   \   00031E   1F           DB 31
   \   00031F   80           DB 128
   \   000320   7E           DB 126
   \   000321   0F           DB 15
   \   000322   80           DB 128
   \   000323   7C           DB 124
   \   000324   0F           DB 15
   \   000325   E1           DB 225
   \   000326   FC           DB 252
   \   000327   07           DB 7
   \   000328   FF           DB 255
   \   000329   F8           DB 248
   \   00032A   01           DB 1
   \   00032B   FF           DB 255
   \   00032C   E0           DB 224
   \   00032D   03           DB 3
   \   00032E   FF           DB 255
   \   00032F   F0           DB 240
   \   000330   0F           DB 15
   \   000331   FF           DB 255
   \   000332   FC           DB 252
   \   000333   1F           DB 31
   \   000334   E1           DB 225
   \   000335   FE           DB 254
   \   000336   1F           DB 31
   \   000337   00           DB 0
   \   000338   3E           DB 62
   \   000339   3E           DB 62
   \   00033A   00           DB 0
   \   00033B   1F           DB 31
   \   00033C   3E           DB 62
   \   00033D   00           DB 0
   \   00033E   1F           DB 31
   \   00033F   3E           DB 62
   \   000340   00           DB 0
   \   000341   1F           DB 31
   \   000342   3E           DB 62
   \   000343   00           DB 0
   \   000344   1F           DB 31
   \   000345   3E           DB 62
   \   000346   00           DB 0
   \   000347   1F           DB 31
   \   000348   3E           DB 62
   \   000349   00           DB 0
   \   00034A   1F           DB 31
   \   00034B   3F           DB 63
   \   00034C   00           DB 0
   \   00034D   3F           DB 63
   \   00034E   1F           DB 31
   \   00034F   00           DB 0
   \   000350   3E           DB 62
   \   000351   1F           DB 31
   \   000352   C0           DB 192
   \   000353   FE           DB 254
   \   000354   0F           DB 15
   \   000355   FF           DB 255
   \   000356   FC           DB 252
   \   000357   07           DB 7
   \   000358   FF           DB 255
   \   000359   F8           DB 248
   \   00035A   03           DB 3
   \   00035B   FF           DB 255
   \   00035C   F0           DB 240
   \   00035D   00           DB 0
   \   00035E   FF           DB 255
   \   00035F   C0           DB 192
   \   000360   00           DB 0
   \   000361   7F           DB 127
   \   000362   80           DB 128
   \   000363   01           DB 1
   \   000364   FF           DB 255
   \   000365   E0           DB 224
   \   000366   03           DB 3
   \   000367   FF           DB 255
   \   000368   F0           DB 240
   \   000369   07           DB 7
   \   00036A   FF           DB 255
   \   00036B   F8           DB 248
   \   00036C   0F           DB 15
   \   00036D   C0           DB 192
   \   00036E   FC           DB 252
   \   00036F   1F           DB 31
   \   000370   80           DB 128
   \   000371   7C           DB 124
   \   000372   1F           DB 31
   \   000373   00           DB 0
   \   000374   3E           DB 62
   \   000375   1E           DB 30
   \   000376   00           DB 0
   \   000377   3E           DB 62
   \   000378   3E           DB 62
   \   000379   00           DB 0
   \   00037A   1F           DB 31
   \   00037B   3E           DB 62
   \   00037C   00           DB 0
   \   00037D   1F           DB 31
   \   00037E   3E           DB 62
   \   00037F   00           DB 0
   \   000380   1F           DB 31
   \   000381   3E           DB 62
   \   000382   00           DB 0
   \   000383   1F           DB 31
   \   000384   3E           DB 62
   \   000385   00           DB 0
   \   000386   1F           DB 31
   \   000387   1E           DB 30
   \   000388   00           DB 0
   \   000389   3F           DB 63
   \   00038A   1F           DB 31
   \   00038B   00           DB 0
   \   00038C   3F           DB 63
   \   00038D   1F           DB 31
   \   00038E   80           DB 128
   \   00038F   7F           DB 127
   \   000390   0F           DB 15
   \   000391   C1           DB 193
   \   000392   FF           DB 255
   \   000393   07           DB 7
   \   000394   FF           DB 255
   \   000395   FF           DB 255
   \   000396   03           DB 3
   \   000397   FF           DB 255
   \   000398   DF           DB 223
   \   000399   00           DB 0
   \   00039A   FF           DB 255
   \   00039B   1F           DB 31
   \   00039C   00           DB 0
   \   00039D   3C           DB 60
   \   00039E   1F           DB 31
   \   00039F   00           DB 0
   \   0003A0   00           DB 0
   \   0003A1   3F           DB 63
   \   0003A2   00           DB 0
   \   0003A3   00           DB 0
   \   0003A4   3E           DB 62
   \   0003A5   00           DB 0
   \   0003A6   00           DB 0
   \   0003A7   3E           DB 62
   \   0003A8   3E           DB 62
   \   0003A9   00           DB 0
   \   0003AA   7E           DB 126
   \   0003AB   3E           DB 62
   \   0003AC   00           DB 0
   \   0003AD   7C           DB 124
   \   0003AE   1F           DB 31
   \   0003AF   00           DB 0
   \   0003B0   F8           DB 248
   \   0003B1   1F           DB 31
   \   0003B2   81           DB 129
   \   0003B3   F8           DB 248
   \   0003B4   0F           DB 15
   \   0003B5   FF           DB 255
   \   0003B6   F0           DB 240
   \   0003B7   07           DB 7
   \   0003B8   FF           DB 255
   \   0003B9   E0           DB 224
   \   0003BA   03           DB 3
   \   0003BB   FF           DB 255
   \   0003BC   C0           DB 192
   \   0003BD   00           DB 0
   \   0003BE   FF           DB 255
   \   0003BF   00           DB 0
   \   0003C0   00           DB 0
   \   0003C1   00           DB 0
   \   0003C2   00           DB 0
   \   0003C3   00           DB 0
   \   0003C4   00           DB 0
   \   0003C5   00           DB 0
   \   0003C6   00           DB 0
   \   0003C7   00           DB 0
   \   0003C8   00           DB 0
   \   0003C9   00           DB 0
   \   0003CA   00           DB 0
   \   0003CB   00           DB 0
   \   0003CC   00           DB 0
   \   0003CD   00           DB 0
   \   0003CE   00           DB 0
   \   0003CF   00           DB 0
   \   0003D0   00           DB 0
   \   0003D1   00           DB 0
   \   0003D2   00           DB 0
   \   0003D3   00           DB 0
   \   0003D4   00           DB 0
   \   0003D5   00           DB 0
   \   0003D6   00           DB 0
   \   0003D7   00           DB 0
   \   0003D8   00           DB 0
   \   0003D9   3C           DB 60
   \   0003DA   00           DB 0
   \   0003DB   00           DB 0
   \   0003DC   3C           DB 60
   \   0003DD   00           DB 0
   \   0003DE   00           DB 0
   \   0003DF   3C           DB 60
   \   0003E0   00           DB 0
   \   0003E1   00           DB 0
   \   0003E2   3C           DB 60
   \   0003E3   00           DB 0
   \   0003E4   00           DB 0
   \   0003E5   3C           DB 60
   \   0003E6   00           DB 0
   \   0003E7   00           DB 0
   \   0003E8   3C           DB 60
   \   0003E9   00           DB 0
   \   0003EA   00           DB 0
   \   0003EB   3C           DB 60
   \   0003EC   00           DB 0
   \   0003ED   3F           DB 63
   \   0003EE   FF           DB 255
   \   0003EF   FC           DB 252
   \   0003F0   3F           DB 63
   \   0003F1   FF           DB 255
   \   0003F2   FC           DB 252
   \   0003F3   3F           DB 63
   \   0003F4   FF           DB 255
   \   0003F5   FC           DB 252
   \   0003F6   3F           DB 63
   \   0003F7   FF           DB 255
   \   0003F8   FC           DB 252
   \   0003F9   00           DB 0
   \   0003FA   3C           DB 60
   \   0003FB   00           DB 0
   \   0003FC   00           DB 0
   \   0003FD   3C           DB 60
   \   0003FE   00           DB 0
   \   0003FF   00           DB 0
   \   000400   3C           DB 60
   \   000401   00           DB 0
   \   000402   00           DB 0
   \   000403   3C           DB 60
   \   000404   00           DB 0
   \   000405   00           DB 0
   \   000406   3C           DB 60
   \   000407   00           DB 0
   \   000408   00           DB 0
   \   000409   3C           DB 60
   \   00040A   00           DB 0
   \   00040B   00           DB 0
   \   00040C   3C           DB 60
   \   00040D   00           DB 0
   \   00040E   00           DB 0
   \   00040F   00           DB 0
   \   000410   00           DB 0
   \   000411   00           DB 0
   \   000412   00           DB 0
   \   000413   00           DB 0
   \   000414   00           DB 0
   \   000415   00           DB 0
   \   000416   00           DB 0
   \   000417   00           DB 0
   \   000418   00           DB 0
   \   000419   00           DB 0
   \   00041A   00           DB 0
   \   00041B   00           DB 0
   \   00041C   00           DB 0
   \   00041D   00           DB 0
   \   00041E   00           DB 0
   \   00041F   00           DB 0
   \   000420   00           DB 0
   \   000421   00           DB 0
   \   000422   00           DB 0
   \   000423   00           DB 0
   \   000424   00           DB 0
   \   000425   00           DB 0
   \   000426   00           DB 0
   \   000427   00           DB 0
   \   000428   00           DB 0
   \   000429   00           DB 0
   \   00042A   00           DB 0
   \   00042B   00           DB 0
   \   00042C   00           DB 0
   \   00042D   00           DB 0
   \   00042E   00           DB 0
   \   00042F   00           DB 0
   \   000430   00           DB 0
   \   000431   00           DB 0
   \   000432   00           DB 0
   \   000433   00           DB 0
   \   000434   00           DB 0
   \   000435   00           DB 0
   \   000436   00           DB 0
   \   000437   00           DB 0
   \   000438   00           DB 0
   \   000439   00           DB 0
   \   00043A   00           DB 0
   \   00043B   00           DB 0
   \   00043C   00           DB 0
   \   00043D   00           DB 0
   \   00043E   00           DB 0
   \   00043F   00           DB 0
   \   000440   00           DB 0
   \   000441   00           DB 0
   \   000442   00           DB 0
   \   000443   00           DB 0
   \   000444   00           DB 0
   \   000445   00           DB 0
   \   000446   00           DB 0
   \   000447   00           DB 0
   \   000448   00           DB 0
   \   000449   00           DB 0
   \   00044A   00           DB 0
   \   00044B   00           DB 0
   \   00044C   00           DB 0
   \   00044D   3F           DB 63
   \   00044E   FF           DB 255
   \   00044F   FC           DB 252
   \   000450   3F           DB 63
   \   000451   FF           DB 255
   \   000452   FC           DB 252
   \   000453   3F           DB 63
   \   000454   FF           DB 255
   \   000455   FC           DB 252
   \   000456   3F           DB 63
   \   000457   FF           DB 255
   \   000458   FC           DB 252
   \   000459   00           DB 0
   \   00045A   00           DB 0
   \   00045B   00           DB 0
   \   00045C   00           DB 0
   \   00045D   00           DB 0
   \   00045E   00           DB 0
   \   00045F   00           DB 0
   \   000460   00           DB 0
   \   000461   00           DB 0
   \   000462   00           DB 0
   \   000463   00           DB 0
   \   000464   00           DB 0
   \   000465   00           DB 0
   \   000466   00           DB 0
   \   000467   00           DB 0
   \   000468   00           DB 0
   \   000469   00           DB 0
   \   00046A   00           DB 0
   \   00046B   00           DB 0
   \   00046C   00           DB 0
   \   00046D   00           DB 0
   \   00046E   00           DB 0
   \   00046F   00           DB 0
   \   000470   00           DB 0
   \   000471   00           DB 0
   \   000472   00           DB 0
   \   000473   00           DB 0
   \   000474   00           DB 0
   \   000475   00           DB 0
   \   000476   00           DB 0
   \   000477   00           DB 0
   \   000478   00           DB 0
   \   000479   00           DB 0
   \   00047A   00           DB 0
   \   00047B   00           DB 0
   \   00047C   00           DB 0
   \   00047D   00           DB 0
   \   00047E   00           DB 0
   \   00047F   00           DB 0
     25          {
     26             ________,_XXXXXXX,________,
     27             _______X,XXXXXXXX,XX______,
     28             ______XX,XXXXXXXX,XXX_____,
     29             _____XXX,XXXXXXXX,XXXX____,
     30             ____XXXX,XXX___XX,XXXXX___,
     31             ____XXXX,X_______,XXXXX___,
     32             ___XXXXX,________,_XXXXX__,
     33             ___XXXXX,________,_XXXXX__,
     34             ___XXXXX,________,_XXXXX__,
     35             __XXXXX_,________,__XXXXX_,
     36             __XXXXX_,________,__XXXXX_,
     37             __XXXXX_,________,__XXXXX_,
     38             __XXXXX_,________,__XXXXX_,
     39             __XXXXX_,________,__XXXXX_,
     40             __XXXXX_,________,__XXXXX_,
     41             __XXXXX_,________,__XXXXX_,
     42             __XXXXX_,________,__XXXXX_,
     43             __XXXXX_,________,__XXXXX_,
     44             __XXXXX_,________,__XXXXX_,
     45             __XXXXX_,________,__XXXXX_,
     46             __XXXXX_,________,__XXXXX_,
     47             __XXXXX_,________,__XXXXX_,
     48             __XXXXX_,________,__XXXXX_,
     49             ___XXXXX,________,_XXXXX__,
     50             ___XXXXX,________,_XXXXX__,
     51             ___XXXXX,________,_XXXXX__,
     52             ____XXXX,X_______,XXXXX___,
     53             ____XXXX,XXX___XX,XXXXX___,
     54             _____XXX,XXXXXXXX,XXXX____,
     55             ______XX,XXXXXXXX,XXX_____,
     56             _______X,XXXXXXXX,XX______,
     57             ________,_XXXXXXX,________}
     58          
     59          
     60           ,{
     61             ________,______XX,XX______,
     62             ________,______XX,XX______,
     63             ________,_____XXX,XX______,
     64             ________,_____XXX,XX______,
     65             ________,____XXXX,XX______,
     66             ________,__XXXXXX,XX______,
     67             ______XX,XXXXXXXX,XX______,
     68             ______XX,XXXXXXXX,XX______,
     69             ______XX,XXXXXXXX,XX______,
     70             ______XX,XXXXXXXX,XX______,
     71             ________,_____XXX,XX______,
     72             ________,_____XXX,XX______,
     73             ________,_____XXX,XX______,
     74             ________,_____XXX,XX______,
     75             ________,_____XXX,XX______,
     76             ________,_____XXX,XX______,
     77             ________,_____XXX,XX______,
     78             ________,_____XXX,XX______,
     79             ________,_____XXX,XX______,
     80             ________,_____XXX,XX______,
     81             ________,_____XXX,XX______,
     82             ________,_____XXX,XX______,
     83             ________,_____XXX,XX______,
     84             ________,_____XXX,XX______,
     85             ________,_____XXX,XX______,
     86             ________,_____XXX,XX______,
     87             ________,_____XXX,XX______,
     88             ________,_____XXX,XX______,
     89             ________,_____XXX,XX______,
     90             ________,_____XXX,XX______,
     91             ________,_____XXX,XX______,
     92             ________,_____XXX,XX______}
     93          
     94          
     95          
     96           ,{
     97             ________,_XXXXXXX,X_______,
     98             _______X,XXXXXXXX,XXX_____,
     99             ______XX,XXXXXXXX,XXXX____,
    100             _____XXX,XXXXXXXX,XXXXX___,
    101             ____XXXX,XXX____X,XXXXXX__,
    102             ___XXXXX,X_______,XXXXXX__,
    103             ___XXXXX,________,_XXXXXX_,
    104             __XXXXX_,________,__XXXXX_,
    105             __XXXXX_,________,__XXXXX_,
    106             __XXXXX_,________,__XXXXX_,
    107             ________,________,__XXXXX_,
    108             ________,________,__XXXXX_,
    109             ________,________,__XXXXX_,
    110             ________,________,_XXXXXX_,
    111             ________,________,XXXXXX__,
    112             ________,_______X,XXXXXX__,
    113             ________,_____XXX,XXXXX___,
    114             ________,____XXXX,XXX_____,
    115             ________,__XXXXXX,XX______,
    116             ________,_XXXXXXX,X_______,
    117             _______X,XXXXXXX_,________,
    118             ______XX,XXXXXX__,________,
    119             _____XXX,XXXX____,________,
    120             ____XXXX,XXX_____,________,
    121             ____XXXX,XX______,________,
    122             ___XXXXX,X_______,________,
    123             ___XXXXX,________,________,
    124             __XXXXXX,XXXXXXXX,XXXXXXX_,
    125             __XXXXXX,XXXXXXXX,XXXXXXX_,
    126             __XXXXXX,XXXXXXXX,XXXXXXX_,
    127             __XXXXXX,XXXXXXXX,XXXXXXX_,
    128             __XXXXXX,XXXXXXXX,XXXXXXX_}
    129          
    130          
    131           ,{
    132             ________,_XXXXXX_,________,
    133             ______XX,XXXXXXXX,XX______,
    134             _____XXX,XXXXXXXX,XXX_____,
    135             ____XXXX,XXXXXXXX,XXXX____,
    136             ___XXXXX,X______X,XXXXX___,
    137             ___XXXXX,________,XXXXX___,
    138             __XXXXX_,________,XXXXXX__,
    139             __XXXXX_,________,_XXXXX__,
    140             __XXXXX_,________,_XXXXX__,
    141             __XXXXX_,________,_XXXXX__,
    142             ________,________,XXXXX___,
    143             ________,________,XXXXX___,
    144             ________,_______X,XXXX____,
    145             ________,__XXXXXX,XXX_____,
    146             ________,__XXXXXX,XX______,
    147             ________,__XXXXXX,XXX_____,
    148             ________,__XXXXXX,XXXXX___,
    149             ________,_______X,XXXXXX__,
    150             ________,________,_XXXXX__,
    151             ________,________,_XXXXXX_,
    152             ________,________,__XXXXX_,
    153             ________,________,__XXXXX_,
    154             _XXXXX__,________,__XXXXX_,
    155             _XXXXX__,________,__XXXXX_,
    156             _XXXXX__,________,_XXXXXX_,
    157             __XXXXX_,________,_XXXXX__,
    158             __XXXXXX,________,XXXXXX__,
    159             ___XXXXX,X______X,XXXXX___,
    160             ____XXXX,XXXXXXXX,XXXX____,
    161             _____XXX,XXXXXXXX,XXX_____,
    162             ______XX,XXXXXXXX,XX______,
    163             ________,_XXXXXX_,________}
    164          
    165          
    166           ,{
    167             ________,_______X,XXXX____,
    168             ________,______XX,XXXX____,
    169             ________,_____XXX,XXXX____,
    170             ________,_____XXX,XXXX____,
    171             ________,____XXXX,XXXX____,
    172             ________,___XXXXX,XXXX____,
    173             ________,___XXXX_,XXXX____,
    174             ________,__XXXXX_,XXXX____,
    175             ________,_XXXXX__,XXXX____,
    176             ________,_XXXX___,XXXX____,
    177             ________,XXXXX___,XXXX____,
    178             _______X,XXXX____,XXXX____,
    179             _______X,XXX_____,XXXX____,
    180             ______XX,XXX_____,XXXX____,
    181             _____XXX,XX______,XXXX____,
    182             _____XXX,X_______,XXXX____,
    183             ____XXXX,X_______,XXXX____,
    184             ___XXXXX,________,XXXX____,
    185             ___XXXX_,________,XXXX____,
    186             __XXXXX_,________,XXXX____,
    187             __XXXXXX,XXXXXXXX,XXXXXXXX,
    188             __XXXXXX,XXXXXXXX,XXXXXXXX,
    189             __XXXXXX,XXXXXXXX,XXXXXXXX,
    190             __XXXXXX,XXXXXXXX,XXXXXXXX,
    191             ________,________,XXXX____,
    192             ________,________,XXXX____,
    193             ________,________,XXXX____,
    194             ________,________,XXXX____,
    195             ________,________,XXXX____,
    196             ________,________,XXXX____,
    197             ________,________,XXXX____,
    198             ________,________,XXXX____}
    199          
    200          
    201           ,{
    202             _____XXX,XXXXXXXX,XXXXXX__,
    203             _____XXX,XXXXXXXX,XXXXXX__,
    204             _____XXX,XXXXXXXX,XXXXXX__,
    205             _____XXX,XXXXXXXX,XXXXXX__,
    206             ____XXXX,X_______,________,
    207             ____XXXX,X_______,________,
    208             ____XXXX,X_______,________,
    209             ____XXXX,X_______,________,
    210             ____XXXX,________,________,
    211             ____XXXX,________,________,
    212             ____XXXX,___XXXXX,________,
    213             ____XXXX,_XXXXXXX,XXX_____,
    214             ____XXXX,XXXXXXXX,XXXX____,
    215             ___XXXXX,XXXXXXXX,XXXXX___,
    216             ___XXXXX,XXX____X,XXXXXX__,
    217             ___XXXXX,X_______,_XXXXXX_,
    218             ___XXXXX,________,__XXXXX_,
    219             ________,________,__XXXXXX,
    220             ________,________,___XXXXX,
    221             ________,________,___XXXXX,
    222             ________,________,___XXXXX,
    223             ________,________,___XXXXX,
    224             ________,________,___XXXXX,
    225             __XXXXX_,________,__XXXXXX,
    226             __XXXXX_,________,__XXXXX_,
    227             ___XXXXX,________,_XXXXXX_,
    228             ___XXXXX,X_______,XXXXXX__,
    229             ____XXXX,XX____XX,XXXXXX__,
    230             _____XXX,XXXXXXXX,XXXXX___,
    231             ______XX,XXXXXXXX,XXXX____,
    232             _______X,XXXXXXXX,XX______,
    233             ________,__XXXXX_,________}
    234          
    235          
    236           ,{
    237             ________,__XXXXXX,XX______,
    238             ________,XXXXXXXX,XXXX____,
    239             _______X,XXXXXXXX,XXXXX___,
    240             ______XX,XXXXXXXX,XXXXXX__,
    241             _____XXX,XXX_____,_XXXXX__,
    242             ____XXXX,XX______,__XXXXX_,
    243             ____XXXX,X_______,___XXXX_,
    244             ___XXXXX,________,___XXXX_,
    245             ___XXXXX,________,________,
    246             ___XXXXX,________,________,
    247             __XXXXX_,________,________,
    248             __XXXXX_,___XXXXX,________,
    249             __XXXXX_,_XXXXXXX,XXX_____,
    250             __XXXXX_,XXXXXXXX,XXXX____,
    251             __XXXXXX,XXXXXXXX,XXXXX___,
    252             __XXXXXX,XX______,XXXXXX__,
    253             __XXXXXX,X_______,_XXXXXX_,
    254             __XXXXXX,________,__XXXXX_,
    255             __XXXXXX,________,___XXXXX,
    256             __XXXXX_,________,___XXXXX,
    257             __XXXXX_,________,___XXXXX,
    258             __XXXXX_,________,___XXXXX,
    259             ___XXXX_,________,___XXXXX,
    260             ___XXXXX,________,___XXXXX,
    261             ___XXXXX,________,___XXXXX,
    262             ____XXXX,X_______,__XXXXX_,
    263             ____XXXX,X_______,_XXXXXX_,
    264             _____XXX,XXX_____,XXXXXX__,
    265             ______XX,XXXXXXXX,XXXXX___,
    266             _______X,XXXXXXXX,XXXX____,
    267             ________,XXXXXXXX,XXX_____,
    268             ________,___XXXXX,________}
    269          
    270          
    271          
    272           ,{
    273             __XXXXXX,XXXXXXXX,XXXXXXXX,
    274             __XXXXXX,XXXXXXXX,XXXXXXXX,
    275             __XXXXXX,XXXXXXXX,XXXXXXXX,
    276             __XXXXXX,XXXXXXXX,XXXXXXXX,
    277             __XXXXXX,XXXXXXXX,XXXXXXXX,
    278             ________,________,___XXXXX,
    279             ________,________,__XXXXX_,
    280             ________,________,_XXXXX__,
    281             ________,________,XXXXX___,
    282             ________,_______X,XXXX____,
    283             ________,______XX,XXX_____,
    284             ________,_____XXX,XXX_____,
    285             ________,_____XXX,XX______,
    286             ________,____XXXX,XX______,
    287             ________,___XXXXX,X_______,
    288             ________,___XXXXX,X_______,
    289             ________,__XXXXXX,________,
    290             ________,__XXXXXX,________,
    291             ________,_XXXXXX_,________,
    292             ________,_XXXXXX_,________,
    293             ________,_XXXXXX_,________,
    294             ________,XXXXXX__,________,
    295             ________,XXXXXX__,________,
    296             ________,XXXXXX__,________,
    297             _______X,XXXXX___,________,
    298             _______X,XXXXX___,________,
    299             _______X,XXXXX___,________,
    300             _______X,XXXXX___,________,
    301             ______XX,XXXX____,________,
    302             ______XX,XXXX____,________,
    303             ______XX,XXXX____,________,
    304             ______XX,XXXX____,________}
    305          
    306          
    307           ,{
    308             ________,_XXXXXXX,X_______,
    309             _______X,XXXXXXXX,XXX_____,
    310             _____XXX,XXXXXXXX,XXXXX___,
    311             ____XXXX,XXXXXXXX,XXXXXX__,
    312             ____XXXX,XX______,XXXXXX__,
    313             ___XXXXX,X_______,_XXXXXX_,
    314             ___XXXXX,________,__XXXXX_,
    315             ___XXXXX,________,__XXXXX_,
    316             ___XXXXX,________,__XXXXX_,
    317             ___XXXXX,________,__XXXXX_,
    318             ___XXXXX,X_______,_XXXXXX_,
    319             ____XXXX,X_______,_XXXXX__,
    320             ____XXXX,XXX____X,XXXXXX__,
    321             _____XXX,XXXXXXXX,XXXXX___,
    322             _______X,XXXXXXXX,XXX_____,
    323             ______XX,XXXXXXXX,XXXX____,
    324             ____XXXX,XXXXXXXX,XXXXXX__,
    325             ___XXXXX,XXX____X,XXXXXXX_,
    326             ___XXXXX,________,__XXXXX_,
    327             __XXXXX_,________,___XXXXX,
    328             __XXXXX_,________,___XXXXX,
    329             __XXXXX_,________,___XXXXX,
    330             __XXXXX_,________,___XXXXX,
    331             __XXXXX_,________,___XXXXX,
    332             __XXXXX_,________,___XXXXX,
    333             __XXXXXX,________,__XXXXXX,
    334             ___XXXXX,________,__XXXXX_,
    335             ___XXXXX,XX______,XXXXXXX_,
    336             ____XXXX,XXXXXXXX,XXXXXX__,
    337             _____XXX,XXXXXXXX,XXXXX___,
    338             ______XX,XXXXXXXX,XXXX____,
    339             ________,XXXXXXXX,XX______}
    340          
    341          
    342          
    343           ,{
    344             ________,_XXXXXXX,X_______,
    345             _______X,XXXXXXXX,XXX_____,
    346             ______XX,XXXXXXXX,XXXX____,
    347             _____XXX,XXXXXXXX,XXXXX___,
    348             ____XXXX,XX______,XXXXXX__,
    349             ___XXXXX,X_______,_XXXXX__,
    350             ___XXXXX,________,__XXXXX_,
    351             ___XXXX_,________,__XXXXX_,
    352             __XXXXX_,________,___XXXXX,
    353             __XXXXX_,________,___XXXXX,
    354             __XXXXX_,________,___XXXXX,
    355             __XXXXX_,________,___XXXXX,
    356             __XXXXX_,________,___XXXXX,
    357             ___XXXX_,________,__XXXXXX,
    358             ___XXXXX,________,__XXXXXX,
    359             ___XXXXX,X_______,_XXXXXXX,
    360             ____XXXX,XX_____X,XXXXXXXX,
    361             _____XXX,XXXXXXXX,XXXXXXXX,
    362             ______XX,XXXXXXXX,XX_XXXXX,
    363             ________,XXXXXXXX,___XXXXX,
    364             ________,__XXXX__,___XXXXX,
    365             ________,________,__XXXXXX,
    366             ________,________,__XXXXX_,
    367             ________,________,__XXXXX_,
    368             __XXXXX_,________,_XXXXXX_,
    369             __XXXXX_,________,_XXXXX__,
    370             ___XXXXX,________,XXXXX___,
    371             ___XXXXX,X______X,XXXXX___,
    372             ____XXXX,XXXXXXXX,XXXX____,
    373             _____XXX,XXXXXXXX,XXX_____,
    374             ______XX,XXXXXXXX,XX______,
    375             ________,XXXXXXXX,________}
    376          
    377          
    378           ,{
    379             ________,________,________,
    380             ________,________,________,
    381             ________,________,________,
    382             ________,________,________,
    383             ________,________,________,
    384             ________,________,________,
    385             ________,________,________,
    386             ________,________,________,
    387             ________,__XXXX__,________,
    388             ________,__XXXX__,________,
    389             ________,__XXXX__,________,
    390             ________,__XXXX__,________,
    391             ________,__XXXX__,________,
    392             ________,__XXXX__,________,
    393             ________,__XXXX__,________,
    394             __XXXXXX,XXXXXXXX,XXXXXX__,
    395             __XXXXXX,XXXXXXXX,XXXXXX__,
    396             __XXXXXX,XXXXXXXX,XXXXXX__,
    397             __XXXXXX,XXXXXXXX,XXXXXX__,
    398             ________,__XXXX__,________,
    399             ________,__XXXX__,________,
    400             ________,__XXXX__,________,
    401             ________,__XXXX__,________,
    402             ________,__XXXX__,________,
    403             ________,__XXXX__,________,
    404             ________,__XXXX__,________,
    405             ________,________,________,
    406             ________,________,________,
    407             ________,________,________,
    408             ________,________,________,
    409             ________,________,________,
    410             ________,________,________}
    411           ,{
    412             ________,________,________,
    413             ________,________,________,
    414             ________,________,________,
    415             ________,________,________,
    416             ________,________,________,
    417             ________,________,________,
    418             ________,________,________,
    419             ________,________,________,
    420             ________,________,________,
    421             ________,________,________,
    422             ________,________,________,
    423             ________,________,________,
    424             ________,________,________,
    425             ________,________,________,
    426             ________,________,________,
    427             __XXXXXX,XXXXXXXX,XXXXXX__,
    428             __XXXXXX,XXXXXXXX,XXXXXX__,
    429             __XXXXXX,XXXXXXXX,XXXXXX__,
    430             __XXXXXX,XXXXXXXX,XXXXXX__,
    431             ________,________,________,
    432             ________,________,________,
    433             ________,________,________,
    434             ________,________,________,
    435             ________,________,________,
    436             ________,________,________,
    437             ________,________,________,
    438             ________,________,________,
    439             ________,________,________,
    440             ________,________,________,
    441             ________,________,________,
    442             ________,________,________,
    443             ________,________,________}
    444          };
    445          
    446          

   \                                 In  segment XDATA_ROM_C, align 1
    447          GUI_CONST_STORAGE U8 acFont32_DP[2*32] = {
   \                     acFont32_DP:
   \   000000   00           DB 0
   \   000001   00           DB 0
   \   000002   00           DB 0
   \   000003   00           DB 0
   \   000004   00           DB 0
   \   000005   00           DB 0
   \   000006   00           DB 0
   \   000007   00           DB 0
   \   000008   00           DB 0
   \   000009   00           DB 0
   \   00000A   00           DB 0
   \   00000B   00           DB 0
   \   00000C   00           DB 0
   \   00000D   00           DB 0
   \   00000E   00           DB 0
   \   00000F   00           DB 0
   \   000010   00           DB 0
   \   000011   00           DB 0
   \   000012   00           DB 0
   \   000013   00           DB 0
   \   000014   00           DB 0
   \   000015   00           DB 0
   \   000016   00           DB 0
   \   000017   00           DB 0
   \   000018   00           DB 0
   \   000019   00           DB 0
   \   00001A   00           DB 0
   \   00001B   00           DB 0
   \   00001C   00           DB 0
   \   00001D   00           DB 0
   \   00001E   00           DB 0
   \   00001F   00           DB 0
   \   000020   00           DB 0
   \   000021   00           DB 0
   \   000022   00           DB 0
   \   000023   00           DB 0
   \   000024   00           DB 0
   \   000025   00           DB 0
   \   000026   00           DB 0
   \   000027   00           DB 0
   \   000028   00           DB 0
   \   000029   00           DB 0
   \   00002A   00           DB 0
   \   00002B   00           DB 0
   \   00002C   00           DB 0
   \   00002D   00           DB 0
   \   00002E   00           DB 0
   \   00002F   00           DB 0
   \   000030   00           DB 0
   \   000031   00           DB 0
   \   000032   00           DB 0
   \   000033   00           DB 0
   \   000034   00           DB 0
   \   000035   00           DB 0
   \   000036   07           DB 7
   \   000037   00           DB 0
   \   000038   0F           DB 15
   \   000039   80           DB 128
   \   00003A   0F           DB 15
   \   00003B   80           DB 128
   \   00003C   0F           DB 15
   \   00003D   80           DB 128
   \   00003E   07           DB 7
   \   00003F   00           DB 0
    448             ________,________,
    449             ________,________,
    450             ________,________,
    451             ________,________,
    452             ________,________,
    453             ________,________,
    454             ________,________,
    455             ________,________,
    456             ________,________,
    457             ________,________,
    458             ________,________,
    459             ________,________,
    460             ________,________,
    461             ________,________,
    462             ________,________,
    463             ________,________,
    464             ________,________,
    465             ________,________,
    466             ________,________,
    467             ________,________,
    468             ________,________,
    469             ________,________,
    470             ________,________,
    471             ________,________,
    472             ________,________,
    473             ________,________,
    474             ________,________,
    475             _____XXX,________,
    476             ____XXXX,X_______,
    477             ____XXXX,X_______,
    478             ____XXXX,X_______,
    479             _____XXX,________};
    480          

   \                                 In  segment XDATA_ROM_C, align 1
    481          GUI_CONST_STORAGE U8 acFont32_Colon[2*32] = {
   \                     acFont32_Colon:
   \   000000   00           DB 0
   \   000001   00           DB 0
   \   000002   00           DB 0
   \   000003   00           DB 0
   \   000004   00           DB 0
   \   000005   00           DB 0
   \   000006   00           DB 0
   \   000007   00           DB 0
   \   000008   00           DB 0
   \   000009   00           DB 0
   \   00000A   00           DB 0
   \   00000B   00           DB 0
   \   00000C   00           DB 0
   \   00000D   00           DB 0
   \   00000E   00           DB 0
   \   00000F   00           DB 0
   \   000010   00           DB 0
   \   000011   00           DB 0
   \   000012   00           DB 0
   \   000013   00           DB 0
   \   000014   00           DB 0
   \   000015   00           DB 0
   \   000016   00           DB 0
   \   000017   00           DB 0
   \   000018   07           DB 7
   \   000019   00           DB 0
   \   00001A   0F           DB 15
   \   00001B   80           DB 128
   \   00001C   0F           DB 15
   \   00001D   80           DB 128
   \   00001E   0F           DB 15
   \   00001F   80           DB 128
   \   000020   07           DB 7
   \   000021   00           DB 0
   \   000022   00           DB 0
   \   000023   00           DB 0
   \   000024   00           DB 0
   \   000025   00           DB 0
   \   000026   00           DB 0
   \   000027   00           DB 0
   \   000028   07           DB 7
   \   000029   00           DB 0
   \   00002A   0F           DB 15
   \   00002B   80           DB 128
   \   00002C   0F           DB 15
   \   00002D   80           DB 128
   \   00002E   0F           DB 15
   \   00002F   80           DB 128
   \   000030   07           DB 7
   \   000031   00           DB 0
   \   000032   00           DB 0
   \   000033   00           DB 0
   \   000034   00           DB 0
   \   000035   00           DB 0
   \   000036   00           DB 0
   \   000037   00           DB 0
   \   000038   00           DB 0
   \   000039   00           DB 0
   \   00003A   00           DB 0
   \   00003B   00           DB 0
   \   00003C   00           DB 0
   \   00003D   00           DB 0
   \   00003E   00           DB 0
   \   00003F   00           DB 0
    482             ________,________,
    483             ________,________,
    484             ________,________,
    485             ________,________,
    486             ________,________,
    487             ________,________,
    488             ________,________,
    489             ________,________,
    490             ________,________,
    491             ________,________,
    492             ________,________,
    493             ________,________,
    494             _____XXX,________,
    495             ____XXXX,X_______,
    496             ____XXXX,X_______,
    497             ____XXXX,X_______,
    498             _____XXX,________,
    499             ________,________,
    500             ________,________,
    501             ________,________,
    502             _____XXX,________,
    503             ____XXXX,X_______,
    504             ____XXXX,X_______,
    505             ____XXXX,X_______,
    506             _____XXX,________,
    507             ________,________,
    508             ________,________,
    509             ________,________,
    510             ________,________,
    511             ________,________,
    512             ________,________,
    513             ________,________};
    514          
    515          

   \                                 In  segment XDATA_ROM_C, align 1
    516          GUI_CONST_STORAGE U8 acFont32_Space[3*32] = {
   \                     acFont32_Space:
   \   000000   00           DB 0
   \   000001   00           DB 0
   \   000002   00           DB 0
   \   000003   00           DB 0
   \   000004   00           DB 0
   \   000005   00           DB 0
   \   000006   00           DB 0
   \   000007   00           DB 0
   \   000008   00           DB 0
   \   000009   00           DB 0
   \   00000A   00           DB 0
   \   00000B   00           DB 0
   \   00000C   00           DB 0
   \   00000D   00           DB 0
   \   00000E   00           DB 0
   \   00000F   00           DB 0
   \   000010   00           DB 0
   \   000011   00           DB 0
   \   000012   00           DB 0
   \   000013   00           DB 0
   \   000014   00           DB 0
   \   000015   00           DB 0
   \   000016   00           DB 0
   \   000017   00           DB 0
   \   000018   00           DB 0
   \   000019   00           DB 0
   \   00001A   00           DB 0
   \   00001B   00           DB 0
   \   00001C   00           DB 0
   \   00001D   00           DB 0
   \   00001E   00           DB 0
   \   00001F   00           DB 0
   \   000020   00           DB 0
   \   000021   00           DB 0
   \   000022   00           DB 0
   \   000023   00           DB 0
   \   000024   00           DB 0
   \   000025   00           DB 0
   \   000026   00           DB 0
   \   000027   00           DB 0
   \   000028   00           DB 0
   \   000029   00           DB 0
   \   00002A   00           DB 0
   \   00002B   00           DB 0
   \   00002C   00           DB 0
   \   00002D   00           DB 0
   \   00002E   00           DB 0
   \   00002F   00           DB 0
   \   000030   00           DB 0
   \   000031   00           DB 0
   \   000032   00           DB 0
   \   000033   00           DB 0
   \   000034   00           DB 0
   \   000035   00           DB 0
   \   000036   00           DB 0
   \   000037   00           DB 0
   \   000038   00           DB 0
   \   000039   00           DB 0
   \   00003A   00           DB 0
   \   00003B   00           DB 0
   \   00003C   00           DB 0
   \   00003D   00           DB 0
   \   00003E   00           DB 0
   \   00003F   00           DB 0
   \   000040   00           DB 0
   \   000041   00           DB 0
   \   000042   00           DB 0
   \   000043   00           DB 0
   \   000044   00           DB 0
   \   000045   00           DB 0
   \   000046   00           DB 0
   \   000047   00           DB 0
   \   000048   00           DB 0
   \   000049   00           DB 0
   \   00004A   00           DB 0
   \   00004B   00           DB 0
   \   00004C   00           DB 0
   \   00004D   00           DB 0
   \   00004E   00           DB 0
   \   00004F   00           DB 0
   \   000050   00           DB 0
   \   000051   00           DB 0
   \   000052   00           DB 0
   \   000053   00           DB 0
   \   000054   00           DB 0
   \   000055   00           DB 0
   \   000056   00           DB 0
   \   000057   00           DB 0
   \   000058   00           DB 0
   \   000059   00           DB 0
   \   00005A   00           DB 0
   \   00005B   00           DB 0
   \   00005C   00           DB 0
   \   00005D   00           DB 0
   \   00005E   00           DB 0
   \   00005F   00           DB 0
    517             ________,________,________,
    518             ________,________,________,
    519             ________,________,________,
    520             ________,________,________,
    521             ________,________,________,
    522             ________,________,________,
    523             ________,________,________,
    524             ________,________,________,
    525             ________,________,________,
    526             ________,________,________,
    527             ________,________,________,
    528             ________,________,________,
    529             ________,________,________,
    530             ________,________,________,
    531             ________,________,________,
    532             ________,________,________,
    533             ________,________,________,
    534             ________,________,________,
    535             ________,________,________,
    536             ________,________,________,
    537             ________,________,________,
    538             ________,________,________,
    539             ________,________,________,
    540             ________,________,________,
    541             ________,________,________,
    542             ________,________,________,
    543             ________,________,________,
    544             ________,________,________,
    545             ________,________,________,
    546             ________,________,________,
    547             ________,________,________,
    548             ________,________,________};
    549          
    550          

   \                                 In  segment XDATA_ROM_C, align 1
    551          GUI_CONST_STORAGE GUI_CHARINFO CharInfo32[] = {
   \                     CharInfo32:
   \   000000   18           DB 24
   \   000001   18           DB 24
   \   000002   03           DB 3
   \   000003   ....         DW acFont32
   \   000005   18           DB 24
   \   000006   18           DB 24
   \   000007   03           DB 3
   \   000008   ....         DW acFont32 + 60H
   \   00000A   18           DB 24
   \   00000B   18           DB 24
   \   00000C   03           DB 3
   \   00000D   ....         DW acFont32 + 0C0H
   \   00000F   18           DB 24
   \   000010   18           DB 24
   \   000011   03           DB 3
   \   000012   ....         DW acFont32 + 120H
   \   000014   18           DB 24
   \   000015   18           DB 24
   \   000016   03           DB 3
   \   000017   ....         DW acFont32 + 180H
   \   000019   18           DB 24
   \   00001A   18           DB 24
   \   00001B   03           DB 3
   \   00001C   ....         DW acFont32 + 1E0H
   \   00001E   18           DB 24
   \   00001F   18           DB 24
   \   000020   03           DB 3
   \   000021   ....         DW acFont32 + 240H
   \   000023   18           DB 24
   \   000024   18           DB 24
   \   000025   03           DB 3
   \   000026   ....         DW acFont32 + 2A0H
   \   000028   18           DB 24
   \   000029   18           DB 24
   \   00002A   03           DB 3
   \   00002B   ....         DW acFont32 + 300H
   \   00002D   18           DB 24
   \   00002E   18           DB 24
   \   00002F   03           DB 3
   \   000030   ....         DW acFont32 + 360H
   \   000032   10           DB 16
   \   000033   10           DB 16
   \   000034   02           DB 2
   \   000035   ....         DW acFont32_Colon
   \   000037   18           DB 24
   \   000038   18           DB 24
   \   000039   03           DB 3
   \   00003A   ....         DW acFont32 + 420H
   \   00003C   0C           DB 12
   \   00003D   0C           DB 12
   \   00003E   02           DB 2
   \   00003F   ....         DW acFont32_DP
   \   000041   18           DB 24
   \   000042   18           DB 24
   \   000043   03           DB 3
   \   000044   ....         DW acFont32 + 3C0H
   \   000046   18           DB 24
   \   000047   18           DB 24
   \   000048   03           DB 3
   \   000049   ....         DW acFont32_Space
    552             { 24,24,3, acFont32[0]}		/* '0' */
    553            ,{ 24,24,3, acFont32[1]}		/* '1' */
    554            ,{ 24,24,3, acFont32[2]}		/* '2' */
    555            ,{ 24,24,3, acFont32[3]} 	  /* '3' */
    556            ,{ 24,24,3, acFont32[4]}		/* '4' */
    557            ,{ 24,24,3, acFont32[5]}		/* '5' */
    558            ,{ 24,24,3, acFont32[6]}		/* '6' */
    559            ,{ 24,24,3, acFont32[7]}		/* '7' */
    560            ,{ 24,24,3, acFont32[8]}		/* '8' */
    561            ,{ 24,24,3, acFont32[9]}		/* '9' */
    562            ,{ 16,16,2, acFont32_Colon}	/* ':' */
    563            ,{ 24,24,3, acFont32[11]}		/* '-' */
    564            ,{ 12,12,2, acFont32_DP} 		/* '.' */
    565            ,{ 24,24,3, acFont32[10]}		/* '+' */
    566            ,{ 24,24,3, acFont32_Space}	/* ' ' */
    567          };
    568          
    569          
    570          /* Digits (48-57), 58: ':' */

   \                                 In  segment XDATA_ROM_C, align 1
    571          GUI_CONST_STORAGE GUI_FONT_PROP FontProp32_3 = {
   \                     FontProp32_3:
   \   000000   3000         DW 48
   \   000002   3A00         DW 58
   \   000004   ....         DW CharInfo32
   \   000006   0000         DW 0H
    572             48                        /* first character               */
    573            ,58                        /* last character                */
    574            ,&CharInfo32[0]            /* address of first character    */
    575            ,(const GUI_FONT_PROP *)0  /* pointer to next GUI_FONTRANGE */
    576          };
    577          
    578          /* 45: '-', 46: '.' */

   \                                 In  segment XDATA_ROM_C, align 1
    579          GUI_CONST_STORAGE GUI_FONT_PROP FontProp32_2 = {
   \                     FontProp32_2:
   \   000000   2D00         DW 45
   \   000002   2E00         DW 46
   \   000004   ....         DW CharInfo32 + 37H
   \   000006   ....         DW FontProp32_3
    580             45                                              /* first character               */
    581            ,46                                              /* last character                */
    582            ,&CharInfo32[11]                                 /* address of first character    */
    583            ,&FontProp32_3                                   /* pointer to next GUI_FONTRANGE */
    584          };
    585          
    586          /* Plus sign */

   \                                 In  segment XDATA_ROM_C, align 1
    587          GUI_CONST_STORAGE GUI_FONT_PROP FontProp32_1 = {
   \                     FontProp32_1:
   \   000000   2B00         DW 43
   \   000002   2B00         DW 43
   \   000004   ....         DW CharInfo32 + 41H
   \   000006   ....         DW FontProp32_2
    588             43                 /* first character               */
    589            ,43                 /* last character                */
    590            ,&CharInfo32[13]    /* address of first character    */
    591            ,&FontProp32_2      /* pointer to next GUI_FONTRANGE */
    592          };
    593          
    594          /* Space */

   \                                 In  segment XDATA_ROM_C, align 1
    595          GUI_CONST_STORAGE GUI_FONT_PROP FontProp32 = {
   \                     FontProp32:
   \   000000   2000         DW 32
   \   000002   2000         DW 32
   \   000004   ....         DW CharInfo32 + 46H
   \   000006   ....         DW FontProp32_1
    596             32                 /* first character               */
    597            ,32                 /* last character                */
    598            ,&CharInfo32[14]    /* address of first character    */
    599            ,&FontProp32_1      /* pointer to next GUI_FONTRANGE */
    600          };
    601          

   \                                 In  segment XDATA_ROM_C, align 1
    602          GUI_CONST_STORAGE GUI_FONT GUI_FontD32 = {
   \                     GUI_FontD32:
   \   000000   ....         DW ??GUIPROP_DispChar?relay
   \   000002   ....         DW ??GUIPROP_GetCharDistX?relay
   \   000004   ....         DW ??GUIPROP_GetFontInfo?relay
   \   000006   ....         DW ??GUIPROP_IsInFont?relay
   \   000008   0000         DW 0H
   \   00000A   20           DB 32
   \   00000B   20           DB 32
   \   00000C   01           DB 1
   \   00000D   01           DB 1
   \   00000E   ....         DW FontProp32
   \   000010   20           DB 32
   \   000011   00           DB 0
   \   000012   20           DB 32
    603             GUI_FONTTYPE_PROP /* type of font    */
    604            ,32                /* height of font  */
    605            ,32               /* space of font y */
    606            ,1                /* magnification x */
    607            ,1                /* magnification y */
    608            ,{&FontProp32}
    609            ,32, 0, 32
    610          };
    611          
    612          


   Segment part sizes:

     Function/Label Bytes
     -------------- -----
     acFont32       1152
     acFont32_DP      64
     acFont32_Colon   64
     acFont32_Space   96
     CharInfo32       75
     FontProp32_3      8
     FontProp32_2      8
     FontProp32_1      8
     FontProp32        8
     GUI_FontD32      19

 
 1 502 bytes in segment XDATA_ROM_C
 
 1 502 bytes of CONST memory

Errors: none
Warnings: none
