###############################################################################
#                                                                             #
# IAR C/C++ Compiler V8.10.1.10194/W32 for 8051         14/Jun/2016  16:18:05 #
# Copyright 2004-2011 IAR Systems AB.                                         #
#                                                                             #
#    Core               =  plain                                              #
#    Code model         =  banked                                             #
#    Data model         =  large                                              #
#    Calling convention =  xdata reentrant                                    #
#    Constant location  =  data_rom                                           #
#    Dptr setup         =  1,16                                               #
#    Source file        =  F:\นโลฬืสมฯ\ETC-WSNฮ๏มชอ๘นโลฬืสมฯ210\ZigBeeอ๘ย็\WS #
#                          N-CSิดย๋\ZStack-CC2530-2.5.1a\Components\uCGUI\Cor #
#                          e\GUI_CalcColorDist.c                              #
#    Command line       =  -f F:\นโลฬืสมฯ\ETC-WSNฮ๏มชอ๘นโลฬืสมฯ210\ZigBeeอ๘ย็ #
#                          \WSN-CSิดย๋\ZStack-CC2530-2.5.1a\Projects\zstack\U #
#                          tilities\SerialApp\CC2530DB\..\..\..\Tools\CC2530D #
#                          B\f8wCoord.cfg (-DCPU32MHZ -DROOT=__near_func      #
#                          -DMAC_CFG_APP_PENDING_QUEUE=TRUE                   #
#                          -DMAC_CFG_TX_DATA_MAX=5 -DMAC_CFG_TX_MAX=8         #
#                          -DMAC_CFG_RX_MAX=5 -DZDO_COORDINATOR -DRTR_NWK)    #
#                          -f F:\นโลฬืสมฯ\ETC-WSNฮ๏มชอ๘นโลฬืสมฯ210\ZigBeeอ๘ย็ #
#                          \WSN-CSิดย๋\ZStack-CC2530-2.5.1a\Projects\zstack\U #
#                          tilities\SerialApp\CC2530DB\..\..\..\Tools\CC2530D #
#                          B\f8wConfig.cfg (-DZIGBEEPRO -DSECURE=0            #
#                          -DZG_SECURE_DYNAMIC=0 -DREFLECTOR                  #
#                          -DDEFAULT_CHANLIST=0x00000800                      #
#                          -DZDAPP_CONFIG_PAN_ID=0x1001                       #
#                          -DNWK_START_DELAY=100 -DEXTENDED_JOINING_RANDOM_MA #
#                          SK=0x007F -DBEACON_REQUEST_DELAY=100               #
#                          -DBEACON_REQ_DELAY_MASK=0x00FF                     #
#                          -DLINK_STATUS_JITTER_MASK=0x007F                   #
#                          -DROUTE_EXPIRY_TIME=30 -DAPSC_ACK_WAIT_DURATION_PO #
#                          LLED=3000 -DNWK_INDIRECT_MSG_TIMEOUT=7             #
#                          -DMAX_RREQ_ENTRIES=8 -DAPSC_MAX_FRAME_RETRIES=3    #
#                          -DNWK_MAX_DATA_RETRIES=2                           #
#                          -DMAX_POLL_FAILURE_RETRIES=2 -DMAX_BCAST=9         #
#                          -DAPS_MAX_GROUPS=16 -DMAX_RTG_ENTRIES=40           #
#                          -DNWK_MAX_BINDING_ENTRIES=4                        #
#                          -DMAX_BINDING_CLUSTER_IDS=4 "-DDEFAULT_KEY={0x01,  #
#                          0x03, 0x05, 0x07, 0x09, 0x0B, 0x0D, 0x0F, 0x00,    #
#                          0x02, 0x04, 0x06, 0x08, 0x0A, 0x0C, 0x0D}"         #
#                          -DMAC_MAX_FRAME_SIZE=116                           #
#                          -DZDNWKMGR_MIN_TRANSMISSIONS=20 "-DCONST=const     #
#                          __code" -DGENERIC=__generic                        #
#                          -DRFD_RCVC_ALWAYS_ON=FALSE -DPOLL_RATE=1000        #
#                          -DQUEUED_POLL_RATE=100 -DRESPONSE_POLL_RATE=100)   #
#                          -DREJOIN_POLL_RATE=440 F:\นโลฬืสมฯ\ETC-WSNฮ๏มชอ๘นโ #
#                          ลฬืสมฯ210\ZigBeeอ๘ย็\WSN-CSิดย๋\ZStack-CC2530-2.5. #
#                          1a\Components\uCGUI\Core\GUI_CalcColorDist.c -D    #
#                          HAL_UART=TRUE -D SERIAL_APP_PORT=0 -D COOR -D      #
#                          LCD_SUPPORTED -D NV_INIT -lC                       #
#                          F:\นโลฬืสมฯ\ETC-WSNฮ๏มชอ๘นโลฬืสมฯ210\ZigBeeอ๘ย็\WS #
#                          N-CSิดย๋\ZStack-CC2530-2.5.1a\Projects\zstack\Util #
#                          ities\SerialApp\CC2530DB\CoordinatorEB\List\ -lA   #
#                          F:\นโลฬืสมฯ\ETC-WSNฮ๏มชอ๘นโลฬืสมฯ210\ZigBeeอ๘ย็\WS #
#                          N-CSิดย๋\ZStack-CC2530-2.5.1a\Projects\zstack\Util #
#                          ities\SerialApp\CC2530DB\CoordinatorEB\List\       #
#                          --diag_suppress Pe001,Pa010 -o                     #
#                          F:\นโลฬืสมฯ\ETC-WSNฮ๏มชอ๘นโลฬืสมฯ210\ZigBeeอ๘ย็\WS #
#                          N-CSิดย๋\ZStack-CC2530-2.5.1a\Projects\zstack\Util #
#                          ities\SerialApp\CC2530DB\CoordinatorEB\Obj\ -e     #
#                          --no_code_motion --debug --core=plain --dptr=16,1  #
#                          --data_model=large --code_model=banked             #
#                          --calling_convention=xdata_reentrant               #
#                          --place_constants=data_rom --nr_virtual_regs 16    #
#                          -I F:\นโลฬืสมฯ\ETC-WSNฮ๏มชอ๘นโลฬืสมฯ210\ZigBeeอ๘ย็ #
#                          \WSN-CSิดย๋\ZStack-CC2530-2.5.1a\Projects\zstack\U #
#                          tilities\SerialApp\CC2530DB\ -I                    #
#                          F:\นโลฬืสมฯ\ETC-WSNฮ๏มชอ๘นโลฬืสมฯ210\ZigBeeอ๘ย็\WS #
#                          N-CSิดย๋\ZStack-CC2530-2.5.1a\Projects\zstack\Util #
#                          ities\SerialApp\CC2530DB\..\Public\ -I             #
#                          F:\นโลฬืสมฯ\ETC-WSNฮ๏มชอ๘นโลฬืสมฯ210\ZigBeeอ๘ย็\WS #
#                          N-CSิดย๋\ZStack-CC2530-2.5.1a\Projects\zstack\Util #
#                          ities\SerialApp\CC2530DB\..\..\..\..\..\Components #
#                          \uCGUI\Core\ -I F:\นโลฬืสมฯ\ETC-WSNฮ๏มชอ๘นโลฬืสมฯ2 #
#                          10\ZigBeeอ๘ย็\WSN-CSิดย๋\ZStack-CC2530-2.5.1a\Proj #
#                          ects\zstack\Utilities\SerialApp\CC2530DB\..\..\..\ #
#                          ..\..\Components\uCGUI\MultiLayer\ -I              #
#                          F:\นโลฬืสมฯ\ETC-WSNฮ๏มชอ๘นโลฬืสมฯ210\ZigBeeอ๘ย็\WS #
#                          N-CSิดย๋\ZStack-CC2530-2.5.1a\Projects\zstack\Util #
#                          ities\SerialApp\CC2530DB\..\..\..\..\..\Components #
#                          \uCGUI\Config\ -I F:\นโลฬืสมฯ\ETC-WSNฮ๏มชอ๘นโลฬืสม #
#                          ฯ210\ZigBeeอ๘ย็\WSN-CSิดย๋\ZStack-CC2530-2.5.1a\Pr #
#                          ojects\zstack\Utilities\SerialApp\CC2530DB\..\Coor #
#                          dinator\ -I F:\นโลฬืสมฯ\ETC-WSNฮ๏มชอ๘นโลฬืสมฯ210\Z #
#                          igBeeอ๘ย็\WSN-CSิดย๋\ZStack-CC2530-2.5.1a\Projects #
#                          \zstack\Utilities\SerialApp\CC2530DB\..\..\..\ZMai #
#                          n\TI2530DB\ -I F:\นโลฬืสมฯ\ETC-WSNฮ๏มชอ๘นโลฬืสมฯ21 #
#                          0\ZigBeeอ๘ย็\WSN-CSิดย๋\ZStack-CC2530-2.5.1a\Proje #
#                          cts\zstack\Utilities\SerialApp\CC2530DB\..\..\..\. #
#                          .\..\Components\hal\include\ -I                    #
#                          F:\นโลฬืสมฯ\ETC-WSNฮ๏มชอ๘นโลฬืสมฯ210\ZigBeeอ๘ย็\WS #
#                          N-CSิดย๋\ZStack-CC2530-2.5.1a\Projects\zstack\Util #
#                          ities\SerialApp\CC2530DB\..\..\..\..\..\Components #
#                          \hal\target\CC2530EB\ -I                           #
#                          F:\นโลฬืสมฯ\ETC-WSNฮ๏มชอ๘นโลฬืสมฯ210\ZigBeeอ๘ย็\WS #
#                          N-CSิดย๋\ZStack-CC2530-2.5.1a\Projects\zstack\Util #
#                          ities\SerialApp\CC2530DB\..\..\..\..\..\Components #
#                          \mac\include\ -I F:\นโลฬืสมฯ\ETC-WSNฮ๏มชอ๘นโลฬืสมฯ #
#                          210\ZigBeeอ๘ย็\WSN-CSิดย๋\ZStack-CC2530-2.5.1a\Pro #
#                          jects\zstack\Utilities\SerialApp\CC2530DB\..\..\.. #
#                          \..\..\Components\mac\high_level\ -I               #
#                          F:\นโลฬืสมฯ\ETC-WSNฮ๏มชอ๘นโลฬืสมฯ210\ZigBeeอ๘ย็\WS #
#                          N-CSิดย๋\ZStack-CC2530-2.5.1a\Projects\zstack\Util #
#                          ities\SerialApp\CC2530DB\..\..\..\..\..\Components #
#                          \mac\low_level\srf04\ -I                           #
#                          F:\นโลฬืสมฯ\ETC-WSNฮ๏มชอ๘นโลฬืสมฯ210\ZigBeeอ๘ย็\WS #
#                          N-CSิดย๋\ZStack-CC2530-2.5.1a\Projects\zstack\Util #
#                          ities\SerialApp\CC2530DB\..\..\..\..\..\Components #
#                          \mac\low_level\srf04\single_chip\ -I               #
#                          F:\นโลฬืสมฯ\ETC-WSNฮ๏มชอ๘นโลฬืสมฯ210\ZigBeeอ๘ย็\WS #
#                          N-CSิดย๋\ZStack-CC2530-2.5.1a\Projects\zstack\Util #
#                          ities\SerialApp\CC2530DB\..\..\..\..\..\Components #
#                          \mt\ -I F:\นโลฬืสมฯ\ETC-WSNฮ๏มชอ๘นโลฬืสมฯ210\ZigBe #
#                          eอ๘ย็\WSN-CSิดย๋\ZStack-CC2530-2.5.1a\Projects\zst #
#                          ack\Utilities\SerialApp\CC2530DB\..\..\..\..\..\Co #
#                          mponents\osal\include\ -I                          #
#                          F:\นโลฬืสมฯ\ETC-WSNฮ๏มชอ๘นโลฬืสมฯ210\ZigBeeอ๘ย็\WS #
#                          N-CSิดย๋\ZStack-CC2530-2.5.1a\Projects\zstack\Util #
#                          ities\SerialApp\CC2530DB\..\..\..\..\..\Components #
#                          \services\saddr\ -I F:\นโลฬืสมฯ\ETC-WSNฮ๏มชอ๘นโลฬื #
#                          สมฯ210\ZigBeeอ๘ย็\WSN-CSิดย๋\ZStack-CC2530-2.5.1a\ #
#                          Projects\zstack\Utilities\SerialApp\CC2530DB\..\.. #
#                          \..\..\..\Components\services\sdata\ -I            #
#                          F:\นโลฬืสมฯ\ETC-WSNฮ๏มชอ๘นโลฬืสมฯ210\ZigBeeอ๘ย็\WS #
#                          N-CSิดย๋\ZStack-CC2530-2.5.1a\Projects\zstack\Util #
#                          ities\SerialApp\CC2530DB\..\..\..\..\..\Components #
#                          \stack\af\ -I F:\นโลฬืสมฯ\ETC-WSNฮ๏มชอ๘นโลฬืสมฯ210 #
#                          \ZigBeeอ๘ย็\WSN-CSิดย๋\ZStack-CC2530-2.5.1a\Projec #
#                          ts\zstack\Utilities\SerialApp\CC2530DB\..\..\..\.. #
#                          \..\Components\stack\nwk\ -I                       #
#                          F:\นโลฬืสมฯ\ETC-WSNฮ๏มชอ๘นโลฬืสมฯ210\ZigBeeอ๘ย็\WS #
#                          N-CSิดย๋\ZStack-CC2530-2.5.1a\Projects\zstack\Util #
#                          ities\SerialApp\CC2530DB\..\..\..\..\..\Components #
#                          \stack\sapi\ -I F:\นโลฬืสมฯ\ETC-WSNฮ๏มชอ๘นโลฬืสมฯ2 #
#                          10\ZigBeeอ๘ย็\WSN-CSิดย๋\ZStack-CC2530-2.5.1a\Proj #
#                          ects\zstack\Utilities\SerialApp\CC2530DB\..\..\..\ #
#                          ..\..\Components\stack\sec\ -I                     #
#                          F:\นโลฬืสมฯ\ETC-WSNฮ๏มชอ๘นโลฬืสมฯ210\ZigBeeอ๘ย็\WS #
#                          N-CSิดย๋\ZStack-CC2530-2.5.1a\Projects\zstack\Util #
#                          ities\SerialApp\CC2530DB\..\..\..\..\..\Components #
#                          \stack\sys\ -I F:\นโลฬืสมฯ\ETC-WSNฮ๏มชอ๘นโลฬืสมฯ21 #
#                          0\ZigBeeอ๘ย็\WSN-CSิดย๋\ZStack-CC2530-2.5.1a\Proje #
#                          cts\zstack\Utilities\SerialApp\CC2530DB\..\..\..\. #
#                          .\..\Components\stack\zdo\ -I                      #
#                          F:\นโลฬืสมฯ\ETC-WSNฮ๏มชอ๘นโลฬืสมฯ210\ZigBeeอ๘ย็\WS #
#                          N-CSิดย๋\ZStack-CC2530-2.5.1a\Projects\zstack\Util #
#                          ities\SerialApp\CC2530DB\..\..\..\..\..\Components #
#                          \zmac\ -I F:\นโลฬืสมฯ\ETC-WSNฮ๏มชอ๘นโลฬืสมฯ210\Zig #
#                          Beeอ๘ย็\WSN-CSิดย๋\ZStack-CC2530-2.5.1a\Projects\z #
#                          stack\Utilities\SerialApp\CC2530DB\..\..\..\..\..\ #
#                          Components\zmac\f8w\ -Ohz --require_prototypes     #
#    List file          =  F:\นโลฬืสมฯ\ETC-WSNฮ๏มชอ๘นโลฬืสมฯ210\ZigBeeอ๘ย็\WS #
#                          N-CSิดย๋\ZStack-CC2530-2.5.1a\Projects\zstack\Util #
#                          ities\SerialApp\CC2530DB\CoordinatorEB\List\GUI_Ca #
#                          lcColorDist.lst                                    #
#    Object file        =  F:\นโลฬืสมฯ\ETC-WSNฮ๏มชอ๘นโลฬืสมฯ210\ZigBeeอ๘ย็\WS #
#                          N-CSิดย๋\ZStack-CC2530-2.5.1a\Projects\zstack\Util #
#                          ities\SerialApp\CC2530DB\CoordinatorEB\Obj\GUI_Cal #
#                          cColorDist.r51                                     #
#                                                                             #
#                                                                             #
###############################################################################

F:\นโลฬืสมฯ\ETC-WSNฮ๏มชอ๘นโลฬืสมฯ210\ZigBeeอ๘ย็\WSN-CSิดย๋\ZStack-CC2530-2.5.1a\Components\uCGUI\Core\GUI_CalcColorDist.c
      1          /*
      2          *********************************************************************************************************
      3          *                                                uC/GUI
      4          *                        Universal graphic software for embedded applications
      5          *
      6          *                       (c) Copyright 2002, Micrium Inc., Weston, FL
      7          *                       (c) Copyright 2002, SEGGER Microcontroller Systeme GmbH
      8          *
      9          *              ตC/GUI is protected by international copyright laws. Knowledge of the
     10          *              source code may not be used to write a similar product. This file may
     11          *              only be used in accordance with a license and should not be redistributed
     12          *              in any way. We appreciate your understanding and fairness.
     13          *
     14          ----------------------------------------------------------------------
     15          File        : GUI_CalcColorDist
     16          Purpose     : Color conversion routines
     17          ---------------------------END-OF-HEADER------------------------------
     18          */
     19          
     20          #include <stdlib.h>
     21          #include "GUI.h"
     22          
     23          /*********************************************************************
     24          *
     25          *       defines
     26          *
     27          **********************************************************************
     28          */
     29          
     30          #if 1  /* Normaly calculate square values */
     31          
     32            #define  SQUARE(Dist) ((U16)Dist) * ((U16)Dist)
     33          
     34          #else
     35          
     36            #define S(x) ((x)*(x))
     37            #define SQUARES(Base)  S(Base+0),  S(Base+1),  S(Base+2),  S(Base+3), S(Base+4),  S(Base+5),  \
     38                                   S(Base+6),  S(Base+7),  S(Base+8),  S(Base+9), S(Base+10), S(Base+11), \
     39                                   S(Base+12), S(Base+13), S(Base+14), S(Base+15)
     40          
     41            static const U16 aSquare[] = {
     42              SQUARES(0*16)
     43              ,SQUARES(1*16), SQUARES(2*16), SQUARES(3*16)
     44              ,SQUARES(4*16) ,SQUARES(5*16), SQUARES(6*16), SQUARES(7*16)
     45              ,SQUARES(8*16) ,SQUARES(9*16), SQUARES(10*16),SQUARES(11*16)
     46              ,SQUARES(12*16),SQUARES(13*16),SQUARES(14*16),SQUARES(15*16)
     47            };
     48          
     49            #define  SQUARE(Dist) aSquare[Dist]
     50          
     51          #endif
     52          
     53          /*********************************************************************
     54          *
     55          *       public code, color conversions for palette based displays
     56          *
     57          **********************************************************************
     58          */
     59          /*********************************************************************
     60          *
     61          *       GUI_CalcColorDist
     62          */

   \                                 In  segment BANKED_CODE, align 1, keep-with-next
     63          U32 GUI_CalcColorDist (LCD_COLOR PalColor, LCD_COLOR  Color) {
   \                     GUI_CalcColorDist:
   \   000000   74E8         MOV     A,#-0x18
   \   000002   12....       LCALL   ?BANKED_ENTER_XDATA
   \   000005                ; Saved register size: 24
   \   000005                ; Auto size: 0
   \   000005   8A..         MOV     ?V0 + 0,R2
   \   000007   8B..         MOV     ?V0 + 1,R3
   \   000009   8C..         MOV     ?V0 + 2,R4
   \   00000B   8D..         MOV     ?V0 + 3,R5
   \   00000D   7418         MOV     A,#0x18
   \   00000F   12....       LCALL   ?XSTACK_DISP0_8
   \   000012   78..         MOV     R0,#?V0 + 8
   \   000014   12....       LCALL   ?L_MOV_X
     64          /* This routine does not use abs() because we are optimizing for speed ! */
     65            I16 Dist;
     66            U32 Sum;
     67            Dist  = (PalColor&0xff) - (Color&0xff);
   \   000017   EA           MOV     A,R2
   \   000018   85....       MOV     ?V0 + 4,?V0 + 8
   \   00001B   AA..         MOV     R2,?V0 + 4
   \   00001D   C3           CLR     C
   \   00001E   9A           SUBB    A,R2
   \   00001F   12....       LCALL   ?Subroutine1 & 0xFFFF
     68            if (Dist < 0)
   \                     ??CrossCallReturnLabel_3:
   \   000022   5003         JNC     ??CrossCallReturnLabel_0
     69          	  Dist = -Dist;
   \   000024   12....       LCALL   ?Subroutine0 & 0xFFFF
     70            Sum = SQUARE(Dist);
   \                     ??CrossCallReturnLabel_0:
   \   000027   88..         MOV     ?V0 + 4,R0
   \   000029   89..         MOV     ?V0 + 5,R1
   \   00002B   E8           MOV     A,R0
   \   00002C   F5F0         MOV     B,A
   \   00002E   A4           MUL     AB
   \   00002F   C8           XCH     A,R0
   \   000030   AAF0         MOV     R2,B
   \   000032   85..F0       MOV     B,?V0 + 5
   \   000035   A4           MUL     AB
   \   000036   2A           ADD     A,R2
   \   000037   FA           MOV     R2,A
   \   000038   85..F0       MOV     B,?V0 + 4
   \   00003B   E9           MOV     A,R1
   \   00003C   A4           MUL     AB
   \   00003D   2A           ADD     A,R2
   \   00003E   F9           MOV     R1,A
   \   00003F   88..         MOV     ?V0 + 4,R0
   \   000041   89..         MOV     ?V0 + 5,R1
   \   000043   E4           CLR     A
   \   000044   F5..         MOV     ?V0 + 6,A
   \   000046   F5..         MOV     ?V0 + 7,A
     71            Dist  = ((PalColor>>8)&0xff) -  ((Color>>8)&0xff);
   \   000048   A8..         MOV     R0,?V0 + 9
   \   00004A   E5..         MOV     A,?V0 + 1
   \   00004C   C3           CLR     C
   \   00004D   98           SUBB    A,R0
   \   00004E   12....       LCALL   ?Subroutine1 & 0xFFFF
     72            if (Dist < 0)
   \                     ??CrossCallReturnLabel_4:
   \   000051   5003         JNC     ??CrossCallReturnLabel_1
     73          	  Dist = -Dist;
   \   000053   12....       LCALL   ?Subroutine0 & 0xFFFF
     74            Sum += SQUARE(Dist);
   \                     ??CrossCallReturnLabel_1:
   \   000056   88..         MOV     ?V0 + 12,R0
   \   000058   89..         MOV     ?V0 + 13,R1
   \   00005A   E8           MOV     A,R0
   \   00005B   F5F0         MOV     B,A
   \   00005D   A4           MUL     AB
   \   00005E   C8           XCH     A,R0
   \   00005F   AAF0         MOV     R2,B
   \   000061   85..F0       MOV     B,?V0 + 13
   \   000064   A4           MUL     AB
   \   000065   2A           ADD     A,R2
   \   000066   FA           MOV     R2,A
   \   000067   85..F0       MOV     B,?V0 + 12
   \   00006A   E9           MOV     A,R1
   \   00006B   A4           MUL     AB
   \   00006C   2A           ADD     A,R2
   \   00006D   F9           MOV     R1,A
   \   00006E   88..         MOV     ?V0 + 12,R0
   \   000070   89..         MOV     ?V0 + 13,R1
   \   000072   E4           CLR     A
   \   000073   F5..         MOV     ?V0 + 14,A
   \   000075   F5..         MOV     ?V0 + 15,A
   \   000077   78..         MOV     R0,#?V0 + 4
   \   000079   79..         MOV     R1,#?V0 + 12
   \   00007B   12....       LCALL   ?L_ADD
     75            Dist  = (PalColor>>16) - (Color>>16);
   \   00007E   7410         MOV     A,#0x10
   \   000080   78..         MOV     R0,#?V0 + 0
   \   000082   12....       LCALL   ?UL_SHR
   \   000085   7410         MOV     A,#0x10
   \   000087   78..         MOV     R0,#?V0 + 8
   \   000089   12....       LCALL   ?UL_SHR
   \   00008C   EC           MOV     A,R4
   \   00008D   C3           CLR     C
   \   00008E   95..         SUBB    A,?V0 + 8
   \   000090   F8           MOV     R0,A
   \   000091   ED           MOV     A,R5
   \   000092   95..         SUBB    A,?V0 + 9
   \   000094   F9           MOV     R1,A
     76            if (Dist < 0)
   \   000095   C3           CLR     C
   \   000096   9400         SUBB    A,#0x0
   \   000098   A2D2         MOV     C,0xD0 /* PSW */.2
   \   00009A   65D0         XRL     A,PSW
   \   00009C   33           RLC     A
   \   00009D   5003         JNC     ??CrossCallReturnLabel_2
     77          	  Dist = -Dist;
   \   00009F   12....       LCALL   ?Subroutine0 & 0xFFFF
     78            return Sum + SQUARE(Dist);
   \                     ??CrossCallReturnLabel_2:
   \   0000A2   88..         MOV     ?V0 + 0,R0
   \   0000A4   89..         MOV     ?V0 + 1,R1
   \   0000A6   E8           MOV     A,R0
   \   0000A7   F5F0         MOV     B,A
   \   0000A9   A4           MUL     AB
   \   0000AA   C8           XCH     A,R0
   \   0000AB   AAF0         MOV     R2,B
   \   0000AD   85..F0       MOV     B,?V0 + 1
   \   0000B0   A4           MUL     AB
   \   0000B1   2A           ADD     A,R2
   \   0000B2   FA           MOV     R2,A
   \   0000B3   85..F0       MOV     B,?V0 + 0
   \   0000B6   E9           MOV     A,R1
   \   0000B7   A4           MUL     AB
   \   0000B8   2A           ADD     A,R2
   \   0000B9   F9           MOV     R1,A
   \   0000BA   88..         MOV     ?V0 + 0,R0
   \   0000BC   89..         MOV     ?V0 + 1,R1
   \   0000BE   78..         MOV     R0,#?V0 + 4
   \   0000C0   79..         MOV     R1,#?V0 + 0
   \   0000C2   12....       LCALL   ?L_ADD
   \   0000C5   AA..         MOV     R2,?V0 + 4
   \   0000C7   AB..         MOV     R3,?V0 + 5
   \   0000C9   AC..         MOV     R4,?V0 + 6
   \   0000CB   AD..         MOV     R5,?V0 + 7
   \   0000CD   7F10         MOV     R7,#0x10
   \   0000CF   02....       LJMP    ?BANKED_LEAVE_XDATA
     79          }

   \                                 In  segment BANKED_CODE, align 1, keep-with-next
   \                     ?Subroutine1:
   \   000000   F8           MOV     R0,A
   \   000001   95E0         SUBB    A,0xE0 /* A   */
   \   000003   F9           MOV     R1,A
   \   000004   C3           CLR     C
   \   000005   9400         SUBB    A,#0x0
   \   000007   A2D2         MOV     C,0xD0 /* PSW */.2
   \   000009   65D0         XRL     A,PSW
   \   00000B   33           RLC     A
   \   00000C   22           RET

   \                                 In  segment BANKED_CODE, align 1, keep-with-next
   \                     ?Subroutine0:
   \   000000   C3           CLR     C
   \   000001   E4           CLR     A
   \   000002   98           SUBB    A,R0
   \   000003   FA           MOV     R2,A
   \   000004   E4           CLR     A
   \   000005   99           SUBB    A,R1
   \   000006   FB           MOV     R3,A
   \   000007   EA           MOV     A,R2
   \   000008   F8           MOV     R0,A
   \   000009   EB           MOV     A,R3
   \   00000A   F9           MOV     R1,A
   \   00000B   22           RET

   \                                 In  segment BANK_RELAYS, align 1
   \                     ??GUI_CalcColorDist?relay:
   \   000000   12....       LCALL   ?BDISPATCH
   \   000003   ......       DC24    GUI_CalcColorDist
     80          
     81          /*************************** End of file ****************************/

   Maximum stack usage in bytes:

     Function          ISTACK PSTACK XSTACK
     --------          ------ ------ ------
     GUI_CalcColorDist     0      0     28


   Segment part sizes:

     Function/Label            Bytes
     --------------            -----
     GUI_CalcColorDist          210
     ?Subroutine1                13
     ?Subroutine0                12
     ??GUI_CalcColorDist?relay    6

 
 235 bytes in segment BANKED_CODE
   6 bytes in segment BANK_RELAYS
 
 241 bytes of CODE memory

Errors: none
Warnings: none
