###############################################################################
#                                                                             #
# IAR C/C++ Compiler V8.10.1.10194/W32 for 8051         14/Jun/2016  16:18:33 #
# Copyright 2004-2011 IAR Systems AB.                                         #
#                                                                             #
#    Core               =  plain                                              #
#    Code model         =  banked                                             #
#    Data model         =  large                                              #
#    Calling convention =  xdata reentrant                                    #
#    Constant location  =  data_rom                                           #
#    Dptr setup         =  1,16                                               #
#    Source file        =  F:\¹âÅÌ×ÊÁÏ\ETC-WSNÎïÁªÍø¹âÅÌ×ÊÁÏ210\ZigBeeÍøÂç\WS #
#                          N-CSÔ´Âë\ZStack-CC2530-2.5.1a\Components\uCGUI\Cor #
#                          e\GUI_DrawBitmap.c                                 #
#    Command line       =  -f F:\¹âÅÌ×ÊÁÏ\ETC-WSNÎïÁªÍø¹âÅÌ×ÊÁÏ210\ZigBeeÍøÂç #
#                          \WSN-CSÔ´Âë\ZStack-CC2530-2.5.1a\Projects\zstack\U #
#                          tilities\SerialApp\CC2530DB\..\..\..\Tools\CC2530D #
#                          B\f8wCoord.cfg (-DCPU32MHZ -DROOT=__near_func      #
#                          -DMAC_CFG_APP_PENDING_QUEUE=TRUE                   #
#                          -DMAC_CFG_TX_DATA_MAX=5 -DMAC_CFG_TX_MAX=8         #
#                          -DMAC_CFG_RX_MAX=5 -DZDO_COORDINATOR -DRTR_NWK)    #
#                          -f F:\¹âÅÌ×ÊÁÏ\ETC-WSNÎïÁªÍø¹âÅÌ×ÊÁÏ210\ZigBeeÍøÂç #
#                          \WSN-CSÔ´Âë\ZStack-CC2530-2.5.1a\Projects\zstack\U #
#                          tilities\SerialApp\CC2530DB\..\..\..\Tools\CC2530D #
#                          B\f8wConfig.cfg (-DZIGBEEPRO -DSECURE=0            #
#                          -DZG_SECURE_DYNAMIC=0 -DREFLECTOR                  #
#                          -DDEFAULT_CHANLIST=0x00000800                      #
#                          -DZDAPP_CONFIG_PAN_ID=0x1001                       #
#                          -DNWK_START_DELAY=100 -DEXTENDED_JOINING_RANDOM_MA #
#                          SK=0x007F -DBEACON_REQUEST_DELAY=100               #
#                          -DBEACON_REQ_DELAY_MASK=0x00FF                     #
#                          -DLINK_STATUS_JITTER_MASK=0x007F                   #
#                          -DROUTE_EXPIRY_TIME=30 -DAPSC_ACK_WAIT_DURATION_PO #
#                          LLED=3000 -DNWK_INDIRECT_MSG_TIMEOUT=7             #
#                          -DMAX_RREQ_ENTRIES=8 -DAPSC_MAX_FRAME_RETRIES=3    #
#                          -DNWK_MAX_DATA_RETRIES=2                           #
#                          -DMAX_POLL_FAILURE_RETRIES=2 -DMAX_BCAST=9         #
#                          -DAPS_MAX_GROUPS=16 -DMAX_RTG_ENTRIES=40           #
#                          -DNWK_MAX_BINDING_ENTRIES=4                        #
#                          -DMAX_BINDING_CLUSTER_IDS=4 "-DDEFAULT_KEY={0x01,  #
#                          0x03, 0x05, 0x07, 0x09, 0x0B, 0x0D, 0x0F, 0x00,    #
#                          0x02, 0x04, 0x06, 0x08, 0x0A, 0x0C, 0x0D}"         #
#                          -DMAC_MAX_FRAME_SIZE=116                           #
#                          -DZDNWKMGR_MIN_TRANSMISSIONS=20 "-DCONST=const     #
#                          __code" -DGENERIC=__generic                        #
#                          -DRFD_RCVC_ALWAYS_ON=FALSE -DPOLL_RATE=1000        #
#                          -DQUEUED_POLL_RATE=100 -DRESPONSE_POLL_RATE=100)   #
#                          -DREJOIN_POLL_RATE=440 F:\¹âÅÌ×ÊÁÏ\ETC-WSNÎïÁªÍø¹â #
#                          ÅÌ×ÊÁÏ210\ZigBeeÍøÂç\WSN-CSÔ´Âë\ZStack-CC2530-2.5. #
#                          1a\Components\uCGUI\Core\GUI_DrawBitmap.c -D       #
#                          HAL_UART=TRUE -D SERIAL_APP_PORT=0 -D COOR -D      #
#                          LCD_SUPPORTED -D NV_INIT -lC                       #
#                          F:\¹âÅÌ×ÊÁÏ\ETC-WSNÎïÁªÍø¹âÅÌ×ÊÁÏ210\ZigBeeÍøÂç\WS #
#                          N-CSÔ´Âë\ZStack-CC2530-2.5.1a\Projects\zstack\Util #
#                          ities\SerialApp\CC2530DB\CoordinatorEB\List\ -lA   #
#                          F:\¹âÅÌ×ÊÁÏ\ETC-WSNÎïÁªÍø¹âÅÌ×ÊÁÏ210\ZigBeeÍøÂç\WS #
#                          N-CSÔ´Âë\ZStack-CC2530-2.5.1a\Projects\zstack\Util #
#                          ities\SerialApp\CC2530DB\CoordinatorEB\List\       #
#                          --diag_suppress Pe001,Pa010 -o                     #
#                          F:\¹âÅÌ×ÊÁÏ\ETC-WSNÎïÁªÍø¹âÅÌ×ÊÁÏ210\ZigBeeÍøÂç\WS #
#                          N-CSÔ´Âë\ZStack-CC2530-2.5.1a\Projects\zstack\Util #
#                          ities\SerialApp\CC2530DB\CoordinatorEB\Obj\ -e     #
#                          --no_code_motion --debug --core=plain --dptr=16,1  #
#                          --data_model=large --code_model=banked             #
#                          --calling_convention=xdata_reentrant               #
#                          --place_constants=data_rom --nr_virtual_regs 16    #
#                          -I F:\¹âÅÌ×ÊÁÏ\ETC-WSNÎïÁªÍø¹âÅÌ×ÊÁÏ210\ZigBeeÍøÂç #
#                          \WSN-CSÔ´Âë\ZStack-CC2530-2.5.1a\Projects\zstack\U #
#                          tilities\SerialApp\CC2530DB\ -I                    #
#                          F:\¹âÅÌ×ÊÁÏ\ETC-WSNÎïÁªÍø¹âÅÌ×ÊÁÏ210\ZigBeeÍøÂç\WS #
#                          N-CSÔ´Âë\ZStack-CC2530-2.5.1a\Projects\zstack\Util #
#                          ities\SerialApp\CC2530DB\..\Public\ -I             #
#                          F:\¹âÅÌ×ÊÁÏ\ETC-WSNÎïÁªÍø¹âÅÌ×ÊÁÏ210\ZigBeeÍøÂç\WS #
#                          N-CSÔ´Âë\ZStack-CC2530-2.5.1a\Projects\zstack\Util #
#                          ities\SerialApp\CC2530DB\..\..\..\..\..\Components #
#                          \uCGUI\Core\ -I F:\¹âÅÌ×ÊÁÏ\ETC-WSNÎïÁªÍø¹âÅÌ×ÊÁÏ2 #
#                          10\ZigBeeÍøÂç\WSN-CSÔ´Âë\ZStack-CC2530-2.5.1a\Proj #
#                          ects\zstack\Utilities\SerialApp\CC2530DB\..\..\..\ #
#                          ..\..\Components\uCGUI\MultiLayer\ -I              #
#                          F:\¹âÅÌ×ÊÁÏ\ETC-WSNÎïÁªÍø¹âÅÌ×ÊÁÏ210\ZigBeeÍøÂç\WS #
#                          N-CSÔ´Âë\ZStack-CC2530-2.5.1a\Projects\zstack\Util #
#                          ities\SerialApp\CC2530DB\..\..\..\..\..\Components #
#                          \uCGUI\Config\ -I F:\¹âÅÌ×ÊÁÏ\ETC-WSNÎïÁªÍø¹âÅÌ×ÊÁ #
#                          Ï210\ZigBeeÍøÂç\WSN-CSÔ´Âë\ZStack-CC2530-2.5.1a\Pr #
#                          ojects\zstack\Utilities\SerialApp\CC2530DB\..\Coor #
#                          dinator\ -I F:\¹âÅÌ×ÊÁÏ\ETC-WSNÎïÁªÍø¹âÅÌ×ÊÁÏ210\Z #
#                          igBeeÍøÂç\WSN-CSÔ´Âë\ZStack-CC2530-2.5.1a\Projects #
#                          \zstack\Utilities\SerialApp\CC2530DB\..\..\..\ZMai #
#                          n\TI2530DB\ -I F:\¹âÅÌ×ÊÁÏ\ETC-WSNÎïÁªÍø¹âÅÌ×ÊÁÏ21 #
#                          0\ZigBeeÍøÂç\WSN-CSÔ´Âë\ZStack-CC2530-2.5.1a\Proje #
#                          cts\zstack\Utilities\SerialApp\CC2530DB\..\..\..\. #
#                          .\..\Components\hal\include\ -I                    #
#                          F:\¹âÅÌ×ÊÁÏ\ETC-WSNÎïÁªÍø¹âÅÌ×ÊÁÏ210\ZigBeeÍøÂç\WS #
#                          N-CSÔ´Âë\ZStack-CC2530-2.5.1a\Projects\zstack\Util #
#                          ities\SerialApp\CC2530DB\..\..\..\..\..\Components #
#                          \hal\target\CC2530EB\ -I                           #
#                          F:\¹âÅÌ×ÊÁÏ\ETC-WSNÎïÁªÍø¹âÅÌ×ÊÁÏ210\ZigBeeÍøÂç\WS #
#                          N-CSÔ´Âë\ZStack-CC2530-2.5.1a\Projects\zstack\Util #
#                          ities\SerialApp\CC2530DB\..\..\..\..\..\Components #
#                          \mac\include\ -I F:\¹âÅÌ×ÊÁÏ\ETC-WSNÎïÁªÍø¹âÅÌ×ÊÁÏ #
#                          210\ZigBeeÍøÂç\WSN-CSÔ´Âë\ZStack-CC2530-2.5.1a\Pro #
#                          jects\zstack\Utilities\SerialApp\CC2530DB\..\..\.. #
#                          \..\..\Components\mac\high_level\ -I               #
#                          F:\¹âÅÌ×ÊÁÏ\ETC-WSNÎïÁªÍø¹âÅÌ×ÊÁÏ210\ZigBeeÍøÂç\WS #
#                          N-CSÔ´Âë\ZStack-CC2530-2.5.1a\Projects\zstack\Util #
#                          ities\SerialApp\CC2530DB\..\..\..\..\..\Components #
#                          \mac\low_level\srf04\ -I                           #
#                          F:\¹âÅÌ×ÊÁÏ\ETC-WSNÎïÁªÍø¹âÅÌ×ÊÁÏ210\ZigBeeÍøÂç\WS #
#                          N-CSÔ´Âë\ZStack-CC2530-2.5.1a\Projects\zstack\Util #
#                          ities\SerialApp\CC2530DB\..\..\..\..\..\Components #
#                          \mac\low_level\srf04\single_chip\ -I               #
#                          F:\¹âÅÌ×ÊÁÏ\ETC-WSNÎïÁªÍø¹âÅÌ×ÊÁÏ210\ZigBeeÍøÂç\WS #
#                          N-CSÔ´Âë\ZStack-CC2530-2.5.1a\Projects\zstack\Util #
#                          ities\SerialApp\CC2530DB\..\..\..\..\..\Components #
#                          \mt\ -I F:\¹âÅÌ×ÊÁÏ\ETC-WSNÎïÁªÍø¹âÅÌ×ÊÁÏ210\ZigBe #
#                          eÍøÂç\WSN-CSÔ´Âë\ZStack-CC2530-2.5.1a\Projects\zst #
#                          ack\Utilities\SerialApp\CC2530DB\..\..\..\..\..\Co #
#                          mponents\osal\include\ -I                          #
#                          F:\¹âÅÌ×ÊÁÏ\ETC-WSNÎïÁªÍø¹âÅÌ×ÊÁÏ210\ZigBeeÍøÂç\WS #
#                          N-CSÔ´Âë\ZStack-CC2530-2.5.1a\Projects\zstack\Util #
#                          ities\SerialApp\CC2530DB\..\..\..\..\..\Components #
#                          \services\saddr\ -I F:\¹âÅÌ×ÊÁÏ\ETC-WSNÎïÁªÍø¹âÅÌ× #
#                          ÊÁÏ210\ZigBeeÍøÂç\WSN-CSÔ´Âë\ZStack-CC2530-2.5.1a\ #
#                          Projects\zstack\Utilities\SerialApp\CC2530DB\..\.. #
#                          \..\..\..\Components\services\sdata\ -I            #
#                          F:\¹âÅÌ×ÊÁÏ\ETC-WSNÎïÁªÍø¹âÅÌ×ÊÁÏ210\ZigBeeÍøÂç\WS #
#                          N-CSÔ´Âë\ZStack-CC2530-2.5.1a\Projects\zstack\Util #
#                          ities\SerialApp\CC2530DB\..\..\..\..\..\Components #
#                          \stack\af\ -I F:\¹âÅÌ×ÊÁÏ\ETC-WSNÎïÁªÍø¹âÅÌ×ÊÁÏ210 #
#                          \ZigBeeÍøÂç\WSN-CSÔ´Âë\ZStack-CC2530-2.5.1a\Projec #
#                          ts\zstack\Utilities\SerialApp\CC2530DB\..\..\..\.. #
#                          \..\Components\stack\nwk\ -I                       #
#                          F:\¹âÅÌ×ÊÁÏ\ETC-WSNÎïÁªÍø¹âÅÌ×ÊÁÏ210\ZigBeeÍøÂç\WS #
#                          N-CSÔ´Âë\ZStack-CC2530-2.5.1a\Projects\zstack\Util #
#                          ities\SerialApp\CC2530DB\..\..\..\..\..\Components #
#                          \stack\sapi\ -I F:\¹âÅÌ×ÊÁÏ\ETC-WSNÎïÁªÍø¹âÅÌ×ÊÁÏ2 #
#                          10\ZigBeeÍøÂç\WSN-CSÔ´Âë\ZStack-CC2530-2.5.1a\Proj #
#                          ects\zstack\Utilities\SerialApp\CC2530DB\..\..\..\ #
#                          ..\..\Components\stack\sec\ -I                     #
#                          F:\¹âÅÌ×ÊÁÏ\ETC-WSNÎïÁªÍø¹âÅÌ×ÊÁÏ210\ZigBeeÍøÂç\WS #
#                          N-CSÔ´Âë\ZStack-CC2530-2.5.1a\Projects\zstack\Util #
#                          ities\SerialApp\CC2530DB\..\..\..\..\..\Components #
#                          \stack\sys\ -I F:\¹âÅÌ×ÊÁÏ\ETC-WSNÎïÁªÍø¹âÅÌ×ÊÁÏ21 #
#                          0\ZigBeeÍøÂç\WSN-CSÔ´Âë\ZStack-CC2530-2.5.1a\Proje #
#                          cts\zstack\Utilities\SerialApp\CC2530DB\..\..\..\. #
#                          .\..\Components\stack\zdo\ -I                      #
#                          F:\¹âÅÌ×ÊÁÏ\ETC-WSNÎïÁªÍø¹âÅÌ×ÊÁÏ210\ZigBeeÍøÂç\WS #
#                          N-CSÔ´Âë\ZStack-CC2530-2.5.1a\Projects\zstack\Util #
#                          ities\SerialApp\CC2530DB\..\..\..\..\..\Components #
#                          \zmac\ -I F:\¹âÅÌ×ÊÁÏ\ETC-WSNÎïÁªÍø¹âÅÌ×ÊÁÏ210\Zig #
#                          BeeÍøÂç\WSN-CSÔ´Âë\ZStack-CC2530-2.5.1a\Projects\z #
#                          stack\Utilities\SerialApp\CC2530DB\..\..\..\..\..\ #
#                          Components\zmac\f8w\ -Ohz --require_prototypes     #
#    List file          =  F:\¹âÅÌ×ÊÁÏ\ETC-WSNÎïÁªÍø¹âÅÌ×ÊÁÏ210\ZigBeeÍøÂç\WS #
#                          N-CSÔ´Âë\ZStack-CC2530-2.5.1a\Projects\zstack\Util #
#                          ities\SerialApp\CC2530DB\CoordinatorEB\List\GUI_Dr #
#                          awBitmap.lst                                       #
#    Object file        =  F:\¹âÅÌ×ÊÁÏ\ETC-WSNÎïÁªÍø¹âÅÌ×ÊÁÏ210\ZigBeeÍøÂç\WS #
#                          N-CSÔ´Âë\ZStack-CC2530-2.5.1a\Projects\zstack\Util #
#                          ities\SerialApp\CC2530DB\CoordinatorEB\Obj\GUI_Dra #
#                          wBitmap.r51                                        #
#                                                                             #
#                                                                             #
###############################################################################

F:\¹âÅÌ×ÊÁÏ\ETC-WSNÎïÁªÍø¹âÅÌ×ÊÁÏ210\ZigBeeÍøÂç\WSN-CSÔ´Âë\ZStack-CC2530-2.5.1a\Components\uCGUI\Core\GUI_DrawBitmap.c
      1          /*
      2          *********************************************************************************************************
      3          *                                                uC/GUI
      4          *                        Universal graphic software for embedded applications
      5          *
      6          *                       (c) Copyright 2002, Micrium Inc., Weston, FL
      7          *                       (c) Copyright 2002, SEGGER Microcontroller Systeme GmbH
      8          *
      9          *              µC/GUI is protected by international copyright laws. Knowledge of the
     10          *              source code may not be used to write a similar product. This file may
     11          *              only be used in accordance with a license and should not be redistributed
     12          *              in any way. We appreciate your understanding and fairness.
     13          *
     14          ----------------------------------------------------------------------
     15          File        : GUI_DrawBitmap.C
     16          Purpose     : Implementation of GUI_DrawBitmap
     17          ---------------------------END-OF-HEADER------------------------------
     18          */
     19          
     20          #include <stddef.h>
     21          #include "GUI_Private.h"

   \                                 In  segment SFR_AN, at 0xa8
   \   union <unnamed> volatile __sfr _A_IEN0
   \                     _A_IEN0:
   \   000000                DS 1
     22          
     23          /*********************************************************************
     24          *
     25          *       Public code
     26          *
     27          **********************************************************************
     28          */
     29          /*********************************************************************
     30          *
     31          *       GL_DrawBitmap
     32          *
     33          * Purpose:
     34          *  Translates the external bitmap format into an internal
     35          *  format. This turned out to be necessary as the internal
     36          *  format is easier to create and more flexible for routines
     37          *  that draw text-bitmaps.
     38          */

   \                                 In  segment BANKED_CODE, align 1, keep-with-next
     39          void GL_DrawBitmap(const GUI_BITMAP GUI_UNI_PTR * pBitmap, int x0, int y0) {
   \                     GL_DrawBitmap:
   \   000000   74EE         MOV     A,#-0x12
   \   000002   12....       LCALL   ?BANKED_ENTER_XDATA
   \   000005                ; Saved register size: 18
   \   000005                ; Auto size: 0
   \   000005   8A..         MOV     ?V0 + 2,R2
   \   000007   8B..         MOV     ?V0 + 3,R3
   \   000009   EC           MOV     A,R4
   \   00000A   FE           MOV     R6,A
   \   00000B   ED           MOV     A,R5
   \   00000C   FF           MOV     R7,A
   \   00000D   7412         MOV     A,#0x12
   \   00000F   12....       LCALL   ?XSTACK_DISP0_8
   \   000012   E0           MOVX    A,@DPTR
   \   000013   F5..         MOV     ?V0 + 0,A
   \   000015   A3           INC     DPTR
   \   000016   E0           MOVX    A,@DPTR
   \   000017   F5..         MOV     ?V0 + 1,A
     40            GUI_DRAWMODE PrevDraw;
     41            const GUI_LOGPALETTE GUI_UNI_PTR * pPal;
     42            pPal = pBitmap->pPal;
   \   000019   8A82         MOV     DPL,R2
   \   00001B   8B83         MOV     DPH,R3
   \   00001D   A3           INC     DPTR
   \   00001E   A3           INC     DPTR
   \   00001F   A3           INC     DPTR
   \   000020   A3           INC     DPTR
   \   000021   A3           INC     DPTR
   \   000022   A3           INC     DPTR
   \   000023   A3           INC     DPTR
   \   000024   A3           INC     DPTR
   \   000025   A3           INC     DPTR
   \   000026   A3           INC     DPTR
   \   000027   E0           MOVX    A,@DPTR
   \   000028   F5..         MOV     ?V0 + 6,A
   \   00002A   A3           INC     DPTR
   \   00002B   E0           MOVX    A,@DPTR
   \   00002C   F5..         MOV     ?V0 + 7,A
     43            PrevDraw = GUI_SetDrawMode(0);  /* No Get... at this point */
   \   00002E                ; Setup parameters for call to function GUI_SetDrawMode
   \   00002E   7A00         MOV     R2,#0x0
   \   000030   7B00         MOV     R3,#0x0
   \   000032   12....       LCALL   ??GUI_SetDrawMode?relay
   \   000035   8A..         MOV     ?V0 + 4,R2
   \   000037   8B..         MOV     ?V0 + 5,R3
     44            GUI_SetDrawMode((pPal && pPal->HasTrans) ? (PrevDraw|GUI_DRAWMODE_TRANS) : PrevDraw &(~GUI_DRAWMODE_TRANS));
   \   000039   E5..         MOV     A,?V0 + 6
   \   00003B   45..         ORL     A,?V0 + 7
   \   00003D   6010         JZ      ??GL_DrawBitmap_0
   \   00003F   85..82       MOV     DPL,?V0 + 6
   \   000042   85..83       MOV     DPH,?V0 + 7
   \   000045   A3           INC     DPTR
   \   000046   A3           INC     DPTR
   \   000047   E0           MOVX    A,@DPTR
   \   000048   6005         JZ      ??GL_DrawBitmap_0
   \   00004A   EA           MOV     A,R2
   \   00004B   4402         ORL     A,#0x2
   \   00004D   8003         SJMP    ??GL_DrawBitmap_1
   \                     ??GL_DrawBitmap_0:
   \   00004F   EA           MOV     A,R2
   \   000050   54FD         ANL     A,#0xfd
   \                     ??GL_DrawBitmap_1:
   \   000052   FA           MOV     R2,A
   \   000053                ; Setup parameters for call to function GUI_SetDrawMode
   \   000053   12....       LCALL   ??GUI_SetDrawMode?relay
     45            if (pBitmap->pMethods) {
   \   000056   12....       LCALL   ?Subroutine0 & 0xFFFF
   \                     ??CrossCallReturnLabel_0:
   \   000059   F9           MOV     R1,A
   \   00005A   E8           MOV     A,R0
   \   00005B   49           ORL     A,R1
   \   00005C   606A         JZ      ??GL_DrawBitmap_2
     46              #if GUI_COMPILER_SUPPORTS_FP      /* Do not support this on VERY simple chips and compilers */
     47                pBitmap->pMethods->pfDraw(x0, y0, pBitmap->XSize ,pBitmap->YSize, (U8 const *)pBitmap->pData, pBitmap->pPal, 1, 1);
   \   00005E                ; Setup parameters for indirect call
   \   00005E   75..01       MOV     ?V0 + 6,#0x1
   \   000061   75..00       MOV     ?V0 + 7,#0x0
   \   000064   78..         MOV     R0,#?V0 + 6
   \   000066   12....       LCALL   ?PUSH_XSTACK_I_TWO
   \   000069   78..         MOV     R0,#?V0 + 6
   \   00006B   12....       LCALL   ?PUSH_XSTACK_I_TWO
   \   00006E   85..82       MOV     DPL,?V0 + 2
   \   000071   85..83       MOV     DPH,?V0 + 3
   \   000074   A3           INC     DPTR
   \   000075   A3           INC     DPTR
   \   000076   A3           INC     DPTR
   \   000077   A3           INC     DPTR
   \   000078   A3           INC     DPTR
   \   000079   A3           INC     DPTR
   \   00007A   A3           INC     DPTR
   \   00007B   A3           INC     DPTR
   \   00007C   A3           INC     DPTR
   \   00007D   A3           INC     DPTR
   \   00007E   12....       LCALL   ?PUSH_XSTACK8_X_TWO
   \   000081   85..82       MOV     DPL,?V0 + 2
   \   000084   85..83       MOV     DPH,?V0 + 3
   \   000087   A3           INC     DPTR
   \   000088   A3           INC     DPTR
   \   000089   A3           INC     DPTR
   \   00008A   A3           INC     DPTR
   \   00008B   A3           INC     DPTR
   \   00008C   A3           INC     DPTR
   \   00008D   A3           INC     DPTR
   \   00008E   A3           INC     DPTR
   \   00008F   12....       LCALL   ?PUSH_XSTACK8_X_TWO
   \   000092   85..82       MOV     DPL,?V0 + 2
   \   000095   85..83       MOV     DPH,?V0 + 3
   \   000098   A3           INC     DPTR
   \   000099   A3           INC     DPTR
   \   00009A   12....       LCALL   ?PUSH_XSTACK8_X_TWO
   \   00009D   85..82       MOV     DPL,?V0 + 2
   \   0000A0   85..83       MOV     DPH,?V0 + 3
   \   0000A3   12....       LCALL   ?PUSH_XSTACK8_X_TWO
   \   0000A6   AC..         MOV     R4,?V0 + 0
   \   0000A8   AD..         MOV     R5,?V0 + 1
   \   0000AA   EE           MOV     A,R6
   \   0000AB   FA           MOV     R2,A
   \   0000AC   EF           MOV     A,R7
   \   0000AD   FB           MOV     R3,A
   \   0000AE   12....       LCALL   ?Subroutine0 & 0xFFFF
     48              #endif
     49            } else {
   \                     ??CrossCallReturnLabel_1:
   \   0000B1   F583         MOV     DPH,A
   \   0000B3   8882         MOV     DPL,R0
   \   0000B5   E0           MOVX    A,@DPTR
   \   0000B6   F8           MOV     R0,A
   \   0000B7   A3           INC     DPTR
   \   0000B8   E0           MOVX    A,@DPTR
   \   0000B9   F583         MOV     DPH,A
   \   0000BB   8882         MOV     DPL,R0
   \   0000BD   12....       LCALL   ?CALL_IND
   \   0000C0   740C         MOV     A,#0xc
   \   0000C2   12....       LCALL   ?DEALLOC_XSTACK8
   \   0000C5   02....       LJMP    ??GL_DrawBitmap_3 & 0xFFFF
     50              const LCD_PIXELINDEX* pTrans;
     51              pTrans = LCD_GetpPalConvTable(pBitmap->pPal);
   \                     ??GL_DrawBitmap_2:
   \   0000C8                ; Setup parameters for call to function LCD_GetpPalConvTable
   \   0000C8   85..82       MOV     DPL,?V0 + 2
   \   0000CB   85..83       MOV     DPH,?V0 + 3
   \   0000CE   A3           INC     DPTR
   \   0000CF   A3           INC     DPTR
   \   0000D0   A3           INC     DPTR
   \   0000D1   A3           INC     DPTR
   \   0000D2   A3           INC     DPTR
   \   0000D3   A3           INC     DPTR
   \   0000D4   A3           INC     DPTR
   \   0000D5   A3           INC     DPTR
   \   0000D6   A3           INC     DPTR
   \   0000D7   A3           INC     DPTR
   \   0000D8   E0           MOVX    A,@DPTR
   \   0000D9   FA           MOV     R2,A
   \   0000DA   A3           INC     DPTR
   \   0000DB   E0           MOVX    A,@DPTR
   \   0000DC   FB           MOV     R3,A
   \   0000DD   12....       LCALL   ??LCD_GetpPalConvTable?relay
   \   0000E0   8A..         MOV     ?V0 + 6,R2
   \   0000E2   8B..         MOV     ?V0 + 7,R3
     52              if (!pTrans) {
   \   0000E4   EA           MOV     A,R2
   \   0000E5   45..         ORL     A,?V0 + 7
   \   0000E7   7023         JNZ     ??GL_DrawBitmap_4
     53                pTrans = (pBitmap->BitsPerPixel != 1) ? NULL : &LCD_BKCOLORINDEX;
   \   0000E9   85..82       MOV     DPL,?V0 + 2
   \   0000EC   85..83       MOV     DPH,?V0 + 3
   \   0000EF   A3           INC     DPTR
   \   0000F0   A3           INC     DPTR
   \   0000F1   A3           INC     DPTR
   \   0000F2   A3           INC     DPTR
   \   0000F3   A3           INC     DPTR
   \   0000F4   A3           INC     DPTR
   \   0000F5   E0           MOVX    A,@DPTR
   \   0000F6   6401         XRL     A,#0x1
   \   0000F8   7002         JNZ     ??GL_DrawBitmap_5
   \   0000FA   A3           INC     DPTR
   \   0000FB   E0           MOVX    A,@DPTR
   \                     ??GL_DrawBitmap_5:
   \   0000FC   6008         JZ      ??GL_DrawBitmap_6
   \   0000FE   75..00       MOV     ?V0 + 6,#0x0
   \   000101   75..00       MOV     ?V0 + 7,#0x0
   \   000104   8006         SJMP    ??GL_DrawBitmap_4
   \                     ??GL_DrawBitmap_6:
   \   000106   75....       MOV     ?V0 + 6,#GUI_Context & 0xff
   \   000109   75....       MOV     ?V0 + 7,#(GUI_Context >> 8) & 0xff
     54              }
     55              LCD_DrawBitmap( x0,y0
     56                              ,pBitmap->XSize ,pBitmap->YSize
     57                              ,1,1
     58                              ,pBitmap->BitsPerPixel
     59                              ,pBitmap->BytesPerLine
     60                              ,pBitmap->pData
     61                              ,pTrans);
   \                     ??GL_DrawBitmap_4:
   \   00010C                ; Setup parameters for call to function LCD_DrawBitmap
   \   00010C   78..         MOV     R0,#?V0 + 6
   \   00010E   12....       LCALL   ?PUSH_XSTACK_I_TWO
   \   000111   85..82       MOV     DPL,?V0 + 2
   \   000114   85..83       MOV     DPH,?V0 + 3
   \   000117   A3           INC     DPTR
   \   000118   A3           INC     DPTR
   \   000119   A3           INC     DPTR
   \   00011A   A3           INC     DPTR
   \   00011B   A3           INC     DPTR
   \   00011C   A3           INC     DPTR
   \   00011D   A3           INC     DPTR
   \   00011E   A3           INC     DPTR
   \   00011F   12....       LCALL   ?PUSH_XSTACK8_X_TWO
   \   000122   85..82       MOV     DPL,?V0 + 2
   \   000125   85..83       MOV     DPH,?V0 + 3
   \   000128   A3           INC     DPTR
   \   000129   A3           INC     DPTR
   \   00012A   A3           INC     DPTR
   \   00012B   A3           INC     DPTR
   \   00012C   12....       LCALL   ?PUSH_XSTACK8_X_TWO
   \   00012F   85..82       MOV     DPL,?V0 + 2
   \   000132   85..83       MOV     DPH,?V0 + 3
   \   000135   A3           INC     DPTR
   \   000136   A3           INC     DPTR
   \   000137   A3           INC     DPTR
   \   000138   A3           INC     DPTR
   \   000139   A3           INC     DPTR
   \   00013A   A3           INC     DPTR
   \   00013B   12....       LCALL   ?PUSH_XSTACK8_X_TWO
   \   00013E   75..01       MOV     ?V0 + 6,#0x1
   \   000141   75..00       MOV     ?V0 + 7,#0x0
   \   000144   78..         MOV     R0,#?V0 + 6
   \   000146   12....       LCALL   ?PUSH_XSTACK_I_TWO
   \   000149   78..         MOV     R0,#?V0 + 6
   \   00014B   12....       LCALL   ?PUSH_XSTACK_I_TWO
   \   00014E   85..82       MOV     DPL,?V0 + 2
   \   000151   85..83       MOV     DPH,?V0 + 3
   \   000154   A3           INC     DPTR
   \   000155   A3           INC     DPTR
   \   000156   12....       LCALL   ?PUSH_XSTACK8_X_TWO
   \   000159   85..82       MOV     DPL,?V0 + 2
   \   00015C   85..83       MOV     DPH,?V0 + 3
   \   00015F   12....       LCALL   ?PUSH_XSTACK8_X_TWO
   \   000162   AC..         MOV     R4,?V0 + 0
   \   000164   AD..         MOV     R5,?V0 + 1
   \   000166   EE           MOV     A,R6
   \   000167   FA           MOV     R2,A
   \   000168   EF           MOV     A,R7
   \   000169   FB           MOV     R3,A
   \   00016A   12....       LCALL   ??LCD_DrawBitmap?relay
   \   00016D   7410         MOV     A,#0x10
   \   00016F   12....       LCALL   ?DEALLOC_XSTACK8
     62            }
     63            GUI_SetDrawMode(PrevDraw);
   \                     ??GL_DrawBitmap_3:
   \   000172                ; Setup parameters for call to function GUI_SetDrawMode
   \   000172   AA..         MOV     R2,?V0 + 4
   \   000174   AB..         MOV     R3,?V0 + 5
   \   000176   12....       LCALL   ??GUI_SetDrawMode?relay
     64          }
   \   000179   7F0A         MOV     R7,#0xa
   \   00017B   02....       LJMP    ?BANKED_LEAVE_XDATA

   \                                 In  segment BANKED_CODE, align 1, keep-with-next
   \                     ?Subroutine0:
   \   000000   E5..         MOV     A,?V0 + 2
   \   000002   240C         ADD     A,#0xc
   \   000004   F582         MOV     DPL,A
   \   000006   E5..         MOV     A,?V0 + 3
   \   000008   3400         ADDC    A,#0x0
   \   00000A   F583         MOV     DPH,A
   \   00000C   E0           MOVX    A,@DPTR
   \   00000D   F8           MOV     R0,A
   \   00000E   A3           INC     DPTR
   \   00000F   E0           MOVX    A,@DPTR
   \   000010   22           RET
     65          
     66          /*********************************************************************
     67          *
     68          *       GUI_DrawBitmap
     69          */

   \                                 In  segment BANKED_CODE, align 1, keep-with-next
     70          void GUI_DrawBitmap(const GUI_BITMAP GUI_UNI_PTR * pBitmap, int x0, int y0) {
   \                     GUI_DrawBitmap:
   \   000000   74F6         MOV     A,#-0xa
   \   000002   12....       LCALL   ?BANKED_ENTER_XDATA
   \   000005                ; Saved register size: 10
   \   000005                ; Auto size: 0
   \   000005   740A         MOV     A,#0xa
   \   000007   12....       LCALL   ?XSTACK_DISP0_8
   \   00000A   E0           MOVX    A,@DPTR
   \   00000B   F5..         MOV     ?V0 + 0,A
   \   00000D   A3           INC     DPTR
   \   00000E   E0           MOVX    A,@DPTR
   \   00000F   F5..         MOV     ?V0 + 1,A
     71            #if (GUI_WINSUPPORT)
     72              GUI_RECT r;
     73            #endif
     74            halIntState_t state;
     75            GUI_LOCK(state);
   \   000011   E5A8         MOV     A,0xa8
   \   000013   FE           MOV     R6,A
   \   000014   C2AF         CLR     0xa8.7
     76            #if (GUI_WINSUPPORT)
     77              WM_ADDORG(x0,y0);
     78              r.x1 = (r.x0 = x0) + pBitmap->XSize-1;
     79              r.y1 = (r.y0 = y0) + pBitmap->YSize-1;
     80              WM_ITERATE_START(&r) {
     81            #endif
     82            GL_DrawBitmap(pBitmap, x0, y0);
   \   000016                ; Setup parameters for call to function GL_DrawBitmap
   \   000016   78..         MOV     R0,#?V0 + 0
   \   000018   12....       LCALL   ?PUSH_XSTACK_I_TWO
   \   00001B   12....       LCALL   ??GL_DrawBitmap?relay
   \   00001E   7402         MOV     A,#0x2
   \   000020   12....       LCALL   ?DEALLOC_XSTACK8
     83            #if (GUI_WINSUPPORT)
     84              } WM_ITERATE_END();
     85            #endif
     86            GUI_UNLOCK(state);
   \   000023   EE           MOV     A,R6
   \   000024   A2E7         MOV     C,0xE0 /* A   */.7
   \   000026   92AF         MOV     0xa8.7,C
     87          }
   \   000028   7F02         MOV     R7,#0x2
   \   00002A   02....       LJMP    ?BANKED_LEAVE_XDATA
   \   00002D                REQUIRE _A_IEN0

   \                                 In  segment BANK_RELAYS, align 1
   \                     ??GL_DrawBitmap?relay:
   \   000000   12....       LCALL   ?BDISPATCH
   \   000003   ......       DC24    GL_DrawBitmap

   \                                 In  segment BANK_RELAYS, align 1
   \                     ??GUI_DrawBitmap?relay:
   \   000000   12....       LCALL   ?BDISPATCH
   \   000003   ......       DC24    GUI_DrawBitmap
     88          
     89          /*************************** End of file ****************************/

   Maximum stack usage in bytes:

     Function                  ISTACK PSTACK XSTACK
     --------                  ------ ------ ------
     GL_DrawBitmap                 0      0     46
       -> GUI_SetDrawMode          0      0     36
       -> GUI_SetDrawMode          0      0     36
       -> LCD_GetpPalConvTable     0      0     36
       -> LCD_DrawBitmap           0      0     68
       -> GUI_SetDrawMode          0      0     36
     GUI_DrawBitmap                0      0     14
       -> GL_DrawBitmap            0      0     24


   Segment part sizes:

     Function/Label         Bytes
     --------------         -----
     _A_IEN0                   1
     GL_DrawBitmap           382
     ?Subroutine0             17
     GUI_DrawBitmap           45
     ??GL_DrawBitmap?relay     6
     ??GUI_DrawBitmap?relay    6

 
 444 bytes in segment BANKED_CODE
  12 bytes in segment BANK_RELAYS
   1 byte  in segment SFR_AN
 
 456 bytes of CODE memory
   0 bytes of DATA memory (+ 1 byte shared)

Errors: none
Warnings: none
