###############################################################################
#                                                                             #
# IAR C/C++ Compiler V8.10.1.10194/W32 for 8051         14/Jun/2016  16:18:44 #
# Copyright 2004-2011 IAR Systems AB.                                         #
#                                                                             #
#    Core               =  plain                                              #
#    Code model         =  banked                                             #
#    Data model         =  large                                              #
#    Calling convention =  xdata reentrant                                    #
#    Constant location  =  data_rom                                           #
#    Dptr setup         =  1,16                                               #
#    Source file        =  F:\นโลฬืสมฯ\ETC-WSNฮ๏มชอ๘นโลฬืสมฯ210\ZigBeeอ๘ย็\WS #
#                          N-CSิดย๋\ZStack-CC2530-2.5.1a\Components\uCGUI\Cor #
#                          e\GUI_ALLOC_AllocInit.c                            #
#    Command line       =  -f F:\นโลฬืสมฯ\ETC-WSNฮ๏มชอ๘นโลฬืสมฯ210\ZigBeeอ๘ย็ #
#                          \WSN-CSิดย๋\ZStack-CC2530-2.5.1a\Projects\zstack\U #
#                          tilities\SerialApp\CC2530DB\..\..\..\Tools\CC2530D #
#                          B\f8wCoord.cfg (-DCPU32MHZ -DROOT=__near_func      #
#                          -DMAC_CFG_APP_PENDING_QUEUE=TRUE                   #
#                          -DMAC_CFG_TX_DATA_MAX=5 -DMAC_CFG_TX_MAX=8         #
#                          -DMAC_CFG_RX_MAX=5 -DZDO_COORDINATOR -DRTR_NWK)    #
#                          -f F:\นโลฬืสมฯ\ETC-WSNฮ๏มชอ๘นโลฬืสมฯ210\ZigBeeอ๘ย็ #
#                          \WSN-CSิดย๋\ZStack-CC2530-2.5.1a\Projects\zstack\U #
#                          tilities\SerialApp\CC2530DB\..\..\..\Tools\CC2530D #
#                          B\f8wConfig.cfg (-DZIGBEEPRO -DSECURE=0            #
#                          -DZG_SECURE_DYNAMIC=0 -DREFLECTOR                  #
#                          -DDEFAULT_CHANLIST=0x00000800                      #
#                          -DZDAPP_CONFIG_PAN_ID=0x1001                       #
#                          -DNWK_START_DELAY=100 -DEXTENDED_JOINING_RANDOM_MA #
#                          SK=0x007F -DBEACON_REQUEST_DELAY=100               #
#                          -DBEACON_REQ_DELAY_MASK=0x00FF                     #
#                          -DLINK_STATUS_JITTER_MASK=0x007F                   #
#                          -DROUTE_EXPIRY_TIME=30 -DAPSC_ACK_WAIT_DURATION_PO #
#                          LLED=3000 -DNWK_INDIRECT_MSG_TIMEOUT=7             #
#                          -DMAX_RREQ_ENTRIES=8 -DAPSC_MAX_FRAME_RETRIES=3    #
#                          -DNWK_MAX_DATA_RETRIES=2                           #
#                          -DMAX_POLL_FAILURE_RETRIES=2 -DMAX_BCAST=9         #
#                          -DAPS_MAX_GROUPS=16 -DMAX_RTG_ENTRIES=40           #
#                          -DNWK_MAX_BINDING_ENTRIES=4                        #
#                          -DMAX_BINDING_CLUSTER_IDS=4 "-DDEFAULT_KEY={0x01,  #
#                          0x03, 0x05, 0x07, 0x09, 0x0B, 0x0D, 0x0F, 0x00,    #
#                          0x02, 0x04, 0x06, 0x08, 0x0A, 0x0C, 0x0D}"         #
#                          -DMAC_MAX_FRAME_SIZE=116                           #
#                          -DZDNWKMGR_MIN_TRANSMISSIONS=20 "-DCONST=const     #
#                          __code" -DGENERIC=__generic                        #
#                          -DRFD_RCVC_ALWAYS_ON=FALSE -DPOLL_RATE=1000        #
#                          -DQUEUED_POLL_RATE=100 -DRESPONSE_POLL_RATE=100)   #
#                          -DREJOIN_POLL_RATE=440 F:\นโลฬืสมฯ\ETC-WSNฮ๏มชอ๘นโ #
#                          ลฬืสมฯ210\ZigBeeอ๘ย็\WSN-CSิดย๋\ZStack-CC2530-2.5. #
#                          1a\Components\uCGUI\Core\GUI_ALLOC_AllocInit.c -D  #
#                          HAL_UART=TRUE -D SERIAL_APP_PORT=0 -D COOR -D      #
#                          LCD_SUPPORTED -D NV_INIT -lC                       #
#                          F:\นโลฬืสมฯ\ETC-WSNฮ๏มชอ๘นโลฬืสมฯ210\ZigBeeอ๘ย็\WS #
#                          N-CSิดย๋\ZStack-CC2530-2.5.1a\Projects\zstack\Util #
#                          ities\SerialApp\CC2530DB\CoordinatorEB\List\ -lA   #
#                          F:\นโลฬืสมฯ\ETC-WSNฮ๏มชอ๘นโลฬืสมฯ210\ZigBeeอ๘ย็\WS #
#                          N-CSิดย๋\ZStack-CC2530-2.5.1a\Projects\zstack\Util #
#                          ities\SerialApp\CC2530DB\CoordinatorEB\List\       #
#                          --diag_suppress Pe001,Pa010 -o                     #
#                          F:\นโลฬืสมฯ\ETC-WSNฮ๏มชอ๘นโลฬืสมฯ210\ZigBeeอ๘ย็\WS #
#                          N-CSิดย๋\ZStack-CC2530-2.5.1a\Projects\zstack\Util #
#                          ities\SerialApp\CC2530DB\CoordinatorEB\Obj\ -e     #
#                          --no_code_motion --debug --core=plain --dptr=16,1  #
#                          --data_model=large --code_model=banked             #
#                          --calling_convention=xdata_reentrant               #
#                          --place_constants=data_rom --nr_virtual_regs 16    #
#                          -I F:\นโลฬืสมฯ\ETC-WSNฮ๏มชอ๘นโลฬืสมฯ210\ZigBeeอ๘ย็ #
#                          \WSN-CSิดย๋\ZStack-CC2530-2.5.1a\Projects\zstack\U #
#                          tilities\SerialApp\CC2530DB\ -I                    #
#                          F:\นโลฬืสมฯ\ETC-WSNฮ๏มชอ๘นโลฬืสมฯ210\ZigBeeอ๘ย็\WS #
#                          N-CSิดย๋\ZStack-CC2530-2.5.1a\Projects\zstack\Util #
#                          ities\SerialApp\CC2530DB\..\Public\ -I             #
#                          F:\นโลฬืสมฯ\ETC-WSNฮ๏มชอ๘นโลฬืสมฯ210\ZigBeeอ๘ย็\WS #
#                          N-CSิดย๋\ZStack-CC2530-2.5.1a\Projects\zstack\Util #
#                          ities\SerialApp\CC2530DB\..\..\..\..\..\Components #
#                          \uCGUI\Core\ -I F:\นโลฬืสมฯ\ETC-WSNฮ๏มชอ๘นโลฬืสมฯ2 #
#                          10\ZigBeeอ๘ย็\WSN-CSิดย๋\ZStack-CC2530-2.5.1a\Proj #
#                          ects\zstack\Utilities\SerialApp\CC2530DB\..\..\..\ #
#                          ..\..\Components\uCGUI\MultiLayer\ -I              #
#                          F:\นโลฬืสมฯ\ETC-WSNฮ๏มชอ๘นโลฬืสมฯ210\ZigBeeอ๘ย็\WS #
#                          N-CSิดย๋\ZStack-CC2530-2.5.1a\Projects\zstack\Util #
#                          ities\SerialApp\CC2530DB\..\..\..\..\..\Components #
#                          \uCGUI\Config\ -I F:\นโลฬืสมฯ\ETC-WSNฮ๏มชอ๘นโลฬืสม #
#                          ฯ210\ZigBeeอ๘ย็\WSN-CSิดย๋\ZStack-CC2530-2.5.1a\Pr #
#                          ojects\zstack\Utilities\SerialApp\CC2530DB\..\Coor #
#                          dinator\ -I F:\นโลฬืสมฯ\ETC-WSNฮ๏มชอ๘นโลฬืสมฯ210\Z #
#                          igBeeอ๘ย็\WSN-CSิดย๋\ZStack-CC2530-2.5.1a\Projects #
#                          \zstack\Utilities\SerialApp\CC2530DB\..\..\..\ZMai #
#                          n\TI2530DB\ -I F:\นโลฬืสมฯ\ETC-WSNฮ๏มชอ๘นโลฬืสมฯ21 #
#                          0\ZigBeeอ๘ย็\WSN-CSิดย๋\ZStack-CC2530-2.5.1a\Proje #
#                          cts\zstack\Utilities\SerialApp\CC2530DB\..\..\..\. #
#                          .\..\Components\hal\include\ -I                    #
#                          F:\นโลฬืสมฯ\ETC-WSNฮ๏มชอ๘นโลฬืสมฯ210\ZigBeeอ๘ย็\WS #
#                          N-CSิดย๋\ZStack-CC2530-2.5.1a\Projects\zstack\Util #
#                          ities\SerialApp\CC2530DB\..\..\..\..\..\Components #
#                          \hal\target\CC2530EB\ -I                           #
#                          F:\นโลฬืสมฯ\ETC-WSNฮ๏มชอ๘นโลฬืสมฯ210\ZigBeeอ๘ย็\WS #
#                          N-CSิดย๋\ZStack-CC2530-2.5.1a\Projects\zstack\Util #
#                          ities\SerialApp\CC2530DB\..\..\..\..\..\Components #
#                          \mac\include\ -I F:\นโลฬืสมฯ\ETC-WSNฮ๏มชอ๘นโลฬืสมฯ #
#                          210\ZigBeeอ๘ย็\WSN-CSิดย๋\ZStack-CC2530-2.5.1a\Pro #
#                          jects\zstack\Utilities\SerialApp\CC2530DB\..\..\.. #
#                          \..\..\Components\mac\high_level\ -I               #
#                          F:\นโลฬืสมฯ\ETC-WSNฮ๏มชอ๘นโลฬืสมฯ210\ZigBeeอ๘ย็\WS #
#                          N-CSิดย๋\ZStack-CC2530-2.5.1a\Projects\zstack\Util #
#                          ities\SerialApp\CC2530DB\..\..\..\..\..\Components #
#                          \mac\low_level\srf04\ -I                           #
#                          F:\นโลฬืสมฯ\ETC-WSNฮ๏มชอ๘นโลฬืสมฯ210\ZigBeeอ๘ย็\WS #
#                          N-CSิดย๋\ZStack-CC2530-2.5.1a\Projects\zstack\Util #
#                          ities\SerialApp\CC2530DB\..\..\..\..\..\Components #
#                          \mac\low_level\srf04\single_chip\ -I               #
#                          F:\นโลฬืสมฯ\ETC-WSNฮ๏มชอ๘นโลฬืสมฯ210\ZigBeeอ๘ย็\WS #
#                          N-CSิดย๋\ZStack-CC2530-2.5.1a\Projects\zstack\Util #
#                          ities\SerialApp\CC2530DB\..\..\..\..\..\Components #
#                          \mt\ -I F:\นโลฬืสมฯ\ETC-WSNฮ๏มชอ๘นโลฬืสมฯ210\ZigBe #
#                          eอ๘ย็\WSN-CSิดย๋\ZStack-CC2530-2.5.1a\Projects\zst #
#                          ack\Utilities\SerialApp\CC2530DB\..\..\..\..\..\Co #
#                          mponents\osal\include\ -I                          #
#                          F:\นโลฬืสมฯ\ETC-WSNฮ๏มชอ๘นโลฬืสมฯ210\ZigBeeอ๘ย็\WS #
#                          N-CSิดย๋\ZStack-CC2530-2.5.1a\Projects\zstack\Util #
#                          ities\SerialApp\CC2530DB\..\..\..\..\..\Components #
#                          \services\saddr\ -I F:\นโลฬืสมฯ\ETC-WSNฮ๏มชอ๘นโลฬื #
#                          สมฯ210\ZigBeeอ๘ย็\WSN-CSิดย๋\ZStack-CC2530-2.5.1a\ #
#                          Projects\zstack\Utilities\SerialApp\CC2530DB\..\.. #
#                          \..\..\..\Components\services\sdata\ -I            #
#                          F:\นโลฬืสมฯ\ETC-WSNฮ๏มชอ๘นโลฬืสมฯ210\ZigBeeอ๘ย็\WS #
#                          N-CSิดย๋\ZStack-CC2530-2.5.1a\Projects\zstack\Util #
#                          ities\SerialApp\CC2530DB\..\..\..\..\..\Components #
#                          \stack\af\ -I F:\นโลฬืสมฯ\ETC-WSNฮ๏มชอ๘นโลฬืสมฯ210 #
#                          \ZigBeeอ๘ย็\WSN-CSิดย๋\ZStack-CC2530-2.5.1a\Projec #
#                          ts\zstack\Utilities\SerialApp\CC2530DB\..\..\..\.. #
#                          \..\Components\stack\nwk\ -I                       #
#                          F:\นโลฬืสมฯ\ETC-WSNฮ๏มชอ๘นโลฬืสมฯ210\ZigBeeอ๘ย็\WS #
#                          N-CSิดย๋\ZStack-CC2530-2.5.1a\Projects\zstack\Util #
#                          ities\SerialApp\CC2530DB\..\..\..\..\..\Components #
#                          \stack\sapi\ -I F:\นโลฬืสมฯ\ETC-WSNฮ๏มชอ๘นโลฬืสมฯ2 #
#                          10\ZigBeeอ๘ย็\WSN-CSิดย๋\ZStack-CC2530-2.5.1a\Proj #
#                          ects\zstack\Utilities\SerialApp\CC2530DB\..\..\..\ #
#                          ..\..\Components\stack\sec\ -I                     #
#                          F:\นโลฬืสมฯ\ETC-WSNฮ๏มชอ๘นโลฬืสมฯ210\ZigBeeอ๘ย็\WS #
#                          N-CSิดย๋\ZStack-CC2530-2.5.1a\Projects\zstack\Util #
#                          ities\SerialApp\CC2530DB\..\..\..\..\..\Components #
#                          \stack\sys\ -I F:\นโลฬืสมฯ\ETC-WSNฮ๏มชอ๘นโลฬืสมฯ21 #
#                          0\ZigBeeอ๘ย็\WSN-CSิดย๋\ZStack-CC2530-2.5.1a\Proje #
#                          cts\zstack\Utilities\SerialApp\CC2530DB\..\..\..\. #
#                          .\..\Components\stack\zdo\ -I                      #
#                          F:\นโลฬืสมฯ\ETC-WSNฮ๏มชอ๘นโลฬืสมฯ210\ZigBeeอ๘ย็\WS #
#                          N-CSิดย๋\ZStack-CC2530-2.5.1a\Projects\zstack\Util #
#                          ities\SerialApp\CC2530DB\..\..\..\..\..\Components #
#                          \zmac\ -I F:\นโลฬืสมฯ\ETC-WSNฮ๏มชอ๘นโลฬืสมฯ210\Zig #
#                          Beeอ๘ย็\WSN-CSิดย๋\ZStack-CC2530-2.5.1a\Projects\z #
#                          stack\Utilities\SerialApp\CC2530DB\..\..\..\..\..\ #
#                          Components\zmac\f8w\ -Ohz --require_prototypes     #
#    List file          =  F:\นโลฬืสมฯ\ETC-WSNฮ๏มชอ๘นโลฬืสมฯ210\ZigBeeอ๘ย็\WS #
#                          N-CSิดย๋\ZStack-CC2530-2.5.1a\Projects\zstack\Util #
#                          ities\SerialApp\CC2530DB\CoordinatorEB\List\GUI_AL #
#                          LOC_AllocInit.lst                                  #
#    Object file        =  F:\นโลฬืสมฯ\ETC-WSNฮ๏มชอ๘นโลฬืสมฯ210\ZigBeeอ๘ย็\WS #
#                          N-CSิดย๋\ZStack-CC2530-2.5.1a\Projects\zstack\Util #
#                          ities\SerialApp\CC2530DB\CoordinatorEB\Obj\GUI_ALL #
#                          OC_AllocInit.r51                                   #
#                                                                             #
#                                                                             #
###############################################################################

F:\นโลฬืสมฯ\ETC-WSNฮ๏มชอ๘นโลฬืสมฯ210\ZigBeeอ๘ย็\WSN-CSิดย๋\ZStack-CC2530-2.5.1a\Components\uCGUI\Core\GUI_ALLOC_AllocInit.c
      1          /*
      2          *********************************************************************************************************
      3          *                                                uC/GUI
      4          *                        Universal graphic software for embedded applications
      5          *
      6          *                       (c) Copyright 2002, Micrium Inc., Weston, FL
      7          *                       (c) Copyright 2002, SEGGER Microcontroller Systeme GmbH
      8          *
      9          *              ตC/GUI is protected by international copyright laws. Knowledge of the
     10          *              source code may not be used to write a similar product. This file may
     11          *              only be used in accordance with a license and should not be redistributed
     12          *              in any way. We appreciate your understanding and fairness.
     13          *
     14          ----------------------------------------------------------------------
     15          File        : GUIAlloc.C
     16          Purpose     : Dynamic memory management
     17          ----------------------------------------------------------------------
     18          */
     19          
     20          #include <stddef.h>           /* needed for definition of NULL */
     21          #include <string.h>           /* for memcpy, memset */
     22          
     23          #include "GUI_Protected.h"

   \                                 In  segment SFR_AN, at 0xa8
   \   union <unnamed> volatile __sfr _A_IEN0
   \                     _A_IEN0:
   \   000000                DS 1
     24          #include "GUIDebug.h"
     25          
     26          /*********************************************************************
     27          *
     28          *       Internal memory management
     29          *
     30          **********************************************************************
     31          */
     32          
     33          /*********************************************************************
     34          *
     35          *       GUI_ALLOC_AllocInit
     36          *
     37          * Purpose:
     38          *   Alloc memory block of the given size and initialize from the given pointer.
     39          *   If the pointer is a NULL pointer, zeroinit
     40          */

   \                                 In  segment BANKED_CODE, align 1, keep-with-next
     41          GUI_HMEM GUI_ALLOC_AllocInit(const void *pInitData, GUI_ALLOC_DATATYPE Size) {
   \                     GUI_ALLOC_AllocInit:
   \   000000   74F0         MOV     A,#-0x10
   \   000002   12....       LCALL   ?BANKED_ENTER_XDATA
   \   000005                ; Saved register size: 16
   \   000005                ; Auto size: 0
   \   000005   8A..         MOV     ?V0 + 0,R2
   \   000007   8B..         MOV     ?V0 + 1,R3
   \   000009   8C..         MOV     ?V0 + 2,R4
   \   00000B   8D..         MOV     ?V0 + 3,R5
     42            GUI_HMEM hMem;
     43            halIntState_t state;
     44            GUI_LOCK(state);
   \   00000D   E5A8         MOV     A,0xa8
   \   00000F   F5..         MOV     ?V0 + 4,A
   \   000011   C2AF         CLR     0xa8.7
     45            if (Size == 0) {
   \   000013   EC           MOV     A,R4
   \   000014   45..         ORL     A,?V0 + 3
   \   000016   7006         JNZ     ??GUI_ALLOC_AllocInit_0
     46              return (GUI_HMEM)0;
   \   000018   7A00         MOV     R2,#0x0
   \   00001A   7B00         MOV     R3,#0x0
   \   00001C   8042         SJMP    ??GUI_ALLOC_AllocInit_1
     47            }
     48            hMem = GUI_ALLOC_AllocNoInit(Size);
   \                     ??GUI_ALLOC_AllocInit_0:
   \   00001E                ; Setup parameters for call to function GUI_ALLOC_AllocNoInit
   \   00001E   AA..         MOV     R2,?V0 + 2
   \   000020   AB..         MOV     R3,?V0 + 3
   \   000022   12....       LCALL   ??GUI_ALLOC_AllocNoInit?relay
   \   000025   8A..         MOV     ?V0 + 6,R2
   \   000027   8B..         MOV     ?V0 + 7,R3
   \   000029   AE..         MOV     R6,?V0 + 6
   \   00002B   AF..         MOV     R7,?V0 + 7
     49            if (hMem) {
   \   00002D   EE           MOV     A,R6
   \   00002E   4F           ORL     A,R7
   \   00002F   6025         JZ      ??GUI_ALLOC_AllocInit_2
     50              void *pMem;
     51              pMem = GUI_ALLOC_h2p(hMem);
   \   000031                ; Setup parameters for call to function GUI_ALLOC_h2p
   \   000031   12....       LCALL   ??GUI_ALLOC_h2p?relay
     52              if (pInitData) {
   \   000034   E5..         MOV     A,?V0 + 0
   \   000036   45..         ORL     A,?V0 + 1
   \   000038   6013         JZ      ??GUI_ALLOC_AllocInit_3
     53                memcpy(pMem, pInitData, Size);
   \   00003A                ; Setup parameters for call to function memcpy
   \   00003A   78..         MOV     R0,#?V0 + 2
   \   00003C   12....       LCALL   ?PUSH_XSTACK_I_TWO
   \   00003F   AC..         MOV     R4,?V0 + 0
   \   000041   AD..         MOV     R5,?V0 + 1
   \   000043   12....       LCALL   ??memcpy?relay
   \   000046   7402         MOV     A,#0x2
   \   000048   12....       LCALL   ?DEALLOC_XSTACK8
   \   00004B   8009         SJMP    ??GUI_ALLOC_AllocInit_2
     54              } else {
     55                GUI_MEMSET((U8*)pMem, 0, Size);
   \                     ??GUI_ALLOC_AllocInit_3:
   \   00004D                ; Setup parameters for call to function GUI__memset
   \   00004D   AC..         MOV     R4,?V0 + 2
   \   00004F   AD..         MOV     R5,?V0 + 3
   \   000051   7900         MOV     R1,#0x0
   \   000053   12....       LCALL   ??GUI__memset?relay
     56              }
     57            }
     58            GUI_UNLOCK(state);
   \                     ??GUI_ALLOC_AllocInit_2:
   \   000056   E5..         MOV     A,?V0 + 4
   \   000058   A2E7         MOV     C,0xE0 /* A   */.7
   \   00005A   92AF         MOV     0xa8.7,C
     59            return hMem;
   \   00005C   EE           MOV     A,R6
   \   00005D   FA           MOV     R2,A
   \   00005E   EF           MOV     A,R7
   \   00005F   FB           MOV     R3,A
   \                     ??GUI_ALLOC_AllocInit_1:
   \   000060   7F08         MOV     R7,#0x8
   \   000062   02....       LJMP    ?BANKED_LEAVE_XDATA
   \   000065                REQUIRE _A_IEN0
     60          }

   \                                 In  segment BANK_RELAYS, align 1
   \                     ??GUI_ALLOC_AllocInit?relay:
   \   000000   12....       LCALL   ?BDISPATCH
   \   000003   ......       DC24    GUI_ALLOC_AllocInit
     61          
     62          /*************************** End of file ****************************/

   Maximum stack usage in bytes:

     Function                   ISTACK PSTACK XSTACK
     --------                   ------ ------ ------
     GUI_ALLOC_AllocInit            0      0     18
       -> GUI_ALLOC_AllocNoInit     0      0     32
       -> GUI_ALLOC_h2p             0      0     32
       -> memcpy                    0      0     36
       -> GUI__memset               0      0     32


   Segment part sizes:

     Function/Label              Bytes
     --------------              -----
     _A_IEN0                        1
     GUI_ALLOC_AllocInit          101
     ??GUI_ALLOC_AllocInit?relay    6

 
 101 bytes in segment BANKED_CODE
   6 bytes in segment BANK_RELAYS
   1 byte  in segment SFR_AN
 
 107 bytes of CODE memory
   0 bytes of DATA memory (+ 1 byte shared)

Errors: none
Warnings: none
