###############################################################################
#                                                                             #
# IAR C/C++ Compiler V8.10.1.10194/W32 for 8051         14/Jun/2016  16:18:39 #
# Copyright 2004-2011 IAR Systems AB.                                         #
#                                                                             #
#    Core               =  plain                                              #
#    Code model         =  banked                                             #
#    Data model         =  large                                              #
#    Calling convention =  xdata reentrant                                    #
#    Constant location  =  data_rom                                           #
#    Dptr setup         =  1,16                                               #
#    Source file        =  F:\¹âÅÌ×ÊÁÏ\ETC-WSNÎïÁªÍø¹âÅÌ×ÊÁÏ210\ZigBeeÍøÂç\WS #
#                          N-CSÔ´Âë\ZStack-CC2530-2.5.1a\Components\uCGUI\Cor #
#                          e\GUI_WaitKey.c                                    #
#    Command line       =  -f F:\¹âÅÌ×ÊÁÏ\ETC-WSNÎïÁªÍø¹âÅÌ×ÊÁÏ210\ZigBeeÍøÂç #
#                          \WSN-CSÔ´Âë\ZStack-CC2530-2.5.1a\Projects\zstack\U #
#                          tilities\SerialApp\CC2530DB\..\..\..\Tools\CC2530D #
#                          B\f8wCoord.cfg (-DCPU32MHZ -DROOT=__near_func      #
#                          -DMAC_CFG_APP_PENDING_QUEUE=TRUE                   #
#                          -DMAC_CFG_TX_DATA_MAX=5 -DMAC_CFG_TX_MAX=8         #
#                          -DMAC_CFG_RX_MAX=5 -DZDO_COORDINATOR -DRTR_NWK)    #
#                          -f F:\¹âÅÌ×ÊÁÏ\ETC-WSNÎïÁªÍø¹âÅÌ×ÊÁÏ210\ZigBeeÍøÂç #
#                          \WSN-CSÔ´Âë\ZStack-CC2530-2.5.1a\Projects\zstack\U #
#                          tilities\SerialApp\CC2530DB\..\..\..\Tools\CC2530D #
#                          B\f8wConfig.cfg (-DZIGBEEPRO -DSECURE=0            #
#                          -DZG_SECURE_DYNAMIC=0 -DREFLECTOR                  #
#                          -DDEFAULT_CHANLIST=0x00000800                      #
#                          -DZDAPP_CONFIG_PAN_ID=0x1001                       #
#                          -DNWK_START_DELAY=100 -DEXTENDED_JOINING_RANDOM_MA #
#                          SK=0x007F -DBEACON_REQUEST_DELAY=100               #
#                          -DBEACON_REQ_DELAY_MASK=0x00FF                     #
#                          -DLINK_STATUS_JITTER_MASK=0x007F                   #
#                          -DROUTE_EXPIRY_TIME=30 -DAPSC_ACK_WAIT_DURATION_PO #
#                          LLED=3000 -DNWK_INDIRECT_MSG_TIMEOUT=7             #
#                          -DMAX_RREQ_ENTRIES=8 -DAPSC_MAX_FRAME_RETRIES=3    #
#                          -DNWK_MAX_DATA_RETRIES=2                           #
#                          -DMAX_POLL_FAILURE_RETRIES=2 -DMAX_BCAST=9         #
#                          -DAPS_MAX_GROUPS=16 -DMAX_RTG_ENTRIES=40           #
#                          -DNWK_MAX_BINDING_ENTRIES=4                        #
#                          -DMAX_BINDING_CLUSTER_IDS=4 "-DDEFAULT_KEY={0x01,  #
#                          0x03, 0x05, 0x07, 0x09, 0x0B, 0x0D, 0x0F, 0x00,    #
#                          0x02, 0x04, 0x06, 0x08, 0x0A, 0x0C, 0x0D}"         #
#                          -DMAC_MAX_FRAME_SIZE=116                           #
#                          -DZDNWKMGR_MIN_TRANSMISSIONS=20 "-DCONST=const     #
#                          __code" -DGENERIC=__generic                        #
#                          -DRFD_RCVC_ALWAYS_ON=FALSE -DPOLL_RATE=1000        #
#                          -DQUEUED_POLL_RATE=100 -DRESPONSE_POLL_RATE=100)   #
#                          -DREJOIN_POLL_RATE=440 F:\¹âÅÌ×ÊÁÏ\ETC-WSNÎïÁªÍø¹â #
#                          ÅÌ×ÊÁÏ210\ZigBeeÍøÂç\WSN-CSÔ´Âë\ZStack-CC2530-2.5. #
#                          1a\Components\uCGUI\Core\GUI_WaitKey.c -D          #
#                          HAL_UART=TRUE -D SERIAL_APP_PORT=0 -D COOR -D      #
#                          LCD_SUPPORTED -D NV_INIT -lC                       #
#                          F:\¹âÅÌ×ÊÁÏ\ETC-WSNÎïÁªÍø¹âÅÌ×ÊÁÏ210\ZigBeeÍøÂç\WS #
#                          N-CSÔ´Âë\ZStack-CC2530-2.5.1a\Projects\zstack\Util #
#                          ities\SerialApp\CC2530DB\CoordinatorEB\List\ -lA   #
#                          F:\¹âÅÌ×ÊÁÏ\ETC-WSNÎïÁªÍø¹âÅÌ×ÊÁÏ210\ZigBeeÍøÂç\WS #
#                          N-CSÔ´Âë\ZStack-CC2530-2.5.1a\Projects\zstack\Util #
#                          ities\SerialApp\CC2530DB\CoordinatorEB\List\       #
#                          --diag_suppress Pe001,Pa010 -o                     #
#                          F:\¹âÅÌ×ÊÁÏ\ETC-WSNÎïÁªÍø¹âÅÌ×ÊÁÏ210\ZigBeeÍøÂç\WS #
#                          N-CSÔ´Âë\ZStack-CC2530-2.5.1a\Projects\zstack\Util #
#                          ities\SerialApp\CC2530DB\CoordinatorEB\Obj\ -e     #
#                          --no_code_motion --debug --core=plain --dptr=16,1  #
#                          --data_model=large --code_model=banked             #
#                          --calling_convention=xdata_reentrant               #
#                          --place_constants=data_rom --nr_virtual_regs 16    #
#                          -I F:\¹âÅÌ×ÊÁÏ\ETC-WSNÎïÁªÍø¹âÅÌ×ÊÁÏ210\ZigBeeÍøÂç #
#                          \WSN-CSÔ´Âë\ZStack-CC2530-2.5.1a\Projects\zstack\U #
#                          tilities\SerialApp\CC2530DB\ -I                    #
#                          F:\¹âÅÌ×ÊÁÏ\ETC-WSNÎïÁªÍø¹âÅÌ×ÊÁÏ210\ZigBeeÍøÂç\WS #
#                          N-CSÔ´Âë\ZStack-CC2530-2.5.1a\Projects\zstack\Util #
#                          ities\SerialApp\CC2530DB\..\Public\ -I             #
#                          F:\¹âÅÌ×ÊÁÏ\ETC-WSNÎïÁªÍø¹âÅÌ×ÊÁÏ210\ZigBeeÍøÂç\WS #
#                          N-CSÔ´Âë\ZStack-CC2530-2.5.1a\Projects\zstack\Util #
#                          ities\SerialApp\CC2530DB\..\..\..\..\..\Components #
#                          \uCGUI\Core\ -I F:\¹âÅÌ×ÊÁÏ\ETC-WSNÎïÁªÍø¹âÅÌ×ÊÁÏ2 #
#                          10\ZigBeeÍøÂç\WSN-CSÔ´Âë\ZStack-CC2530-2.5.1a\Proj #
#                          ects\zstack\Utilities\SerialApp\CC2530DB\..\..\..\ #
#                          ..\..\Components\uCGUI\MultiLayer\ -I              #
#                          F:\¹âÅÌ×ÊÁÏ\ETC-WSNÎïÁªÍø¹âÅÌ×ÊÁÏ210\ZigBeeÍøÂç\WS #
#                          N-CSÔ´Âë\ZStack-CC2530-2.5.1a\Projects\zstack\Util #
#                          ities\SerialApp\CC2530DB\..\..\..\..\..\Components #
#                          \uCGUI\Config\ -I F:\¹âÅÌ×ÊÁÏ\ETC-WSNÎïÁªÍø¹âÅÌ×ÊÁ #
#                          Ï210\ZigBeeÍøÂç\WSN-CSÔ´Âë\ZStack-CC2530-2.5.1a\Pr #
#                          ojects\zstack\Utilities\SerialApp\CC2530DB\..\Coor #
#                          dinator\ -I F:\¹âÅÌ×ÊÁÏ\ETC-WSNÎïÁªÍø¹âÅÌ×ÊÁÏ210\Z #
#                          igBeeÍøÂç\WSN-CSÔ´Âë\ZStack-CC2530-2.5.1a\Projects #
#                          \zstack\Utilities\SerialApp\CC2530DB\..\..\..\ZMai #
#                          n\TI2530DB\ -I F:\¹âÅÌ×ÊÁÏ\ETC-WSNÎïÁªÍø¹âÅÌ×ÊÁÏ21 #
#                          0\ZigBeeÍøÂç\WSN-CSÔ´Âë\ZStack-CC2530-2.5.1a\Proje #
#                          cts\zstack\Utilities\SerialApp\CC2530DB\..\..\..\. #
#                          .\..\Components\hal\include\ -I                    #
#                          F:\¹âÅÌ×ÊÁÏ\ETC-WSNÎïÁªÍø¹âÅÌ×ÊÁÏ210\ZigBeeÍøÂç\WS #
#                          N-CSÔ´Âë\ZStack-CC2530-2.5.1a\Projects\zstack\Util #
#                          ities\SerialApp\CC2530DB\..\..\..\..\..\Components #
#                          \hal\target\CC2530EB\ -I                           #
#                          F:\¹âÅÌ×ÊÁÏ\ETC-WSNÎïÁªÍø¹âÅÌ×ÊÁÏ210\ZigBeeÍøÂç\WS #
#                          N-CSÔ´Âë\ZStack-CC2530-2.5.1a\Projects\zstack\Util #
#                          ities\SerialApp\CC2530DB\..\..\..\..\..\Components #
#                          \mac\include\ -I F:\¹âÅÌ×ÊÁÏ\ETC-WSNÎïÁªÍø¹âÅÌ×ÊÁÏ #
#                          210\ZigBeeÍøÂç\WSN-CSÔ´Âë\ZStack-CC2530-2.5.1a\Pro #
#                          jects\zstack\Utilities\SerialApp\CC2530DB\..\..\.. #
#                          \..\..\Components\mac\high_level\ -I               #
#                          F:\¹âÅÌ×ÊÁÏ\ETC-WSNÎïÁªÍø¹âÅÌ×ÊÁÏ210\ZigBeeÍøÂç\WS #
#                          N-CSÔ´Âë\ZStack-CC2530-2.5.1a\Projects\zstack\Util #
#                          ities\SerialApp\CC2530DB\..\..\..\..\..\Components #
#                          \mac\low_level\srf04\ -I                           #
#                          F:\¹âÅÌ×ÊÁÏ\ETC-WSNÎïÁªÍø¹âÅÌ×ÊÁÏ210\ZigBeeÍøÂç\WS #
#                          N-CSÔ´Âë\ZStack-CC2530-2.5.1a\Projects\zstack\Util #
#                          ities\SerialApp\CC2530DB\..\..\..\..\..\Components #
#                          \mac\low_level\srf04\single_chip\ -I               #
#                          F:\¹âÅÌ×ÊÁÏ\ETC-WSNÎïÁªÍø¹âÅÌ×ÊÁÏ210\ZigBeeÍøÂç\WS #
#                          N-CSÔ´Âë\ZStack-CC2530-2.5.1a\Projects\zstack\Util #
#                          ities\SerialApp\CC2530DB\..\..\..\..\..\Components #
#                          \mt\ -I F:\¹âÅÌ×ÊÁÏ\ETC-WSNÎïÁªÍø¹âÅÌ×ÊÁÏ210\ZigBe #
#                          eÍøÂç\WSN-CSÔ´Âë\ZStack-CC2530-2.5.1a\Projects\zst #
#                          ack\Utilities\SerialApp\CC2530DB\..\..\..\..\..\Co #
#                          mponents\osal\include\ -I                          #
#                          F:\¹âÅÌ×ÊÁÏ\ETC-WSNÎïÁªÍø¹âÅÌ×ÊÁÏ210\ZigBeeÍøÂç\WS #
#                          N-CSÔ´Âë\ZStack-CC2530-2.5.1a\Projects\zstack\Util #
#                          ities\SerialApp\CC2530DB\..\..\..\..\..\Components #
#                          \services\saddr\ -I F:\¹âÅÌ×ÊÁÏ\ETC-WSNÎïÁªÍø¹âÅÌ× #
#                          ÊÁÏ210\ZigBeeÍøÂç\WSN-CSÔ´Âë\ZStack-CC2530-2.5.1a\ #
#                          Projects\zstack\Utilities\SerialApp\CC2530DB\..\.. #
#                          \..\..\..\Components\services\sdata\ -I            #
#                          F:\¹âÅÌ×ÊÁÏ\ETC-WSNÎïÁªÍø¹âÅÌ×ÊÁÏ210\ZigBeeÍøÂç\WS #
#                          N-CSÔ´Âë\ZStack-CC2530-2.5.1a\Projects\zstack\Util #
#                          ities\SerialApp\CC2530DB\..\..\..\..\..\Components #
#                          \stack\af\ -I F:\¹âÅÌ×ÊÁÏ\ETC-WSNÎïÁªÍø¹âÅÌ×ÊÁÏ210 #
#                          \ZigBeeÍøÂç\WSN-CSÔ´Âë\ZStack-CC2530-2.5.1a\Projec #
#                          ts\zstack\Utilities\SerialApp\CC2530DB\..\..\..\.. #
#                          \..\Components\stack\nwk\ -I                       #
#                          F:\¹âÅÌ×ÊÁÏ\ETC-WSNÎïÁªÍø¹âÅÌ×ÊÁÏ210\ZigBeeÍøÂç\WS #
#                          N-CSÔ´Âë\ZStack-CC2530-2.5.1a\Projects\zstack\Util #
#                          ities\SerialApp\CC2530DB\..\..\..\..\..\Components #
#                          \stack\sapi\ -I F:\¹âÅÌ×ÊÁÏ\ETC-WSNÎïÁªÍø¹âÅÌ×ÊÁÏ2 #
#                          10\ZigBeeÍøÂç\WSN-CSÔ´Âë\ZStack-CC2530-2.5.1a\Proj #
#                          ects\zstack\Utilities\SerialApp\CC2530DB\..\..\..\ #
#                          ..\..\Components\stack\sec\ -I                     #
#                          F:\¹âÅÌ×ÊÁÏ\ETC-WSNÎïÁªÍø¹âÅÌ×ÊÁÏ210\ZigBeeÍøÂç\WS #
#                          N-CSÔ´Âë\ZStack-CC2530-2.5.1a\Projects\zstack\Util #
#                          ities\SerialApp\CC2530DB\..\..\..\..\..\Components #
#                          \stack\sys\ -I F:\¹âÅÌ×ÊÁÏ\ETC-WSNÎïÁªÍø¹âÅÌ×ÊÁÏ21 #
#                          0\ZigBeeÍøÂç\WSN-CSÔ´Âë\ZStack-CC2530-2.5.1a\Proje #
#                          cts\zstack\Utilities\SerialApp\CC2530DB\..\..\..\. #
#                          .\..\Components\stack\zdo\ -I                      #
#                          F:\¹âÅÌ×ÊÁÏ\ETC-WSNÎïÁªÍø¹âÅÌ×ÊÁÏ210\ZigBeeÍøÂç\WS #
#                          N-CSÔ´Âë\ZStack-CC2530-2.5.1a\Projects\zstack\Util #
#                          ities\SerialApp\CC2530DB\..\..\..\..\..\Components #
#                          \zmac\ -I F:\¹âÅÌ×ÊÁÏ\ETC-WSNÎïÁªÍø¹âÅÌ×ÊÁÏ210\Zig #
#                          BeeÍøÂç\WSN-CSÔ´Âë\ZStack-CC2530-2.5.1a\Projects\z #
#                          stack\Utilities\SerialApp\CC2530DB\..\..\..\..\..\ #
#                          Components\zmac\f8w\ -Ohz --require_prototypes     #
#    List file          =  F:\¹âÅÌ×ÊÁÏ\ETC-WSNÎïÁªÍø¹âÅÌ×ÊÁÏ210\ZigBeeÍøÂç\WS #
#                          N-CSÔ´Âë\ZStack-CC2530-2.5.1a\Projects\zstack\Util #
#                          ities\SerialApp\CC2530DB\CoordinatorEB\List\GUI_Wa #
#                          itKey.lst                                          #
#    Object file        =  F:\¹âÅÌ×ÊÁÏ\ETC-WSNÎïÁªÍø¹âÅÌ×ÊÁÏ210\ZigBeeÍøÂç\WS #
#                          N-CSÔ´Âë\ZStack-CC2530-2.5.1a\Projects\zstack\Util #
#                          ities\SerialApp\CC2530DB\CoordinatorEB\Obj\GUI_Wai #
#                          tKey.r51                                           #
#                                                                             #
#                                                                             #
###############################################################################

F:\¹âÅÌ×ÊÁÏ\ETC-WSNÎïÁªÍø¹âÅÌ×ÊÁÏ210\ZigBeeÍøÂç\WSN-CSÔ´Âë\ZStack-CC2530-2.5.1a\Components\uCGUI\Core\GUI_WaitKey.c
      1          /*
      2          *********************************************************************************************************
      3          *                                                uC/GUI
      4          *                        Universal graphic software for embedded applications
      5          *
      6          *                       (c) Copyright 2002, Micrium Inc., Weston, FL
      7          *                       (c) Copyright 2002, SEGGER Microcontroller Systeme GmbH
      8          *
      9          *              µC/GUI is protected by international copyright laws. Knowledge of the
     10          *              source code may not be used to write a similar product. This file may
     11          *              only be used in accordance with a license and should not be redistributed
     12          *              in any way. We appreciate your understanding and fairness.
     13          *
     14          ----------------------------------------------------------------------
     15          File        : GUI_WaitKey.c
     16          Purpose     : Implementation of GUI_WaitKey
     17          ---------------------------END-OF-HEADER------------------------------
     18          */
     19          
     20          #include "GUI_Protected.h"
     21          
     22          /*********************************************************************
     23          *
     24          *       Public code
     25          *
     26          **********************************************************************
     27          */
     28          /*********************************************************************
     29          *
     30          *       GUI_WaitKey
     31          */

   \                                 In  segment BANKED_CODE, align 1, keep-with-next
     32          int GUI_WaitKey(void) {
   \                     GUI_WaitKey:
   \   000000   74F6         MOV     A,#-0xa
   \   000002   12....       LCALL   ?BANKED_ENTER_XDATA
   \   000005                ; Saved register size: 10
   \   000005                ; Auto size: 0
   \   000005   800D         SJMP    ??GUI_WaitKey_0
     33            int r;
     34            do {
     35              r =  GUI_GetKey();
     36              if (r) {
     37                break;
     38              }
     39              if (!GUI_Exec()) {
   \                     ??GUI_WaitKey_1:
   \   000007                ; Setup parameters for call to function GUI_Exec
   \   000007   12....       LCALL   ??GUI_Exec?relay
   \   00000A   8B..         MOV     ?V0 + 1,R3
   \   00000C   EA           MOV     A,R2
   \   00000D   45..         ORL     A,?V0 + 1
   \   00000F   7003         JNZ     ??GUI_WaitKey_0
     40                GUI_X_WAIT_EVENT();      /* Wait for event (keyboard, mouse or whatever) */
   \   000011                ; Setup parameters for call to function GUI_X_ExecIdle
   \   000011   12....       LCALL   ??GUI_X_ExecIdle?relay
     41              }
   \                     ??GUI_WaitKey_0:
   \   000014                ; Setup parameters for call to function GUI_GetKey
   \   000014   12....       LCALL   ??GUI_GetKey?relay
   \   000017   EA           MOV     A,R2
   \   000018   4B           ORL     A,R3
   \   000019   60EC         JZ      ??GUI_WaitKey_1
     42            } while (1);
     43            return r;
   \   00001B   7F02         MOV     R7,#0x2
   \   00001D   02....       LJMP    ?BANKED_LEAVE_XDATA
     44          }

   \                                 In  segment BANK_RELAYS, align 1
   \                     ??GUI_WaitKey?relay:
   \   000000   12....       LCALL   ?BDISPATCH
   \   000003   ......       DC24    GUI_WaitKey
     45          
     46          /*************************** End of file ****************************/

   Maximum stack usage in bytes:

     Function            ISTACK PSTACK XSTACK
     --------            ------ ------ ------
     GUI_WaitKey             0      0     10
       -> GUI_Exec           0      0     20
       -> GUI_X_ExecIdle     0      0     20
       -> GUI_GetKey         0      0     20


   Segment part sizes:

     Function/Label      Bytes
     --------------      -----
     GUI_WaitKey           32
     ??GUI_WaitKey?relay    6

 
 32 bytes in segment BANKED_CODE
  6 bytes in segment BANK_RELAYS
 
 38 bytes of CODE memory

Errors: none
Warnings: none
