###############################################################################
#                                                                             #
# IAR C/C++ Compiler V8.10.1.10194/W32 for 8051         14/Jun/2016  16:18:51 #
# Copyright 2004-2011 IAR Systems AB.                                         #
#                                                                             #
#    Core               =  plain                                              #
#    Code model         =  banked                                             #
#    Data model         =  large                                              #
#    Calling convention =  xdata reentrant                                    #
#    Constant location  =  data_rom                                           #
#    Dptr setup         =  1,16                                               #
#    Source file        =  F:\¹âÅÌ×ÊÁÏ\ETC-WSNÎïÁªÍø¹âÅÌ×ÊÁÏ210\ZigBeeÍøÂç\WS #
#                          N-CSÔ´Âë\ZStack-CC2530-2.5.1a\Components\uCGUI\Cor #
#                          e\GUI__ReduceRect.c                                #
#    Command line       =  -f F:\¹âÅÌ×ÊÁÏ\ETC-WSNÎïÁªÍø¹âÅÌ×ÊÁÏ210\ZigBeeÍøÂç #
#                          \WSN-CSÔ´Âë\ZStack-CC2530-2.5.1a\Projects\zstack\U #
#                          tilities\SerialApp\CC2530DB\..\..\..\Tools\CC2530D #
#                          B\f8wCoord.cfg (-DCPU32MHZ -DROOT=__near_func      #
#                          -DMAC_CFG_APP_PENDING_QUEUE=TRUE                   #
#                          -DMAC_CFG_TX_DATA_MAX=5 -DMAC_CFG_TX_MAX=8         #
#                          -DMAC_CFG_RX_MAX=5 -DZDO_COORDINATOR -DRTR_NWK)    #
#                          -f F:\¹âÅÌ×ÊÁÏ\ETC-WSNÎïÁªÍø¹âÅÌ×ÊÁÏ210\ZigBeeÍøÂç #
#                          \WSN-CSÔ´Âë\ZStack-CC2530-2.5.1a\Projects\zstack\U #
#                          tilities\SerialApp\CC2530DB\..\..\..\Tools\CC2530D #
#                          B\f8wConfig.cfg (-DZIGBEEPRO -DSECURE=0            #
#                          -DZG_SECURE_DYNAMIC=0 -DREFLECTOR                  #
#                          -DDEFAULT_CHANLIST=0x00000800                      #
#                          -DZDAPP_CONFIG_PAN_ID=0x1001                       #
#                          -DNWK_START_DELAY=100 -DEXTENDED_JOINING_RANDOM_MA #
#                          SK=0x007F -DBEACON_REQUEST_DELAY=100               #
#                          -DBEACON_REQ_DELAY_MASK=0x00FF                     #
#                          -DLINK_STATUS_JITTER_MASK=0x007F                   #
#                          -DROUTE_EXPIRY_TIME=30 -DAPSC_ACK_WAIT_DURATION_PO #
#                          LLED=3000 -DNWK_INDIRECT_MSG_TIMEOUT=7             #
#                          -DMAX_RREQ_ENTRIES=8 -DAPSC_MAX_FRAME_RETRIES=3    #
#                          -DNWK_MAX_DATA_RETRIES=2                           #
#                          -DMAX_POLL_FAILURE_RETRIES=2 -DMAX_BCAST=9         #
#                          -DAPS_MAX_GROUPS=16 -DMAX_RTG_ENTRIES=40           #
#                          -DNWK_MAX_BINDING_ENTRIES=4                        #
#                          -DMAX_BINDING_CLUSTER_IDS=4 "-DDEFAULT_KEY={0x01,  #
#                          0x03, 0x05, 0x07, 0x09, 0x0B, 0x0D, 0x0F, 0x00,    #
#                          0x02, 0x04, 0x06, 0x08, 0x0A, 0x0C, 0x0D}"         #
#                          -DMAC_MAX_FRAME_SIZE=116                           #
#                          -DZDNWKMGR_MIN_TRANSMISSIONS=20 "-DCONST=const     #
#                          __code" -DGENERIC=__generic                        #
#                          -DRFD_RCVC_ALWAYS_ON=FALSE -DPOLL_RATE=1000        #
#                          -DQUEUED_POLL_RATE=100 -DRESPONSE_POLL_RATE=100)   #
#                          -DREJOIN_POLL_RATE=440 F:\¹âÅÌ×ÊÁÏ\ETC-WSNÎïÁªÍø¹â #
#                          ÅÌ×ÊÁÏ210\ZigBeeÍøÂç\WSN-CSÔ´Âë\ZStack-CC2530-2.5. #
#                          1a\Components\uCGUI\Core\GUI__ReduceRect.c -D      #
#                          HAL_UART=TRUE -D SERIAL_APP_PORT=0 -D COOR -D      #
#                          LCD_SUPPORTED -D NV_INIT -lC                       #
#                          F:\¹âÅÌ×ÊÁÏ\ETC-WSNÎïÁªÍø¹âÅÌ×ÊÁÏ210\ZigBeeÍøÂç\WS #
#                          N-CSÔ´Âë\ZStack-CC2530-2.5.1a\Projects\zstack\Util #
#                          ities\SerialApp\CC2530DB\CoordinatorEB\List\ -lA   #
#                          F:\¹âÅÌ×ÊÁÏ\ETC-WSNÎïÁªÍø¹âÅÌ×ÊÁÏ210\ZigBeeÍøÂç\WS #
#                          N-CSÔ´Âë\ZStack-CC2530-2.5.1a\Projects\zstack\Util #
#                          ities\SerialApp\CC2530DB\CoordinatorEB\List\       #
#                          --diag_suppress Pe001,Pa010 -o                     #
#                          F:\¹âÅÌ×ÊÁÏ\ETC-WSNÎïÁªÍø¹âÅÌ×ÊÁÏ210\ZigBeeÍøÂç\WS #
#                          N-CSÔ´Âë\ZStack-CC2530-2.5.1a\Projects\zstack\Util #
#                          ities\SerialApp\CC2530DB\CoordinatorEB\Obj\ -e     #
#                          --no_code_motion --debug --core=plain --dptr=16,1  #
#                          --data_model=large --code_model=banked             #
#                          --calling_convention=xdata_reentrant               #
#                          --place_constants=data_rom --nr_virtual_regs 16    #
#                          -I F:\¹âÅÌ×ÊÁÏ\ETC-WSNÎïÁªÍø¹âÅÌ×ÊÁÏ210\ZigBeeÍøÂç #
#                          \WSN-CSÔ´Âë\ZStack-CC2530-2.5.1a\Projects\zstack\U #
#                          tilities\SerialApp\CC2530DB\ -I                    #
#                          F:\¹âÅÌ×ÊÁÏ\ETC-WSNÎïÁªÍø¹âÅÌ×ÊÁÏ210\ZigBeeÍøÂç\WS #
#                          N-CSÔ´Âë\ZStack-CC2530-2.5.1a\Projects\zstack\Util #
#                          ities\SerialApp\CC2530DB\..\Public\ -I             #
#                          F:\¹âÅÌ×ÊÁÏ\ETC-WSNÎïÁªÍø¹âÅÌ×ÊÁÏ210\ZigBeeÍøÂç\WS #
#                          N-CSÔ´Âë\ZStack-CC2530-2.5.1a\Projects\zstack\Util #
#                          ities\SerialApp\CC2530DB\..\..\..\..\..\Components #
#                          \uCGUI\Core\ -I F:\¹âÅÌ×ÊÁÏ\ETC-WSNÎïÁªÍø¹âÅÌ×ÊÁÏ2 #
#                          10\ZigBeeÍøÂç\WSN-CSÔ´Âë\ZStack-CC2530-2.5.1a\Proj #
#                          ects\zstack\Utilities\SerialApp\CC2530DB\..\..\..\ #
#                          ..\..\Components\uCGUI\MultiLayer\ -I              #
#                          F:\¹âÅÌ×ÊÁÏ\ETC-WSNÎïÁªÍø¹âÅÌ×ÊÁÏ210\ZigBeeÍøÂç\WS #
#                          N-CSÔ´Âë\ZStack-CC2530-2.5.1a\Projects\zstack\Util #
#                          ities\SerialApp\CC2530DB\..\..\..\..\..\Components #
#                          \uCGUI\Config\ -I F:\¹âÅÌ×ÊÁÏ\ETC-WSNÎïÁªÍø¹âÅÌ×ÊÁ #
#                          Ï210\ZigBeeÍøÂç\WSN-CSÔ´Âë\ZStack-CC2530-2.5.1a\Pr #
#                          ojects\zstack\Utilities\SerialApp\CC2530DB\..\Coor #
#                          dinator\ -I F:\¹âÅÌ×ÊÁÏ\ETC-WSNÎïÁªÍø¹âÅÌ×ÊÁÏ210\Z #
#                          igBeeÍøÂç\WSN-CSÔ´Âë\ZStack-CC2530-2.5.1a\Projects #
#                          \zstack\Utilities\SerialApp\CC2530DB\..\..\..\ZMai #
#                          n\TI2530DB\ -I F:\¹âÅÌ×ÊÁÏ\ETC-WSNÎïÁªÍø¹âÅÌ×ÊÁÏ21 #
#                          0\ZigBeeÍøÂç\WSN-CSÔ´Âë\ZStack-CC2530-2.5.1a\Proje #
#                          cts\zstack\Utilities\SerialApp\CC2530DB\..\..\..\. #
#                          .\..\Components\hal\include\ -I                    #
#                          F:\¹âÅÌ×ÊÁÏ\ETC-WSNÎïÁªÍø¹âÅÌ×ÊÁÏ210\ZigBeeÍøÂç\WS #
#                          N-CSÔ´Âë\ZStack-CC2530-2.5.1a\Projects\zstack\Util #
#                          ities\SerialApp\CC2530DB\..\..\..\..\..\Components #
#                          \hal\target\CC2530EB\ -I                           #
#                          F:\¹âÅÌ×ÊÁÏ\ETC-WSNÎïÁªÍø¹âÅÌ×ÊÁÏ210\ZigBeeÍøÂç\WS #
#                          N-CSÔ´Âë\ZStack-CC2530-2.5.1a\Projects\zstack\Util #
#                          ities\SerialApp\CC2530DB\..\..\..\..\..\Components #
#                          \mac\include\ -I F:\¹âÅÌ×ÊÁÏ\ETC-WSNÎïÁªÍø¹âÅÌ×ÊÁÏ #
#                          210\ZigBeeÍøÂç\WSN-CSÔ´Âë\ZStack-CC2530-2.5.1a\Pro #
#                          jects\zstack\Utilities\SerialApp\CC2530DB\..\..\.. #
#                          \..\..\Components\mac\high_level\ -I               #
#                          F:\¹âÅÌ×ÊÁÏ\ETC-WSNÎïÁªÍø¹âÅÌ×ÊÁÏ210\ZigBeeÍøÂç\WS #
#                          N-CSÔ´Âë\ZStack-CC2530-2.5.1a\Projects\zstack\Util #
#                          ities\SerialApp\CC2530DB\..\..\..\..\..\Components #
#                          \mac\low_level\srf04\ -I                           #
#                          F:\¹âÅÌ×ÊÁÏ\ETC-WSNÎïÁªÍø¹âÅÌ×ÊÁÏ210\ZigBeeÍøÂç\WS #
#                          N-CSÔ´Âë\ZStack-CC2530-2.5.1a\Projects\zstack\Util #
#                          ities\SerialApp\CC2530DB\..\..\..\..\..\Components #
#                          \mac\low_level\srf04\single_chip\ -I               #
#                          F:\¹âÅÌ×ÊÁÏ\ETC-WSNÎïÁªÍø¹âÅÌ×ÊÁÏ210\ZigBeeÍøÂç\WS #
#                          N-CSÔ´Âë\ZStack-CC2530-2.5.1a\Projects\zstack\Util #
#                          ities\SerialApp\CC2530DB\..\..\..\..\..\Components #
#                          \mt\ -I F:\¹âÅÌ×ÊÁÏ\ETC-WSNÎïÁªÍø¹âÅÌ×ÊÁÏ210\ZigBe #
#                          eÍøÂç\WSN-CSÔ´Âë\ZStack-CC2530-2.5.1a\Projects\zst #
#                          ack\Utilities\SerialApp\CC2530DB\..\..\..\..\..\Co #
#                          mponents\osal\include\ -I                          #
#                          F:\¹âÅÌ×ÊÁÏ\ETC-WSNÎïÁªÍø¹âÅÌ×ÊÁÏ210\ZigBeeÍøÂç\WS #
#                          N-CSÔ´Âë\ZStack-CC2530-2.5.1a\Projects\zstack\Util #
#                          ities\SerialApp\CC2530DB\..\..\..\..\..\Components #
#                          \services\saddr\ -I F:\¹âÅÌ×ÊÁÏ\ETC-WSNÎïÁªÍø¹âÅÌ× #
#                          ÊÁÏ210\ZigBeeÍøÂç\WSN-CSÔ´Âë\ZStack-CC2530-2.5.1a\ #
#                          Projects\zstack\Utilities\SerialApp\CC2530DB\..\.. #
#                          \..\..\..\Components\services\sdata\ -I            #
#                          F:\¹âÅÌ×ÊÁÏ\ETC-WSNÎïÁªÍø¹âÅÌ×ÊÁÏ210\ZigBeeÍøÂç\WS #
#                          N-CSÔ´Âë\ZStack-CC2530-2.5.1a\Projects\zstack\Util #
#                          ities\SerialApp\CC2530DB\..\..\..\..\..\Components #
#                          \stack\af\ -I F:\¹âÅÌ×ÊÁÏ\ETC-WSNÎïÁªÍø¹âÅÌ×ÊÁÏ210 #
#                          \ZigBeeÍøÂç\WSN-CSÔ´Âë\ZStack-CC2530-2.5.1a\Projec #
#                          ts\zstack\Utilities\SerialApp\CC2530DB\..\..\..\.. #
#                          \..\Components\stack\nwk\ -I                       #
#                          F:\¹âÅÌ×ÊÁÏ\ETC-WSNÎïÁªÍø¹âÅÌ×ÊÁÏ210\ZigBeeÍøÂç\WS #
#                          N-CSÔ´Âë\ZStack-CC2530-2.5.1a\Projects\zstack\Util #
#                          ities\SerialApp\CC2530DB\..\..\..\..\..\Components #
#                          \stack\sapi\ -I F:\¹âÅÌ×ÊÁÏ\ETC-WSNÎïÁªÍø¹âÅÌ×ÊÁÏ2 #
#                          10\ZigBeeÍøÂç\WSN-CSÔ´Âë\ZStack-CC2530-2.5.1a\Proj #
#                          ects\zstack\Utilities\SerialApp\CC2530DB\..\..\..\ #
#                          ..\..\Components\stack\sec\ -I                     #
#                          F:\¹âÅÌ×ÊÁÏ\ETC-WSNÎïÁªÍø¹âÅÌ×ÊÁÏ210\ZigBeeÍøÂç\WS #
#                          N-CSÔ´Âë\ZStack-CC2530-2.5.1a\Projects\zstack\Util #
#                          ities\SerialApp\CC2530DB\..\..\..\..\..\Components #
#                          \stack\sys\ -I F:\¹âÅÌ×ÊÁÏ\ETC-WSNÎïÁªÍø¹âÅÌ×ÊÁÏ21 #
#                          0\ZigBeeÍøÂç\WSN-CSÔ´Âë\ZStack-CC2530-2.5.1a\Proje #
#                          cts\zstack\Utilities\SerialApp\CC2530DB\..\..\..\. #
#                          .\..\Components\stack\zdo\ -I                      #
#                          F:\¹âÅÌ×ÊÁÏ\ETC-WSNÎïÁªÍø¹âÅÌ×ÊÁÏ210\ZigBeeÍøÂç\WS #
#                          N-CSÔ´Âë\ZStack-CC2530-2.5.1a\Projects\zstack\Util #
#                          ities\SerialApp\CC2530DB\..\..\..\..\..\Components #
#                          \zmac\ -I F:\¹âÅÌ×ÊÁÏ\ETC-WSNÎïÁªÍø¹âÅÌ×ÊÁÏ210\Zig #
#                          BeeÍøÂç\WSN-CSÔ´Âë\ZStack-CC2530-2.5.1a\Projects\z #
#                          stack\Utilities\SerialApp\CC2530DB\..\..\..\..\..\ #
#                          Components\zmac\f8w\ -Ohz --require_prototypes     #
#    List file          =  F:\¹âÅÌ×ÊÁÏ\ETC-WSNÎïÁªÍø¹âÅÌ×ÊÁÏ210\ZigBeeÍøÂç\WS #
#                          N-CSÔ´Âë\ZStack-CC2530-2.5.1a\Projects\zstack\Util #
#                          ities\SerialApp\CC2530DB\CoordinatorEB\List\GUI__R #
#                          educeRect.lst                                      #
#    Object file        =  F:\¹âÅÌ×ÊÁÏ\ETC-WSNÎïÁªÍø¹âÅÌ×ÊÁÏ210\ZigBeeÍøÂç\WS #
#                          N-CSÔ´Âë\ZStack-CC2530-2.5.1a\Projects\zstack\Util #
#                          ities\SerialApp\CC2530DB\CoordinatorEB\Obj\GUI__Re #
#                          duceRect.r51                                       #
#                                                                             #
#                                                                             #
###############################################################################

F:\¹âÅÌ×ÊÁÏ\ETC-WSNÎïÁªÍø¹âÅÌ×ÊÁÏ210\ZigBeeÍøÂç\WSN-CSÔ´Âë\ZStack-CC2530-2.5.1a\Components\uCGUI\Core\GUI__ReduceRect.c
      1          /*
      2          *********************************************************************************************************
      3          *                                                uC/GUI
      4          *                        Universal graphic software for embedded applications
      5          *
      6          *                       (c) Copyright 2002, Micrium Inc., Weston, FL
      7          *                       (c) Copyright 2002, SEGGER Microcontroller Systeme GmbH
      8          *
      9          *              µC/GUI is protected by international copyright laws. Knowledge of the
     10          *              source code may not be used to write a similar product. This file may
     11          *              only be used in accordance with a license and should not be redistributed
     12          *              in any way. We appreciate your understanding and fairness.
     13          *
     14          ----------------------------------------------------------------------
     15          File        : GUI__ReduceRect.C
     16          Purpose     : Implementation of GUI__ReduceRect
     17          ---------------------------END-OF-HEADER------------------------------
     18          */
     19          
     20          #include "GUI_Protected.h"
     21          
     22          /*********************************************************************
     23          *
     24          *       Public code
     25          *
     26          **********************************************************************
     27          */
     28          /*********************************************************************
     29          *
     30          *       GUI__ReduceRect
     31          */

   \                                 In  segment BANKED_CODE, align 1, keep-with-next
     32          void GUI__ReduceRect(GUI_RECT* pDest, const GUI_RECT *pRect, int Dist) {
   \                     GUI__ReduceRect:
   \   000000   74F7         MOV     A,#-0x9
   \   000002   12....       LCALL   ?BANKED_ENTER_XDATA
   \   000005                ; Saved register size: 9
   \   000005                ; Auto size: 0
   \   000005   7409         MOV     A,#0x9
   \   000007   12....       LCALL   ?XSTACK_DISP0_8
   \   00000A   E0           MOVX    A,@DPTR
   \   00000B   F8           MOV     R0,A
   \   00000C   A3           INC     DPTR
   \   00000D   E0           MOVX    A,@DPTR
   \   00000E   F9           MOV     R1,A
     33            pDest->x0 = pRect->x0 + Dist;
   \   00000F   8C82         MOV     DPL,R4
   \   000011   8D83         MOV     DPH,R5
   \   000013   12....       LCALL   ?Subroutine1 & 0xFFFF
   \                     ??CrossCallReturnLabel_2:
   \   000016   12....       LCALL   ?Subroutine0 & 0xFFFF
     34            pDest->x1 = pRect->x1 - Dist;
   \                     ??CrossCallReturnLabel_0:
   \   000019   E0           MOVX    A,@DPTR
   \   00001A   C3           CLR     C
   \   00001B   98           SUBB    A,R0
   \   00001C   FE           MOV     R6,A
   \   00001D   A3           INC     DPTR
   \   00001E   E0           MOVX    A,@DPTR
   \   00001F   99           SUBB    A,R1
   \   000020   FF           MOV     R7,A
   \   000021   8A82         MOV     DPL,R2
   \   000023   8B83         MOV     DPH,R3
   \   000025   A3           INC     DPTR
   \   000026   A3           INC     DPTR
   \   000027   A3           INC     DPTR
   \   000028   A3           INC     DPTR
   \   000029   12....       LCALL   ?Subroutine2 & 0xFFFF
     35            pDest->y0 = pRect->y0 + Dist;
   \                     ??CrossCallReturnLabel_4:
   \   00002C   12....       LCALL   ?Subroutine1 & 0xFFFF
   \                     ??CrossCallReturnLabel_3:
   \   00002F   A3           INC     DPTR
   \   000030   A3           INC     DPTR
   \   000031   12....       LCALL   ?Subroutine0 & 0xFFFF
     36            pDest->y1 = pRect->y1 - Dist;
   \                     ??CrossCallReturnLabel_1:
   \   000034   A3           INC     DPTR
   \   000035   A3           INC     DPTR
   \   000036   E0           MOVX    A,@DPTR
   \   000037   C3           CLR     C
   \   000038   98           SUBB    A,R0
   \   000039   F8           MOV     R0,A
   \   00003A   A3           INC     DPTR
   \   00003B   E0           MOVX    A,@DPTR
   \   00003C   99           SUBB    A,R1
   \   00003D   F9           MOV     R1,A
   \   00003E   8A82         MOV     DPL,R2
   \   000040   8B83         MOV     DPH,R3
   \   000042   A3           INC     DPTR
   \   000043   A3           INC     DPTR
   \   000044   A3           INC     DPTR
   \   000045   A3           INC     DPTR
   \   000046   A3           INC     DPTR
   \   000047   A3           INC     DPTR
   \   000048   E8           MOV     A,R0
   \   000049   F0           MOVX    @DPTR,A
   \   00004A   A3           INC     DPTR
   \   00004B   E9           MOV     A,R1
   \   00004C   F0           MOVX    @DPTR,A
     37          }
   \   00004D   7F01         MOV     R7,#0x1
   \   00004F   02....       LJMP    ?BANKED_LEAVE_XDATA

   \                                 In  segment BANKED_CODE, align 1, keep-with-next
   \                     ?Subroutine1:
   \   000000   E0           MOVX    A,@DPTR
   \   000001   28           ADD     A,R0
   \   000002   FE           MOV     R6,A
   \   000003   A3           INC     DPTR
   \   000004   E0           MOVX    A,@DPTR
   \   000005   39           ADDC    A,R1
   \   000006   FF           MOV     R7,A
   \   000007   8A82         MOV     DPL,R2
   \   000009   8B83         MOV     DPH,R3
   \   00000B   22           RET

   \                                 In  segment BANKED_CODE, align 1, keep-with-next
   \                     ?Subroutine0:
   \   000000   12....       LCALL   ?Subroutine2 & 0xFFFF
   \                     ??CrossCallReturnLabel_5:
   \   000003   A3           INC     DPTR
   \   000004   A3           INC     DPTR
   \   000005   22           RET

   \                                 In  segment BANKED_CODE, align 1, keep-with-next
   \                     ?Subroutine2:
   \   000000   EE           MOV     A,R6
   \   000001   F0           MOVX    @DPTR,A
   \   000002   A3           INC     DPTR
   \   000003   EF           MOV     A,R7
   \   000004   F0           MOVX    @DPTR,A
   \   000005   8C82         MOV     DPL,R4
   \   000007   8D83         MOV     DPH,R5
   \   000009   A3           INC     DPTR
   \   00000A   A3           INC     DPTR
   \   00000B   22           RET

   \                                 In  segment BANK_RELAYS, align 1
   \                     ??GUI__ReduceRect?relay:
   \   000000   12....       LCALL   ?BDISPATCH
   \   000003   ......       DC24    GUI__ReduceRect
     38          
     39          /*************************** End of file ****************************/

   Maximum stack usage in bytes:

     Function        ISTACK PSTACK XSTACK
     --------        ------ ------ ------
     GUI__ReduceRect     0      0     11


   Segment part sizes:

     Function/Label          Bytes
     --------------          -----
     GUI__ReduceRect           82
     ?Subroutine1              12
     ?Subroutine0               6
     ?Subroutine2              12
     ??GUI__ReduceRect?relay    6

 
 112 bytes in segment BANKED_CODE
   6 bytes in segment BANK_RELAYS
 
 118 bytes of CODE memory

Errors: none
Warnings: none
