###############################################################################
#                                                                             #
# IAR C/C++ Compiler V8.10.1.10194/W32 for 8051         14/Jun/2016  16:18:14 #
# Copyright 2004-2011 IAR Systems AB.                                         #
#                                                                             #
#    Core               =  plain                                              #
#    Code model         =  banked                                             #
#    Data model         =  large                                              #
#    Calling convention =  xdata reentrant                                    #
#    Constant location  =  data_rom                                           #
#    Dptr setup         =  1,16                                               #
#    Source file        =  F:\¹âÅÌ×ÊÁÏ\ETC-WSNÎïÁªÍø¹âÅÌ×ÊÁÏ210\ZigBeeÍøÂç\WS #
#                          N-CSÔ´Âë\ZStack-CC2530-2.5.1a\Components\uCGUI\Cor #
#                          e\GUI_GetTextExtend.c                              #
#    Command line       =  -f F:\¹âÅÌ×ÊÁÏ\ETC-WSNÎïÁªÍø¹âÅÌ×ÊÁÏ210\ZigBeeÍøÂç #
#                          \WSN-CSÔ´Âë\ZStack-CC2530-2.5.1a\Projects\zstack\U #
#                          tilities\SerialApp\CC2530DB\..\..\..\Tools\CC2530D #
#                          B\f8wCoord.cfg (-DCPU32MHZ -DROOT=__near_func      #
#                          -DMAC_CFG_APP_PENDING_QUEUE=TRUE                   #
#                          -DMAC_CFG_TX_DATA_MAX=5 -DMAC_CFG_TX_MAX=8         #
#                          -DMAC_CFG_RX_MAX=5 -DZDO_COORDINATOR -DRTR_NWK)    #
#                          -f F:\¹âÅÌ×ÊÁÏ\ETC-WSNÎïÁªÍø¹âÅÌ×ÊÁÏ210\ZigBeeÍøÂç #
#                          \WSN-CSÔ´Âë\ZStack-CC2530-2.5.1a\Projects\zstack\U #
#                          tilities\SerialApp\CC2530DB\..\..\..\Tools\CC2530D #
#                          B\f8wConfig.cfg (-DZIGBEEPRO -DSECURE=0            #
#                          -DZG_SECURE_DYNAMIC=0 -DREFLECTOR                  #
#                          -DDEFAULT_CHANLIST=0x00000800                      #
#                          -DZDAPP_CONFIG_PAN_ID=0x1001                       #
#                          -DNWK_START_DELAY=100 -DEXTENDED_JOINING_RANDOM_MA #
#                          SK=0x007F -DBEACON_REQUEST_DELAY=100               #
#                          -DBEACON_REQ_DELAY_MASK=0x00FF                     #
#                          -DLINK_STATUS_JITTER_MASK=0x007F                   #
#                          -DROUTE_EXPIRY_TIME=30 -DAPSC_ACK_WAIT_DURATION_PO #
#                          LLED=3000 -DNWK_INDIRECT_MSG_TIMEOUT=7             #
#                          -DMAX_RREQ_ENTRIES=8 -DAPSC_MAX_FRAME_RETRIES=3    #
#                          -DNWK_MAX_DATA_RETRIES=2                           #
#                          -DMAX_POLL_FAILURE_RETRIES=2 -DMAX_BCAST=9         #
#                          -DAPS_MAX_GROUPS=16 -DMAX_RTG_ENTRIES=40           #
#                          -DNWK_MAX_BINDING_ENTRIES=4                        #
#                          -DMAX_BINDING_CLUSTER_IDS=4 "-DDEFAULT_KEY={0x01,  #
#                          0x03, 0x05, 0x07, 0x09, 0x0B, 0x0D, 0x0F, 0x00,    #
#                          0x02, 0x04, 0x06, 0x08, 0x0A, 0x0C, 0x0D}"         #
#                          -DMAC_MAX_FRAME_SIZE=116                           #
#                          -DZDNWKMGR_MIN_TRANSMISSIONS=20 "-DCONST=const     #
#                          __code" -DGENERIC=__generic                        #
#                          -DRFD_RCVC_ALWAYS_ON=FALSE -DPOLL_RATE=1000        #
#                          -DQUEUED_POLL_RATE=100 -DRESPONSE_POLL_RATE=100)   #
#                          -DREJOIN_POLL_RATE=440 F:\¹âÅÌ×ÊÁÏ\ETC-WSNÎïÁªÍø¹â #
#                          ÅÌ×ÊÁÏ210\ZigBeeÍøÂç\WSN-CSÔ´Âë\ZStack-CC2530-2.5. #
#                          1a\Components\uCGUI\Core\GUI_GetTextExtend.c -D    #
#                          HAL_UART=TRUE -D SERIAL_APP_PORT=0 -D COOR -D      #
#                          LCD_SUPPORTED -D NV_INIT -lC                       #
#                          F:\¹âÅÌ×ÊÁÏ\ETC-WSNÎïÁªÍø¹âÅÌ×ÊÁÏ210\ZigBeeÍøÂç\WS #
#                          N-CSÔ´Âë\ZStack-CC2530-2.5.1a\Projects\zstack\Util #
#                          ities\SerialApp\CC2530DB\CoordinatorEB\List\ -lA   #
#                          F:\¹âÅÌ×ÊÁÏ\ETC-WSNÎïÁªÍø¹âÅÌ×ÊÁÏ210\ZigBeeÍøÂç\WS #
#                          N-CSÔ´Âë\ZStack-CC2530-2.5.1a\Projects\zstack\Util #
#                          ities\SerialApp\CC2530DB\CoordinatorEB\List\       #
#                          --diag_suppress Pe001,Pa010 -o                     #
#                          F:\¹âÅÌ×ÊÁÏ\ETC-WSNÎïÁªÍø¹âÅÌ×ÊÁÏ210\ZigBeeÍøÂç\WS #
#                          N-CSÔ´Âë\ZStack-CC2530-2.5.1a\Projects\zstack\Util #
#                          ities\SerialApp\CC2530DB\CoordinatorEB\Obj\ -e     #
#                          --no_code_motion --debug --core=plain --dptr=16,1  #
#                          --data_model=large --code_model=banked             #
#                          --calling_convention=xdata_reentrant               #
#                          --place_constants=data_rom --nr_virtual_regs 16    #
#                          -I F:\¹âÅÌ×ÊÁÏ\ETC-WSNÎïÁªÍø¹âÅÌ×ÊÁÏ210\ZigBeeÍøÂç #
#                          \WSN-CSÔ´Âë\ZStack-CC2530-2.5.1a\Projects\zstack\U #
#                          tilities\SerialApp\CC2530DB\ -I                    #
#                          F:\¹âÅÌ×ÊÁÏ\ETC-WSNÎïÁªÍø¹âÅÌ×ÊÁÏ210\ZigBeeÍøÂç\WS #
#                          N-CSÔ´Âë\ZStack-CC2530-2.5.1a\Projects\zstack\Util #
#                          ities\SerialApp\CC2530DB\..\Public\ -I             #
#                          F:\¹âÅÌ×ÊÁÏ\ETC-WSNÎïÁªÍø¹âÅÌ×ÊÁÏ210\ZigBeeÍøÂç\WS #
#                          N-CSÔ´Âë\ZStack-CC2530-2.5.1a\Projects\zstack\Util #
#                          ities\SerialApp\CC2530DB\..\..\..\..\..\Components #
#                          \uCGUI\Core\ -I F:\¹âÅÌ×ÊÁÏ\ETC-WSNÎïÁªÍø¹âÅÌ×ÊÁÏ2 #
#                          10\ZigBeeÍøÂç\WSN-CSÔ´Âë\ZStack-CC2530-2.5.1a\Proj #
#                          ects\zstack\Utilities\SerialApp\CC2530DB\..\..\..\ #
#                          ..\..\Components\uCGUI\MultiLayer\ -I              #
#                          F:\¹âÅÌ×ÊÁÏ\ETC-WSNÎïÁªÍø¹âÅÌ×ÊÁÏ210\ZigBeeÍøÂç\WS #
#                          N-CSÔ´Âë\ZStack-CC2530-2.5.1a\Projects\zstack\Util #
#                          ities\SerialApp\CC2530DB\..\..\..\..\..\Components #
#                          \uCGUI\Config\ -I F:\¹âÅÌ×ÊÁÏ\ETC-WSNÎïÁªÍø¹âÅÌ×ÊÁ #
#                          Ï210\ZigBeeÍøÂç\WSN-CSÔ´Âë\ZStack-CC2530-2.5.1a\Pr #
#                          ojects\zstack\Utilities\SerialApp\CC2530DB\..\Coor #
#                          dinator\ -I F:\¹âÅÌ×ÊÁÏ\ETC-WSNÎïÁªÍø¹âÅÌ×ÊÁÏ210\Z #
#                          igBeeÍøÂç\WSN-CSÔ´Âë\ZStack-CC2530-2.5.1a\Projects #
#                          \zstack\Utilities\SerialApp\CC2530DB\..\..\..\ZMai #
#                          n\TI2530DB\ -I F:\¹âÅÌ×ÊÁÏ\ETC-WSNÎïÁªÍø¹âÅÌ×ÊÁÏ21 #
#                          0\ZigBeeÍøÂç\WSN-CSÔ´Âë\ZStack-CC2530-2.5.1a\Proje #
#                          cts\zstack\Utilities\SerialApp\CC2530DB\..\..\..\. #
#                          .\..\Components\hal\include\ -I                    #
#                          F:\¹âÅÌ×ÊÁÏ\ETC-WSNÎïÁªÍø¹âÅÌ×ÊÁÏ210\ZigBeeÍøÂç\WS #
#                          N-CSÔ´Âë\ZStack-CC2530-2.5.1a\Projects\zstack\Util #
#                          ities\SerialApp\CC2530DB\..\..\..\..\..\Components #
#                          \hal\target\CC2530EB\ -I                           #
#                          F:\¹âÅÌ×ÊÁÏ\ETC-WSNÎïÁªÍø¹âÅÌ×ÊÁÏ210\ZigBeeÍøÂç\WS #
#                          N-CSÔ´Âë\ZStack-CC2530-2.5.1a\Projects\zstack\Util #
#                          ities\SerialApp\CC2530DB\..\..\..\..\..\Components #
#                          \mac\include\ -I F:\¹âÅÌ×ÊÁÏ\ETC-WSNÎïÁªÍø¹âÅÌ×ÊÁÏ #
#                          210\ZigBeeÍøÂç\WSN-CSÔ´Âë\ZStack-CC2530-2.5.1a\Pro #
#                          jects\zstack\Utilities\SerialApp\CC2530DB\..\..\.. #
#                          \..\..\Components\mac\high_level\ -I               #
#                          F:\¹âÅÌ×ÊÁÏ\ETC-WSNÎïÁªÍø¹âÅÌ×ÊÁÏ210\ZigBeeÍøÂç\WS #
#                          N-CSÔ´Âë\ZStack-CC2530-2.5.1a\Projects\zstack\Util #
#                          ities\SerialApp\CC2530DB\..\..\..\..\..\Components #
#                          \mac\low_level\srf04\ -I                           #
#                          F:\¹âÅÌ×ÊÁÏ\ETC-WSNÎïÁªÍø¹âÅÌ×ÊÁÏ210\ZigBeeÍøÂç\WS #
#                          N-CSÔ´Âë\ZStack-CC2530-2.5.1a\Projects\zstack\Util #
#                          ities\SerialApp\CC2530DB\..\..\..\..\..\Components #
#                          \mac\low_level\srf04\single_chip\ -I               #
#                          F:\¹âÅÌ×ÊÁÏ\ETC-WSNÎïÁªÍø¹âÅÌ×ÊÁÏ210\ZigBeeÍøÂç\WS #
#                          N-CSÔ´Âë\ZStack-CC2530-2.5.1a\Projects\zstack\Util #
#                          ities\SerialApp\CC2530DB\..\..\..\..\..\Components #
#                          \mt\ -I F:\¹âÅÌ×ÊÁÏ\ETC-WSNÎïÁªÍø¹âÅÌ×ÊÁÏ210\ZigBe #
#                          eÍøÂç\WSN-CSÔ´Âë\ZStack-CC2530-2.5.1a\Projects\zst #
#                          ack\Utilities\SerialApp\CC2530DB\..\..\..\..\..\Co #
#                          mponents\osal\include\ -I                          #
#                          F:\¹âÅÌ×ÊÁÏ\ETC-WSNÎïÁªÍø¹âÅÌ×ÊÁÏ210\ZigBeeÍøÂç\WS #
#                          N-CSÔ´Âë\ZStack-CC2530-2.5.1a\Projects\zstack\Util #
#                          ities\SerialApp\CC2530DB\..\..\..\..\..\Components #
#                          \services\saddr\ -I F:\¹âÅÌ×ÊÁÏ\ETC-WSNÎïÁªÍø¹âÅÌ× #
#                          ÊÁÏ210\ZigBeeÍøÂç\WSN-CSÔ´Âë\ZStack-CC2530-2.5.1a\ #
#                          Projects\zstack\Utilities\SerialApp\CC2530DB\..\.. #
#                          \..\..\..\Components\services\sdata\ -I            #
#                          F:\¹âÅÌ×ÊÁÏ\ETC-WSNÎïÁªÍø¹âÅÌ×ÊÁÏ210\ZigBeeÍøÂç\WS #
#                          N-CSÔ´Âë\ZStack-CC2530-2.5.1a\Projects\zstack\Util #
#                          ities\SerialApp\CC2530DB\..\..\..\..\..\Components #
#                          \stack\af\ -I F:\¹âÅÌ×ÊÁÏ\ETC-WSNÎïÁªÍø¹âÅÌ×ÊÁÏ210 #
#                          \ZigBeeÍøÂç\WSN-CSÔ´Âë\ZStack-CC2530-2.5.1a\Projec #
#                          ts\zstack\Utilities\SerialApp\CC2530DB\..\..\..\.. #
#                          \..\Components\stack\nwk\ -I                       #
#                          F:\¹âÅÌ×ÊÁÏ\ETC-WSNÎïÁªÍø¹âÅÌ×ÊÁÏ210\ZigBeeÍøÂç\WS #
#                          N-CSÔ´Âë\ZStack-CC2530-2.5.1a\Projects\zstack\Util #
#                          ities\SerialApp\CC2530DB\..\..\..\..\..\Components #
#                          \stack\sapi\ -I F:\¹âÅÌ×ÊÁÏ\ETC-WSNÎïÁªÍø¹âÅÌ×ÊÁÏ2 #
#                          10\ZigBeeÍøÂç\WSN-CSÔ´Âë\ZStack-CC2530-2.5.1a\Proj #
#                          ects\zstack\Utilities\SerialApp\CC2530DB\..\..\..\ #
#                          ..\..\Components\stack\sec\ -I                     #
#                          F:\¹âÅÌ×ÊÁÏ\ETC-WSNÎïÁªÍø¹âÅÌ×ÊÁÏ210\ZigBeeÍøÂç\WS #
#                          N-CSÔ´Âë\ZStack-CC2530-2.5.1a\Projects\zstack\Util #
#                          ities\SerialApp\CC2530DB\..\..\..\..\..\Components #
#                          \stack\sys\ -I F:\¹âÅÌ×ÊÁÏ\ETC-WSNÎïÁªÍø¹âÅÌ×ÊÁÏ21 #
#                          0\ZigBeeÍøÂç\WSN-CSÔ´Âë\ZStack-CC2530-2.5.1a\Proje #
#                          cts\zstack\Utilities\SerialApp\CC2530DB\..\..\..\. #
#                          .\..\Components\stack\zdo\ -I                      #
#                          F:\¹âÅÌ×ÊÁÏ\ETC-WSNÎïÁªÍø¹âÅÌ×ÊÁÏ210\ZigBeeÍøÂç\WS #
#                          N-CSÔ´Âë\ZStack-CC2530-2.5.1a\Projects\zstack\Util #
#                          ities\SerialApp\CC2530DB\..\..\..\..\..\Components #
#                          \zmac\ -I F:\¹âÅÌ×ÊÁÏ\ETC-WSNÎïÁªÍø¹âÅÌ×ÊÁÏ210\Zig #
#                          BeeÍøÂç\WSN-CSÔ´Âë\ZStack-CC2530-2.5.1a\Projects\z #
#                          stack\Utilities\SerialApp\CC2530DB\..\..\..\..\..\ #
#                          Components\zmac\f8w\ -Ohz --require_prototypes     #
#    List file          =  F:\¹âÅÌ×ÊÁÏ\ETC-WSNÎïÁªÍø¹âÅÌ×ÊÁÏ210\ZigBeeÍøÂç\WS #
#                          N-CSÔ´Âë\ZStack-CC2530-2.5.1a\Projects\zstack\Util #
#                          ities\SerialApp\CC2530DB\CoordinatorEB\List\GUI_Ge #
#                          tTextExtend.lst                                    #
#    Object file        =  F:\¹âÅÌ×ÊÁÏ\ETC-WSNÎïÁªÍø¹âÅÌ×ÊÁÏ210\ZigBeeÍøÂç\WS #
#                          N-CSÔ´Âë\ZStack-CC2530-2.5.1a\Projects\zstack\Util #
#                          ities\SerialApp\CC2530DB\CoordinatorEB\Obj\GUI_Get #
#                          TextExtend.r51                                     #
#                                                                             #
#                                                                             #
###############################################################################

F:\¹âÅÌ×ÊÁÏ\ETC-WSNÎïÁªÍø¹âÅÌ×ÊÁÏ210\ZigBeeÍøÂç\WSN-CSÔ´Âë\ZStack-CC2530-2.5.1a\Components\uCGUI\Core\GUI_GetTextExtend.c
      1          /*
      2          *********************************************************************************************************
      3          *                                                uC/GUI
      4          *                        Universal graphic software for embedded applications
      5          *
      6          *                       (c) Copyright 2002, Micrium Inc., Weston, FL
      7          *                       (c) Copyright 2002, SEGGER Microcontroller Systeme GmbH
      8          *
      9          *              µC/GUI is protected by international copyright laws. Knowledge of the
     10          *              source code may not be used to write a similar product. This file may
     11          *              only be used in accordance with a license and should not be redistributed
     12          *              in any way. We appreciate your understanding and fairness.
     13          *
     14          ----------------------------------------------------------------------
     15          File        : GUI_GetTextExtend.c
     16          Purpose     : Implementation of GUI_GetTextExtend
     17          ---------------------------END-OF-HEADER------------------------------
     18          */
     19          
     20          #include "GUI_Protected.h"
     21          
     22          /*********************************************************************
     23          *
     24          *       Public code
     25          *
     26          **********************************************************************
     27          */
     28          /*********************************************************************
     29          *
     30          *       GUI_GetTextExtend
     31          */

   \                                 In  segment BANKED_CODE, align 1, keep-with-next
     32          void GUI_GetTextExtend(GUI_RECT* pRect, const char GUI_UNI_PTR * s, int MaxNumChars) {
   \                     GUI_GetTextExtend:
   \   000000   74EE         MOV     A,#-0x12
   \   000002   12....       LCALL   ?BANKED_ENTER_XDATA
   \   000005                ; Saved register size: 18
   \   000005                ; Auto size: 2
   \   000005   74FE         MOV     A,#-0x2
   \   000007   12....       LCALL   ?ALLOC_XSTACK8
   \   00000A   85..82       MOV     DPL,?XSP + 0
   \   00000D   85..83       MOV     DPH,?XSP + 1
   \   000010   EC           MOV     A,R4
   \   000011   F0           MOVX    @DPTR,A
   \   000012   A3           INC     DPTR
   \   000013   ED           MOV     A,R5
   \   000014   F0           MOVX    @DPTR,A
   \   000015   8A..         MOV     ?V0 + 0,R2
   \   000017   8B..         MOV     ?V0 + 1,R3
   \   000019   7414         MOV     A,#0x14
   \   00001B   12....       LCALL   ?XSTACK_DISP0_8
   \   00001E   E0           MOVX    A,@DPTR
   \   00001F   F5..         MOV     ?V0 + 4,A
   \   000021   A3           INC     DPTR
   \   000022   E0           MOVX    A,@DPTR
   \   000023   F5..         MOV     ?V0 + 5,A
     33            int xMax      = 0;
   \   000025   75..00       MOV     ?V0 + 2,#0x0
   \   000028   75..00       MOV     ?V0 + 3,#0x0
     34            int NumLines  = 0;
   \   00002B   75..00       MOV     ?V0 + 6,#0x0
   \   00002E   75..00       MOV     ?V0 + 7,#0x0
     35            int LineSizeX = 0;
   \   000031   7E00         MOV     R6,#0x0
   \   000033   7F00         MOV     R7,#0x0
     36            U16 Char;
     37            pRect->x0 = GUI_Context.DispPosX;
   \   000035   90....       MOV     DPTR,#GUI_Context + 27
   \   000038   12....       LCALL   ?Subroutine1 & 0xFFFF
   \                     ??CrossCallReturnLabel_2:
   \   00003B   E8           MOV     A,R0
   \   00003C   F0           MOVX    @DPTR,A
   \   00003D   A3           INC     DPTR
   \   00003E   E9           MOV     A,R1
   \   00003F   F0           MOVX    @DPTR,A
     38            pRect->y0 = GUI_Context.DispPosY;
   \   000040   90....       MOV     DPTR,#GUI_Context + 29
   \   000043   12....       LCALL   ?Subroutine1 & 0xFFFF
   \                     ??CrossCallReturnLabel_3:
   \   000046   A3           INC     DPTR
   \   000047   A3           INC     DPTR
   \   000048   E8           MOV     A,R0
   \   000049   F0           MOVX    @DPTR,A
   \   00004A   A3           INC     DPTR
   \   00004B   E9           MOV     A,R1
   \   00004C   F0           MOVX    @DPTR,A
   \   00004D   800F         SJMP    ??GUI_GetTextExtend_0
     39            while (MaxNumChars--) {
     40              Char = GUI_UC__GetCharCodeInc(&s);
     41              if ((Char == '\n') || (Char == 0)) {
     42                if (LineSizeX > xMax) {
     43                  xMax = LineSizeX;
     44                }
     45                LineSizeX = 0;
     46                NumLines++;
     47                if (!Char) {
     48                  break;
     49                }
     50              } else {
     51                LineSizeX += GUI_GetCharDistX(Char);
   \                     ??GUI_GetTextExtend_1:
   \   00004F                ; Setup parameters for call to function GUI_GetCharDistX
   \   00004F   12....       LCALL   ??GUI_GetCharDistX?relay
   \   000052   8A..         MOV     ?V0 + 8,R2
   \   000054   8B..         MOV     ?V0 + 9,R3
   \   000056   EE           MOV     A,R6
   \   000057   25..         ADD     A,?V0 + 8
   \   000059   FE           MOV     R6,A
   \   00005A   EF           MOV     A,R7
   \   00005B   35..         ADDC    A,?V0 + 9
   \   00005D   FF           MOV     R7,A
     52              }
   \                     ??GUI_GetTextExtend_0:
   \   00005E   A8..         MOV     R0,?V0 + 4
   \   000060   A9..         MOV     R1,?V0 + 5
   \   000062   E8           MOV     A,R0
   \   000063   24FF         ADD     A,#-0x1
   \   000065   F5..         MOV     ?V0 + 4,A
   \   000067   E9           MOV     A,R1
   \   000068   34FF         ADDC    A,#-0x1
   \   00006A   F5..         MOV     ?V0 + 5,A
   \   00006C   E8           MOV     A,R0
   \   00006D   49           ORL     A,R1
   \   00006E   6036         JZ      ??GUI_GetTextExtend_2
   \   000070                ; Setup parameters for call to function GUI_UC__GetCharCodeInc
   \   000070   85..82       MOV     DPL,?XSP + 0
   \   000073   85..83       MOV     DPH,?XSP + 1
   \   000076   AA82         MOV     R2,DPL
   \   000078   AB83         MOV     R3,DPH
   \   00007A   12....       LCALL   ??GUI_UC__GetCharCodeInc?relay
   \   00007D   740A         MOV     A,#0xa
   \   00007F   6A           XRL     A,R2
   \   000080   7001         JNZ     ??GUI_GetTextExtend_3
   \   000082   EB           MOV     A,R3
   \                     ??GUI_GetTextExtend_3:
   \   000083   6004         JZ      ??GUI_GetTextExtend_4
   \   000085   EA           MOV     A,R2
   \   000086   4B           ORL     A,R3
   \   000087   70C6         JNZ     ??GUI_GetTextExtend_1
   \                     ??GUI_GetTextExtend_4:
   \   000089   12....       LCALL   ?Subroutine2 & 0xFFFF
   \                     ??CrossCallReturnLabel_4:
   \   00008C   5004         JNC     ??GUI_GetTextExtend_5
   \   00008E   8E..         MOV     ?V0 + 2,R6
   \   000090   8F..         MOV     ?V0 + 3,R7
   \                     ??GUI_GetTextExtend_5:
   \   000092   7E00         MOV     R6,#0x0
   \   000094   7F00         MOV     R7,#0x0
   \   000096   E5..         MOV     A,?V0 + 6
   \   000098   2401         ADD     A,#0x1
   \   00009A   F5..         MOV     ?V0 + 6,A
   \   00009C   E5..         MOV     A,?V0 + 7
   \   00009E   3400         ADDC    A,#0x0
   \   0000A0   F5..         MOV     ?V0 + 7,A
   \   0000A2   EA           MOV     A,R2
   \   0000A3   4B           ORL     A,R3
   \   0000A4   70B8         JNZ     ??GUI_GetTextExtend_0
     53            }
     54            if (LineSizeX > xMax) {
   \                     ??GUI_GetTextExtend_2:
   \   0000A6   12....       LCALL   ?Subroutine2 & 0xFFFF
   \                     ??CrossCallReturnLabel_5:
   \   0000A9   5004         JNC     ??GUI_GetTextExtend_6
     55              xMax = LineSizeX;
   \   0000AB   8E..         MOV     ?V0 + 2,R6
   \   0000AD   8F..         MOV     ?V0 + 3,R7
     56            }
     57            if (!NumLines) {
   \                     ??GUI_GetTextExtend_6:
   \   0000AF   E5..         MOV     A,?V0 + 6
   \   0000B1   45..         ORL     A,?V0 + 7
   \   0000B3   7006         JNZ     ??GUI_GetTextExtend_7
     58              NumLines = 1;
   \   0000B5   75..01       MOV     ?V0 + 6,#0x1
   \   0000B8   75..00       MOV     ?V0 + 7,#0x0
     59            }
     60            pRect->x1 = pRect->x0 + xMax - 1;
   \                     ??GUI_GetTextExtend_7:
   \   0000BB   85..82       MOV     DPL,?V0 + 0
   \   0000BE   85..83       MOV     DPH,?V0 + 1
   \   0000C1   E0           MOVX    A,@DPTR
   \   0000C2   25..         ADD     A,?V0 + 2
   \   0000C4   F8           MOV     R0,A
   \   0000C5   A3           INC     DPTR
   \   0000C6   E0           MOVX    A,@DPTR
   \   0000C7   35..         ADDC    A,?V0 + 3
   \   0000C9   12....       LCALL   ?Subroutine0 & 0xFFFF
   \                     ??CrossCallReturnLabel_0:
   \   0000CC   E8           MOV     A,R0
   \   0000CD   F0           MOVX    @DPTR,A
   \   0000CE   A3           INC     DPTR
   \   0000CF   E9           MOV     A,R1
   \   0000D0   F0           MOVX    @DPTR,A
     61            pRect->y1 = pRect->y0 + GUI__GetFontSizeY() * NumLines - 1;
   \   0000D1                ; Setup parameters for call to function GUI__GetFontSizeY
   \   0000D1   12....       LCALL   ??GUI__GetFontSizeY?relay
   \   0000D4   8A..         MOV     ?V0 + 2,R2
   \   0000D6   A8..         MOV     R0,?V0 + 2
   \   0000D8   85..82       MOV     DPL,?V0 + 0
   \   0000DB   85..83       MOV     DPH,?V0 + 1
   \   0000DE   A3           INC     DPTR
   \   0000DF   A3           INC     DPTR
   \   0000E0   E8           MOV     A,R0
   \   0000E1   85..F0       MOV     B,?V0 + 6
   \   0000E4   A4           MUL     AB
   \   0000E5   C8           XCH     A,R0
   \   0000E6   AAF0         MOV     R2,B
   \   0000E8   85..F0       MOV     B,?V0 + 7
   \   0000EB   A4           MUL     AB
   \   0000EC   2A           ADD     A,R2
   \   0000ED   FA           MOV     R2,A
   \   0000EE   85..F0       MOV     B,?V0 + 6
   \   0000F1   EB           MOV     A,R3
   \   0000F2   A4           MUL     AB
   \   0000F3   2A           ADD     A,R2
   \   0000F4   F9           MOV     R1,A
   \   0000F5   E0           MOVX    A,@DPTR
   \   0000F6   28           ADD     A,R0
   \   0000F7   F8           MOV     R0,A
   \   0000F8   A3           INC     DPTR
   \   0000F9   E0           MOVX    A,@DPTR
   \   0000FA   39           ADDC    A,R1
   \   0000FB   12....       LCALL   ?Subroutine0 & 0xFFFF
   \                     ??CrossCallReturnLabel_1:
   \   0000FE   A3           INC     DPTR
   \   0000FF   A3           INC     DPTR
   \   000100   E8           MOV     A,R0
   \   000101   F0           MOVX    @DPTR,A
   \   000102   A3           INC     DPTR
   \   000103   E9           MOV     A,R1
   \   000104   F0           MOVX    @DPTR,A
     62          }
   \   000105   7402         MOV     A,#0x2
   \   000107   12....       LCALL   ?DEALLOC_XSTACK8
   \   00010A   7F0A         MOV     R7,#0xa
   \   00010C   02....       LJMP    ?BANKED_LEAVE_XDATA

   \                                 In  segment BANKED_CODE, align 1, keep-with-next
   \                     ?Subroutine2:
   \   000000   C3           CLR     C
   \   000001   E5..         MOV     A,?V0 + 2
   \   000003   9E           SUBB    A,R6
   \   000004   E5..         MOV     A,?V0 + 3
   \   000006   9F           SUBB    A,R7
   \   000007   A2D2         MOV     C,0xD0 /* PSW */.2
   \   000009   65D0         XRL     A,PSW
   \   00000B   33           RLC     A
   \   00000C   22           RET

   \                                 In  segment BANKED_CODE, align 1, keep-with-next
   \                     ?Subroutine1:
   \   000000   E0           MOVX    A,@DPTR
   \   000001   F8           MOV     R0,A
   \   000002   A3           INC     DPTR
   \   000003   E0           MOVX    A,@DPTR
   \   000004   F9           MOV     R1,A
   \   000005   8A82         MOV     DPL,R2
   \   000007   8B83         MOV     DPH,R3
   \   000009   22           RET

   \                                 In  segment BANKED_CODE, align 1, keep-with-next
   \                     ?Subroutine0:
   \   000000   F9           MOV     R1,A
   \   000001   E8           MOV     A,R0
   \   000002   24FF         ADD     A,#-0x1
   \   000004   18           DEC     R0
   \   000005   E9           MOV     A,R1
   \   000006   34FF         ADDC    A,#-0x1
   \   000008   F9           MOV     R1,A
   \   000009   85..82       MOV     DPL,?V0 + 0
   \   00000C   85..83       MOV     DPH,?V0 + 1
   \   00000F   A3           INC     DPTR
   \   000010   A3           INC     DPTR
   \   000011   A3           INC     DPTR
   \   000012   A3           INC     DPTR
   \   000013   22           RET

   \                                 In  segment BANK_RELAYS, align 1
   \                     ??GUI_GetTextExtend?relay:
   \   000000   12....       LCALL   ?BDISPATCH
   \   000003   ......       DC24    GUI_GetTextExtend
     63          
     64          /*************************** End of file ****************************/

   Maximum stack usage in bytes:

     Function                    ISTACK PSTACK XSTACK
     --------                    ------ ------ ------
     GUI_GetTextExtend               0      0     22
       -> GUI_GetCharDistX           0      0     40
       -> GUI_UC__GetCharCodeInc     0      0     40
       -> GUI__GetFontSizeY          0      0     40


   Segment part sizes:

     Function/Label            Bytes
     --------------            -----
     GUI_GetTextExtend          271
     ?Subroutine2                13
     ?Subroutine1                10
     ?Subroutine0                20
     ??GUI_GetTextExtend?relay    6

 
 314 bytes in segment BANKED_CODE
   6 bytes in segment BANK_RELAYS
 
 320 bytes of CODE memory

Errors: none
Warnings: none
