###############################################################################
#                                                                             #
# IAR C/C++ Compiler V8.10.1.10194/W32 for 8051         14/Jun/2016  16:18:50 #
# Copyright 2004-2011 IAR Systems AB.                                         #
#                                                                             #
#    Core               =  plain                                              #
#    Code model         =  banked                                             #
#    Data model         =  large                                              #
#    Calling convention =  xdata reentrant                                    #
#    Constant location  =  data_rom                                           #
#    Dptr setup         =  1,16                                               #
#    Source file        =  F:\¹âÅÌ×ÊÁÏ\ETC-WSNÎïÁªÍø¹âÅÌ×ÊÁÏ210\ZigBeeÍøÂç\WS #
#                          N-CSÔ´Âë\ZStack-CC2530-2.5.1a\Components\uCGUI\Cor #
#                          e\GUI_DrawBitmapExp.c                              #
#    Command line       =  -f F:\¹âÅÌ×ÊÁÏ\ETC-WSNÎïÁªÍø¹âÅÌ×ÊÁÏ210\ZigBeeÍøÂç #
#                          \WSN-CSÔ´Âë\ZStack-CC2530-2.5.1a\Projects\zstack\U #
#                          tilities\SerialApp\CC2530DB\..\..\..\Tools\CC2530D #
#                          B\f8wCoord.cfg (-DCPU32MHZ -DROOT=__near_func      #
#                          -DMAC_CFG_APP_PENDING_QUEUE=TRUE                   #
#                          -DMAC_CFG_TX_DATA_MAX=5 -DMAC_CFG_TX_MAX=8         #
#                          -DMAC_CFG_RX_MAX=5 -DZDO_COORDINATOR -DRTR_NWK)    #
#                          -f F:\¹âÅÌ×ÊÁÏ\ETC-WSNÎïÁªÍø¹âÅÌ×ÊÁÏ210\ZigBeeÍøÂç #
#                          \WSN-CSÔ´Âë\ZStack-CC2530-2.5.1a\Projects\zstack\U #
#                          tilities\SerialApp\CC2530DB\..\..\..\Tools\CC2530D #
#                          B\f8wConfig.cfg (-DZIGBEEPRO -DSECURE=0            #
#                          -DZG_SECURE_DYNAMIC=0 -DREFLECTOR                  #
#                          -DDEFAULT_CHANLIST=0x00000800                      #
#                          -DZDAPP_CONFIG_PAN_ID=0x1001                       #
#                          -DNWK_START_DELAY=100 -DEXTENDED_JOINING_RANDOM_MA #
#                          SK=0x007F -DBEACON_REQUEST_DELAY=100               #
#                          -DBEACON_REQ_DELAY_MASK=0x00FF                     #
#                          -DLINK_STATUS_JITTER_MASK=0x007F                   #
#                          -DROUTE_EXPIRY_TIME=30 -DAPSC_ACK_WAIT_DURATION_PO #
#                          LLED=3000 -DNWK_INDIRECT_MSG_TIMEOUT=7             #
#                          -DMAX_RREQ_ENTRIES=8 -DAPSC_MAX_FRAME_RETRIES=3    #
#                          -DNWK_MAX_DATA_RETRIES=2                           #
#                          -DMAX_POLL_FAILURE_RETRIES=2 -DMAX_BCAST=9         #
#                          -DAPS_MAX_GROUPS=16 -DMAX_RTG_ENTRIES=40           #
#                          -DNWK_MAX_BINDING_ENTRIES=4                        #
#                          -DMAX_BINDING_CLUSTER_IDS=4 "-DDEFAULT_KEY={0x01,  #
#                          0x03, 0x05, 0x07, 0x09, 0x0B, 0x0D, 0x0F, 0x00,    #
#                          0x02, 0x04, 0x06, 0x08, 0x0A, 0x0C, 0x0D}"         #
#                          -DMAC_MAX_FRAME_SIZE=116                           #
#                          -DZDNWKMGR_MIN_TRANSMISSIONS=20 "-DCONST=const     #
#                          __code" -DGENERIC=__generic                        #
#                          -DRFD_RCVC_ALWAYS_ON=FALSE -DPOLL_RATE=1000        #
#                          -DQUEUED_POLL_RATE=100 -DRESPONSE_POLL_RATE=100)   #
#                          -DREJOIN_POLL_RATE=440 F:\¹âÅÌ×ÊÁÏ\ETC-WSNÎïÁªÍø¹â #
#                          ÅÌ×ÊÁÏ210\ZigBeeÍøÂç\WSN-CSÔ´Âë\ZStack-CC2530-2.5. #
#                          1a\Components\uCGUI\Core\GUI_DrawBitmapExp.c -D    #
#                          HAL_UART=TRUE -D SERIAL_APP_PORT=0 -D COOR -D      #
#                          LCD_SUPPORTED -D NV_INIT -lC                       #
#                          F:\¹âÅÌ×ÊÁÏ\ETC-WSNÎïÁªÍø¹âÅÌ×ÊÁÏ210\ZigBeeÍøÂç\WS #
#                          N-CSÔ´Âë\ZStack-CC2530-2.5.1a\Projects\zstack\Util #
#                          ities\SerialApp\CC2530DB\CoordinatorEB\List\ -lA   #
#                          F:\¹âÅÌ×ÊÁÏ\ETC-WSNÎïÁªÍø¹âÅÌ×ÊÁÏ210\ZigBeeÍøÂç\WS #
#                          N-CSÔ´Âë\ZStack-CC2530-2.5.1a\Projects\zstack\Util #
#                          ities\SerialApp\CC2530DB\CoordinatorEB\List\       #
#                          --diag_suppress Pe001,Pa010 -o                     #
#                          F:\¹âÅÌ×ÊÁÏ\ETC-WSNÎïÁªÍø¹âÅÌ×ÊÁÏ210\ZigBeeÍøÂç\WS #
#                          N-CSÔ´Âë\ZStack-CC2530-2.5.1a\Projects\zstack\Util #
#                          ities\SerialApp\CC2530DB\CoordinatorEB\Obj\ -e     #
#                          --no_code_motion --debug --core=plain --dptr=16,1  #
#                          --data_model=large --code_model=banked             #
#                          --calling_convention=xdata_reentrant               #
#                          --place_constants=data_rom --nr_virtual_regs 16    #
#                          -I F:\¹âÅÌ×ÊÁÏ\ETC-WSNÎïÁªÍø¹âÅÌ×ÊÁÏ210\ZigBeeÍøÂç #
#                          \WSN-CSÔ´Âë\ZStack-CC2530-2.5.1a\Projects\zstack\U #
#                          tilities\SerialApp\CC2530DB\ -I                    #
#                          F:\¹âÅÌ×ÊÁÏ\ETC-WSNÎïÁªÍø¹âÅÌ×ÊÁÏ210\ZigBeeÍøÂç\WS #
#                          N-CSÔ´Âë\ZStack-CC2530-2.5.1a\Projects\zstack\Util #
#                          ities\SerialApp\CC2530DB\..\Public\ -I             #
#                          F:\¹âÅÌ×ÊÁÏ\ETC-WSNÎïÁªÍø¹âÅÌ×ÊÁÏ210\ZigBeeÍøÂç\WS #
#                          N-CSÔ´Âë\ZStack-CC2530-2.5.1a\Projects\zstack\Util #
#                          ities\SerialApp\CC2530DB\..\..\..\..\..\Components #
#                          \uCGUI\Core\ -I F:\¹âÅÌ×ÊÁÏ\ETC-WSNÎïÁªÍø¹âÅÌ×ÊÁÏ2 #
#                          10\ZigBeeÍøÂç\WSN-CSÔ´Âë\ZStack-CC2530-2.5.1a\Proj #
#                          ects\zstack\Utilities\SerialApp\CC2530DB\..\..\..\ #
#                          ..\..\Components\uCGUI\MultiLayer\ -I              #
#                          F:\¹âÅÌ×ÊÁÏ\ETC-WSNÎïÁªÍø¹âÅÌ×ÊÁÏ210\ZigBeeÍøÂç\WS #
#                          N-CSÔ´Âë\ZStack-CC2530-2.5.1a\Projects\zstack\Util #
#                          ities\SerialApp\CC2530DB\..\..\..\..\..\Components #
#                          \uCGUI\Config\ -I F:\¹âÅÌ×ÊÁÏ\ETC-WSNÎïÁªÍø¹âÅÌ×ÊÁ #
#                          Ï210\ZigBeeÍøÂç\WSN-CSÔ´Âë\ZStack-CC2530-2.5.1a\Pr #
#                          ojects\zstack\Utilities\SerialApp\CC2530DB\..\Coor #
#                          dinator\ -I F:\¹âÅÌ×ÊÁÏ\ETC-WSNÎïÁªÍø¹âÅÌ×ÊÁÏ210\Z #
#                          igBeeÍøÂç\WSN-CSÔ´Âë\ZStack-CC2530-2.5.1a\Projects #
#                          \zstack\Utilities\SerialApp\CC2530DB\..\..\..\ZMai #
#                          n\TI2530DB\ -I F:\¹âÅÌ×ÊÁÏ\ETC-WSNÎïÁªÍø¹âÅÌ×ÊÁÏ21 #
#                          0\ZigBeeÍøÂç\WSN-CSÔ´Âë\ZStack-CC2530-2.5.1a\Proje #
#                          cts\zstack\Utilities\SerialApp\CC2530DB\..\..\..\. #
#                          .\..\Components\hal\include\ -I                    #
#                          F:\¹âÅÌ×ÊÁÏ\ETC-WSNÎïÁªÍø¹âÅÌ×ÊÁÏ210\ZigBeeÍøÂç\WS #
#                          N-CSÔ´Âë\ZStack-CC2530-2.5.1a\Projects\zstack\Util #
#                          ities\SerialApp\CC2530DB\..\..\..\..\..\Components #
#                          \hal\target\CC2530EB\ -I                           #
#                          F:\¹âÅÌ×ÊÁÏ\ETC-WSNÎïÁªÍø¹âÅÌ×ÊÁÏ210\ZigBeeÍøÂç\WS #
#                          N-CSÔ´Âë\ZStack-CC2530-2.5.1a\Projects\zstack\Util #
#                          ities\SerialApp\CC2530DB\..\..\..\..\..\Components #
#                          \mac\include\ -I F:\¹âÅÌ×ÊÁÏ\ETC-WSNÎïÁªÍø¹âÅÌ×ÊÁÏ #
#                          210\ZigBeeÍøÂç\WSN-CSÔ´Âë\ZStack-CC2530-2.5.1a\Pro #
#                          jects\zstack\Utilities\SerialApp\CC2530DB\..\..\.. #
#                          \..\..\Components\mac\high_level\ -I               #
#                          F:\¹âÅÌ×ÊÁÏ\ETC-WSNÎïÁªÍø¹âÅÌ×ÊÁÏ210\ZigBeeÍøÂç\WS #
#                          N-CSÔ´Âë\ZStack-CC2530-2.5.1a\Projects\zstack\Util #
#                          ities\SerialApp\CC2530DB\..\..\..\..\..\Components #
#                          \mac\low_level\srf04\ -I                           #
#                          F:\¹âÅÌ×ÊÁÏ\ETC-WSNÎïÁªÍø¹âÅÌ×ÊÁÏ210\ZigBeeÍøÂç\WS #
#                          N-CSÔ´Âë\ZStack-CC2530-2.5.1a\Projects\zstack\Util #
#                          ities\SerialApp\CC2530DB\..\..\..\..\..\Components #
#                          \mac\low_level\srf04\single_chip\ -I               #
#                          F:\¹âÅÌ×ÊÁÏ\ETC-WSNÎïÁªÍø¹âÅÌ×ÊÁÏ210\ZigBeeÍøÂç\WS #
#                          N-CSÔ´Âë\ZStack-CC2530-2.5.1a\Projects\zstack\Util #
#                          ities\SerialApp\CC2530DB\..\..\..\..\..\Components #
#                          \mt\ -I F:\¹âÅÌ×ÊÁÏ\ETC-WSNÎïÁªÍø¹âÅÌ×ÊÁÏ210\ZigBe #
#                          eÍøÂç\WSN-CSÔ´Âë\ZStack-CC2530-2.5.1a\Projects\zst #
#                          ack\Utilities\SerialApp\CC2530DB\..\..\..\..\..\Co #
#                          mponents\osal\include\ -I                          #
#                          F:\¹âÅÌ×ÊÁÏ\ETC-WSNÎïÁªÍø¹âÅÌ×ÊÁÏ210\ZigBeeÍøÂç\WS #
#                          N-CSÔ´Âë\ZStack-CC2530-2.5.1a\Projects\zstack\Util #
#                          ities\SerialApp\CC2530DB\..\..\..\..\..\Components #
#                          \services\saddr\ -I F:\¹âÅÌ×ÊÁÏ\ETC-WSNÎïÁªÍø¹âÅÌ× #
#                          ÊÁÏ210\ZigBeeÍøÂç\WSN-CSÔ´Âë\ZStack-CC2530-2.5.1a\ #
#                          Projects\zstack\Utilities\SerialApp\CC2530DB\..\.. #
#                          \..\..\..\Components\services\sdata\ -I            #
#                          F:\¹âÅÌ×ÊÁÏ\ETC-WSNÎïÁªÍø¹âÅÌ×ÊÁÏ210\ZigBeeÍøÂç\WS #
#                          N-CSÔ´Âë\ZStack-CC2530-2.5.1a\Projects\zstack\Util #
#                          ities\SerialApp\CC2530DB\..\..\..\..\..\Components #
#                          \stack\af\ -I F:\¹âÅÌ×ÊÁÏ\ETC-WSNÎïÁªÍø¹âÅÌ×ÊÁÏ210 #
#                          \ZigBeeÍøÂç\WSN-CSÔ´Âë\ZStack-CC2530-2.5.1a\Projec #
#                          ts\zstack\Utilities\SerialApp\CC2530DB\..\..\..\.. #
#                          \..\Components\stack\nwk\ -I                       #
#                          F:\¹âÅÌ×ÊÁÏ\ETC-WSNÎïÁªÍø¹âÅÌ×ÊÁÏ210\ZigBeeÍøÂç\WS #
#                          N-CSÔ´Âë\ZStack-CC2530-2.5.1a\Projects\zstack\Util #
#                          ities\SerialApp\CC2530DB\..\..\..\..\..\Components #
#                          \stack\sapi\ -I F:\¹âÅÌ×ÊÁÏ\ETC-WSNÎïÁªÍø¹âÅÌ×ÊÁÏ2 #
#                          10\ZigBeeÍøÂç\WSN-CSÔ´Âë\ZStack-CC2530-2.5.1a\Proj #
#                          ects\zstack\Utilities\SerialApp\CC2530DB\..\..\..\ #
#                          ..\..\Components\stack\sec\ -I                     #
#                          F:\¹âÅÌ×ÊÁÏ\ETC-WSNÎïÁªÍø¹âÅÌ×ÊÁÏ210\ZigBeeÍøÂç\WS #
#                          N-CSÔ´Âë\ZStack-CC2530-2.5.1a\Projects\zstack\Util #
#                          ities\SerialApp\CC2530DB\..\..\..\..\..\Components #
#                          \stack\sys\ -I F:\¹âÅÌ×ÊÁÏ\ETC-WSNÎïÁªÍø¹âÅÌ×ÊÁÏ21 #
#                          0\ZigBeeÍøÂç\WSN-CSÔ´Âë\ZStack-CC2530-2.5.1a\Proje #
#                          cts\zstack\Utilities\SerialApp\CC2530DB\..\..\..\. #
#                          .\..\Components\stack\zdo\ -I                      #
#                          F:\¹âÅÌ×ÊÁÏ\ETC-WSNÎïÁªÍø¹âÅÌ×ÊÁÏ210\ZigBeeÍøÂç\WS #
#                          N-CSÔ´Âë\ZStack-CC2530-2.5.1a\Projects\zstack\Util #
#                          ities\SerialApp\CC2530DB\..\..\..\..\..\Components #
#                          \zmac\ -I F:\¹âÅÌ×ÊÁÏ\ETC-WSNÎïÁªÍø¹âÅÌ×ÊÁÏ210\Zig #
#                          BeeÍøÂç\WSN-CSÔ´Âë\ZStack-CC2530-2.5.1a\Projects\z #
#                          stack\Utilities\SerialApp\CC2530DB\..\..\..\..\..\ #
#                          Components\zmac\f8w\ -Ohz --require_prototypes     #
#    List file          =  F:\¹âÅÌ×ÊÁÏ\ETC-WSNÎïÁªÍø¹âÅÌ×ÊÁÏ210\ZigBeeÍøÂç\WS #
#                          N-CSÔ´Âë\ZStack-CC2530-2.5.1a\Projects\zstack\Util #
#                          ities\SerialApp\CC2530DB\CoordinatorEB\List\GUI_Dr #
#                          awBitmapExp.lst                                    #
#    Object file        =  F:\¹âÅÌ×ÊÁÏ\ETC-WSNÎïÁªÍø¹âÅÌ×ÊÁÏ210\ZigBeeÍøÂç\WS #
#                          N-CSÔ´Âë\ZStack-CC2530-2.5.1a\Projects\zstack\Util #
#                          ities\SerialApp\CC2530DB\CoordinatorEB\Obj\GUI_Dra #
#                          wBitmapExp.r51                                     #
#                                                                             #
#                                                                             #
###############################################################################

F:\¹âÅÌ×ÊÁÏ\ETC-WSNÎïÁªÍø¹âÅÌ×ÊÁÏ210\ZigBeeÍøÂç\WSN-CSÔ´Âë\ZStack-CC2530-2.5.1a\Components\uCGUI\Core\GUI_DrawBitmapExp.c
      1          /*
      2          *********************************************************************************************************
      3          *                                                uC/GUI
      4          *                        Universal graphic software for embedded applications
      5          *
      6          *                       (c) Copyright 2002, Micrium Inc., Weston, FL
      7          *                       (c) Copyright 2002, SEGGER Microcontroller Systeme GmbH
      8          *
      9          *              µC/GUI is protected by international copyright laws. Knowledge of the
     10          *              source code may not be used to write a similar product. This file may
     11          *              only be used in accordance with a license and should not be redistributed
     12          *              in any way. We appreciate your understanding and fairness.
     13          *
     14          ----------------------------------------------------------------------
     15          File        : GUI_DrawBitmapExp.C
     16          Purpose     : Implementation of GUI_DrawBitmapExp
     17          ---------------------------END-OF-HEADER------------------------------
     18          */
     19          
     20          #include <stddef.h>           /* needed for definition of NULL */
     21          #include "GUI_Private.h"

   \                                 In  segment SFR_AN, at 0xa8
   \   union <unnamed> volatile __sfr _A_IEN0
   \                     _A_IEN0:
   \   000000                DS 1
     22          
     23          /*********************************************************************
     24          *
     25          *       Public code
     26          *
     27          **********************************************************************
     28          */
     29          /*********************************************************************
     30          *
     31          *       GUI_DrawBitmapExp
     32          */

   \                                 In  segment BANKED_CODE, align 1, keep-with-next
     33          void GUI_DrawBitmapExp(int x0, int y0, int XSize, int YSize, int XMul, int YMul,
   \                     GUI_DrawBitmapExp:
     34                                 int BitsPerPixel, int BytesPerLine, const U8 GUI_UNI_PTR * pData,
     35                                 const GUI_LOGPALETTE GUI_UNI_PTR * pPal)
     36          {
   \   000000   74E8         MOV     A,#-0x18
   \   000002   12....       LCALL   ?BANKED_ENTER_XDATA
   \   000005                ; Saved register size: 24
   \   000005                ; Auto size: 6
   \   000005   74FA         MOV     A,#-0x6
   \   000007   12....       LCALL   ?ALLOC_XSTACK8
   \   00000A   7404         MOV     A,#0x4
   \   00000C   12....       LCALL   ?XSTACK_DISP0_8
   \   00000F   EA           MOV     A,R2
   \   000010   F0           MOVX    @DPTR,A
   \   000011   A3           INC     DPTR
   \   000012   EB           MOV     A,R3
   \   000013   F0           MOVX    @DPTR,A
   \   000014   7402         MOV     A,#0x2
   \   000016   12....       LCALL   ?XSTACK_DISP0_8
   \   000019   EC           MOV     A,R4
   \   00001A   F0           MOVX    @DPTR,A
   \   00001B   A3           INC     DPTR
   \   00001C   ED           MOV     A,R5
   \   00001D   F0           MOVX    @DPTR,A
   \   00001E   741E         MOV     A,#0x1e
   \   000020   12....       LCALL   ?XSTACK_DISP0_8
   \   000023   E0           MOVX    A,@DPTR
   \   000024   F5..         MOV     ?V0 + 8,A
   \   000026   A3           INC     DPTR
   \   000027   E0           MOVX    A,@DPTR
   \   000028   F5..         MOV     ?V0 + 9,A
   \   00002A   7420         MOV     A,#0x20
   \   00002C   12....       LCALL   ?XSTACK_DISP0_8
   \   00002F   E0           MOVX    A,@DPTR
   \   000030   FE           MOV     R6,A
   \   000031   A3           INC     DPTR
   \   000032   E0           MOVX    A,@DPTR
   \   000033   FF           MOV     R7,A
   \   000034   7422         MOV     A,#0x22
   \   000036   12....       LCALL   ?XSTACK_DISP0_8
   \   000039   E0           MOVX    A,@DPTR
   \   00003A   F5..         MOV     ?V0 + 0,A
   \   00003C   A3           INC     DPTR
   \   00003D   E0           MOVX    A,@DPTR
   \   00003E   F5..         MOV     ?V0 + 1,A
   \   000040   7424         MOV     A,#0x24
   \   000042   12....       LCALL   ?XSTACK_DISP0_8
   \   000045   E0           MOVX    A,@DPTR
   \   000046   F5..         MOV     ?V0 + 2,A
   \   000048   A3           INC     DPTR
   \   000049   E0           MOVX    A,@DPTR
   \   00004A   F5..         MOV     ?V0 + 3,A
   \   00004C   7426         MOV     A,#0x26
   \   00004E   12....       LCALL   ?XSTACK_DISP0_8
   \   000051   E0           MOVX    A,@DPTR
   \   000052   F5..         MOV     ?V0 + 4,A
   \   000054   A3           INC     DPTR
   \   000055   E0           MOVX    A,@DPTR
   \   000056   F5..         MOV     ?V0 + 5,A
   \   000058   7428         MOV     A,#0x28
   \   00005A   12....       LCALL   ?XSTACK_DISP0_8
   \   00005D   E0           MOVX    A,@DPTR
   \   00005E   F5..         MOV     ?V0 + 6,A
   \   000060   A3           INC     DPTR
   \   000061   E0           MOVX    A,@DPTR
   \   000062   F5..         MOV     ?V0 + 7,A
   \   000064   742C         MOV     A,#0x2c
   \   000066   12....       LCALL   ?XSTACK_DISP0_8
   \   000069   E0           MOVX    A,@DPTR
   \   00006A   F5..         MOV     ?V0 + 10,A
   \   00006C   A3           INC     DPTR
   \   00006D   E0           MOVX    A,@DPTR
   \   00006E   F5..         MOV     ?V0 + 11,A
     37            GUI_DRAWMODE PrevDraw;
     38            const LCD_PIXELINDEX* pTrans;
     39            halIntState_t state;
     40            GUI_LOCK(state);
   \   000070   A2AF         MOV     C,0xa8.7
   \   000072   E4           CLR     A
   \   000073   33           RLC     A
   \   000074   F5..         MOV     ?V0 + 12,A
   \   000076   C2AF         CLR     0xa8.7
     41            pTrans = LCD_GetpPalConvTable(pPal);
   \   000078                ; Setup parameters for call to function LCD_GetpPalConvTable
   \   000078   AA..         MOV     R2,?V0 + 10
   \   00007A   AB..         MOV     R3,?V0 + 11
   \   00007C   12....       LCALL   ??LCD_GetpPalConvTable?relay
   \   00007F   85..82       MOV     DPL,?XSP + 0
   \   000082   85..83       MOV     DPH,?XSP + 1
   \   000085   EA           MOV     A,R2
   \   000086   F0           MOVX    @DPTR,A
   \   000087   A3           INC     DPTR
   \   000088   EB           MOV     A,R3
   \   000089   F0           MOVX    @DPTR,A
     42            PrevDraw = GUI_SetDrawMode((pPal && pPal->HasTrans) ? GUI_DRAWMODE_TRANS : 0);
   \   00008A   E5..         MOV     A,?V0 + 10
   \   00008C   45..         ORL     A,?V0 + 11
   \   00008E   600F         JZ      ??GUI_DrawBitmapExp_0
   \   000090   85..82       MOV     DPL,?V0 + 10
   \   000093   85..83       MOV     DPH,?V0 + 11
   \   000096   A3           INC     DPTR
   \   000097   A3           INC     DPTR
   \   000098   E0           MOVX    A,@DPTR
   \   000099   6004         JZ      ??GUI_DrawBitmapExp_0
   \   00009B   7A02         MOV     R2,#0x2
   \   00009D   8002         SJMP    ??GUI_DrawBitmapExp_1
   \                     ??GUI_DrawBitmapExp_0:
   \   00009F   7A00         MOV     R2,#0x0
   \                     ??GUI_DrawBitmapExp_1:
   \   0000A1   7B00         MOV     R3,#0x0
   \   0000A3                ; Setup parameters for call to function GUI_SetDrawMode
   \   0000A3   12....       LCALL   ??GUI_SetDrawMode?relay
   \   0000A6   8A..         MOV     ?V0 + 14,R2
   \   0000A8   8B..         MOV     ?V0 + 15,R3
     43            #if (GUI_WINSUPPORT)
     44              WM_ADDORG(x0,y0);
     45              {
     46                GUI_RECT r;
     47                r.x0 = x0;
     48                r.x1 = x0 + XSize * XMul -1;
     49                r.y0 = y0;
     50                r.y1 = y0 + YSize * YMul -1;
     51                WM_ITERATE_START(&r); {
     52            #endif
     53            LCD_DrawBitmap( x0, y0 ,XSize ,YSize, XMul, YMul
     54                           ,BitsPerPixel, BytesPerLine, pData, pTrans);
   \   0000AA                ; Setup parameters for call to function LCD_DrawBitmap
   \   0000AA   85..82       MOV     DPL,?XSP + 0
   \   0000AD   85..83       MOV     DPH,?XSP + 1
   \   0000B0   12....       LCALL   ?PUSH_XSTACK8_X_TWO
   \   0000B3   742C         MOV     A,#0x2c
   \   0000B5   12....       LCALL   ?XSTACK_DISP0_8
   \   0000B8   12....       LCALL   ?PUSH_XSTACK8_X_TWO
   \   0000BB   78..         MOV     R0,#?V0 + 6
   \   0000BD   12....       LCALL   ?PUSH_XSTACK_I_TWO
   \   0000C0   78..         MOV     R0,#?V0 + 4
   \   0000C2   12....       LCALL   ?PUSH_XSTACK_I_TWO
   \   0000C5   78..         MOV     R0,#?V0 + 2
   \   0000C7   12....       LCALL   ?PUSH_XSTACK_I_TWO
   \   0000CA   78..         MOV     R0,#?V0 + 0
   \   0000CC   12....       LCALL   ?PUSH_XSTACK_I_TWO
   \   0000CF   8E..         MOV     ?V0 + 0,R6
   \   0000D1   8F..         MOV     ?V0 + 1,R7
   \   0000D3   78..         MOV     R0,#?V0 + 0
   \   0000D5   12....       LCALL   ?PUSH_XSTACK_I_TWO
   \   0000D8   78..         MOV     R0,#?V0 + 8
   \   0000DA   12....       LCALL   ?PUSH_XSTACK_I_TWO
   \   0000DD   7412         MOV     A,#0x12
   \   0000DF   12....       LCALL   ?XSTACK_DISP0_8
   \   0000E2   E0           MOVX    A,@DPTR
   \   0000E3   FC           MOV     R4,A
   \   0000E4   A3           INC     DPTR
   \   0000E5   E0           MOVX    A,@DPTR
   \   0000E6   FD           MOV     R5,A
   \   0000E7   7414         MOV     A,#0x14
   \   0000E9   12....       LCALL   ?XSTACK_DISP0_8
   \   0000EC   E0           MOVX    A,@DPTR
   \   0000ED   FA           MOV     R2,A
   \   0000EE   A3           INC     DPTR
   \   0000EF   E0           MOVX    A,@DPTR
   \   0000F0   FB           MOV     R3,A
   \   0000F1   12....       LCALL   ??LCD_DrawBitmap?relay
   \   0000F4   7410         MOV     A,#0x10
   \   0000F6   12....       LCALL   ?DEALLOC_XSTACK8
     55            #if (GUI_WINSUPPORT)
     56                } WM_ITERATE_END();
     57              }
     58            #endif
     59            GUI_SetDrawMode(PrevDraw);
   \   0000F9                ; Setup parameters for call to function GUI_SetDrawMode
   \   0000F9   AA..         MOV     R2,?V0 + 14
   \   0000FB   AB..         MOV     R3,?V0 + 15
   \   0000FD   12....       LCALL   ??GUI_SetDrawMode?relay
     60            GUI_UNLOCK(state);
   \   000100   E5..         MOV     A,?V0 + 12
   \   000102   A2E0         MOV     C,0xE0 /* A   */.0
   \   000104   92AF         MOV     0xa8.7,C
     61          }
   \   000106   7406         MOV     A,#0x6
   \   000108   12....       LCALL   ?DEALLOC_XSTACK8
   \   00010B   7F10         MOV     R7,#0x10
   \   00010D   02....       LJMP    ?BANKED_LEAVE_XDATA
   \   000110                REQUIRE _A_IEN0

   \                                 In  segment BANK_RELAYS, align 1
   \                     ??GUI_DrawBitmapExp?relay:
   \   000000   12....       LCALL   ?BDISPATCH
   \   000003   ......       DC24    GUI_DrawBitmapExp
     62          
     63          /*************************** End of file ****************************/

   Maximum stack usage in bytes:

     Function                  ISTACK PSTACK XSTACK
     --------                  ------ ------ ------
     GUI_DrawBitmapExp             0      0     62
       -> LCD_GetpPalConvTable     0      0     60
       -> GUI_SetDrawMode          0      0     60
       -> LCD_DrawBitmap           0      0     92
       -> GUI_SetDrawMode          0      0     60


   Segment part sizes:

     Function/Label            Bytes
     --------------            -----
     _A_IEN0                      1
     GUI_DrawBitmapExp          272
     ??GUI_DrawBitmapExp?relay    6

 
 272 bytes in segment BANKED_CODE
   6 bytes in segment BANK_RELAYS
   1 byte  in segment SFR_AN
 
 278 bytes of CODE memory
   0 bytes of DATA memory (+ 1 byte shared)

Errors: none
Warnings: none
