###############################################################################
#                                                                             #
# IAR C/C++ Compiler V8.10.1.10194/W32 for 8051         14/Jun/2016  16:18:24 #
# Copyright 2004-2011 IAR Systems AB.                                         #
#                                                                             #
#    Core               =  plain                                              #
#    Code model         =  banked                                             #
#    Data model         =  large                                              #
#    Calling convention =  xdata reentrant                                    #
#    Constant location  =  data_rom                                           #
#    Dptr setup         =  1,16                                               #
#    Source file        =  F:\¹âÅÌ×ÊÁÏ\ETC-WSNÎïÁªÍø¹âÅÌ×ÊÁÏ210\ZigBeeÍøÂç\WS #
#                          N-CSÔ´Âë\ZStack-CC2530-2.5.1a\Components\uCGUI\Cor #
#                          e\GUI_DrawBitmapMag.c                              #
#    Command line       =  -f F:\¹âÅÌ×ÊÁÏ\ETC-WSNÎïÁªÍø¹âÅÌ×ÊÁÏ210\ZigBeeÍøÂç #
#                          \WSN-CSÔ´Âë\ZStack-CC2530-2.5.1a\Projects\zstack\U #
#                          tilities\SerialApp\CC2530DB\..\..\..\Tools\CC2530D #
#                          B\f8wCoord.cfg (-DCPU32MHZ -DROOT=__near_func      #
#                          -DMAC_CFG_APP_PENDING_QUEUE=TRUE                   #
#                          -DMAC_CFG_TX_DATA_MAX=5 -DMAC_CFG_TX_MAX=8         #
#                          -DMAC_CFG_RX_MAX=5 -DZDO_COORDINATOR -DRTR_NWK)    #
#                          -f F:\¹âÅÌ×ÊÁÏ\ETC-WSNÎïÁªÍø¹âÅÌ×ÊÁÏ210\ZigBeeÍøÂç #
#                          \WSN-CSÔ´Âë\ZStack-CC2530-2.5.1a\Projects\zstack\U #
#                          tilities\SerialApp\CC2530DB\..\..\..\Tools\CC2530D #
#                          B\f8wConfig.cfg (-DZIGBEEPRO -DSECURE=0            #
#                          -DZG_SECURE_DYNAMIC=0 -DREFLECTOR                  #
#                          -DDEFAULT_CHANLIST=0x00000800                      #
#                          -DZDAPP_CONFIG_PAN_ID=0x1001                       #
#                          -DNWK_START_DELAY=100 -DEXTENDED_JOINING_RANDOM_MA #
#                          SK=0x007F -DBEACON_REQUEST_DELAY=100               #
#                          -DBEACON_REQ_DELAY_MASK=0x00FF                     #
#                          -DLINK_STATUS_JITTER_MASK=0x007F                   #
#                          -DROUTE_EXPIRY_TIME=30 -DAPSC_ACK_WAIT_DURATION_PO #
#                          LLED=3000 -DNWK_INDIRECT_MSG_TIMEOUT=7             #
#                          -DMAX_RREQ_ENTRIES=8 -DAPSC_MAX_FRAME_RETRIES=3    #
#                          -DNWK_MAX_DATA_RETRIES=2                           #
#                          -DMAX_POLL_FAILURE_RETRIES=2 -DMAX_BCAST=9         #
#                          -DAPS_MAX_GROUPS=16 -DMAX_RTG_ENTRIES=40           #
#                          -DNWK_MAX_BINDING_ENTRIES=4                        #
#                          -DMAX_BINDING_CLUSTER_IDS=4 "-DDEFAULT_KEY={0x01,  #
#                          0x03, 0x05, 0x07, 0x09, 0x0B, 0x0D, 0x0F, 0x00,    #
#                          0x02, 0x04, 0x06, 0x08, 0x0A, 0x0C, 0x0D}"         #
#                          -DMAC_MAX_FRAME_SIZE=116                           #
#                          -DZDNWKMGR_MIN_TRANSMISSIONS=20 "-DCONST=const     #
#                          __code" -DGENERIC=__generic                        #
#                          -DRFD_RCVC_ALWAYS_ON=FALSE -DPOLL_RATE=1000        #
#                          -DQUEUED_POLL_RATE=100 -DRESPONSE_POLL_RATE=100)   #
#                          -DREJOIN_POLL_RATE=440 F:\¹âÅÌ×ÊÁÏ\ETC-WSNÎïÁªÍø¹â #
#                          ÅÌ×ÊÁÏ210\ZigBeeÍøÂç\WSN-CSÔ´Âë\ZStack-CC2530-2.5. #
#                          1a\Components\uCGUI\Core\GUI_DrawBitmapMag.c -D    #
#                          HAL_UART=TRUE -D SERIAL_APP_PORT=0 -D COOR -D      #
#                          LCD_SUPPORTED -D NV_INIT -lC                       #
#                          F:\¹âÅÌ×ÊÁÏ\ETC-WSNÎïÁªÍø¹âÅÌ×ÊÁÏ210\ZigBeeÍøÂç\WS #
#                          N-CSÔ´Âë\ZStack-CC2530-2.5.1a\Projects\zstack\Util #
#                          ities\SerialApp\CC2530DB\CoordinatorEB\List\ -lA   #
#                          F:\¹âÅÌ×ÊÁÏ\ETC-WSNÎïÁªÍø¹âÅÌ×ÊÁÏ210\ZigBeeÍøÂç\WS #
#                          N-CSÔ´Âë\ZStack-CC2530-2.5.1a\Projects\zstack\Util #
#                          ities\SerialApp\CC2530DB\CoordinatorEB\List\       #
#                          --diag_suppress Pe001,Pa010 -o                     #
#                          F:\¹âÅÌ×ÊÁÏ\ETC-WSNÎïÁªÍø¹âÅÌ×ÊÁÏ210\ZigBeeÍøÂç\WS #
#                          N-CSÔ´Âë\ZStack-CC2530-2.5.1a\Projects\zstack\Util #
#                          ities\SerialApp\CC2530DB\CoordinatorEB\Obj\ -e     #
#                          --no_code_motion --debug --core=plain --dptr=16,1  #
#                          --data_model=large --code_model=banked             #
#                          --calling_convention=xdata_reentrant               #
#                          --place_constants=data_rom --nr_virtual_regs 16    #
#                          -I F:\¹âÅÌ×ÊÁÏ\ETC-WSNÎïÁªÍø¹âÅÌ×ÊÁÏ210\ZigBeeÍøÂç #
#                          \WSN-CSÔ´Âë\ZStack-CC2530-2.5.1a\Projects\zstack\U #
#                          tilities\SerialApp\CC2530DB\ -I                    #
#                          F:\¹âÅÌ×ÊÁÏ\ETC-WSNÎïÁªÍø¹âÅÌ×ÊÁÏ210\ZigBeeÍøÂç\WS #
#                          N-CSÔ´Âë\ZStack-CC2530-2.5.1a\Projects\zstack\Util #
#                          ities\SerialApp\CC2530DB\..\Public\ -I             #
#                          F:\¹âÅÌ×ÊÁÏ\ETC-WSNÎïÁªÍø¹âÅÌ×ÊÁÏ210\ZigBeeÍøÂç\WS #
#                          N-CSÔ´Âë\ZStack-CC2530-2.5.1a\Projects\zstack\Util #
#                          ities\SerialApp\CC2530DB\..\..\..\..\..\Components #
#                          \uCGUI\Core\ -I F:\¹âÅÌ×ÊÁÏ\ETC-WSNÎïÁªÍø¹âÅÌ×ÊÁÏ2 #
#                          10\ZigBeeÍøÂç\WSN-CSÔ´Âë\ZStack-CC2530-2.5.1a\Proj #
#                          ects\zstack\Utilities\SerialApp\CC2530DB\..\..\..\ #
#                          ..\..\Components\uCGUI\MultiLayer\ -I              #
#                          F:\¹âÅÌ×ÊÁÏ\ETC-WSNÎïÁªÍø¹âÅÌ×ÊÁÏ210\ZigBeeÍøÂç\WS #
#                          N-CSÔ´Âë\ZStack-CC2530-2.5.1a\Projects\zstack\Util #
#                          ities\SerialApp\CC2530DB\..\..\..\..\..\Components #
#                          \uCGUI\Config\ -I F:\¹âÅÌ×ÊÁÏ\ETC-WSNÎïÁªÍø¹âÅÌ×ÊÁ #
#                          Ï210\ZigBeeÍøÂç\WSN-CSÔ´Âë\ZStack-CC2530-2.5.1a\Pr #
#                          ojects\zstack\Utilities\SerialApp\CC2530DB\..\Coor #
#                          dinator\ -I F:\¹âÅÌ×ÊÁÏ\ETC-WSNÎïÁªÍø¹âÅÌ×ÊÁÏ210\Z #
#                          igBeeÍøÂç\WSN-CSÔ´Âë\ZStack-CC2530-2.5.1a\Projects #
#                          \zstack\Utilities\SerialApp\CC2530DB\..\..\..\ZMai #
#                          n\TI2530DB\ -I F:\¹âÅÌ×ÊÁÏ\ETC-WSNÎïÁªÍø¹âÅÌ×ÊÁÏ21 #
#                          0\ZigBeeÍøÂç\WSN-CSÔ´Âë\ZStack-CC2530-2.5.1a\Proje #
#                          cts\zstack\Utilities\SerialApp\CC2530DB\..\..\..\. #
#                          .\..\Components\hal\include\ -I                    #
#                          F:\¹âÅÌ×ÊÁÏ\ETC-WSNÎïÁªÍø¹âÅÌ×ÊÁÏ210\ZigBeeÍøÂç\WS #
#                          N-CSÔ´Âë\ZStack-CC2530-2.5.1a\Projects\zstack\Util #
#                          ities\SerialApp\CC2530DB\..\..\..\..\..\Components #
#                          \hal\target\CC2530EB\ -I                           #
#                          F:\¹âÅÌ×ÊÁÏ\ETC-WSNÎïÁªÍø¹âÅÌ×ÊÁÏ210\ZigBeeÍøÂç\WS #
#                          N-CSÔ´Âë\ZStack-CC2530-2.5.1a\Projects\zstack\Util #
#                          ities\SerialApp\CC2530DB\..\..\..\..\..\Components #
#                          \mac\include\ -I F:\¹âÅÌ×ÊÁÏ\ETC-WSNÎïÁªÍø¹âÅÌ×ÊÁÏ #
#                          210\ZigBeeÍøÂç\WSN-CSÔ´Âë\ZStack-CC2530-2.5.1a\Pro #
#                          jects\zstack\Utilities\SerialApp\CC2530DB\..\..\.. #
#                          \..\..\Components\mac\high_level\ -I               #
#                          F:\¹âÅÌ×ÊÁÏ\ETC-WSNÎïÁªÍø¹âÅÌ×ÊÁÏ210\ZigBeeÍøÂç\WS #
#                          N-CSÔ´Âë\ZStack-CC2530-2.5.1a\Projects\zstack\Util #
#                          ities\SerialApp\CC2530DB\..\..\..\..\..\Components #
#                          \mac\low_level\srf04\ -I                           #
#                          F:\¹âÅÌ×ÊÁÏ\ETC-WSNÎïÁªÍø¹âÅÌ×ÊÁÏ210\ZigBeeÍøÂç\WS #
#                          N-CSÔ´Âë\ZStack-CC2530-2.5.1a\Projects\zstack\Util #
#                          ities\SerialApp\CC2530DB\..\..\..\..\..\Components #
#                          \mac\low_level\srf04\single_chip\ -I               #
#                          F:\¹âÅÌ×ÊÁÏ\ETC-WSNÎïÁªÍø¹âÅÌ×ÊÁÏ210\ZigBeeÍøÂç\WS #
#                          N-CSÔ´Âë\ZStack-CC2530-2.5.1a\Projects\zstack\Util #
#                          ities\SerialApp\CC2530DB\..\..\..\..\..\Components #
#                          \mt\ -I F:\¹âÅÌ×ÊÁÏ\ETC-WSNÎïÁªÍø¹âÅÌ×ÊÁÏ210\ZigBe #
#                          eÍøÂç\WSN-CSÔ´Âë\ZStack-CC2530-2.5.1a\Projects\zst #
#                          ack\Utilities\SerialApp\CC2530DB\..\..\..\..\..\Co #
#                          mponents\osal\include\ -I                          #
#                          F:\¹âÅÌ×ÊÁÏ\ETC-WSNÎïÁªÍø¹âÅÌ×ÊÁÏ210\ZigBeeÍøÂç\WS #
#                          N-CSÔ´Âë\ZStack-CC2530-2.5.1a\Projects\zstack\Util #
#                          ities\SerialApp\CC2530DB\..\..\..\..\..\Components #
#                          \services\saddr\ -I F:\¹âÅÌ×ÊÁÏ\ETC-WSNÎïÁªÍø¹âÅÌ× #
#                          ÊÁÏ210\ZigBeeÍøÂç\WSN-CSÔ´Âë\ZStack-CC2530-2.5.1a\ #
#                          Projects\zstack\Utilities\SerialApp\CC2530DB\..\.. #
#                          \..\..\..\Components\services\sdata\ -I            #
#                          F:\¹âÅÌ×ÊÁÏ\ETC-WSNÎïÁªÍø¹âÅÌ×ÊÁÏ210\ZigBeeÍøÂç\WS #
#                          N-CSÔ´Âë\ZStack-CC2530-2.5.1a\Projects\zstack\Util #
#                          ities\SerialApp\CC2530DB\..\..\..\..\..\Components #
#                          \stack\af\ -I F:\¹âÅÌ×ÊÁÏ\ETC-WSNÎïÁªÍø¹âÅÌ×ÊÁÏ210 #
#                          \ZigBeeÍøÂç\WSN-CSÔ´Âë\ZStack-CC2530-2.5.1a\Projec #
#                          ts\zstack\Utilities\SerialApp\CC2530DB\..\..\..\.. #
#                          \..\Components\stack\nwk\ -I                       #
#                          F:\¹âÅÌ×ÊÁÏ\ETC-WSNÎïÁªÍø¹âÅÌ×ÊÁÏ210\ZigBeeÍøÂç\WS #
#                          N-CSÔ´Âë\ZStack-CC2530-2.5.1a\Projects\zstack\Util #
#                          ities\SerialApp\CC2530DB\..\..\..\..\..\Components #
#                          \stack\sapi\ -I F:\¹âÅÌ×ÊÁÏ\ETC-WSNÎïÁªÍø¹âÅÌ×ÊÁÏ2 #
#                          10\ZigBeeÍøÂç\WSN-CSÔ´Âë\ZStack-CC2530-2.5.1a\Proj #
#                          ects\zstack\Utilities\SerialApp\CC2530DB\..\..\..\ #
#                          ..\..\Components\stack\sec\ -I                     #
#                          F:\¹âÅÌ×ÊÁÏ\ETC-WSNÎïÁªÍø¹âÅÌ×ÊÁÏ210\ZigBeeÍøÂç\WS #
#                          N-CSÔ´Âë\ZStack-CC2530-2.5.1a\Projects\zstack\Util #
#                          ities\SerialApp\CC2530DB\..\..\..\..\..\Components #
#                          \stack\sys\ -I F:\¹âÅÌ×ÊÁÏ\ETC-WSNÎïÁªÍø¹âÅÌ×ÊÁÏ21 #
#                          0\ZigBeeÍøÂç\WSN-CSÔ´Âë\ZStack-CC2530-2.5.1a\Proje #
#                          cts\zstack\Utilities\SerialApp\CC2530DB\..\..\..\. #
#                          .\..\Components\stack\zdo\ -I                      #
#                          F:\¹âÅÌ×ÊÁÏ\ETC-WSNÎïÁªÍø¹âÅÌ×ÊÁÏ210\ZigBeeÍøÂç\WS #
#                          N-CSÔ´Âë\ZStack-CC2530-2.5.1a\Projects\zstack\Util #
#                          ities\SerialApp\CC2530DB\..\..\..\..\..\Components #
#                          \zmac\ -I F:\¹âÅÌ×ÊÁÏ\ETC-WSNÎïÁªÍø¹âÅÌ×ÊÁÏ210\Zig #
#                          BeeÍøÂç\WSN-CSÔ´Âë\ZStack-CC2530-2.5.1a\Projects\z #
#                          stack\Utilities\SerialApp\CC2530DB\..\..\..\..\..\ #
#                          Components\zmac\f8w\ -Ohz --require_prototypes     #
#    List file          =  F:\¹âÅÌ×ÊÁÏ\ETC-WSNÎïÁªÍø¹âÅÌ×ÊÁÏ210\ZigBeeÍøÂç\WS #
#                          N-CSÔ´Âë\ZStack-CC2530-2.5.1a\Projects\zstack\Util #
#                          ities\SerialApp\CC2530DB\CoordinatorEB\List\GUI_Dr #
#                          awBitmapMag.lst                                    #
#    Object file        =  F:\¹âÅÌ×ÊÁÏ\ETC-WSNÎïÁªÍø¹âÅÌ×ÊÁÏ210\ZigBeeÍøÂç\WS #
#                          N-CSÔ´Âë\ZStack-CC2530-2.5.1a\Projects\zstack\Util #
#                          ities\SerialApp\CC2530DB\CoordinatorEB\Obj\GUI_Dra #
#                          wBitmapMag.r51                                     #
#                                                                             #
#                                                                             #
###############################################################################

F:\¹âÅÌ×ÊÁÏ\ETC-WSNÎïÁªÍø¹âÅÌ×ÊÁÏ210\ZigBeeÍøÂç\WSN-CSÔ´Âë\ZStack-CC2530-2.5.1a\Components\uCGUI\Core\GUI_DrawBitmapMag.c
      1          /*
      2          *********************************************************************************************************
      3          *                                                uC/GUI
      4          *                        Universal graphic software for embedded applications
      5          *
      6          *                       (c) Copyright 2002, Micrium Inc., Weston, FL
      7          *                       (c) Copyright 2002, SEGGER Microcontroller Systeme GmbH
      8          *
      9          *              µC/GUI is protected by international copyright laws. Knowledge of the
     10          *              source code may not be used to write a similar product. This file may
     11          *              only be used in accordance with a license and should not be redistributed
     12          *              in any way. We appreciate your understanding and fairness.
     13          *
     14          ----------------------------------------------------------------------
     15          File        : GUI_DrawBitmapMag.C
     16          Purpose     : Implementation file for GUI_DrawBitmapMag
     17          ---------------------------END-OF-HEADER------------------------------
     18          */
     19          
     20          #include <stddef.h>           /* needed for definition of NULL */
     21          #include "GUI_Private.h"

   \                                 In  segment SFR_AN, at 0xa8
   \   union <unnamed> volatile __sfr _A_IEN0
   \                     _A_IEN0:
   \   000000                DS 1
     22          
     23          /*********************************************************************
     24          *
     25          *       Public code
     26          *
     27          **********************************************************************
     28          */
     29          /*********************************************************************
     30          *
     31          *       GUI_DrawBitmapMag
     32          */

   \                                 In  segment BANKED_CODE, align 1, keep-with-next
     33          void GUI_DrawBitmapMag(const GUI_BITMAP GUI_UNI_PTR *pBitmap, int x0, int y0, int xMul, int yMul) {
   \                     GUI_DrawBitmapMag:
   \   000000   74E8         MOV     A,#-0x18
   \   000002   12....       LCALL   ?BANKED_ENTER_XDATA
   \   000005                ; Saved register size: 24
   \   000005                ; Auto size: 3
   \   000005   74FD         MOV     A,#-0x3
   \   000007   12....       LCALL   ?ALLOC_XSTACK8
   \   00000A   7401         MOV     A,#0x1
   \   00000C   12....       LCALL   ?XSTACK_DISP0_8
   \   00000F   EC           MOV     A,R4
   \   000010   F0           MOVX    @DPTR,A
   \   000011   A3           INC     DPTR
   \   000012   ED           MOV     A,R5
   \   000013   F0           MOVX    @DPTR,A
   \   000014   8A..         MOV     ?V0 + 2,R2
   \   000016   8B..         MOV     ?V0 + 3,R3
   \   000018   741B         MOV     A,#0x1b
   \   00001A   12....       LCALL   ?XSTACK_DISP0_8
   \   00001D   E0           MOVX    A,@DPTR
   \   00001E   F5..         MOV     ?V0 + 14,A
   \   000020   A3           INC     DPTR
   \   000021   E0           MOVX    A,@DPTR
   \   000022   F5..         MOV     ?V0 + 15,A
   \   000024   741D         MOV     A,#0x1d
   \   000026   12....       LCALL   ?XSTACK_DISP0_8
   \   000029   E0           MOVX    A,@DPTR
   \   00002A   FE           MOV     R6,A
   \   00002B   A3           INC     DPTR
   \   00002C   E0           MOVX    A,@DPTR
   \   00002D   FF           MOV     R7,A
   \   00002E   741F         MOV     A,#0x1f
   \   000030   12....       LCALL   ?XSTACK_DISP0_8
   \   000033   E0           MOVX    A,@DPTR
   \   000034   F5..         MOV     ?V0 + 0,A
   \   000036   A3           INC     DPTR
   \   000037   E0           MOVX    A,@DPTR
   \   000038   F5..         MOV     ?V0 + 1,A
     34            GUI_DRAWMODE PrevDraw;
     35            int xSize, ySize;
     36            const GUI_LOGPALETTE GUI_UNI_PTR * pPal;
     37            const LCD_PIXELINDEX* pTrans;
     38            halIntState_t state;
     39            GUI_LOCK(state);
   \   00003A   A2AF         MOV     C,0xa8.7
   \   00003C   E4           CLR     A
   \   00003D   33           RLC     A
   \   00003E   85..82       MOV     DPL,?XSP + 0
   \   000041   85..83       MOV     DPH,?XSP + 1
   \   000044   F0           MOVX    @DPTR,A
   \   000045   C2AF         CLR     0xa8.7
     40            pPal = pBitmap->pPal;
   \   000047   8A82         MOV     DPL,R2
   \   000049   8B83         MOV     DPH,R3
   \   00004B   A3           INC     DPTR
   \   00004C   A3           INC     DPTR
   \   00004D   A3           INC     DPTR
   \   00004E   A3           INC     DPTR
   \   00004F   A3           INC     DPTR
   \   000050   A3           INC     DPTR
   \   000051   A3           INC     DPTR
   \   000052   A3           INC     DPTR
   \   000053   A3           INC     DPTR
   \   000054   A3           INC     DPTR
   \   000055   E0           MOVX    A,@DPTR
   \   000056   F5..         MOV     ?V0 + 10,A
   \   000058   A3           INC     DPTR
   \   000059   E0           MOVX    A,@DPTR
   \   00005A   F5..         MOV     ?V0 + 11,A
     41            xSize = pBitmap->XSize;
   \   00005C   8A82         MOV     DPL,R2
   \   00005E   8B83         MOV     DPH,R3
   \   000060   E0           MOVX    A,@DPTR
   \   000061   F5..         MOV     ?V0 + 4,A
   \   000063   A3           INC     DPTR
   \   000064   E0           MOVX    A,@DPTR
   \   000065   F5..         MOV     ?V0 + 5,A
     42            ySize = pBitmap->YSize;
   \   000067   8A82         MOV     DPL,R2
   \   000069   8B83         MOV     DPH,R3
   \   00006B   A3           INC     DPTR
   \   00006C   A3           INC     DPTR
   \   00006D   E0           MOVX    A,@DPTR
   \   00006E   F5..         MOV     ?V0 + 6,A
   \   000070   A3           INC     DPTR
   \   000071   E0           MOVX    A,@DPTR
   \   000072   F5..         MOV     ?V0 + 7,A
     43            pTrans = LCD_GetpPalConvTable(pPal);
   \   000074                ; Setup parameters for call to function LCD_GetpPalConvTable
   \   000074   AA..         MOV     R2,?V0 + 10
   \   000076   AB..         MOV     R3,?V0 + 11
   \   000078   12....       LCALL   ??LCD_GetpPalConvTable?relay
   \   00007B   8A..         MOV     ?V0 + 8,R2
   \   00007D   8B..         MOV     ?V0 + 9,R3
     44            if (!pTrans) {
   \   00007F   EA           MOV     A,R2
   \   000080   45..         ORL     A,?V0 + 9
   \   000082   7023         JNZ     ??GUI_DrawBitmapMag_0
     45              pTrans = (pBitmap->BitsPerPixel != 1) ? NULL : &LCD_BKCOLORINDEX;
   \   000084   85..82       MOV     DPL,?V0 + 2
   \   000087   85..83       MOV     DPH,?V0 + 3
   \   00008A   A3           INC     DPTR
   \   00008B   A3           INC     DPTR
   \   00008C   A3           INC     DPTR
   \   00008D   A3           INC     DPTR
   \   00008E   A3           INC     DPTR
   \   00008F   A3           INC     DPTR
   \   000090   E0           MOVX    A,@DPTR
   \   000091   6401         XRL     A,#0x1
   \   000093   7002         JNZ     ??GUI_DrawBitmapMag_1
   \   000095   A3           INC     DPTR
   \   000096   E0           MOVX    A,@DPTR
   \                     ??GUI_DrawBitmapMag_1:
   \   000097   6008         JZ      ??GUI_DrawBitmapMag_2
   \   000099   75..00       MOV     ?V0 + 8,#0x0
   \   00009C   75..00       MOV     ?V0 + 9,#0x0
   \   00009F   8006         SJMP    ??GUI_DrawBitmapMag_0
   \                     ??GUI_DrawBitmapMag_2:
   \   0000A1   75....       MOV     ?V0 + 8,#GUI_Context & 0xff
   \   0000A4   75....       MOV     ?V0 + 9,#(GUI_Context >> 8) & 0xff
     46            }
     47            PrevDraw = GUI_SetDrawMode((pPal && pPal->HasTrans) ? GUI_DRAWMODE_TRANS : 0);
   \                     ??GUI_DrawBitmapMag_0:
   \   0000A7   E5..         MOV     A,?V0 + 10
   \   0000A9   45..         ORL     A,?V0 + 11
   \   0000AB   600F         JZ      ??GUI_DrawBitmapMag_3
   \   0000AD   85..82       MOV     DPL,?V0 + 10
   \   0000B0   85..83       MOV     DPH,?V0 + 11
   \   0000B3   A3           INC     DPTR
   \   0000B4   A3           INC     DPTR
   \   0000B5   E0           MOVX    A,@DPTR
   \   0000B6   6004         JZ      ??GUI_DrawBitmapMag_3
   \   0000B8   7A02         MOV     R2,#0x2
   \   0000BA   8002         SJMP    ??GUI_DrawBitmapMag_4
   \                     ??GUI_DrawBitmapMag_3:
   \   0000BC   7A00         MOV     R2,#0x0
   \                     ??GUI_DrawBitmapMag_4:
   \   0000BE   7B00         MOV     R3,#0x0
   \   0000C0                ; Setup parameters for call to function GUI_SetDrawMode
   \   0000C0   12....       LCALL   ??GUI_SetDrawMode?relay
   \   0000C3   8A..         MOV     ?V0 + 12,R2
   \   0000C5   8B..         MOV     ?V0 + 13,R3
     48            #if (GUI_WINSUPPORT)
     49              WM_ADDORG(x0,y0);
     50              {
     51                GUI_RECT r;
     52                r.x0 = x0;
     53                r.x1 = x0 + xSize * xMul -1;
     54                r.y0 = y0;
     55                r.y1 = y0 + ySize * yMul -1;
     56                WM_ITERATE_START(&r);
     57            #endif
     58            if (pBitmap->pMethods) {
   \   0000C7   12....       LCALL   ?Subroutine0 & 0xFFFF
   \                     ??CrossCallReturnLabel_0:
   \   0000CA   F9           MOV     R1,A
   \   0000CB   E8           MOV     A,R0
   \   0000CC   49           ORL     A,R1
   \   0000CD   606D         JZ      ??GUI_DrawBitmapMag_5
     59              #if GUI_COMPILER_SUPPORTS_FP      /* Do not support this on VERY simple chips and compilers */
     60                pBitmap->pMethods->pfDraw(x0, y0, pBitmap->XSize ,pBitmap->YSize, (U8 const *)pBitmap->pData, pBitmap->pPal, xMul, yMul);
   \   0000CF                ; Setup parameters for indirect call
   \   0000CF   78..         MOV     R0,#?V0 + 0
   \   0000D1   12....       LCALL   ?PUSH_XSTACK_I_TWO
   \   0000D4   8E..         MOV     ?V0 + 0,R6
   \   0000D6   8F..         MOV     ?V0 + 1,R7
   \   0000D8   78..         MOV     R0,#?V0 + 0
   \   0000DA   12....       LCALL   ?PUSH_XSTACK_I_TWO
   \   0000DD   85..82       MOV     DPL,?V0 + 2
   \   0000E0   85..83       MOV     DPH,?V0 + 3
   \   0000E3   A3           INC     DPTR
   \   0000E4   A3           INC     DPTR
   \   0000E5   A3           INC     DPTR
   \   0000E6   A3           INC     DPTR
   \   0000E7   A3           INC     DPTR
   \   0000E8   A3           INC     DPTR
   \   0000E9   A3           INC     DPTR
   \   0000EA   A3           INC     DPTR
   \   0000EB   A3           INC     DPTR
   \   0000EC   A3           INC     DPTR
   \   0000ED   12....       LCALL   ?PUSH_XSTACK8_X_TWO
   \   0000F0   85..82       MOV     DPL,?V0 + 2
   \   0000F3   85..83       MOV     DPH,?V0 + 3
   \   0000F6   A3           INC     DPTR
   \   0000F7   A3           INC     DPTR
   \   0000F8   A3           INC     DPTR
   \   0000F9   A3           INC     DPTR
   \   0000FA   A3           INC     DPTR
   \   0000FB   A3           INC     DPTR
   \   0000FC   A3           INC     DPTR
   \   0000FD   A3           INC     DPTR
   \   0000FE   12....       LCALL   ?PUSH_XSTACK8_X_TWO
   \   000101   85..82       MOV     DPL,?V0 + 2
   \   000104   85..83       MOV     DPH,?V0 + 3
   \   000107   A3           INC     DPTR
   \   000108   A3           INC     DPTR
   \   000109   12....       LCALL   ?PUSH_XSTACK8_X_TWO
   \   00010C   85..82       MOV     DPL,?V0 + 2
   \   00010F   85..83       MOV     DPH,?V0 + 3
   \   000112   12....       LCALL   ?PUSH_XSTACK8_X_TWO
   \   000115   AC..         MOV     R4,?V0 + 14
   \   000117   AD..         MOV     R5,?V0 + 15
   \   000119   740D         MOV     A,#0xd
   \   00011B   12....       LCALL   ?XSTACK_DISP0_8
   \   00011E   E0           MOVX    A,@DPTR
   \   00011F   FA           MOV     R2,A
   \   000120   A3           INC     DPTR
   \   000121   E0           MOVX    A,@DPTR
   \   000122   FB           MOV     R3,A
   \   000123   12....       LCALL   ?Subroutine0 & 0xFFFF
     61              #endif
     62            } else {
   \                     ??CrossCallReturnLabel_1:
   \   000126   F583         MOV     DPH,A
   \   000128   8882         MOV     DPL,R0
   \   00012A   E0           MOVX    A,@DPTR
   \   00012B   F8           MOV     R0,A
   \   00012C   A3           INC     DPTR
   \   00012D   E0           MOVX    A,@DPTR
   \   00012E   F583         MOV     DPH,A
   \   000130   8882         MOV     DPL,R0
   \   000132   12....       LCALL   ?CALL_IND
   \   000135   740C         MOV     A,#0xc
   \   000137   12....       LCALL   ?DEALLOC_XSTACK8
   \   00013A   8060         SJMP    ??GUI_DrawBitmapMag_6
     63              LCD_DrawBitmap(x0, y0, xSize, ySize, xMul, yMul
     64                              ,pBitmap->BitsPerPixel, pBitmap->BytesPerLine
     65                              ,pBitmap->pData, pTrans);
   \                     ??GUI_DrawBitmapMag_5:
   \   00013C                ; Setup parameters for call to function LCD_DrawBitmap
   \   00013C   78..         MOV     R0,#?V0 + 8
   \   00013E   12....       LCALL   ?PUSH_XSTACK_I_TWO
   \   000141   85..82       MOV     DPL,?V0 + 2
   \   000144   85..83       MOV     DPH,?V0 + 3
   \   000147   A3           INC     DPTR
   \   000148   A3           INC     DPTR
   \   000149   A3           INC     DPTR
   \   00014A   A3           INC     DPTR
   \   00014B   A3           INC     DPTR
   \   00014C   A3           INC     DPTR
   \   00014D   A3           INC     DPTR
   \   00014E   A3           INC     DPTR
   \   00014F   12....       LCALL   ?PUSH_XSTACK8_X_TWO
   \   000152   85..82       MOV     DPL,?V0 + 2
   \   000155   85..83       MOV     DPH,?V0 + 3
   \   000158   A3           INC     DPTR
   \   000159   A3           INC     DPTR
   \   00015A   A3           INC     DPTR
   \   00015B   A3           INC     DPTR
   \   00015C   12....       LCALL   ?PUSH_XSTACK8_X_TWO
   \   00015F   85..82       MOV     DPL,?V0 + 2
   \   000162   85..83       MOV     DPH,?V0 + 3
   \   000165   A3           INC     DPTR
   \   000166   A3           INC     DPTR
   \   000167   A3           INC     DPTR
   \   000168   A3           INC     DPTR
   \   000169   A3           INC     DPTR
   \   00016A   A3           INC     DPTR
   \   00016B   12....       LCALL   ?PUSH_XSTACK8_X_TWO
   \   00016E   78..         MOV     R0,#?V0 + 0
   \   000170   12....       LCALL   ?PUSH_XSTACK_I_TWO
   \   000173   8E..         MOV     ?V0 + 0,R6
   \   000175   8F..         MOV     ?V0 + 1,R7
   \   000177   78..         MOV     R0,#?V0 + 0
   \   000179   12....       LCALL   ?PUSH_XSTACK_I_TWO
   \   00017C   78..         MOV     R0,#?V0 + 6
   \   00017E   12....       LCALL   ?PUSH_XSTACK_I_TWO
   \   000181   78..         MOV     R0,#?V0 + 4
   \   000183   12....       LCALL   ?PUSH_XSTACK_I_TWO
   \   000186   AC..         MOV     R4,?V0 + 14
   \   000188   AD..         MOV     R5,?V0 + 15
   \   00018A   7411         MOV     A,#0x11
   \   00018C   12....       LCALL   ?XSTACK_DISP0_8
   \   00018F   E0           MOVX    A,@DPTR
   \   000190   FA           MOV     R2,A
   \   000191   A3           INC     DPTR
   \   000192   E0           MOVX    A,@DPTR
   \   000193   FB           MOV     R3,A
   \   000194   12....       LCALL   ??LCD_DrawBitmap?relay
   \   000197   7410         MOV     A,#0x10
   \   000199   12....       LCALL   ?DEALLOC_XSTACK8
     66            }
     67            #if (GUI_WINSUPPORT)
     68                WM_ITERATE_END();
     69              }
     70            #endif
     71            GUI_SetDrawMode(PrevDraw);
   \                     ??GUI_DrawBitmapMag_6:
   \   00019C                ; Setup parameters for call to function GUI_SetDrawMode
   \   00019C   AA..         MOV     R2,?V0 + 12
   \   00019E   AB..         MOV     R3,?V0 + 13
   \   0001A0   12....       LCALL   ??GUI_SetDrawMode?relay
     72            GUI_UNLOCK(state);
   \   0001A3   85..82       MOV     DPL,?XSP + 0
   \   0001A6   85..83       MOV     DPH,?XSP + 1
   \   0001A9   E0           MOVX    A,@DPTR
   \   0001AA   A2E0         MOV     C,0xE0 /* A   */.0
   \   0001AC   92AF         MOV     0xa8.7,C
     73          }
   \   0001AE   7403         MOV     A,#0x3
   \   0001B0   12....       LCALL   ?DEALLOC_XSTACK8
   \   0001B3   7F10         MOV     R7,#0x10
   \   0001B5   02....       LJMP    ?BANKED_LEAVE_XDATA
   \   0001B8                REQUIRE _A_IEN0

   \                                 In  segment BANKED_CODE, align 1, keep-with-next
   \                     ?Subroutine0:
   \   000000   E5..         MOV     A,?V0 + 2
   \   000002   240C         ADD     A,#0xc
   \   000004   F582         MOV     DPL,A
   \   000006   E5..         MOV     A,?V0 + 3
   \   000008   3400         ADDC    A,#0x0
   \   00000A   F583         MOV     DPH,A
   \   00000C   E0           MOVX    A,@DPTR
   \   00000D   F8           MOV     R0,A
   \   00000E   A3           INC     DPTR
   \   00000F   E0           MOVX    A,@DPTR
   \   000010   22           RET

   \                                 In  segment BANK_RELAYS, align 1
   \                     ??GUI_DrawBitmapMag?relay:
   \   000000   12....       LCALL   ?BDISPATCH
   \   000003   ......       DC24    GUI_DrawBitmapMag
     74          
     75          /*************************** End of file ****************************/

   Maximum stack usage in bytes:

     Function                  ISTACK PSTACK XSTACK
     --------                  ------ ------ ------
     GUI_DrawBitmapMag             1      0     49
       -> LCD_GetpPalConvTable     0      0     54
       -> GUI_SetDrawMode          0      0     54
       -> LCD_DrawBitmap           0      0     86
       -> GUI_SetDrawMode          0      0     54


   Segment part sizes:

     Function/Label            Bytes
     --------------            -----
     _A_IEN0                      1
     GUI_DrawBitmapMag          440
     ?Subroutine0                17
     ??GUI_DrawBitmapMag?relay    6

 
 457 bytes in segment BANKED_CODE
   6 bytes in segment BANK_RELAYS
   1 byte  in segment SFR_AN
 
 463 bytes of CODE memory
   0 bytes of DATA memory (+ 1 byte shared)

Errors: none
Warnings: none
