###############################################################################
#                                                                             #
# IAR C/C++ Compiler V8.10.1.10194/W32 for 8051         14/Jun/2016  16:18:11 #
# Copyright 2004-2011 IAR Systems AB.                                         #
#                                                                             #
#    Core               =  plain                                              #
#    Code model         =  banked                                             #
#    Data model         =  large                                              #
#    Calling convention =  xdata reentrant                                    #
#    Constant location  =  data_rom                                           #
#    Dptr setup         =  1,16                                               #
#    Source file        =  F:\¹âÅÌ×ÊÁÏ\ETC-WSNÎïÁªÍø¹âÅÌ×ÊÁÏ210\ZigBeeÍøÂç\WS #
#                          N-CSÔ´Âë\ZStack-CC2530-2.5.1a\Components\uCGUI\Cor #
#                          e\GUI_InvertRect.c                                 #
#    Command line       =  -f F:\¹âÅÌ×ÊÁÏ\ETC-WSNÎïÁªÍø¹âÅÌ×ÊÁÏ210\ZigBeeÍøÂç #
#                          \WSN-CSÔ´Âë\ZStack-CC2530-2.5.1a\Projects\zstack\U #
#                          tilities\SerialApp\CC2530DB\..\..\..\Tools\CC2530D #
#                          B\f8wCoord.cfg (-DCPU32MHZ -DROOT=__near_func      #
#                          -DMAC_CFG_APP_PENDING_QUEUE=TRUE                   #
#                          -DMAC_CFG_TX_DATA_MAX=5 -DMAC_CFG_TX_MAX=8         #
#                          -DMAC_CFG_RX_MAX=5 -DZDO_COORDINATOR -DRTR_NWK)    #
#                          -f F:\¹âÅÌ×ÊÁÏ\ETC-WSNÎïÁªÍø¹âÅÌ×ÊÁÏ210\ZigBeeÍøÂç #
#                          \WSN-CSÔ´Âë\ZStack-CC2530-2.5.1a\Projects\zstack\U #
#                          tilities\SerialApp\CC2530DB\..\..\..\Tools\CC2530D #
#                          B\f8wConfig.cfg (-DZIGBEEPRO -DSECURE=0            #
#                          -DZG_SECURE_DYNAMIC=0 -DREFLECTOR                  #
#                          -DDEFAULT_CHANLIST=0x00000800                      #
#                          -DZDAPP_CONFIG_PAN_ID=0x1001                       #
#                          -DNWK_START_DELAY=100 -DEXTENDED_JOINING_RANDOM_MA #
#                          SK=0x007F -DBEACON_REQUEST_DELAY=100               #
#                          -DBEACON_REQ_DELAY_MASK=0x00FF                     #
#                          -DLINK_STATUS_JITTER_MASK=0x007F                   #
#                          -DROUTE_EXPIRY_TIME=30 -DAPSC_ACK_WAIT_DURATION_PO #
#                          LLED=3000 -DNWK_INDIRECT_MSG_TIMEOUT=7             #
#                          -DMAX_RREQ_ENTRIES=8 -DAPSC_MAX_FRAME_RETRIES=3    #
#                          -DNWK_MAX_DATA_RETRIES=2                           #
#                          -DMAX_POLL_FAILURE_RETRIES=2 -DMAX_BCAST=9         #
#                          -DAPS_MAX_GROUPS=16 -DMAX_RTG_ENTRIES=40           #
#                          -DNWK_MAX_BINDING_ENTRIES=4                        #
#                          -DMAX_BINDING_CLUSTER_IDS=4 "-DDEFAULT_KEY={0x01,  #
#                          0x03, 0x05, 0x07, 0x09, 0x0B, 0x0D, 0x0F, 0x00,    #
#                          0x02, 0x04, 0x06, 0x08, 0x0A, 0x0C, 0x0D}"         #
#                          -DMAC_MAX_FRAME_SIZE=116                           #
#                          -DZDNWKMGR_MIN_TRANSMISSIONS=20 "-DCONST=const     #
#                          __code" -DGENERIC=__generic                        #
#                          -DRFD_RCVC_ALWAYS_ON=FALSE -DPOLL_RATE=1000        #
#                          -DQUEUED_POLL_RATE=100 -DRESPONSE_POLL_RATE=100)   #
#                          -DREJOIN_POLL_RATE=440 F:\¹âÅÌ×ÊÁÏ\ETC-WSNÎïÁªÍø¹â #
#                          ÅÌ×ÊÁÏ210\ZigBeeÍøÂç\WSN-CSÔ´Âë\ZStack-CC2530-2.5. #
#                          1a\Components\uCGUI\Core\GUI_InvertRect.c -D       #
#                          HAL_UART=TRUE -D SERIAL_APP_PORT=0 -D COOR -D      #
#                          LCD_SUPPORTED -D NV_INIT -lC                       #
#                          F:\¹âÅÌ×ÊÁÏ\ETC-WSNÎïÁªÍø¹âÅÌ×ÊÁÏ210\ZigBeeÍøÂç\WS #
#                          N-CSÔ´Âë\ZStack-CC2530-2.5.1a\Projects\zstack\Util #
#                          ities\SerialApp\CC2530DB\CoordinatorEB\List\ -lA   #
#                          F:\¹âÅÌ×ÊÁÏ\ETC-WSNÎïÁªÍø¹âÅÌ×ÊÁÏ210\ZigBeeÍøÂç\WS #
#                          N-CSÔ´Âë\ZStack-CC2530-2.5.1a\Projects\zstack\Util #
#                          ities\SerialApp\CC2530DB\CoordinatorEB\List\       #
#                          --diag_suppress Pe001,Pa010 -o                     #
#                          F:\¹âÅÌ×ÊÁÏ\ETC-WSNÎïÁªÍø¹âÅÌ×ÊÁÏ210\ZigBeeÍøÂç\WS #
#                          N-CSÔ´Âë\ZStack-CC2530-2.5.1a\Projects\zstack\Util #
#                          ities\SerialApp\CC2530DB\CoordinatorEB\Obj\ -e     #
#                          --no_code_motion --debug --core=plain --dptr=16,1  #
#                          --data_model=large --code_model=banked             #
#                          --calling_convention=xdata_reentrant               #
#                          --place_constants=data_rom --nr_virtual_regs 16    #
#                          -I F:\¹âÅÌ×ÊÁÏ\ETC-WSNÎïÁªÍø¹âÅÌ×ÊÁÏ210\ZigBeeÍøÂç #
#                          \WSN-CSÔ´Âë\ZStack-CC2530-2.5.1a\Projects\zstack\U #
#                          tilities\SerialApp\CC2530DB\ -I                    #
#                          F:\¹âÅÌ×ÊÁÏ\ETC-WSNÎïÁªÍø¹âÅÌ×ÊÁÏ210\ZigBeeÍøÂç\WS #
#                          N-CSÔ´Âë\ZStack-CC2530-2.5.1a\Projects\zstack\Util #
#                          ities\SerialApp\CC2530DB\..\Public\ -I             #
#                          F:\¹âÅÌ×ÊÁÏ\ETC-WSNÎïÁªÍø¹âÅÌ×ÊÁÏ210\ZigBeeÍøÂç\WS #
#                          N-CSÔ´Âë\ZStack-CC2530-2.5.1a\Projects\zstack\Util #
#                          ities\SerialApp\CC2530DB\..\..\..\..\..\Components #
#                          \uCGUI\Core\ -I F:\¹âÅÌ×ÊÁÏ\ETC-WSNÎïÁªÍø¹âÅÌ×ÊÁÏ2 #
#                          10\ZigBeeÍøÂç\WSN-CSÔ´Âë\ZStack-CC2530-2.5.1a\Proj #
#                          ects\zstack\Utilities\SerialApp\CC2530DB\..\..\..\ #
#                          ..\..\Components\uCGUI\MultiLayer\ -I              #
#                          F:\¹âÅÌ×ÊÁÏ\ETC-WSNÎïÁªÍø¹âÅÌ×ÊÁÏ210\ZigBeeÍøÂç\WS #
#                          N-CSÔ´Âë\ZStack-CC2530-2.5.1a\Projects\zstack\Util #
#                          ities\SerialApp\CC2530DB\..\..\..\..\..\Components #
#                          \uCGUI\Config\ -I F:\¹âÅÌ×ÊÁÏ\ETC-WSNÎïÁªÍø¹âÅÌ×ÊÁ #
#                          Ï210\ZigBeeÍøÂç\WSN-CSÔ´Âë\ZStack-CC2530-2.5.1a\Pr #
#                          ojects\zstack\Utilities\SerialApp\CC2530DB\..\Coor #
#                          dinator\ -I F:\¹âÅÌ×ÊÁÏ\ETC-WSNÎïÁªÍø¹âÅÌ×ÊÁÏ210\Z #
#                          igBeeÍøÂç\WSN-CSÔ´Âë\ZStack-CC2530-2.5.1a\Projects #
#                          \zstack\Utilities\SerialApp\CC2530DB\..\..\..\ZMai #
#                          n\TI2530DB\ -I F:\¹âÅÌ×ÊÁÏ\ETC-WSNÎïÁªÍø¹âÅÌ×ÊÁÏ21 #
#                          0\ZigBeeÍøÂç\WSN-CSÔ´Âë\ZStack-CC2530-2.5.1a\Proje #
#                          cts\zstack\Utilities\SerialApp\CC2530DB\..\..\..\. #
#                          .\..\Components\hal\include\ -I                    #
#                          F:\¹âÅÌ×ÊÁÏ\ETC-WSNÎïÁªÍø¹âÅÌ×ÊÁÏ210\ZigBeeÍøÂç\WS #
#                          N-CSÔ´Âë\ZStack-CC2530-2.5.1a\Projects\zstack\Util #
#                          ities\SerialApp\CC2530DB\..\..\..\..\..\Components #
#                          \hal\target\CC2530EB\ -I                           #
#                          F:\¹âÅÌ×ÊÁÏ\ETC-WSNÎïÁªÍø¹âÅÌ×ÊÁÏ210\ZigBeeÍøÂç\WS #
#                          N-CSÔ´Âë\ZStack-CC2530-2.5.1a\Projects\zstack\Util #
#                          ities\SerialApp\CC2530DB\..\..\..\..\..\Components #
#                          \mac\include\ -I F:\¹âÅÌ×ÊÁÏ\ETC-WSNÎïÁªÍø¹âÅÌ×ÊÁÏ #
#                          210\ZigBeeÍøÂç\WSN-CSÔ´Âë\ZStack-CC2530-2.5.1a\Pro #
#                          jects\zstack\Utilities\SerialApp\CC2530DB\..\..\.. #
#                          \..\..\Components\mac\high_level\ -I               #
#                          F:\¹âÅÌ×ÊÁÏ\ETC-WSNÎïÁªÍø¹âÅÌ×ÊÁÏ210\ZigBeeÍøÂç\WS #
#                          N-CSÔ´Âë\ZStack-CC2530-2.5.1a\Projects\zstack\Util #
#                          ities\SerialApp\CC2530DB\..\..\..\..\..\Components #
#                          \mac\low_level\srf04\ -I                           #
#                          F:\¹âÅÌ×ÊÁÏ\ETC-WSNÎïÁªÍø¹âÅÌ×ÊÁÏ210\ZigBeeÍøÂç\WS #
#                          N-CSÔ´Âë\ZStack-CC2530-2.5.1a\Projects\zstack\Util #
#                          ities\SerialApp\CC2530DB\..\..\..\..\..\Components #
#                          \mac\low_level\srf04\single_chip\ -I               #
#                          F:\¹âÅÌ×ÊÁÏ\ETC-WSNÎïÁªÍø¹âÅÌ×ÊÁÏ210\ZigBeeÍøÂç\WS #
#                          N-CSÔ´Âë\ZStack-CC2530-2.5.1a\Projects\zstack\Util #
#                          ities\SerialApp\CC2530DB\..\..\..\..\..\Components #
#                          \mt\ -I F:\¹âÅÌ×ÊÁÏ\ETC-WSNÎïÁªÍø¹âÅÌ×ÊÁÏ210\ZigBe #
#                          eÍøÂç\WSN-CSÔ´Âë\ZStack-CC2530-2.5.1a\Projects\zst #
#                          ack\Utilities\SerialApp\CC2530DB\..\..\..\..\..\Co #
#                          mponents\osal\include\ -I                          #
#                          F:\¹âÅÌ×ÊÁÏ\ETC-WSNÎïÁªÍø¹âÅÌ×ÊÁÏ210\ZigBeeÍøÂç\WS #
#                          N-CSÔ´Âë\ZStack-CC2530-2.5.1a\Projects\zstack\Util #
#                          ities\SerialApp\CC2530DB\..\..\..\..\..\Components #
#                          \services\saddr\ -I F:\¹âÅÌ×ÊÁÏ\ETC-WSNÎïÁªÍø¹âÅÌ× #
#                          ÊÁÏ210\ZigBeeÍøÂç\WSN-CSÔ´Âë\ZStack-CC2530-2.5.1a\ #
#                          Projects\zstack\Utilities\SerialApp\CC2530DB\..\.. #
#                          \..\..\..\Components\services\sdata\ -I            #
#                          F:\¹âÅÌ×ÊÁÏ\ETC-WSNÎïÁªÍø¹âÅÌ×ÊÁÏ210\ZigBeeÍøÂç\WS #
#                          N-CSÔ´Âë\ZStack-CC2530-2.5.1a\Projects\zstack\Util #
#                          ities\SerialApp\CC2530DB\..\..\..\..\..\Components #
#                          \stack\af\ -I F:\¹âÅÌ×ÊÁÏ\ETC-WSNÎïÁªÍø¹âÅÌ×ÊÁÏ210 #
#                          \ZigBeeÍøÂç\WSN-CSÔ´Âë\ZStack-CC2530-2.5.1a\Projec #
#                          ts\zstack\Utilities\SerialApp\CC2530DB\..\..\..\.. #
#                          \..\Components\stack\nwk\ -I                       #
#                          F:\¹âÅÌ×ÊÁÏ\ETC-WSNÎïÁªÍø¹âÅÌ×ÊÁÏ210\ZigBeeÍøÂç\WS #
#                          N-CSÔ´Âë\ZStack-CC2530-2.5.1a\Projects\zstack\Util #
#                          ities\SerialApp\CC2530DB\..\..\..\..\..\Components #
#                          \stack\sapi\ -I F:\¹âÅÌ×ÊÁÏ\ETC-WSNÎïÁªÍø¹âÅÌ×ÊÁÏ2 #
#                          10\ZigBeeÍøÂç\WSN-CSÔ´Âë\ZStack-CC2530-2.5.1a\Proj #
#                          ects\zstack\Utilities\SerialApp\CC2530DB\..\..\..\ #
#                          ..\..\Components\stack\sec\ -I                     #
#                          F:\¹âÅÌ×ÊÁÏ\ETC-WSNÎïÁªÍø¹âÅÌ×ÊÁÏ210\ZigBeeÍøÂç\WS #
#                          N-CSÔ´Âë\ZStack-CC2530-2.5.1a\Projects\zstack\Util #
#                          ities\SerialApp\CC2530DB\..\..\..\..\..\Components #
#                          \stack\sys\ -I F:\¹âÅÌ×ÊÁÏ\ETC-WSNÎïÁªÍø¹âÅÌ×ÊÁÏ21 #
#                          0\ZigBeeÍøÂç\WSN-CSÔ´Âë\ZStack-CC2530-2.5.1a\Proje #
#                          cts\zstack\Utilities\SerialApp\CC2530DB\..\..\..\. #
#                          .\..\Components\stack\zdo\ -I                      #
#                          F:\¹âÅÌ×ÊÁÏ\ETC-WSNÎïÁªÍø¹âÅÌ×ÊÁÏ210\ZigBeeÍøÂç\WS #
#                          N-CSÔ´Âë\ZStack-CC2530-2.5.1a\Projects\zstack\Util #
#                          ities\SerialApp\CC2530DB\..\..\..\..\..\Components #
#                          \zmac\ -I F:\¹âÅÌ×ÊÁÏ\ETC-WSNÎïÁªÍø¹âÅÌ×ÊÁÏ210\Zig #
#                          BeeÍøÂç\WSN-CSÔ´Âë\ZStack-CC2530-2.5.1a\Projects\z #
#                          stack\Utilities\SerialApp\CC2530DB\..\..\..\..\..\ #
#                          Components\zmac\f8w\ -Ohz --require_prototypes     #
#    List file          =  F:\¹âÅÌ×ÊÁÏ\ETC-WSNÎïÁªÍø¹âÅÌ×ÊÁÏ210\ZigBeeÍøÂç\WS #
#                          N-CSÔ´Âë\ZStack-CC2530-2.5.1a\Projects\zstack\Util #
#                          ities\SerialApp\CC2530DB\CoordinatorEB\List\GUI_In #
#                          vertRect.lst                                       #
#    Object file        =  F:\¹âÅÌ×ÊÁÏ\ETC-WSNÎïÁªÍø¹âÅÌ×ÊÁÏ210\ZigBeeÍøÂç\WS #
#                          N-CSÔ´Âë\ZStack-CC2530-2.5.1a\Projects\zstack\Util #
#                          ities\SerialApp\CC2530DB\CoordinatorEB\Obj\GUI_Inv #
#                          ertRect.r51                                        #
#                                                                             #
#                                                                             #
###############################################################################

F:\¹âÅÌ×ÊÁÏ\ETC-WSNÎïÁªÍø¹âÅÌ×ÊÁÏ210\ZigBeeÍøÂç\WSN-CSÔ´Âë\ZStack-CC2530-2.5.1a\Components\uCGUI\Core\GUI_InvertRect.c
      1          /*
      2          *********************************************************************************************************
      3          *                                                uC/GUI
      4          *                        Universal graphic software for embedded applications
      5          *
      6          *                       (c) Copyright 2002, Micrium Inc., Weston, FL
      7          *                       (c) Copyright 2002, SEGGER Microcontroller Systeme GmbH
      8          *
      9          *              µC/GUI is protected by international copyright laws. Knowledge of the
     10          *              source code may not be used to write a similar product. This file may
     11          *              only be used in accordance with a license and should not be redistributed
     12          *              in any way. We appreciate your understanding and fairness.
     13          *
     14          ----------------------------------------------------------------------
     15          File        : GUI_InvertRect.C
     16          Purpose     : Implementation file for GUI_InvertRect
     17          ---------------------------END-OF-HEADER------------------------------
     18          */
     19          
     20          #include "GUI_Protected.h"

   \                                 In  segment SFR_AN, at 0xa8
   \   union <unnamed> volatile __sfr _A_IEN0
   \                     _A_IEN0:
   \   000000                DS 1
     21          
     22          /*********************************************************************
     23          *
     24          *       Public code
     25          *
     26          **********************************************************************
     27          */
     28          /*********************************************************************
     29          *
     30          *       GUI_InvertRect
     31          */

   \                                 In  segment BANKED_CODE, align 1, keep-with-next
     32          void GUI_InvertRect(int x0, int y0, int x1, int y1) {
   \                     GUI_InvertRect:
   \   000000   74EC         MOV     A,#-0x14
   \   000002   12....       LCALL   ?BANKED_ENTER_XDATA
   \   000005                ; Saved register size: 20
   \   000005                ; Auto size: 0
   \   000005   8A..         MOV     ?V0 + 0,R2
   \   000007   8B..         MOV     ?V0 + 1,R3
   \   000009   EC           MOV     A,R4
   \   00000A   FE           MOV     R6,A
   \   00000B   ED           MOV     A,R5
   \   00000C   FF           MOV     R7,A
   \   00000D   7414         MOV     A,#0x14
   \   00000F   12....       LCALL   ?XSTACK_DISP0_8
   \   000012   E0           MOVX    A,@DPTR
   \   000013   F5..         MOV     ?V0 + 4,A
   \   000015   A3           INC     DPTR
   \   000016   E0           MOVX    A,@DPTR
   \   000017   F5..         MOV     ?V0 + 5,A
   \   000019   7416         MOV     A,#0x16
   \   00001B   12....       LCALL   ?XSTACK_DISP0_8
   \   00001E   E0           MOVX    A,@DPTR
   \   00001F   F5..         MOV     ?V0 + 6,A
   \   000021   A3           INC     DPTR
   \   000022   E0           MOVX    A,@DPTR
   \   000023   F5..         MOV     ?V0 + 7,A
     33            GUI_DRAWMODE PrevDraw;
     34            #if (GUI_WINSUPPORT)
     35              GUI_RECT r;
     36            #endif
     37            halIntState_t state;
     38            GUI_LOCK(state);
   \   000025   E5A8         MOV     A,0xa8
   \   000027   F5..         MOV     ?V0 + 8,A
   \   000029   C2AF         CLR     0xa8.7
     39            PrevDraw = GUI_SetDrawMode(GUI_DRAWMODE_XOR);
   \   00002B                ; Setup parameters for call to function GUI_SetDrawMode
   \   00002B   7A01         MOV     R2,#0x1
   \   00002D   7B00         MOV     R3,#0x0
   \   00002F   12....       LCALL   ??GUI_SetDrawMode?relay
   \   000032   8A..         MOV     ?V0 + 2,R2
   \   000034   8B..         MOV     ?V0 + 3,R3
     40            #if (GUI_WINSUPPORT)
     41              WM_ADDORG(x0, y0);
     42              WM_ADDORG(x1, y1);
     43              r.x0 = x0;
     44              r.x1 = x1;
     45              r.y0 = y0;
     46              r.y1 = y1;
     47              WM_ITERATE_START(&r); {
     48            #endif
     49            LCD_FillRect(x0, y0, x1, y1);
   \   000036                ; Setup parameters for call to function LCD_FillRect
   \   000036   78..         MOV     R0,#?V0 + 6
   \   000038   12....       LCALL   ?PUSH_XSTACK_I_TWO
   \   00003B   78..         MOV     R0,#?V0 + 4
   \   00003D   12....       LCALL   ?PUSH_XSTACK_I_TWO
   \   000040   EE           MOV     A,R6
   \   000041   FC           MOV     R4,A
   \   000042   EF           MOV     A,R7
   \   000043   FD           MOV     R5,A
   \   000044   AA..         MOV     R2,?V0 + 0
   \   000046   AB..         MOV     R3,?V0 + 1
   \   000048   12....       LCALL   ??LCD_FillRect?relay
   \   00004B   7404         MOV     A,#0x4
   \   00004D   12....       LCALL   ?DEALLOC_XSTACK8
     50            #if (GUI_WINSUPPORT)
     51              } WM_ITERATE_END();
     52            #endif
     53            GUI_SetDrawMode(PrevDraw);
   \   000050                ; Setup parameters for call to function GUI_SetDrawMode
   \   000050   AA..         MOV     R2,?V0 + 2
   \   000052   AB..         MOV     R3,?V0 + 3
   \   000054   12....       LCALL   ??GUI_SetDrawMode?relay
     54            GUI_UNLOCK(state);
   \   000057   E5..         MOV     A,?V0 + 8
   \   000059   A2E7         MOV     C,0xE0 /* A   */.7
   \   00005B   92AF         MOV     0xa8.7,C
     55          }
   \   00005D   7F0C         MOV     R7,#0xc
   \   00005F   02....       LJMP    ?BANKED_LEAVE_XDATA
   \   000062                REQUIRE _A_IEN0

   \                                 In  segment BANK_RELAYS, align 1
   \                     ??GUI_InvertRect?relay:
   \   000000   12....       LCALL   ?BDISPATCH
   \   000003   ......       DC24    GUI_InvertRect
     56          
     57          /*************************** End of file ****************************/

   Maximum stack usage in bytes:

     Function             ISTACK PSTACK XSTACK
     --------             ------ ------ ------
     GUI_InvertRect           0      0     28
       -> GUI_SetDrawMode     0      0     40
       -> LCD_FillRect        0      0     48
       -> GUI_SetDrawMode     0      0     40


   Segment part sizes:

     Function/Label         Bytes
     --------------         -----
     _A_IEN0                   1
     GUI_InvertRect           98
     ??GUI_InvertRect?relay    6

 
 98 bytes in segment BANKED_CODE
  6 bytes in segment BANK_RELAYS
  1 byte  in segment SFR_AN
 
 104 bytes of CODE memory
   0 bytes of DATA memory (+ 1 byte shared)

Errors: none
Warnings: none
