###############################################################################
#                                                                             #
# IAR C/C++ Compiler V8.10.1.10194/W32 for 8051         14/Jun/2016  16:18:51 #
# Copyright 2004-2011 IAR Systems AB.                                         #
#                                                                             #
#    Core               =  plain                                              #
#    Code model         =  banked                                             #
#    Data model         =  large                                              #
#    Calling convention =  xdata reentrant                                    #
#    Constant location  =  data_rom                                           #
#    Dptr setup         =  1,16                                               #
#    Source file        =  F:\¹âÅÌ×ÊÁÏ\ETC-WSNÎïÁªÍø¹âÅÌ×ÊÁÏ210\ZigBeeÍøÂç\WS #
#                          N-CSÔ´Âë\ZStack-CC2530-2.5.1a\Components\uCGUI\Cor #
#                          e\GUI__IntersectRects.c                            #
#    Command line       =  -f F:\¹âÅÌ×ÊÁÏ\ETC-WSNÎïÁªÍø¹âÅÌ×ÊÁÏ210\ZigBeeÍøÂç #
#                          \WSN-CSÔ´Âë\ZStack-CC2530-2.5.1a\Projects\zstack\U #
#                          tilities\SerialApp\CC2530DB\..\..\..\Tools\CC2530D #
#                          B\f8wCoord.cfg (-DCPU32MHZ -DROOT=__near_func      #
#                          -DMAC_CFG_APP_PENDING_QUEUE=TRUE                   #
#                          -DMAC_CFG_TX_DATA_MAX=5 -DMAC_CFG_TX_MAX=8         #
#                          -DMAC_CFG_RX_MAX=5 -DZDO_COORDINATOR -DRTR_NWK)    #
#                          -f F:\¹âÅÌ×ÊÁÏ\ETC-WSNÎïÁªÍø¹âÅÌ×ÊÁÏ210\ZigBeeÍøÂç #
#                          \WSN-CSÔ´Âë\ZStack-CC2530-2.5.1a\Projects\zstack\U #
#                          tilities\SerialApp\CC2530DB\..\..\..\Tools\CC2530D #
#                          B\f8wConfig.cfg (-DZIGBEEPRO -DSECURE=0            #
#                          -DZG_SECURE_DYNAMIC=0 -DREFLECTOR                  #
#                          -DDEFAULT_CHANLIST=0x00000800                      #
#                          -DZDAPP_CONFIG_PAN_ID=0x1001                       #
#                          -DNWK_START_DELAY=100 -DEXTENDED_JOINING_RANDOM_MA #
#                          SK=0x007F -DBEACON_REQUEST_DELAY=100               #
#                          -DBEACON_REQ_DELAY_MASK=0x00FF                     #
#                          -DLINK_STATUS_JITTER_MASK=0x007F                   #
#                          -DROUTE_EXPIRY_TIME=30 -DAPSC_ACK_WAIT_DURATION_PO #
#                          LLED=3000 -DNWK_INDIRECT_MSG_TIMEOUT=7             #
#                          -DMAX_RREQ_ENTRIES=8 -DAPSC_MAX_FRAME_RETRIES=3    #
#                          -DNWK_MAX_DATA_RETRIES=2                           #
#                          -DMAX_POLL_FAILURE_RETRIES=2 -DMAX_BCAST=9         #
#                          -DAPS_MAX_GROUPS=16 -DMAX_RTG_ENTRIES=40           #
#                          -DNWK_MAX_BINDING_ENTRIES=4                        #
#                          -DMAX_BINDING_CLUSTER_IDS=4 "-DDEFAULT_KEY={0x01,  #
#                          0x03, 0x05, 0x07, 0x09, 0x0B, 0x0D, 0x0F, 0x00,    #
#                          0x02, 0x04, 0x06, 0x08, 0x0A, 0x0C, 0x0D}"         #
#                          -DMAC_MAX_FRAME_SIZE=116                           #
#                          -DZDNWKMGR_MIN_TRANSMISSIONS=20 "-DCONST=const     #
#                          __code" -DGENERIC=__generic                        #
#                          -DRFD_RCVC_ALWAYS_ON=FALSE -DPOLL_RATE=1000        #
#                          -DQUEUED_POLL_RATE=100 -DRESPONSE_POLL_RATE=100)   #
#                          -DREJOIN_POLL_RATE=440 F:\¹âÅÌ×ÊÁÏ\ETC-WSNÎïÁªÍø¹â #
#                          ÅÌ×ÊÁÏ210\ZigBeeÍøÂç\WSN-CSÔ´Âë\ZStack-CC2530-2.5. #
#                          1a\Components\uCGUI\Core\GUI__IntersectRects.c -D  #
#                          HAL_UART=TRUE -D SERIAL_APP_PORT=0 -D COOR -D      #
#                          LCD_SUPPORTED -D NV_INIT -lC                       #
#                          F:\¹âÅÌ×ÊÁÏ\ETC-WSNÎïÁªÍø¹âÅÌ×ÊÁÏ210\ZigBeeÍøÂç\WS #
#                          N-CSÔ´Âë\ZStack-CC2530-2.5.1a\Projects\zstack\Util #
#                          ities\SerialApp\CC2530DB\CoordinatorEB\List\ -lA   #
#                          F:\¹âÅÌ×ÊÁÏ\ETC-WSNÎïÁªÍø¹âÅÌ×ÊÁÏ210\ZigBeeÍøÂç\WS #
#                          N-CSÔ´Âë\ZStack-CC2530-2.5.1a\Projects\zstack\Util #
#                          ities\SerialApp\CC2530DB\CoordinatorEB\List\       #
#                          --diag_suppress Pe001,Pa010 -o                     #
#                          F:\¹âÅÌ×ÊÁÏ\ETC-WSNÎïÁªÍø¹âÅÌ×ÊÁÏ210\ZigBeeÍøÂç\WS #
#                          N-CSÔ´Âë\ZStack-CC2530-2.5.1a\Projects\zstack\Util #
#                          ities\SerialApp\CC2530DB\CoordinatorEB\Obj\ -e     #
#                          --no_code_motion --debug --core=plain --dptr=16,1  #
#                          --data_model=large --code_model=banked             #
#                          --calling_convention=xdata_reentrant               #
#                          --place_constants=data_rom --nr_virtual_regs 16    #
#                          -I F:\¹âÅÌ×ÊÁÏ\ETC-WSNÎïÁªÍø¹âÅÌ×ÊÁÏ210\ZigBeeÍøÂç #
#                          \WSN-CSÔ´Âë\ZStack-CC2530-2.5.1a\Projects\zstack\U #
#                          tilities\SerialApp\CC2530DB\ -I                    #
#                          F:\¹âÅÌ×ÊÁÏ\ETC-WSNÎïÁªÍø¹âÅÌ×ÊÁÏ210\ZigBeeÍøÂç\WS #
#                          N-CSÔ´Âë\ZStack-CC2530-2.5.1a\Projects\zstack\Util #
#                          ities\SerialApp\CC2530DB\..\Public\ -I             #
#                          F:\¹âÅÌ×ÊÁÏ\ETC-WSNÎïÁªÍø¹âÅÌ×ÊÁÏ210\ZigBeeÍøÂç\WS #
#                          N-CSÔ´Âë\ZStack-CC2530-2.5.1a\Projects\zstack\Util #
#                          ities\SerialApp\CC2530DB\..\..\..\..\..\Components #
#                          \uCGUI\Core\ -I F:\¹âÅÌ×ÊÁÏ\ETC-WSNÎïÁªÍø¹âÅÌ×ÊÁÏ2 #
#                          10\ZigBeeÍøÂç\WSN-CSÔ´Âë\ZStack-CC2530-2.5.1a\Proj #
#                          ects\zstack\Utilities\SerialApp\CC2530DB\..\..\..\ #
#                          ..\..\Components\uCGUI\MultiLayer\ -I              #
#                          F:\¹âÅÌ×ÊÁÏ\ETC-WSNÎïÁªÍø¹âÅÌ×ÊÁÏ210\ZigBeeÍøÂç\WS #
#                          N-CSÔ´Âë\ZStack-CC2530-2.5.1a\Projects\zstack\Util #
#                          ities\SerialApp\CC2530DB\..\..\..\..\..\Components #
#                          \uCGUI\Config\ -I F:\¹âÅÌ×ÊÁÏ\ETC-WSNÎïÁªÍø¹âÅÌ×ÊÁ #
#                          Ï210\ZigBeeÍøÂç\WSN-CSÔ´Âë\ZStack-CC2530-2.5.1a\Pr #
#                          ojects\zstack\Utilities\SerialApp\CC2530DB\..\Coor #
#                          dinator\ -I F:\¹âÅÌ×ÊÁÏ\ETC-WSNÎïÁªÍø¹âÅÌ×ÊÁÏ210\Z #
#                          igBeeÍøÂç\WSN-CSÔ´Âë\ZStack-CC2530-2.5.1a\Projects #
#                          \zstack\Utilities\SerialApp\CC2530DB\..\..\..\ZMai #
#                          n\TI2530DB\ -I F:\¹âÅÌ×ÊÁÏ\ETC-WSNÎïÁªÍø¹âÅÌ×ÊÁÏ21 #
#                          0\ZigBeeÍøÂç\WSN-CSÔ´Âë\ZStack-CC2530-2.5.1a\Proje #
#                          cts\zstack\Utilities\SerialApp\CC2530DB\..\..\..\. #
#                          .\..\Components\hal\include\ -I                    #
#                          F:\¹âÅÌ×ÊÁÏ\ETC-WSNÎïÁªÍø¹âÅÌ×ÊÁÏ210\ZigBeeÍøÂç\WS #
#                          N-CSÔ´Âë\ZStack-CC2530-2.5.1a\Projects\zstack\Util #
#                          ities\SerialApp\CC2530DB\..\..\..\..\..\Components #
#                          \hal\target\CC2530EB\ -I                           #
#                          F:\¹âÅÌ×ÊÁÏ\ETC-WSNÎïÁªÍø¹âÅÌ×ÊÁÏ210\ZigBeeÍøÂç\WS #
#                          N-CSÔ´Âë\ZStack-CC2530-2.5.1a\Projects\zstack\Util #
#                          ities\SerialApp\CC2530DB\..\..\..\..\..\Components #
#                          \mac\include\ -I F:\¹âÅÌ×ÊÁÏ\ETC-WSNÎïÁªÍø¹âÅÌ×ÊÁÏ #
#                          210\ZigBeeÍøÂç\WSN-CSÔ´Âë\ZStack-CC2530-2.5.1a\Pro #
#                          jects\zstack\Utilities\SerialApp\CC2530DB\..\..\.. #
#                          \..\..\Components\mac\high_level\ -I               #
#                          F:\¹âÅÌ×ÊÁÏ\ETC-WSNÎïÁªÍø¹âÅÌ×ÊÁÏ210\ZigBeeÍøÂç\WS #
#                          N-CSÔ´Âë\ZStack-CC2530-2.5.1a\Projects\zstack\Util #
#                          ities\SerialApp\CC2530DB\..\..\..\..\..\Components #
#                          \mac\low_level\srf04\ -I                           #
#                          F:\¹âÅÌ×ÊÁÏ\ETC-WSNÎïÁªÍø¹âÅÌ×ÊÁÏ210\ZigBeeÍøÂç\WS #
#                          N-CSÔ´Âë\ZStack-CC2530-2.5.1a\Projects\zstack\Util #
#                          ities\SerialApp\CC2530DB\..\..\..\..\..\Components #
#                          \mac\low_level\srf04\single_chip\ -I               #
#                          F:\¹âÅÌ×ÊÁÏ\ETC-WSNÎïÁªÍø¹âÅÌ×ÊÁÏ210\ZigBeeÍøÂç\WS #
#                          N-CSÔ´Âë\ZStack-CC2530-2.5.1a\Projects\zstack\Util #
#                          ities\SerialApp\CC2530DB\..\..\..\..\..\Components #
#                          \mt\ -I F:\¹âÅÌ×ÊÁÏ\ETC-WSNÎïÁªÍø¹âÅÌ×ÊÁÏ210\ZigBe #
#                          eÍøÂç\WSN-CSÔ´Âë\ZStack-CC2530-2.5.1a\Projects\zst #
#                          ack\Utilities\SerialApp\CC2530DB\..\..\..\..\..\Co #
#                          mponents\osal\include\ -I                          #
#                          F:\¹âÅÌ×ÊÁÏ\ETC-WSNÎïÁªÍø¹âÅÌ×ÊÁÏ210\ZigBeeÍøÂç\WS #
#                          N-CSÔ´Âë\ZStack-CC2530-2.5.1a\Projects\zstack\Util #
#                          ities\SerialApp\CC2530DB\..\..\..\..\..\Components #
#                          \services\saddr\ -I F:\¹âÅÌ×ÊÁÏ\ETC-WSNÎïÁªÍø¹âÅÌ× #
#                          ÊÁÏ210\ZigBeeÍøÂç\WSN-CSÔ´Âë\ZStack-CC2530-2.5.1a\ #
#                          Projects\zstack\Utilities\SerialApp\CC2530DB\..\.. #
#                          \..\..\..\Components\services\sdata\ -I            #
#                          F:\¹âÅÌ×ÊÁÏ\ETC-WSNÎïÁªÍø¹âÅÌ×ÊÁÏ210\ZigBeeÍøÂç\WS #
#                          N-CSÔ´Âë\ZStack-CC2530-2.5.1a\Projects\zstack\Util #
#                          ities\SerialApp\CC2530DB\..\..\..\..\..\Components #
#                          \stack\af\ -I F:\¹âÅÌ×ÊÁÏ\ETC-WSNÎïÁªÍø¹âÅÌ×ÊÁÏ210 #
#                          \ZigBeeÍøÂç\WSN-CSÔ´Âë\ZStack-CC2530-2.5.1a\Projec #
#                          ts\zstack\Utilities\SerialApp\CC2530DB\..\..\..\.. #
#                          \..\Components\stack\nwk\ -I                       #
#                          F:\¹âÅÌ×ÊÁÏ\ETC-WSNÎïÁªÍø¹âÅÌ×ÊÁÏ210\ZigBeeÍøÂç\WS #
#                          N-CSÔ´Âë\ZStack-CC2530-2.5.1a\Projects\zstack\Util #
#                          ities\SerialApp\CC2530DB\..\..\..\..\..\Components #
#                          \stack\sapi\ -I F:\¹âÅÌ×ÊÁÏ\ETC-WSNÎïÁªÍø¹âÅÌ×ÊÁÏ2 #
#                          10\ZigBeeÍøÂç\WSN-CSÔ´Âë\ZStack-CC2530-2.5.1a\Proj #
#                          ects\zstack\Utilities\SerialApp\CC2530DB\..\..\..\ #
#                          ..\..\Components\stack\sec\ -I                     #
#                          F:\¹âÅÌ×ÊÁÏ\ETC-WSNÎïÁªÍø¹âÅÌ×ÊÁÏ210\ZigBeeÍøÂç\WS #
#                          N-CSÔ´Âë\ZStack-CC2530-2.5.1a\Projects\zstack\Util #
#                          ities\SerialApp\CC2530DB\..\..\..\..\..\Components #
#                          \stack\sys\ -I F:\¹âÅÌ×ÊÁÏ\ETC-WSNÎïÁªÍø¹âÅÌ×ÊÁÏ21 #
#                          0\ZigBeeÍøÂç\WSN-CSÔ´Âë\ZStack-CC2530-2.5.1a\Proje #
#                          cts\zstack\Utilities\SerialApp\CC2530DB\..\..\..\. #
#                          .\..\Components\stack\zdo\ -I                      #
#                          F:\¹âÅÌ×ÊÁÏ\ETC-WSNÎïÁªÍø¹âÅÌ×ÊÁÏ210\ZigBeeÍøÂç\WS #
#                          N-CSÔ´Âë\ZStack-CC2530-2.5.1a\Projects\zstack\Util #
#                          ities\SerialApp\CC2530DB\..\..\..\..\..\Components #
#                          \zmac\ -I F:\¹âÅÌ×ÊÁÏ\ETC-WSNÎïÁªÍø¹âÅÌ×ÊÁÏ210\Zig #
#                          BeeÍøÂç\WSN-CSÔ´Âë\ZStack-CC2530-2.5.1a\Projects\z #
#                          stack\Utilities\SerialApp\CC2530DB\..\..\..\..\..\ #
#                          Components\zmac\f8w\ -Ohz --require_prototypes     #
#    List file          =  F:\¹âÅÌ×ÊÁÏ\ETC-WSNÎïÁªÍø¹âÅÌ×ÊÁÏ210\ZigBeeÍøÂç\WS #
#                          N-CSÔ´Âë\ZStack-CC2530-2.5.1a\Projects\zstack\Util #
#                          ities\SerialApp\CC2530DB\CoordinatorEB\List\GUI__I #
#                          ntersectRects.lst                                  #
#    Object file        =  F:\¹âÅÌ×ÊÁÏ\ETC-WSNÎïÁªÍø¹âÅÌ×ÊÁÏ210\ZigBeeÍøÂç\WS #
#                          N-CSÔ´Âë\ZStack-CC2530-2.5.1a\Projects\zstack\Util #
#                          ities\SerialApp\CC2530DB\CoordinatorEB\Obj\GUI__In #
#                          tersectRects.r51                                   #
#                                                                             #
#                                                                             #
###############################################################################

F:\¹âÅÌ×ÊÁÏ\ETC-WSNÎïÁªÍø¹âÅÌ×ÊÁÏ210\ZigBeeÍøÂç\WSN-CSÔ´Âë\ZStack-CC2530-2.5.1a\Components\uCGUI\Core\GUI__IntersectRects.c
      1          /*
      2          *********************************************************************************************************
      3          *                                                uC/GUI
      4          *                        Universal graphic software for embedded applications
      5          *
      6          *                       (c) Copyright 2002, Micrium Inc., Weston, FL
      7          *                       (c) Copyright 2002, SEGGER Microcontroller Systeme GmbH
      8          *
      9          *              µC/GUI is protected by international copyright laws. Knowledge of the
     10          *              source code may not be used to write a similar product. This file may
     11          *              only be used in accordance with a license and should not be redistributed
     12          *              in any way. We appreciate your understanding and fairness.
     13          *
     14          ----------------------------------------------------------------------
     15          File        : GUI_IntersectRects.c
     16          Purpose     : Implementation of GUI_IntersectRects
     17          ---------------------------END-OF-HEADER------------------------------
     18          */
     19          
     20          #include "GUI_Protected.h"
     21          #include "hal_defs.h"
     22          
     23          /*********************************************************************
     24          *
     25          *       Macros
     26          *
     27          **********************************************************************
     28          */
     29          
     30          //#define MIN(v0,v1) ((v0>v1) ? v1 : v0)
     31          //#define MAX(v0,v1) ((v0>v1) ? v0 : v1)
     32          
     33          /*********************************************************************
     34          *
     35          *       Public code
     36          *
     37          **********************************************************************
     38          */
     39          /*********************************************************************
     40          *
     41          *       GUI__IntersectRects
     42          *
     43          * Purpose:
     44          *   Calc intersection of rectangles
     45          *
     46          * Return value:
     47          *   1 if they do intersect,
     48          *   0 if there is no intersection
     49          *
     50          * Add. info:
     51          *   Rectangles are passed as pointers. These pointers need to be valid;
     52          *   a NULL pointer may not be passed. There is no check for NULL pointers
     53          *   implemented in order to avoid avoid performance penalty.
     54          */

   \                                 In  segment BANKED_CODE, align 1, keep-with-next
     55          int GUI__IntersectRects(GUI_RECT* pDest, const GUI_RECT* pr0, const GUI_RECT* pr1) {
   \                     GUI__IntersectRects:
   \   000000   74F7         MOV     A,#-0x9
   \   000002   12....       LCALL   ?BANKED_ENTER_XDATA
   \   000005                ; Saved register size: 9
   \   000005                ; Auto size: 0
   \   000005   7409         MOV     A,#0x9
   \   000007   12....       LCALL   ?XSTACK_DISP0_8
   \   00000A   12....       LCALL   ??Subroutine6_0 & 0xFFFF
     56            pDest->x0 = MAX (pr0->x0, pr1->x0);
   \                     ??CrossCallReturnLabel_10:
   \   00000D   8882         MOV     DPL,R0
   \   00000F   8983         MOV     DPH,R1
   \   000011   12....       LCALL   ??Subroutine8_0 & 0xFFFF
   \                     ??CrossCallReturnLabel_14:
   \   000014   8D83         MOV     DPH,R5
   \   000016   8C82         MOV     DPL,R4
   \   000018   12....       LCALL   ?Subroutine0 & 0xFFFF
   \                     ??CrossCallReturnLabel_0:
   \   00001B   4007         JC      ??CrossCallReturnLabel_15
   \   00001D   8C82         MOV     DPL,R4
   \   00001F   8D83         MOV     DPH,R5
   \   000021   12....       LCALL   ??Subroutine8_0 & 0xFFFF
   \                     ??CrossCallReturnLabel_15:
   \   000024   8A82         MOV     DPL,R2
   \   000026   8B83         MOV     DPH,R3
   \   000028   12....       LCALL   ?Subroutine5 & 0xFFFF
     57            pDest->y0 = MAX (pr0->y0, pr1->y0);
   \                     ??CrossCallReturnLabel_8:
   \   00002B   C082         PUSH    DPL
   \   00002D   C083         PUSH    DPH
   \   00002F   8882         MOV     DPL,R0
   \   000031   8983         MOV     DPH,R1
   \   000033   12....       LCALL   ??Subroutine7_0 & 0xFFFF
   \                     ??CrossCallReturnLabel_16:
   \   000036   D083         POP     DPH
   \   000038   D082         POP     DPL
   \   00003A   12....       LCALL   ?Subroutine0 & 0xFFFF
   \                     ??CrossCallReturnLabel_1:
   \   00003D   4007         JC      ??CrossCallReturnLabel_17
   \   00003F   8C82         MOV     DPL,R4
   \   000041   8D83         MOV     DPH,R5
   \   000043   12....       LCALL   ??Subroutine7_0 & 0xFFFF
   \                     ??CrossCallReturnLabel_17:
   \   000046   8A82         MOV     DPL,R2
   \   000048   8B83         MOV     DPH,R3
   \   00004A   12....       LCALL   ?Subroutine2 & 0xFFFF
     58            pDest->x1 = MIN (pr0->x1, pr1->x1);
   \                     ??CrossCallReturnLabel_4:
   \   00004D   C082         PUSH    DPL
   \   00004F   C083         PUSH    DPH
   \   000051   8882         MOV     DPL,R0
   \   000053   8983         MOV     DPH,R1
   \   000055   12....       LCALL   ?Subroutine1 & 0xFFFF
   \                     ??CrossCallReturnLabel_18:
   \   000058   D083         POP     DPH
   \   00005A   D082         POP     DPL
   \   00005C   12....       LCALL   ?Subroutine0 & 0xFFFF
   \                     ??CrossCallReturnLabel_2:
   \   00005F   5007         JNC     ??CrossCallReturnLabel_19
   \   000061   8C82         MOV     DPL,R4
   \   000063   8D83         MOV     DPH,R5
   \   000065   12....       LCALL   ?Subroutine1 & 0xFFFF
   \                     ??CrossCallReturnLabel_19:
   \   000068   8A82         MOV     DPL,R2
   \   00006A   8B83         MOV     DPH,R3
   \   00006C   A3           INC     DPTR
   \   00006D   A3           INC     DPTR
   \   00006E   12....       LCALL   ?Subroutine2 & 0xFFFF
     59            pDest->y1 = MIN (pr0->y1, pr1->y1);
   \                     ??CrossCallReturnLabel_5:
   \   000071   A3           INC     DPTR
   \   000072   A3           INC     DPTR
   \   000073   C082         PUSH    DPL
   \   000075   C083         PUSH    DPH
   \   000077   8882         MOV     DPL,R0
   \   000079   8983         MOV     DPH,R1
   \   00007B   A3           INC     DPTR
   \   00007C   A3           INC     DPTR
   \   00007D   12....       LCALL   ?Subroutine1 & 0xFFFF
   \                     ??CrossCallReturnLabel_20:
   \   000080   D083         POP     DPH
   \   000082   D082         POP     DPL
   \   000084   12....       LCALL   ?Subroutine0 & 0xFFFF
   \                     ??CrossCallReturnLabel_3:
   \   000087   5006         JNC     ??GUI__IntersectRects_0
   \   000089   8C82         MOV     DPL,R4
   \   00008B   8D83         MOV     DPH,R5
   \   00008D   8004         SJMP    ??GUI__IntersectRects_1
   \                     ??GUI__IntersectRects_0:
   \   00008F   8882         MOV     DPL,R0
   \   000091   8983         MOV     DPH,R1
   \                     ??GUI__IntersectRects_1:
   \   000093   A3           INC     DPTR
   \   000094   A3           INC     DPTR
   \   000095   A3           INC     DPTR
   \   000096   A3           INC     DPTR
   \   000097   12....       LCALL   ?Subroutine4 & 0xFFFF
   \                     ??CrossCallReturnLabel_12:
   \   00009A   8A82         MOV     DPL,R2
   \   00009C   8B83         MOV     DPH,R3
   \   00009E   A3           INC     DPTR
   \   00009F   A3           INC     DPTR
   \   0000A0   A3           INC     DPTR
   \   0000A1   A3           INC     DPTR
   \   0000A2   A3           INC     DPTR
   \   0000A3   A3           INC     DPTR
   \   0000A4   E8           MOV     A,R0
   \   0000A5   F0           MOVX    @DPTR,A
   \   0000A6   A3           INC     DPTR
   \   0000A7   E9           MOV     A,R1
   \   0000A8   F0           MOVX    @DPTR,A
     60            if (pDest->x1 < pDest->x0) {
   \   0000A9   8A82         MOV     DPL,R2
   \   0000AB   8B83         MOV     DPH,R3
   \   0000AD   A3           INC     DPTR
   \   0000AE   A3           INC     DPTR
   \   0000AF   A3           INC     DPTR
   \   0000B0   A3           INC     DPTR
   \   0000B1   C082         PUSH    DPL
   \   0000B3   C083         PUSH    DPH
   \   0000B5   8A82         MOV     DPL,R2
   \   0000B7   8B83         MOV     DPH,R3
   \   0000B9   12....       LCALL   ??Subroutine6_0 & 0xFFFF
   \                     ??CrossCallReturnLabel_11:
   \   0000BC   D083         POP     DPH
   \   0000BE   D082         POP     DPL
   \   0000C0   12....       LCALL   ?Subroutine3 & 0xFFFF
   \                     ??CrossCallReturnLabel_6:
   \   0000C3   5004         JNC     ??GUI__IntersectRects_2
     61              return 0;
   \                     ??GUI__IntersectRects_3:
   \   0000C5   7A00         MOV     R2,#0x0
   \   0000C7   8020         SJMP    ??GUI__IntersectRects_4
     62            }
     63            if (pDest->y1 < pDest->y0) {
   \                     ??GUI__IntersectRects_2:
   \   0000C9   8A82         MOV     DPL,R2
   \   0000CB   8B83         MOV     DPH,R3
   \   0000CD   A3           INC     DPTR
   \   0000CE   A3           INC     DPTR
   \   0000CF   A3           INC     DPTR
   \   0000D0   A3           INC     DPTR
   \   0000D1   A3           INC     DPTR
   \   0000D2   A3           INC     DPTR
   \   0000D3   C082         PUSH    DPL
   \   0000D5   C083         PUSH    DPH
   \   0000D7   8A82         MOV     DPL,R2
   \   0000D9   8B83         MOV     DPH,R3
   \   0000DB   12....       LCALL   ?Subroutine4 & 0xFFFF
   \                     ??CrossCallReturnLabel_13:
   \   0000DE   D083         POP     DPH
   \   0000E0   D082         POP     DPL
   \   0000E2   12....       LCALL   ?Subroutine3 & 0xFFFF
   \                     ??CrossCallReturnLabel_7:
   \   0000E5   40DE         JC      ??GUI__IntersectRects_3
     64              return 0;
     65            }
     66            return 1;
   \   0000E7   7A01         MOV     R2,#0x1
   \                     ??GUI__IntersectRects_4:
   \   0000E9   7B00         MOV     R3,#0x0
   \   0000EB   7F01         MOV     R7,#0x1
   \   0000ED   02....       LJMP    ?BANKED_LEAVE_XDATA
     67          }

   \                                 In  segment BANKED_CODE, align 1, keep-with-next
   \                     ?Subroutine4:
   \   000000   A3           INC     DPTR
   \   000001   A3           INC     DPTR
   \   000002                REQUIRE ??Subroutine6_0
   \   000002                ; // Fall through to label ??Subroutine6_0

   \                                 In  segment BANKED_CODE, align 1, keep-with-next
   \                     ??Subroutine6_0:
   \   000000   E0           MOVX    A,@DPTR
   \   000001   F8           MOV     R0,A
   \   000002   A3           INC     DPTR
   \   000003   E0           MOVX    A,@DPTR
   \   000004   F9           MOV     R1,A
   \   000005   22           RET

   \                                 In  segment BANKED_CODE, align 1, keep-with-next
   \                     ?Subroutine3:
   \   000000   C3           CLR     C
   \   000001   E0           MOVX    A,@DPTR
   \   000002   98           SUBB    A,R0
   \   000003   A3           INC     DPTR
   \   000004   E0           MOVX    A,@DPTR
   \   000005   99           SUBB    A,R1
   \   000006   A2D2         MOV     C,0xD0 /* PSW */.2
   \   000008   65D0         XRL     A,PSW
   \   00000A   33           RLC     A
   \   00000B   22           RET

   \                                 In  segment BANKED_CODE, align 1, keep-with-next
   \                     ?Subroutine2:
   \   000000   A3           INC     DPTR
   \   000001   A3           INC     DPTR
   \   000002   12....       LCALL   ?Subroutine5 & 0xFFFF
   \                     ??CrossCallReturnLabel_9:
   \   000005   A3           INC     DPTR
   \   000006   A3           INC     DPTR
   \   000007   22           RET

   \                                 In  segment BANKED_CODE, align 1, keep-with-next
   \                     ?Subroutine5:
   \   000000   EE           MOV     A,R6
   \   000001   F0           MOVX    @DPTR,A
   \   000002   A3           INC     DPTR
   \   000003   EF           MOV     A,R7
   \   000004   F0           MOVX    @DPTR,A
   \   000005   8C82         MOV     DPL,R4
   \   000007   8D83         MOV     DPH,R5
   \   000009   A3           INC     DPTR
   \   00000A   A3           INC     DPTR
   \   00000B   22           RET

   \                                 In  segment BANKED_CODE, align 1, keep-with-next
   \                     ?Subroutine1:
   \   000000   A3           INC     DPTR
   \   000001   A3           INC     DPTR
   \   000002                REQUIRE ??Subroutine7_0
   \   000002                ; // Fall through to label ??Subroutine7_0

   \                                 In  segment BANKED_CODE, align 1, keep-with-next
   \                     ??Subroutine7_0:
   \   000000   A3           INC     DPTR
   \   000001   A3           INC     DPTR
   \   000002                REQUIRE ??Subroutine8_0
   \   000002                ; // Fall through to label ??Subroutine8_0

   \                                 In  segment BANKED_CODE, align 1, keep-with-next
   \                     ??Subroutine8_0:
   \   000000   E0           MOVX    A,@DPTR
   \   000001   FE           MOV     R6,A
   \   000002   A3           INC     DPTR
   \   000003   E0           MOVX    A,@DPTR
   \   000004   FF           MOV     R7,A
   \   000005   22           RET

   \                                 In  segment BANKED_CODE, align 1, keep-with-next
   \                     ?Subroutine0:
   \   000000   C3           CLR     C
   \   000001   E0           MOVX    A,@DPTR
   \   000002   9E           SUBB    A,R6
   \   000003   A3           INC     DPTR
   \   000004   E0           MOVX    A,@DPTR
   \   000005   9F           SUBB    A,R7
   \   000006   A2D2         MOV     C,0xD0 /* PSW */.2
   \   000008   65D0         XRL     A,PSW
   \   00000A   33           RLC     A
   \   00000B   22           RET

   \                                 In  segment BANK_RELAYS, align 1
   \                     ??GUI__IntersectRects?relay:
   \   000000   12....       LCALL   ?BDISPATCH
   \   000003   ......       DC24    GUI__IntersectRects
     68          
     69          /*************************** End of file ****************************/

   Maximum stack usage in bytes:

     Function            ISTACK PSTACK XSTACK
     --------            ------ ------ ------
     GUI__IntersectRects     2      0     11


   Segment part sizes:

     Function/Label              Bytes
     --------------              -----
     GUI__IntersectRects          240
     ?Subroutine4                   2
     ??Subroutine6_0                6
     ?Subroutine3                  12
     ?Subroutine2                   8
     ?Subroutine5                  12
     ?Subroutine1                   2
     ??Subroutine7_0                2
     ??Subroutine8_0                6
     ?Subroutine0                  12
     ??GUI__IntersectRects?relay    6

 
 302 bytes in segment BANKED_CODE
   6 bytes in segment BANK_RELAYS
 
 308 bytes of CODE memory

Errors: none
Warnings: none
