###############################################################################
#                                                                             #
# IAR C/C++ Compiler V8.10.1.10194/W32 for 8051         14/Jun/2016  16:18:13 #
# Copyright 2004-2011 IAR Systems AB.                                         #
#                                                                             #
#    Core               =  plain                                              #
#    Code model         =  banked                                             #
#    Data model         =  large                                              #
#    Calling convention =  xdata reentrant                                    #
#    Constant location  =  data_rom                                           #
#    Dptr setup         =  1,16                                               #
#    Source file        =  F:\นโลฬืสมฯ\ETC-WSNฮ๏มชอ๘นโลฬืสมฯ210\ZigBeeอ๘ย็\WS #
#                          N-CSิดย๋\ZStack-CC2530-2.5.1a\Components\uCGUI\Cor #
#                          e\GUI_DrawFocusRect.c                              #
#    Command line       =  -f F:\นโลฬืสมฯ\ETC-WSNฮ๏มชอ๘นโลฬืสมฯ210\ZigBeeอ๘ย็ #
#                          \WSN-CSิดย๋\ZStack-CC2530-2.5.1a\Projects\zstack\U #
#                          tilities\SerialApp\CC2530DB\..\..\..\Tools\CC2530D #
#                          B\f8wCoord.cfg (-DCPU32MHZ -DROOT=__near_func      #
#                          -DMAC_CFG_APP_PENDING_QUEUE=TRUE                   #
#                          -DMAC_CFG_TX_DATA_MAX=5 -DMAC_CFG_TX_MAX=8         #
#                          -DMAC_CFG_RX_MAX=5 -DZDO_COORDINATOR -DRTR_NWK)    #
#                          -f F:\นโลฬืสมฯ\ETC-WSNฮ๏มชอ๘นโลฬืสมฯ210\ZigBeeอ๘ย็ #
#                          \WSN-CSิดย๋\ZStack-CC2530-2.5.1a\Projects\zstack\U #
#                          tilities\SerialApp\CC2530DB\..\..\..\Tools\CC2530D #
#                          B\f8wConfig.cfg (-DZIGBEEPRO -DSECURE=0            #
#                          -DZG_SECURE_DYNAMIC=0 -DREFLECTOR                  #
#                          -DDEFAULT_CHANLIST=0x00000800                      #
#                          -DZDAPP_CONFIG_PAN_ID=0x1001                       #
#                          -DNWK_START_DELAY=100 -DEXTENDED_JOINING_RANDOM_MA #
#                          SK=0x007F -DBEACON_REQUEST_DELAY=100               #
#                          -DBEACON_REQ_DELAY_MASK=0x00FF                     #
#                          -DLINK_STATUS_JITTER_MASK=0x007F                   #
#                          -DROUTE_EXPIRY_TIME=30 -DAPSC_ACK_WAIT_DURATION_PO #
#                          LLED=3000 -DNWK_INDIRECT_MSG_TIMEOUT=7             #
#                          -DMAX_RREQ_ENTRIES=8 -DAPSC_MAX_FRAME_RETRIES=3    #
#                          -DNWK_MAX_DATA_RETRIES=2                           #
#                          -DMAX_POLL_FAILURE_RETRIES=2 -DMAX_BCAST=9         #
#                          -DAPS_MAX_GROUPS=16 -DMAX_RTG_ENTRIES=40           #
#                          -DNWK_MAX_BINDING_ENTRIES=4                        #
#                          -DMAX_BINDING_CLUSTER_IDS=4 "-DDEFAULT_KEY={0x01,  #
#                          0x03, 0x05, 0x07, 0x09, 0x0B, 0x0D, 0x0F, 0x00,    #
#                          0x02, 0x04, 0x06, 0x08, 0x0A, 0x0C, 0x0D}"         #
#                          -DMAC_MAX_FRAME_SIZE=116                           #
#                          -DZDNWKMGR_MIN_TRANSMISSIONS=20 "-DCONST=const     #
#                          __code" -DGENERIC=__generic                        #
#                          -DRFD_RCVC_ALWAYS_ON=FALSE -DPOLL_RATE=1000        #
#                          -DQUEUED_POLL_RATE=100 -DRESPONSE_POLL_RATE=100)   #
#                          -DREJOIN_POLL_RATE=440 F:\นโลฬืสมฯ\ETC-WSNฮ๏มชอ๘นโ #
#                          ลฬืสมฯ210\ZigBeeอ๘ย็\WSN-CSิดย๋\ZStack-CC2530-2.5. #
#                          1a\Components\uCGUI\Core\GUI_DrawFocusRect.c -D    #
#                          HAL_UART=TRUE -D SERIAL_APP_PORT=0 -D COOR -D      #
#                          LCD_SUPPORTED -D NV_INIT -lC                       #
#                          F:\นโลฬืสมฯ\ETC-WSNฮ๏มชอ๘นโลฬืสมฯ210\ZigBeeอ๘ย็\WS #
#                          N-CSิดย๋\ZStack-CC2530-2.5.1a\Projects\zstack\Util #
#                          ities\SerialApp\CC2530DB\CoordinatorEB\List\ -lA   #
#                          F:\นโลฬืสมฯ\ETC-WSNฮ๏มชอ๘นโลฬืสมฯ210\ZigBeeอ๘ย็\WS #
#                          N-CSิดย๋\ZStack-CC2530-2.5.1a\Projects\zstack\Util #
#                          ities\SerialApp\CC2530DB\CoordinatorEB\List\       #
#                          --diag_suppress Pe001,Pa010 -o                     #
#                          F:\นโลฬืสมฯ\ETC-WSNฮ๏มชอ๘นโลฬืสมฯ210\ZigBeeอ๘ย็\WS #
#                          N-CSิดย๋\ZStack-CC2530-2.5.1a\Projects\zstack\Util #
#                          ities\SerialApp\CC2530DB\CoordinatorEB\Obj\ -e     #
#                          --no_code_motion --debug --core=plain --dptr=16,1  #
#                          --data_model=large --code_model=banked             #
#                          --calling_convention=xdata_reentrant               #
#                          --place_constants=data_rom --nr_virtual_regs 16    #
#                          -I F:\นโลฬืสมฯ\ETC-WSNฮ๏มชอ๘นโลฬืสมฯ210\ZigBeeอ๘ย็ #
#                          \WSN-CSิดย๋\ZStack-CC2530-2.5.1a\Projects\zstack\U #
#                          tilities\SerialApp\CC2530DB\ -I                    #
#                          F:\นโลฬืสมฯ\ETC-WSNฮ๏มชอ๘นโลฬืสมฯ210\ZigBeeอ๘ย็\WS #
#                          N-CSิดย๋\ZStack-CC2530-2.5.1a\Projects\zstack\Util #
#                          ities\SerialApp\CC2530DB\..\Public\ -I             #
#                          F:\นโลฬืสมฯ\ETC-WSNฮ๏มชอ๘นโลฬืสมฯ210\ZigBeeอ๘ย็\WS #
#                          N-CSิดย๋\ZStack-CC2530-2.5.1a\Projects\zstack\Util #
#                          ities\SerialApp\CC2530DB\..\..\..\..\..\Components #
#                          \uCGUI\Core\ -I F:\นโลฬืสมฯ\ETC-WSNฮ๏มชอ๘นโลฬืสมฯ2 #
#                          10\ZigBeeอ๘ย็\WSN-CSิดย๋\ZStack-CC2530-2.5.1a\Proj #
#                          ects\zstack\Utilities\SerialApp\CC2530DB\..\..\..\ #
#                          ..\..\Components\uCGUI\MultiLayer\ -I              #
#                          F:\นโลฬืสมฯ\ETC-WSNฮ๏มชอ๘นโลฬืสมฯ210\ZigBeeอ๘ย็\WS #
#                          N-CSิดย๋\ZStack-CC2530-2.5.1a\Projects\zstack\Util #
#                          ities\SerialApp\CC2530DB\..\..\..\..\..\Components #
#                          \uCGUI\Config\ -I F:\นโลฬืสมฯ\ETC-WSNฮ๏มชอ๘นโลฬืสม #
#                          ฯ210\ZigBeeอ๘ย็\WSN-CSิดย๋\ZStack-CC2530-2.5.1a\Pr #
#                          ojects\zstack\Utilities\SerialApp\CC2530DB\..\Coor #
#                          dinator\ -I F:\นโลฬืสมฯ\ETC-WSNฮ๏มชอ๘นโลฬืสมฯ210\Z #
#                          igBeeอ๘ย็\WSN-CSิดย๋\ZStack-CC2530-2.5.1a\Projects #
#                          \zstack\Utilities\SerialApp\CC2530DB\..\..\..\ZMai #
#                          n\TI2530DB\ -I F:\นโลฬืสมฯ\ETC-WSNฮ๏มชอ๘นโลฬืสมฯ21 #
#                          0\ZigBeeอ๘ย็\WSN-CSิดย๋\ZStack-CC2530-2.5.1a\Proje #
#                          cts\zstack\Utilities\SerialApp\CC2530DB\..\..\..\. #
#                          .\..\Components\hal\include\ -I                    #
#                          F:\นโลฬืสมฯ\ETC-WSNฮ๏มชอ๘นโลฬืสมฯ210\ZigBeeอ๘ย็\WS #
#                          N-CSิดย๋\ZStack-CC2530-2.5.1a\Projects\zstack\Util #
#                          ities\SerialApp\CC2530DB\..\..\..\..\..\Components #
#                          \hal\target\CC2530EB\ -I                           #
#                          F:\นโลฬืสมฯ\ETC-WSNฮ๏มชอ๘นโลฬืสมฯ210\ZigBeeอ๘ย็\WS #
#                          N-CSิดย๋\ZStack-CC2530-2.5.1a\Projects\zstack\Util #
#                          ities\SerialApp\CC2530DB\..\..\..\..\..\Components #
#                          \mac\include\ -I F:\นโลฬืสมฯ\ETC-WSNฮ๏มชอ๘นโลฬืสมฯ #
#                          210\ZigBeeอ๘ย็\WSN-CSิดย๋\ZStack-CC2530-2.5.1a\Pro #
#                          jects\zstack\Utilities\SerialApp\CC2530DB\..\..\.. #
#                          \..\..\Components\mac\high_level\ -I               #
#                          F:\นโลฬืสมฯ\ETC-WSNฮ๏มชอ๘นโลฬืสมฯ210\ZigBeeอ๘ย็\WS #
#                          N-CSิดย๋\ZStack-CC2530-2.5.1a\Projects\zstack\Util #
#                          ities\SerialApp\CC2530DB\..\..\..\..\..\Components #
#                          \mac\low_level\srf04\ -I                           #
#                          F:\นโลฬืสมฯ\ETC-WSNฮ๏มชอ๘นโลฬืสมฯ210\ZigBeeอ๘ย็\WS #
#                          N-CSิดย๋\ZStack-CC2530-2.5.1a\Projects\zstack\Util #
#                          ities\SerialApp\CC2530DB\..\..\..\..\..\Components #
#                          \mac\low_level\srf04\single_chip\ -I               #
#                          F:\นโลฬืสมฯ\ETC-WSNฮ๏มชอ๘นโลฬืสมฯ210\ZigBeeอ๘ย็\WS #
#                          N-CSิดย๋\ZStack-CC2530-2.5.1a\Projects\zstack\Util #
#                          ities\SerialApp\CC2530DB\..\..\..\..\..\Components #
#                          \mt\ -I F:\นโลฬืสมฯ\ETC-WSNฮ๏มชอ๘นโลฬืสมฯ210\ZigBe #
#                          eอ๘ย็\WSN-CSิดย๋\ZStack-CC2530-2.5.1a\Projects\zst #
#                          ack\Utilities\SerialApp\CC2530DB\..\..\..\..\..\Co #
#                          mponents\osal\include\ -I                          #
#                          F:\นโลฬืสมฯ\ETC-WSNฮ๏มชอ๘นโลฬืสมฯ210\ZigBeeอ๘ย็\WS #
#                          N-CSิดย๋\ZStack-CC2530-2.5.1a\Projects\zstack\Util #
#                          ities\SerialApp\CC2530DB\..\..\..\..\..\Components #
#                          \services\saddr\ -I F:\นโลฬืสมฯ\ETC-WSNฮ๏มชอ๘นโลฬื #
#                          สมฯ210\ZigBeeอ๘ย็\WSN-CSิดย๋\ZStack-CC2530-2.5.1a\ #
#                          Projects\zstack\Utilities\SerialApp\CC2530DB\..\.. #
#                          \..\..\..\Components\services\sdata\ -I            #
#                          F:\นโลฬืสมฯ\ETC-WSNฮ๏มชอ๘นโลฬืสมฯ210\ZigBeeอ๘ย็\WS #
#                          N-CSิดย๋\ZStack-CC2530-2.5.1a\Projects\zstack\Util #
#                          ities\SerialApp\CC2530DB\..\..\..\..\..\Components #
#                          \stack\af\ -I F:\นโลฬืสมฯ\ETC-WSNฮ๏มชอ๘นโลฬืสมฯ210 #
#                          \ZigBeeอ๘ย็\WSN-CSิดย๋\ZStack-CC2530-2.5.1a\Projec #
#                          ts\zstack\Utilities\SerialApp\CC2530DB\..\..\..\.. #
#                          \..\Components\stack\nwk\ -I                       #
#                          F:\นโลฬืสมฯ\ETC-WSNฮ๏มชอ๘นโลฬืสมฯ210\ZigBeeอ๘ย็\WS #
#                          N-CSิดย๋\ZStack-CC2530-2.5.1a\Projects\zstack\Util #
#                          ities\SerialApp\CC2530DB\..\..\..\..\..\Components #
#                          \stack\sapi\ -I F:\นโลฬืสมฯ\ETC-WSNฮ๏มชอ๘นโลฬืสมฯ2 #
#                          10\ZigBeeอ๘ย็\WSN-CSิดย๋\ZStack-CC2530-2.5.1a\Proj #
#                          ects\zstack\Utilities\SerialApp\CC2530DB\..\..\..\ #
#                          ..\..\Components\stack\sec\ -I                     #
#                          F:\นโลฬืสมฯ\ETC-WSNฮ๏มชอ๘นโลฬืสมฯ210\ZigBeeอ๘ย็\WS #
#                          N-CSิดย๋\ZStack-CC2530-2.5.1a\Projects\zstack\Util #
#                          ities\SerialApp\CC2530DB\..\..\..\..\..\Components #
#                          \stack\sys\ -I F:\นโลฬืสมฯ\ETC-WSNฮ๏มชอ๘นโลฬืสมฯ21 #
#                          0\ZigBeeอ๘ย็\WSN-CSิดย๋\ZStack-CC2530-2.5.1a\Proje #
#                          cts\zstack\Utilities\SerialApp\CC2530DB\..\..\..\. #
#                          .\..\Components\stack\zdo\ -I                      #
#                          F:\นโลฬืสมฯ\ETC-WSNฮ๏มชอ๘นโลฬืสมฯ210\ZigBeeอ๘ย็\WS #
#                          N-CSิดย๋\ZStack-CC2530-2.5.1a\Projects\zstack\Util #
#                          ities\SerialApp\CC2530DB\..\..\..\..\..\Components #
#                          \zmac\ -I F:\นโลฬืสมฯ\ETC-WSNฮ๏มชอ๘นโลฬืสมฯ210\Zig #
#                          Beeอ๘ย็\WSN-CSิดย๋\ZStack-CC2530-2.5.1a\Projects\z #
#                          stack\Utilities\SerialApp\CC2530DB\..\..\..\..\..\ #
#                          Components\zmac\f8w\ -Ohz --require_prototypes     #
#    List file          =  F:\นโลฬืสมฯ\ETC-WSNฮ๏มชอ๘นโลฬืสมฯ210\ZigBeeอ๘ย็\WS #
#                          N-CSิดย๋\ZStack-CC2530-2.5.1a\Projects\zstack\Util #
#                          ities\SerialApp\CC2530DB\CoordinatorEB\List\GUI_Dr #
#                          awFocusRect.lst                                    #
#    Object file        =  F:\นโลฬืสมฯ\ETC-WSNฮ๏มชอ๘นโลฬืสมฯ210\ZigBeeอ๘ย็\WS #
#                          N-CSิดย๋\ZStack-CC2530-2.5.1a\Projects\zstack\Util #
#                          ities\SerialApp\CC2530DB\CoordinatorEB\Obj\GUI_Dra #
#                          wFocusRect.r51                                     #
#                                                                             #
#                                                                             #
###############################################################################

F:\นโลฬืสมฯ\ETC-WSNฮ๏มชอ๘นโลฬืสมฯ210\ZigBeeอ๘ย็\WSN-CSิดย๋\ZStack-CC2530-2.5.1a\Components\uCGUI\Core\GUI_DrawFocusRect.c
      1          /*
      2          *********************************************************************************************************
      3          *                                                uC/GUI
      4          *                        Universal graphic software for embedded applications
      5          *
      6          *                       (c) Copyright 2002, Micrium Inc., Weston, FL
      7          *                       (c) Copyright 2002, SEGGER Microcontroller Systeme GmbH
      8          *
      9          *              ตC/GUI is protected by international copyright laws. Knowledge of the
     10          *              source code may not be used to write a similar product. This file may
     11          *              only be used in accordance with a license and should not be redistributed
     12          *              in any way. We appreciate your understanding and fairness.
     13          *
     14          ----------------------------------------------------------------------
     15          File        : GUI_DrawFocusRect.C
     16          Purpose     : Implementation of GUI_DrawFocusRect
     17          ---------------------------END-OF-HEADER------------------------------
     18          */
     19          
     20          #include "GUI_Protected.h"

   \                                 In  segment SFR_AN, at 0xa8
   \   union <unnamed> volatile __sfr _A_IEN0
   \                     _A_IEN0:
   \   000000                DS 1
     21          
     22          /*********************************************************************
     23          *
     24          *       Static code
     25          *
     26          **********************************************************************
     27          */
     28          /*********************************************************************
     29          *
     30          *       _DrawFocusRect
     31          */
     32          static void _DrawFocusRect(const GUI_RECT* pr) {
     33            int i; 
     34            for (i = pr->x0; i <= pr->x1; i += 2) {
     35              LCD_DrawPixel(i, pr->y0);
     36              LCD_DrawPixel(i, pr->y1);
     37            }
     38            for (i = pr->y0; i <= pr->y1; i += 2) {
     39              LCD_DrawPixel(pr->x0, i);
     40              LCD_DrawPixel(pr->x1, i);
     41            }
     42          }
     43          /*********************************************************************
     44          *
     45          *       Public code
     46          *
     47          **********************************************************************
     48          */
     49          /*********************************************************************
     50          *
     51          *       GUI_DrawFocusRect
     52          */

   \                                 In  segment BANKED_CODE, align 1, keep-with-next
     53          void GUI_DrawFocusRect(const GUI_RECT *pRect, int Dist) {
   \                     GUI_DrawFocusRect:
   \   000000   74F6         MOV     A,#-0xa
   \   000002   12....       LCALL   ?BANKED_ENTER_XDATA
   \   000005                ; Saved register size: 10
   \   000005                ; Auto size: 8
   \   000005   74F8         MOV     A,#-0x8
   \   000007   12....       LCALL   ?ALLOC_XSTACK8
     54            GUI_RECT r;
     55            halIntState_t state;
     56            GUI__ReduceRect(&r, pRect, Dist);
   \   00000A                ; Setup parameters for call to function GUI__ReduceRect
   \   00000A   8C..         MOV     ?V0 + 0,R4
   \   00000C   8D..         MOV     ?V0 + 1,R5
   \   00000E   78..         MOV     R0,#?V0 + 0
   \   000010   12....       LCALL   ?PUSH_XSTACK_I_TWO
   \   000013   EA           MOV     A,R2
   \   000014   FC           MOV     R4,A
   \   000015   EB           MOV     A,R3
   \   000016   FD           MOV     R5,A
   \   000017   7402         MOV     A,#0x2
   \   000019   12....       LCALL   ?XSTACK_DISP0_8
   \   00001C   AA82         MOV     R2,DPL
   \   00001E   AB83         MOV     R3,DPH
   \   000020   12....       LCALL   ??GUI__ReduceRect?relay
   \   000023   7402         MOV     A,#0x2
   \   000025   12....       LCALL   ?DEALLOC_XSTACK8
     57            GUI_LOCK(state);
   \   000028   A2AF         MOV     C,0xa8.7
   \   00002A   E4           CLR     A
   \   00002B   33           RLC     A
   \   00002C   F5..         MOV     ?V0 + 0,A
   \   00002E   C2AF         CLR     0xa8.7
     58            #if (GUI_WINSUPPORT)
     59              WM_ADDORG(r.x0, r.y0);
     60              WM_ADDORG(r.x1, r.y1);
     61              WM_ITERATE_START(&r); {
     62            #endif
     63              _DrawFocusRect(&r);
   \   000030   85..82       MOV     DPL,?XSP + 0
   \   000033   85..83       MOV     DPH,?XSP + 1
   \   000036   E0           MOVX    A,@DPTR
   \   000037   FE           MOV     R6,A
   \   000038   A3           INC     DPTR
   \   000039   E0           MOVX    A,@DPTR
   \   00003A   8016         SJMP    ??GUI_DrawFocusRect_0
   \                     ??GUI_DrawFocusRect_1:
   \   00003C                ; Setup parameters for call to function LCD_DrawPixel
   \   00003C   12....       LCALL   ?XSTACK_DISP0_8
   \   00003F   12....       LCALL   ?Subroutine0 & 0xFFFF
   \                     ??CrossCallReturnLabel_0:
   \   000042                ; Setup parameters for call to function LCD_DrawPixel
   \   000042   7406         MOV     A,#0x6
   \   000044   12....       LCALL   ?XSTACK_DISP0_8
   \   000047   12....       LCALL   ?Subroutine0 & 0xFFFF
   \                     ??CrossCallReturnLabel_1:
   \   00004A   EE           MOV     A,R6
   \   00004B   2402         ADD     A,#0x2
   \   00004D   0E           INC     R6
   \   00004E   0E           INC     R6
   \   00004F   EF           MOV     A,R7
   \   000050   3400         ADDC    A,#0x0
   \                     ??GUI_DrawFocusRect_0:
   \   000052   FF           MOV     R7,A
   \   000053   7404         MOV     A,#0x4
   \   000055   12....       LCALL   ?XSTACK_DISP0_8
   \   000058   12....       LCALL   ?Subroutine1 & 0xFFFF
   \                     ??CrossCallReturnLabel_2:
   \   00005B   7402         MOV     A,#0x2
   \   00005D   50DD         JNC     ??GUI_DrawFocusRect_1
   \   00005F   12....       LCALL   ?XSTACK_DISP0_8
   \   000062   E0           MOVX    A,@DPTR
   \   000063   FE           MOV     R6,A
   \   000064   A3           INC     DPTR
   \   000065   E0           MOVX    A,@DPTR
   \   000066   801F         SJMP    ??GUI_DrawFocusRect_2
   \                     ??GUI_DrawFocusRect_3:
   \   000068                ; Setup parameters for call to function LCD_DrawPixel
   \   000068   EE           MOV     A,R6
   \   000069   FC           MOV     R4,A
   \   00006A   EF           MOV     A,R7
   \   00006B   FD           MOV     R5,A
   \   00006C   85..82       MOV     DPL,?XSP + 0
   \   00006F   85..83       MOV     DPH,?XSP + 1
   \   000072   12....       LCALL   ?Subroutine2 & 0xFFFF
   \                     ??CrossCallReturnLabel_4:
   \   000075   FC           MOV     R4,A
   \   000076   EF           MOV     A,R7
   \   000077   FD           MOV     R5,A
   \   000078   7404         MOV     A,#0x4
   \   00007A   12....       LCALL   ?XSTACK_DISP0_8
   \   00007D   12....       LCALL   ?Subroutine2 & 0xFFFF
   \                     ??CrossCallReturnLabel_5:
   \   000080   2402         ADD     A,#0x2
   \   000082   0E           INC     R6
   \   000083   0E           INC     R6
   \   000084   EF           MOV     A,R7
   \   000085   3400         ADDC    A,#0x0
   \                     ??GUI_DrawFocusRect_2:
   \   000087   FF           MOV     R7,A
   \   000088   7406         MOV     A,#0x6
   \   00008A   12....       LCALL   ?XSTACK_DISP0_8
   \   00008D   12....       LCALL   ?Subroutine1 & 0xFFFF
   \                     ??CrossCallReturnLabel_3:
   \   000090   50D6         JNC     ??GUI_DrawFocusRect_3
     64            #if (GUI_WINSUPPORT)
     65              } WM_ITERATE_END();
     66            #endif
     67            GUI_UNLOCK(state);
   \   000092   E5..         MOV     A,?V0 + 0
   \   000094   A2E0         MOV     C,0xE0 /* A   */.0
   \   000096   92AF         MOV     0xa8.7,C
     68          }
   \   000098   7408         MOV     A,#0x8
   \   00009A   12....       LCALL   ?DEALLOC_XSTACK8
   \   00009D   7F02         MOV     R7,#0x2
   \   00009F   02....       LJMP    ?BANKED_LEAVE_XDATA
   \   0000A2                REQUIRE _A_IEN0

   \                                 In  segment BANKED_CODE, align 1, keep-with-next
   \                     ?Subroutine2:
   \   000000   E0           MOVX    A,@DPTR
   \   000001   FA           MOV     R2,A
   \   000002   A3           INC     DPTR
   \   000003   E0           MOVX    A,@DPTR
   \   000004   FB           MOV     R3,A
   \   000005   12....       LCALL   ??LCD_DrawPixel?relay
   \   000008                ; Setup parameters for call to function LCD_DrawPixel
   \   000008   EE           MOV     A,R6
   \   000009   22           RET

   \                                 In  segment BANKED_CODE, align 1, keep-with-next
   \                     ?Subroutine1:
   \   000000   C3           CLR     C
   \   000001   E0           MOVX    A,@DPTR
   \   000002   9E           SUBB    A,R6
   \   000003   A3           INC     DPTR
   \   000004   E0           MOVX    A,@DPTR
   \   000005   9F           SUBB    A,R7
   \   000006   A2D2         MOV     C,0xD0 /* PSW */.2
   \   000008   65D0         XRL     A,PSW
   \   00000A   33           RLC     A
   \   00000B   22           RET

   \                                 In  segment BANKED_CODE, align 1, keep-with-next
   \                     ?Subroutine0:
   \   000000   E0           MOVX    A,@DPTR
   \   000001   FC           MOV     R4,A
   \   000002   A3           INC     DPTR
   \   000003   E0           MOVX    A,@DPTR
   \   000004   FD           MOV     R5,A
   \   000005   EE           MOV     A,R6
   \   000006   FA           MOV     R2,A
   \   000007   EF           MOV     A,R7
   \   000008   FB           MOV     R3,A
   \   000009   12....       LCALL   ??LCD_DrawPixel?relay
   \   00000C   22           RET

   \                                 In  segment BANK_RELAYS, align 1
   \                     ??GUI_DrawFocusRect?relay:
   \   000000   12....       LCALL   ?BDISPATCH
   \   000003   ......       DC24    GUI_DrawFocusRect
     69          
     70          /*************************** End of file ****************************/

   Maximum stack usage in bytes:

     Function             ISTACK PSTACK XSTACK
     --------             ------ ------ ------
     GUI_DrawFocusRect        0      0     20
       -> GUI__ReduceRect     0      0     40
       -> LCD_DrawPixel       0      0     36
       -> LCD_DrawPixel       0      0     36
       -> LCD_DrawPixel       0      0     36
       -> LCD_DrawPixel       0      0     36


   Segment part sizes:

     Function/Label            Bytes
     --------------            -----
     _A_IEN0                      1
     GUI_DrawFocusRect          162
     ?Subroutine2                10
     ?Subroutine1                12
     ?Subroutine0                13
     ??GUI_DrawFocusRect?relay    6

 
 197 bytes in segment BANKED_CODE
   6 bytes in segment BANK_RELAYS
   1 byte  in segment SFR_AN
 
 203 bytes of CODE memory
   0 bytes of DATA memory (+ 1 byte shared)

Errors: none
Warnings: none
