###############################################################################
#                                                                             #
# IAR C/C++ Compiler V8.10.1.10194/W32 for 8051         14/Jun/2016  16:18:32 #
# Copyright 2004-2011 IAR Systems AB.                                         #
#                                                                             #
#    Core               =  plain                                              #
#    Code model         =  banked                                             #
#    Data model         =  large                                              #
#    Calling convention =  xdata reentrant                                    #
#    Constant location  =  data_rom                                           #
#    Dptr setup         =  1,16                                               #
#    Source file        =  F:\¹âÅÌ×ÊÁÏ\ETC-WSNÎïÁªÍø¹âÅÌ×ÊÁÏ210\ZigBeeÍøÂç\WS #
#                          N-CSÔ´Âë\ZStack-CC2530-2.5.1a\Components\uCGUI\Cor #
#                          e\GUI__HandleEOLine.c                              #
#    Command line       =  -f F:\¹âÅÌ×ÊÁÏ\ETC-WSNÎïÁªÍø¹âÅÌ×ÊÁÏ210\ZigBeeÍøÂç #
#                          \WSN-CSÔ´Âë\ZStack-CC2530-2.5.1a\Projects\zstack\U #
#                          tilities\SerialApp\CC2530DB\..\..\..\Tools\CC2530D #
#                          B\f8wCoord.cfg (-DCPU32MHZ -DROOT=__near_func      #
#                          -DMAC_CFG_APP_PENDING_QUEUE=TRUE                   #
#                          -DMAC_CFG_TX_DATA_MAX=5 -DMAC_CFG_TX_MAX=8         #
#                          -DMAC_CFG_RX_MAX=5 -DZDO_COORDINATOR -DRTR_NWK)    #
#                          -f F:\¹âÅÌ×ÊÁÏ\ETC-WSNÎïÁªÍø¹âÅÌ×ÊÁÏ210\ZigBeeÍøÂç #
#                          \WSN-CSÔ´Âë\ZStack-CC2530-2.5.1a\Projects\zstack\U #
#                          tilities\SerialApp\CC2530DB\..\..\..\Tools\CC2530D #
#                          B\f8wConfig.cfg (-DZIGBEEPRO -DSECURE=0            #
#                          -DZG_SECURE_DYNAMIC=0 -DREFLECTOR                  #
#                          -DDEFAULT_CHANLIST=0x00000800                      #
#                          -DZDAPP_CONFIG_PAN_ID=0x1001                       #
#                          -DNWK_START_DELAY=100 -DEXTENDED_JOINING_RANDOM_MA #
#                          SK=0x007F -DBEACON_REQUEST_DELAY=100               #
#                          -DBEACON_REQ_DELAY_MASK=0x00FF                     #
#                          -DLINK_STATUS_JITTER_MASK=0x007F                   #
#                          -DROUTE_EXPIRY_TIME=30 -DAPSC_ACK_WAIT_DURATION_PO #
#                          LLED=3000 -DNWK_INDIRECT_MSG_TIMEOUT=7             #
#                          -DMAX_RREQ_ENTRIES=8 -DAPSC_MAX_FRAME_RETRIES=3    #
#                          -DNWK_MAX_DATA_RETRIES=2                           #
#                          -DMAX_POLL_FAILURE_RETRIES=2 -DMAX_BCAST=9         #
#                          -DAPS_MAX_GROUPS=16 -DMAX_RTG_ENTRIES=40           #
#                          -DNWK_MAX_BINDING_ENTRIES=4                        #
#                          -DMAX_BINDING_CLUSTER_IDS=4 "-DDEFAULT_KEY={0x01,  #
#                          0x03, 0x05, 0x07, 0x09, 0x0B, 0x0D, 0x0F, 0x00,    #
#                          0x02, 0x04, 0x06, 0x08, 0x0A, 0x0C, 0x0D}"         #
#                          -DMAC_MAX_FRAME_SIZE=116                           #
#                          -DZDNWKMGR_MIN_TRANSMISSIONS=20 "-DCONST=const     #
#                          __code" -DGENERIC=__generic                        #
#                          -DRFD_RCVC_ALWAYS_ON=FALSE -DPOLL_RATE=1000        #
#                          -DQUEUED_POLL_RATE=100 -DRESPONSE_POLL_RATE=100)   #
#                          -DREJOIN_POLL_RATE=440 F:\¹âÅÌ×ÊÁÏ\ETC-WSNÎïÁªÍø¹â #
#                          ÅÌ×ÊÁÏ210\ZigBeeÍøÂç\WSN-CSÔ´Âë\ZStack-CC2530-2.5. #
#                          1a\Components\uCGUI\Core\GUI__HandleEOLine.c -D    #
#                          HAL_UART=TRUE -D SERIAL_APP_PORT=0 -D COOR -D      #
#                          LCD_SUPPORTED -D NV_INIT -lC                       #
#                          F:\¹âÅÌ×ÊÁÏ\ETC-WSNÎïÁªÍø¹âÅÌ×ÊÁÏ210\ZigBeeÍøÂç\WS #
#                          N-CSÔ´Âë\ZStack-CC2530-2.5.1a\Projects\zstack\Util #
#                          ities\SerialApp\CC2530DB\CoordinatorEB\List\ -lA   #
#                          F:\¹âÅÌ×ÊÁÏ\ETC-WSNÎïÁªÍø¹âÅÌ×ÊÁÏ210\ZigBeeÍøÂç\WS #
#                          N-CSÔ´Âë\ZStack-CC2530-2.5.1a\Projects\zstack\Util #
#                          ities\SerialApp\CC2530DB\CoordinatorEB\List\       #
#                          --diag_suppress Pe001,Pa010 -o                     #
#                          F:\¹âÅÌ×ÊÁÏ\ETC-WSNÎïÁªÍø¹âÅÌ×ÊÁÏ210\ZigBeeÍøÂç\WS #
#                          N-CSÔ´Âë\ZStack-CC2530-2.5.1a\Projects\zstack\Util #
#                          ities\SerialApp\CC2530DB\CoordinatorEB\Obj\ -e     #
#                          --no_code_motion --debug --core=plain --dptr=16,1  #
#                          --data_model=large --code_model=banked             #
#                          --calling_convention=xdata_reentrant               #
#                          --place_constants=data_rom --nr_virtual_regs 16    #
#                          -I F:\¹âÅÌ×ÊÁÏ\ETC-WSNÎïÁªÍø¹âÅÌ×ÊÁÏ210\ZigBeeÍøÂç #
#                          \WSN-CSÔ´Âë\ZStack-CC2530-2.5.1a\Projects\zstack\U #
#                          tilities\SerialApp\CC2530DB\ -I                    #
#                          F:\¹âÅÌ×ÊÁÏ\ETC-WSNÎïÁªÍø¹âÅÌ×ÊÁÏ210\ZigBeeÍøÂç\WS #
#                          N-CSÔ´Âë\ZStack-CC2530-2.5.1a\Projects\zstack\Util #
#                          ities\SerialApp\CC2530DB\..\Public\ -I             #
#                          F:\¹âÅÌ×ÊÁÏ\ETC-WSNÎïÁªÍø¹âÅÌ×ÊÁÏ210\ZigBeeÍøÂç\WS #
#                          N-CSÔ´Âë\ZStack-CC2530-2.5.1a\Projects\zstack\Util #
#                          ities\SerialApp\CC2530DB\..\..\..\..\..\Components #
#                          \uCGUI\Core\ -I F:\¹âÅÌ×ÊÁÏ\ETC-WSNÎïÁªÍø¹âÅÌ×ÊÁÏ2 #
#                          10\ZigBeeÍøÂç\WSN-CSÔ´Âë\ZStack-CC2530-2.5.1a\Proj #
#                          ects\zstack\Utilities\SerialApp\CC2530DB\..\..\..\ #
#                          ..\..\Components\uCGUI\MultiLayer\ -I              #
#                          F:\¹âÅÌ×ÊÁÏ\ETC-WSNÎïÁªÍø¹âÅÌ×ÊÁÏ210\ZigBeeÍøÂç\WS #
#                          N-CSÔ´Âë\ZStack-CC2530-2.5.1a\Projects\zstack\Util #
#                          ities\SerialApp\CC2530DB\..\..\..\..\..\Components #
#                          \uCGUI\Config\ -I F:\¹âÅÌ×ÊÁÏ\ETC-WSNÎïÁªÍø¹âÅÌ×ÊÁ #
#                          Ï210\ZigBeeÍøÂç\WSN-CSÔ´Âë\ZStack-CC2530-2.5.1a\Pr #
#                          ojects\zstack\Utilities\SerialApp\CC2530DB\..\Coor #
#                          dinator\ -I F:\¹âÅÌ×ÊÁÏ\ETC-WSNÎïÁªÍø¹âÅÌ×ÊÁÏ210\Z #
#                          igBeeÍøÂç\WSN-CSÔ´Âë\ZStack-CC2530-2.5.1a\Projects #
#                          \zstack\Utilities\SerialApp\CC2530DB\..\..\..\ZMai #
#                          n\TI2530DB\ -I F:\¹âÅÌ×ÊÁÏ\ETC-WSNÎïÁªÍø¹âÅÌ×ÊÁÏ21 #
#                          0\ZigBeeÍøÂç\WSN-CSÔ´Âë\ZStack-CC2530-2.5.1a\Proje #
#                          cts\zstack\Utilities\SerialApp\CC2530DB\..\..\..\. #
#                          .\..\Components\hal\include\ -I                    #
#                          F:\¹âÅÌ×ÊÁÏ\ETC-WSNÎïÁªÍø¹âÅÌ×ÊÁÏ210\ZigBeeÍøÂç\WS #
#                          N-CSÔ´Âë\ZStack-CC2530-2.5.1a\Projects\zstack\Util #
#                          ities\SerialApp\CC2530DB\..\..\..\..\..\Components #
#                          \hal\target\CC2530EB\ -I                           #
#                          F:\¹âÅÌ×ÊÁÏ\ETC-WSNÎïÁªÍø¹âÅÌ×ÊÁÏ210\ZigBeeÍøÂç\WS #
#                          N-CSÔ´Âë\ZStack-CC2530-2.5.1a\Projects\zstack\Util #
#                          ities\SerialApp\CC2530DB\..\..\..\..\..\Components #
#                          \mac\include\ -I F:\¹âÅÌ×ÊÁÏ\ETC-WSNÎïÁªÍø¹âÅÌ×ÊÁÏ #
#                          210\ZigBeeÍøÂç\WSN-CSÔ´Âë\ZStack-CC2530-2.5.1a\Pro #
#                          jects\zstack\Utilities\SerialApp\CC2530DB\..\..\.. #
#                          \..\..\Components\mac\high_level\ -I               #
#                          F:\¹âÅÌ×ÊÁÏ\ETC-WSNÎïÁªÍø¹âÅÌ×ÊÁÏ210\ZigBeeÍøÂç\WS #
#                          N-CSÔ´Âë\ZStack-CC2530-2.5.1a\Projects\zstack\Util #
#                          ities\SerialApp\CC2530DB\..\..\..\..\..\Components #
#                          \mac\low_level\srf04\ -I                           #
#                          F:\¹âÅÌ×ÊÁÏ\ETC-WSNÎïÁªÍø¹âÅÌ×ÊÁÏ210\ZigBeeÍøÂç\WS #
#                          N-CSÔ´Âë\ZStack-CC2530-2.5.1a\Projects\zstack\Util #
#                          ities\SerialApp\CC2530DB\..\..\..\..\..\Components #
#                          \mac\low_level\srf04\single_chip\ -I               #
#                          F:\¹âÅÌ×ÊÁÏ\ETC-WSNÎïÁªÍø¹âÅÌ×ÊÁÏ210\ZigBeeÍøÂç\WS #
#                          N-CSÔ´Âë\ZStack-CC2530-2.5.1a\Projects\zstack\Util #
#                          ities\SerialApp\CC2530DB\..\..\..\..\..\Components #
#                          \mt\ -I F:\¹âÅÌ×ÊÁÏ\ETC-WSNÎïÁªÍø¹âÅÌ×ÊÁÏ210\ZigBe #
#                          eÍøÂç\WSN-CSÔ´Âë\ZStack-CC2530-2.5.1a\Projects\zst #
#                          ack\Utilities\SerialApp\CC2530DB\..\..\..\..\..\Co #
#                          mponents\osal\include\ -I                          #
#                          F:\¹âÅÌ×ÊÁÏ\ETC-WSNÎïÁªÍø¹âÅÌ×ÊÁÏ210\ZigBeeÍøÂç\WS #
#                          N-CSÔ´Âë\ZStack-CC2530-2.5.1a\Projects\zstack\Util #
#                          ities\SerialApp\CC2530DB\..\..\..\..\..\Components #
#                          \services\saddr\ -I F:\¹âÅÌ×ÊÁÏ\ETC-WSNÎïÁªÍø¹âÅÌ× #
#                          ÊÁÏ210\ZigBeeÍøÂç\WSN-CSÔ´Âë\ZStack-CC2530-2.5.1a\ #
#                          Projects\zstack\Utilities\SerialApp\CC2530DB\..\.. #
#                          \..\..\..\Components\services\sdata\ -I            #
#                          F:\¹âÅÌ×ÊÁÏ\ETC-WSNÎïÁªÍø¹âÅÌ×ÊÁÏ210\ZigBeeÍøÂç\WS #
#                          N-CSÔ´Âë\ZStack-CC2530-2.5.1a\Projects\zstack\Util #
#                          ities\SerialApp\CC2530DB\..\..\..\..\..\Components #
#                          \stack\af\ -I F:\¹âÅÌ×ÊÁÏ\ETC-WSNÎïÁªÍø¹âÅÌ×ÊÁÏ210 #
#                          \ZigBeeÍøÂç\WSN-CSÔ´Âë\ZStack-CC2530-2.5.1a\Projec #
#                          ts\zstack\Utilities\SerialApp\CC2530DB\..\..\..\.. #
#                          \..\Components\stack\nwk\ -I                       #
#                          F:\¹âÅÌ×ÊÁÏ\ETC-WSNÎïÁªÍø¹âÅÌ×ÊÁÏ210\ZigBeeÍøÂç\WS #
#                          N-CSÔ´Âë\ZStack-CC2530-2.5.1a\Projects\zstack\Util #
#                          ities\SerialApp\CC2530DB\..\..\..\..\..\Components #
#                          \stack\sapi\ -I F:\¹âÅÌ×ÊÁÏ\ETC-WSNÎïÁªÍø¹âÅÌ×ÊÁÏ2 #
#                          10\ZigBeeÍøÂç\WSN-CSÔ´Âë\ZStack-CC2530-2.5.1a\Proj #
#                          ects\zstack\Utilities\SerialApp\CC2530DB\..\..\..\ #
#                          ..\..\Components\stack\sec\ -I                     #
#                          F:\¹âÅÌ×ÊÁÏ\ETC-WSNÎïÁªÍø¹âÅÌ×ÊÁÏ210\ZigBeeÍøÂç\WS #
#                          N-CSÔ´Âë\ZStack-CC2530-2.5.1a\Projects\zstack\Util #
#                          ities\SerialApp\CC2530DB\..\..\..\..\..\Components #
#                          \stack\sys\ -I F:\¹âÅÌ×ÊÁÏ\ETC-WSNÎïÁªÍø¹âÅÌ×ÊÁÏ21 #
#                          0\ZigBeeÍøÂç\WSN-CSÔ´Âë\ZStack-CC2530-2.5.1a\Proje #
#                          cts\zstack\Utilities\SerialApp\CC2530DB\..\..\..\. #
#                          .\..\Components\stack\zdo\ -I                      #
#                          F:\¹âÅÌ×ÊÁÏ\ETC-WSNÎïÁªÍø¹âÅÌ×ÊÁÏ210\ZigBeeÍøÂç\WS #
#                          N-CSÔ´Âë\ZStack-CC2530-2.5.1a\Projects\zstack\Util #
#                          ities\SerialApp\CC2530DB\..\..\..\..\..\Components #
#                          \zmac\ -I F:\¹âÅÌ×ÊÁÏ\ETC-WSNÎïÁªÍø¹âÅÌ×ÊÁÏ210\Zig #
#                          BeeÍøÂç\WSN-CSÔ´Âë\ZStack-CC2530-2.5.1a\Projects\z #
#                          stack\Utilities\SerialApp\CC2530DB\..\..\..\..\..\ #
#                          Components\zmac\f8w\ -Ohz --require_prototypes     #
#    List file          =  F:\¹âÅÌ×ÊÁÏ\ETC-WSNÎïÁªÍø¹âÅÌ×ÊÁÏ210\ZigBeeÍøÂç\WS #
#                          N-CSÔ´Âë\ZStack-CC2530-2.5.1a\Projects\zstack\Util #
#                          ities\SerialApp\CC2530DB\CoordinatorEB\List\GUI__H #
#                          andleEOLine.lst                                    #
#    Object file        =  F:\¹âÅÌ×ÊÁÏ\ETC-WSNÎïÁªÍø¹âÅÌ×ÊÁÏ210\ZigBeeÍøÂç\WS #
#                          N-CSÔ´Âë\ZStack-CC2530-2.5.1a\Projects\zstack\Util #
#                          ities\SerialApp\CC2530DB\CoordinatorEB\Obj\GUI__Ha #
#                          ndleEOLine.r51                                     #
#                                                                             #
#                                                                             #
###############################################################################

F:\¹âÅÌ×ÊÁÏ\ETC-WSNÎïÁªÍø¹âÅÌ×ÊÁÏ210\ZigBeeÍøÂç\WSN-CSÔ´Âë\ZStack-CC2530-2.5.1a\Components\uCGUI\Core\GUI__HandleEOLine.c
      1          /*
      2          *********************************************************************************************************
      3          *                                                uC/GUI
      4          *                        Universal graphic software for embedded applications
      5          *
      6          *                       (c) Copyright 2002, Micrium Inc., Weston, FL
      7          *                       (c) Copyright 2002, SEGGER Microcontroller Systeme GmbH
      8          *
      9          *              µC/GUI is protected by international copyright laws. Knowledge of the
     10          *              source code may not be used to write a similar product. This file may
     11          *              only be used in accordance with a license and should not be redistributed
     12          *              in any way. We appreciate your understanding and fairness.
     13          *
     14          ----------------------------------------------------------------------
     15          File        : GUI__HandleEOLine.C
     16          Purpose     : Implementation of optional routines
     17          ---------------------------END-OF-HEADER------------------------------
     18          */
     19          
     20          #include <stddef.h>           /* needed for definition of NULL */
     21          
     22          #include "GUI_Protected.h"
     23          #include "GUIDebug.h"
     24          
     25          
     26          /*********************************************************************
     27          *
     28          *       GUI__HandleEOLine
     29          *
     30          * Is called when processing strings which may consist of
     31          * multiple lines after a line has been processed. It will
     32          * a) Swall the line feed character (if it is there)
     33          * b) Return 1 if end of string, otherwise 0
     34          */

   \                                 In  segment BANKED_CODE, align 1, keep-with-next
     35          int GUI__HandleEOLine(const char GUI_UNI_PTR **ps) {
   \                     GUI__HandleEOLine:
   \   000000   C082         PUSH    DPL
   \   000002   C083         PUSH    DPH
   \   000004                ; Saved register size: 2
   \   000004                ; Auto size: 0
     36            const char GUI_UNI_PTR *s = *ps;
   \   000004   8A82         MOV     DPL,R2
   \   000006   8B83         MOV     DPH,R3
   \   000008   E0           MOVX    A,@DPTR
   \   000009   F8           MOV     R0,A
   \   00000A   A3           INC     DPTR
   \   00000B   E0           MOVX    A,@DPTR
   \   00000C   F9           MOV     R1,A
   \   00000D   8882         MOV     DPL,R0
   \   00000F   8983         MOV     DPH,R1
     37            char c = *s++;
   \   000011   E0           MOVX    A,@DPTR
   \   000012   F8           MOV     R0,A
   \   000013   A3           INC     DPTR
     38            if (c == 0) {
   \   000014   7004         JNZ     ??GUI__HandleEOLine_0
     39              return 1;
   \   000016   7A01         MOV     R2,#0x1
   \   000018   8014         SJMP    ??GUI__HandleEOLine_1
     40            }
     41            if (c == '\n') {
   \                     ??GUI__HandleEOLine_0:
   \   00001A   740A         MOV     A,#0xa
   \   00001C   68           XRL     A,R0
   \   00001D   700D         JNZ     ??GUI__HandleEOLine_2
     42              *ps = s;
   \   00001F   A882         MOV     R0,DPL
   \   000021   A983         MOV     R1,DPH
   \   000023   8A82         MOV     DPL,R2
   \   000025   8B83         MOV     DPH,R3
   \   000027   E8           MOV     A,R0
   \   000028   F0           MOVX    @DPTR,A
   \   000029   A3           INC     DPTR
   \   00002A   E9           MOV     A,R1
   \   00002B   F0           MOVX    @DPTR,A
     43            }
     44            return 0;
   \                     ??GUI__HandleEOLine_2:
   \   00002C   7A00         MOV     R2,#0x0
   \                     ??GUI__HandleEOLine_1:
   \   00002E   7B00         MOV     R3,#0x0
   \   000030   D083         POP     DPH
   \   000032   D082         POP     DPL
   \   000034   02....       LJMP    ?BRET
     45          }

   \                                 In  segment BANK_RELAYS, align 1
   \                     ??GUI__HandleEOLine?relay:
   \   000000   12....       LCALL   ?BDISPATCH
   \   000003   ......       DC24    GUI__HandleEOLine
     46          
     47          /*************************** End of file ****************************/

   Maximum stack usage in bytes:

     Function          ISTACK PSTACK XSTACK
     --------          ------ ------ ------
     GUI__HandleEOLine     2      0      0


   Segment part sizes:

     Function/Label            Bytes
     --------------            -----
     GUI__HandleEOLine           55
     ??GUI__HandleEOLine?relay    6

 
 55 bytes in segment BANKED_CODE
  6 bytes in segment BANK_RELAYS
 
 61 bytes of CODE memory

Errors: none
Warnings: none
