###############################################################################
#                                                                             #
# IAR C/C++ Compiler V8.10.1.10194/W32 for 8051         14/Jun/2016  16:18:14 #
# Copyright 2004-2011 IAR Systems AB.                                         #
#                                                                             #
#    Core               =  plain                                              #
#    Code model         =  banked                                             #
#    Data model         =  large                                              #
#    Calling convention =  xdata reentrant                                    #
#    Constant location  =  data_rom                                           #
#    Dptr setup         =  1,16                                               #
#    Source file        =  F:\¹âÅÌ×ÊÁÏ\ETC-WSNÎïÁªÍø¹âÅÌ×ÊÁÏ210\ZigBeeÍøÂç\WS #
#                          N-CSÔ´Âë\ZStack-CC2530-2.5.1a\Components\uCGUI\Cor #
#                          e\GUIEncJS.c                                       #
#    Command line       =  -f F:\¹âÅÌ×ÊÁÏ\ETC-WSNÎïÁªÍø¹âÅÌ×ÊÁÏ210\ZigBeeÍøÂç #
#                          \WSN-CSÔ´Âë\ZStack-CC2530-2.5.1a\Projects\zstack\U #
#                          tilities\SerialApp\CC2530DB\..\..\..\Tools\CC2530D #
#                          B\f8wCoord.cfg (-DCPU32MHZ -DROOT=__near_func      #
#                          -DMAC_CFG_APP_PENDING_QUEUE=TRUE                   #
#                          -DMAC_CFG_TX_DATA_MAX=5 -DMAC_CFG_TX_MAX=8         #
#                          -DMAC_CFG_RX_MAX=5 -DZDO_COORDINATOR -DRTR_NWK)    #
#                          -f F:\¹âÅÌ×ÊÁÏ\ETC-WSNÎïÁªÍø¹âÅÌ×ÊÁÏ210\ZigBeeÍøÂç #
#                          \WSN-CSÔ´Âë\ZStack-CC2530-2.5.1a\Projects\zstack\U #
#                          tilities\SerialApp\CC2530DB\..\..\..\Tools\CC2530D #
#                          B\f8wConfig.cfg (-DZIGBEEPRO -DSECURE=0            #
#                          -DZG_SECURE_DYNAMIC=0 -DREFLECTOR                  #
#                          -DDEFAULT_CHANLIST=0x00000800                      #
#                          -DZDAPP_CONFIG_PAN_ID=0x1001                       #
#                          -DNWK_START_DELAY=100 -DEXTENDED_JOINING_RANDOM_MA #
#                          SK=0x007F -DBEACON_REQUEST_DELAY=100               #
#                          -DBEACON_REQ_DELAY_MASK=0x00FF                     #
#                          -DLINK_STATUS_JITTER_MASK=0x007F                   #
#                          -DROUTE_EXPIRY_TIME=30 -DAPSC_ACK_WAIT_DURATION_PO #
#                          LLED=3000 -DNWK_INDIRECT_MSG_TIMEOUT=7             #
#                          -DMAX_RREQ_ENTRIES=8 -DAPSC_MAX_FRAME_RETRIES=3    #
#                          -DNWK_MAX_DATA_RETRIES=2                           #
#                          -DMAX_POLL_FAILURE_RETRIES=2 -DMAX_BCAST=9         #
#                          -DAPS_MAX_GROUPS=16 -DMAX_RTG_ENTRIES=40           #
#                          -DNWK_MAX_BINDING_ENTRIES=4                        #
#                          -DMAX_BINDING_CLUSTER_IDS=4 "-DDEFAULT_KEY={0x01,  #
#                          0x03, 0x05, 0x07, 0x09, 0x0B, 0x0D, 0x0F, 0x00,    #
#                          0x02, 0x04, 0x06, 0x08, 0x0A, 0x0C, 0x0D}"         #
#                          -DMAC_MAX_FRAME_SIZE=116                           #
#                          -DZDNWKMGR_MIN_TRANSMISSIONS=20 "-DCONST=const     #
#                          __code" -DGENERIC=__generic                        #
#                          -DRFD_RCVC_ALWAYS_ON=FALSE -DPOLL_RATE=1000        #
#                          -DQUEUED_POLL_RATE=100 -DRESPONSE_POLL_RATE=100)   #
#                          -DREJOIN_POLL_RATE=440 F:\¹âÅÌ×ÊÁÏ\ETC-WSNÎïÁªÍø¹â #
#                          ÅÌ×ÊÁÏ210\ZigBeeÍøÂç\WSN-CSÔ´Âë\ZStack-CC2530-2.5. #
#                          1a\Components\uCGUI\Core\GUIEncJS.c -D             #
#                          HAL_UART=TRUE -D SERIAL_APP_PORT=0 -D COOR -D      #
#                          LCD_SUPPORTED -D NV_INIT -lC                       #
#                          F:\¹âÅÌ×ÊÁÏ\ETC-WSNÎïÁªÍø¹âÅÌ×ÊÁÏ210\ZigBeeÍøÂç\WS #
#                          N-CSÔ´Âë\ZStack-CC2530-2.5.1a\Projects\zstack\Util #
#                          ities\SerialApp\CC2530DB\CoordinatorEB\List\ -lA   #
#                          F:\¹âÅÌ×ÊÁÏ\ETC-WSNÎïÁªÍø¹âÅÌ×ÊÁÏ210\ZigBeeÍøÂç\WS #
#                          N-CSÔ´Âë\ZStack-CC2530-2.5.1a\Projects\zstack\Util #
#                          ities\SerialApp\CC2530DB\CoordinatorEB\List\       #
#                          --diag_suppress Pe001,Pa010 -o                     #
#                          F:\¹âÅÌ×ÊÁÏ\ETC-WSNÎïÁªÍø¹âÅÌ×ÊÁÏ210\ZigBeeÍøÂç\WS #
#                          N-CSÔ´Âë\ZStack-CC2530-2.5.1a\Projects\zstack\Util #
#                          ities\SerialApp\CC2530DB\CoordinatorEB\Obj\ -e     #
#                          --no_code_motion --debug --core=plain --dptr=16,1  #
#                          --data_model=large --code_model=banked             #
#                          --calling_convention=xdata_reentrant               #
#                          --place_constants=data_rom --nr_virtual_regs 16    #
#                          -I F:\¹âÅÌ×ÊÁÏ\ETC-WSNÎïÁªÍø¹âÅÌ×ÊÁÏ210\ZigBeeÍøÂç #
#                          \WSN-CSÔ´Âë\ZStack-CC2530-2.5.1a\Projects\zstack\U #
#                          tilities\SerialApp\CC2530DB\ -I                    #
#                          F:\¹âÅÌ×ÊÁÏ\ETC-WSNÎïÁªÍø¹âÅÌ×ÊÁÏ210\ZigBeeÍøÂç\WS #
#                          N-CSÔ´Âë\ZStack-CC2530-2.5.1a\Projects\zstack\Util #
#                          ities\SerialApp\CC2530DB\..\Public\ -I             #
#                          F:\¹âÅÌ×ÊÁÏ\ETC-WSNÎïÁªÍø¹âÅÌ×ÊÁÏ210\ZigBeeÍøÂç\WS #
#                          N-CSÔ´Âë\ZStack-CC2530-2.5.1a\Projects\zstack\Util #
#                          ities\SerialApp\CC2530DB\..\..\..\..\..\Components #
#                          \uCGUI\Core\ -I F:\¹âÅÌ×ÊÁÏ\ETC-WSNÎïÁªÍø¹âÅÌ×ÊÁÏ2 #
#                          10\ZigBeeÍøÂç\WSN-CSÔ´Âë\ZStack-CC2530-2.5.1a\Proj #
#                          ects\zstack\Utilities\SerialApp\CC2530DB\..\..\..\ #
#                          ..\..\Components\uCGUI\MultiLayer\ -I              #
#                          F:\¹âÅÌ×ÊÁÏ\ETC-WSNÎïÁªÍø¹âÅÌ×ÊÁÏ210\ZigBeeÍøÂç\WS #
#                          N-CSÔ´Âë\ZStack-CC2530-2.5.1a\Projects\zstack\Util #
#                          ities\SerialApp\CC2530DB\..\..\..\..\..\Components #
#                          \uCGUI\Config\ -I F:\¹âÅÌ×ÊÁÏ\ETC-WSNÎïÁªÍø¹âÅÌ×ÊÁ #
#                          Ï210\ZigBeeÍøÂç\WSN-CSÔ´Âë\ZStack-CC2530-2.5.1a\Pr #
#                          ojects\zstack\Utilities\SerialApp\CC2530DB\..\Coor #
#                          dinator\ -I F:\¹âÅÌ×ÊÁÏ\ETC-WSNÎïÁªÍø¹âÅÌ×ÊÁÏ210\Z #
#                          igBeeÍøÂç\WSN-CSÔ´Âë\ZStack-CC2530-2.5.1a\Projects #
#                          \zstack\Utilities\SerialApp\CC2530DB\..\..\..\ZMai #
#                          n\TI2530DB\ -I F:\¹âÅÌ×ÊÁÏ\ETC-WSNÎïÁªÍø¹âÅÌ×ÊÁÏ21 #
#                          0\ZigBeeÍøÂç\WSN-CSÔ´Âë\ZStack-CC2530-2.5.1a\Proje #
#                          cts\zstack\Utilities\SerialApp\CC2530DB\..\..\..\. #
#                          .\..\Components\hal\include\ -I                    #
#                          F:\¹âÅÌ×ÊÁÏ\ETC-WSNÎïÁªÍø¹âÅÌ×ÊÁÏ210\ZigBeeÍøÂç\WS #
#                          N-CSÔ´Âë\ZStack-CC2530-2.5.1a\Projects\zstack\Util #
#                          ities\SerialApp\CC2530DB\..\..\..\..\..\Components #
#                          \hal\target\CC2530EB\ -I                           #
#                          F:\¹âÅÌ×ÊÁÏ\ETC-WSNÎïÁªÍø¹âÅÌ×ÊÁÏ210\ZigBeeÍøÂç\WS #
#                          N-CSÔ´Âë\ZStack-CC2530-2.5.1a\Projects\zstack\Util #
#                          ities\SerialApp\CC2530DB\..\..\..\..\..\Components #
#                          \mac\include\ -I F:\¹âÅÌ×ÊÁÏ\ETC-WSNÎïÁªÍø¹âÅÌ×ÊÁÏ #
#                          210\ZigBeeÍøÂç\WSN-CSÔ´Âë\ZStack-CC2530-2.5.1a\Pro #
#                          jects\zstack\Utilities\SerialApp\CC2530DB\..\..\.. #
#                          \..\..\Components\mac\high_level\ -I               #
#                          F:\¹âÅÌ×ÊÁÏ\ETC-WSNÎïÁªÍø¹âÅÌ×ÊÁÏ210\ZigBeeÍøÂç\WS #
#                          N-CSÔ´Âë\ZStack-CC2530-2.5.1a\Projects\zstack\Util #
#                          ities\SerialApp\CC2530DB\..\..\..\..\..\Components #
#                          \mac\low_level\srf04\ -I                           #
#                          F:\¹âÅÌ×ÊÁÏ\ETC-WSNÎïÁªÍø¹âÅÌ×ÊÁÏ210\ZigBeeÍøÂç\WS #
#                          N-CSÔ´Âë\ZStack-CC2530-2.5.1a\Projects\zstack\Util #
#                          ities\SerialApp\CC2530DB\..\..\..\..\..\Components #
#                          \mac\low_level\srf04\single_chip\ -I               #
#                          F:\¹âÅÌ×ÊÁÏ\ETC-WSNÎïÁªÍø¹âÅÌ×ÊÁÏ210\ZigBeeÍøÂç\WS #
#                          N-CSÔ´Âë\ZStack-CC2530-2.5.1a\Projects\zstack\Util #
#                          ities\SerialApp\CC2530DB\..\..\..\..\..\Components #
#                          \mt\ -I F:\¹âÅÌ×ÊÁÏ\ETC-WSNÎïÁªÍø¹âÅÌ×ÊÁÏ210\ZigBe #
#                          eÍøÂç\WSN-CSÔ´Âë\ZStack-CC2530-2.5.1a\Projects\zst #
#                          ack\Utilities\SerialApp\CC2530DB\..\..\..\..\..\Co #
#                          mponents\osal\include\ -I                          #
#                          F:\¹âÅÌ×ÊÁÏ\ETC-WSNÎïÁªÍø¹âÅÌ×ÊÁÏ210\ZigBeeÍøÂç\WS #
#                          N-CSÔ´Âë\ZStack-CC2530-2.5.1a\Projects\zstack\Util #
#                          ities\SerialApp\CC2530DB\..\..\..\..\..\Components #
#                          \services\saddr\ -I F:\¹âÅÌ×ÊÁÏ\ETC-WSNÎïÁªÍø¹âÅÌ× #
#                          ÊÁÏ210\ZigBeeÍøÂç\WSN-CSÔ´Âë\ZStack-CC2530-2.5.1a\ #
#                          Projects\zstack\Utilities\SerialApp\CC2530DB\..\.. #
#                          \..\..\..\Components\services\sdata\ -I            #
#                          F:\¹âÅÌ×ÊÁÏ\ETC-WSNÎïÁªÍø¹âÅÌ×ÊÁÏ210\ZigBeeÍøÂç\WS #
#                          N-CSÔ´Âë\ZStack-CC2530-2.5.1a\Projects\zstack\Util #
#                          ities\SerialApp\CC2530DB\..\..\..\..\..\Components #
#                          \stack\af\ -I F:\¹âÅÌ×ÊÁÏ\ETC-WSNÎïÁªÍø¹âÅÌ×ÊÁÏ210 #
#                          \ZigBeeÍøÂç\WSN-CSÔ´Âë\ZStack-CC2530-2.5.1a\Projec #
#                          ts\zstack\Utilities\SerialApp\CC2530DB\..\..\..\.. #
#                          \..\Components\stack\nwk\ -I                       #
#                          F:\¹âÅÌ×ÊÁÏ\ETC-WSNÎïÁªÍø¹âÅÌ×ÊÁÏ210\ZigBeeÍøÂç\WS #
#                          N-CSÔ´Âë\ZStack-CC2530-2.5.1a\Projects\zstack\Util #
#                          ities\SerialApp\CC2530DB\..\..\..\..\..\Components #
#                          \stack\sapi\ -I F:\¹âÅÌ×ÊÁÏ\ETC-WSNÎïÁªÍø¹âÅÌ×ÊÁÏ2 #
#                          10\ZigBeeÍøÂç\WSN-CSÔ´Âë\ZStack-CC2530-2.5.1a\Proj #
#                          ects\zstack\Utilities\SerialApp\CC2530DB\..\..\..\ #
#                          ..\..\Components\stack\sec\ -I                     #
#                          F:\¹âÅÌ×ÊÁÏ\ETC-WSNÎïÁªÍø¹âÅÌ×ÊÁÏ210\ZigBeeÍøÂç\WS #
#                          N-CSÔ´Âë\ZStack-CC2530-2.5.1a\Projects\zstack\Util #
#                          ities\SerialApp\CC2530DB\..\..\..\..\..\Components #
#                          \stack\sys\ -I F:\¹âÅÌ×ÊÁÏ\ETC-WSNÎïÁªÍø¹âÅÌ×ÊÁÏ21 #
#                          0\ZigBeeÍøÂç\WSN-CSÔ´Âë\ZStack-CC2530-2.5.1a\Proje #
#                          cts\zstack\Utilities\SerialApp\CC2530DB\..\..\..\. #
#                          .\..\Components\stack\zdo\ -I                      #
#                          F:\¹âÅÌ×ÊÁÏ\ETC-WSNÎïÁªÍø¹âÅÌ×ÊÁÏ210\ZigBeeÍøÂç\WS #
#                          N-CSÔ´Âë\ZStack-CC2530-2.5.1a\Projects\zstack\Util #
#                          ities\SerialApp\CC2530DB\..\..\..\..\..\Components #
#                          \zmac\ -I F:\¹âÅÌ×ÊÁÏ\ETC-WSNÎïÁªÍø¹âÅÌ×ÊÁÏ210\Zig #
#                          BeeÍøÂç\WSN-CSÔ´Âë\ZStack-CC2530-2.5.1a\Projects\z #
#                          stack\Utilities\SerialApp\CC2530DB\..\..\..\..\..\ #
#                          Components\zmac\f8w\ -Ohz --require_prototypes     #
#    List file          =  F:\¹âÅÌ×ÊÁÏ\ETC-WSNÎïÁªÍø¹âÅÌ×ÊÁÏ210\ZigBeeÍøÂç\WS #
#                          N-CSÔ´Âë\ZStack-CC2530-2.5.1a\Projects\zstack\Util #
#                          ities\SerialApp\CC2530DB\CoordinatorEB\List\GUIEnc #
#                          JS.lst                                             #
#    Object file        =  F:\¹âÅÌ×ÊÁÏ\ETC-WSNÎïÁªÍø¹âÅÌ×ÊÁÏ210\ZigBeeÍøÂç\WS #
#                          N-CSÔ´Âë\ZStack-CC2530-2.5.1a\Projects\zstack\Util #
#                          ities\SerialApp\CC2530DB\CoordinatorEB\Obj\GUIEncJ #
#                          S.r51                                              #
#                                                                             #
#                                                                             #
###############################################################################

F:\¹âÅÌ×ÊÁÏ\ETC-WSNÎïÁªÍø¹âÅÌ×ÊÁÏ210\ZigBeeÍøÂç\WSN-CSÔ´Âë\ZStack-CC2530-2.5.1a\Components\uCGUI\Core\GUIEncJS.c
      1          /*
      2          *********************************************************************************************************
      3          *                                                uC/GUI
      4          *                        Universal graphic software for embedded applications
      5          *
      6          *                       (c) Copyright 2002, Micrium Inc., Weston, FL
      7          *                       (c) Copyright 2002, SEGGER Microcontroller Systeme GmbH
      8          *
      9          *              µC/GUI is protected by international copyright laws. Knowledge of the
     10          *              source code may not be used to write a similar product. This file may
     11          *              only be used in accordance with a license and should not be redistributed
     12          *              in any way. We appreciate your understanding and fairness.
     13          *
     14          ----------------------------------------------------------------------
     15          File        : GUIEncSJ.C
     16          Purpose     : Implementation of Shift JIS decoding
     17          ----------------------------------------------------------------------
     18          Version-Date---Author-Explanation
     19          ---------------------------END-OF-HEADER------------------------------
     20          */
     21          
     22          #include <stddef.h>           /* needed for definition of NULL */
     23          #include "GUI_Protected.h"
     24          
     25          /*********************************************************************
     26          *
     27          *       Static code
     28          *
     29          **********************************************************************
     30          */
     31          /*********************************************************************
     32          *
     33          *       DB2SJIS
     34          */
     35          static U16 DB2SJIS(U8 Byte0, U8 Byte1) {
     36            return Byte1 | (((U16)Byte0)<<8);
     37          }
     38          
     39          /*********************************************************************
     40          *
     41          *       _GetLineDistX_SJIS
     42          */

   \                                 In  segment BANKED_CODE, align 1, keep-with-next
     43          static int _GetLineDistX_SJIS(const char GUI_UNI_PTR *s, int Len) {
   \                     _GetLineDistX_SJIS:
   \   000000   74F0         MOV     A,#-0x10
   \   000002   12....       LCALL   ?BANKED_ENTER_XDATA
   \   000005                ; Saved register size: 16
   \   000005                ; Auto size: 0
   \   000005   EA           MOV     A,R2
   \   000006   FE           MOV     R6,A
   \   000007   EB           MOV     A,R3
   \   000008   FF           MOV     R7,A
   \   000009   8C..         MOV     ?V0 + 0,R4
   \   00000B   8D..         MOV     ?V0 + 1,R5
     44            int Dist =0;
   \   00000D   75..00       MOV     ?V0 + 2,#0x0
   \   000010   75..00       MOV     ?V0 + 3,#0x0
     45            if (s) {
   \   000013   EE           MOV     A,R6
   \   000014   4F           ORL     A,R7
   \   000015   7026         JNZ     ??_GetLineDistX_SJIS_0
     46              U8 c0;
     47              while (((c0=*(const U8*)s) !=0) && Len >=0) {
     48                s++; Len--;
     49                if (c0 > 127) {
     50                  U8  c1 = *(const U8*)s++;
     51                  Len--;
     52                  Dist += GUI_GetCharDistX(DB2SJIS(c0, c1));
     53                } else {
     54                  Dist += GUI_GetCharDistX(c0);
     55                }
     56              }
     57            }
     58            return Dist;
   \                     ??_GetLineDistX_SJIS_1:
   \   000017   AA..         MOV     R2,?V0 + 2
   \   000019   AB..         MOV     R3,?V0 + 3
   \   00001B   7F08         MOV     R7,#0x8
   \   00001D   02....       LJMP    ?BANKED_LEAVE_XDATA
   \                     ??_GetLineDistX_SJIS_2:
   \   000020   E0           MOVX    A,@DPTR
   \   000021   F5..         MOV     ?V0 + 6,A
   \   000023   12....       LCALL   ?Subroutine0 & 0xFFFF
   \                     ??CrossCallReturnLabel_0:
   \   000026                ; Setup parameters for call to function GUI_GetCharDistX
   \   000026   AA..         MOV     R2,?V0 + 6
   \   000028   AB..         MOV     R3,?V0 + 4
   \                     ??_GetLineDistX_SJIS_3:
   \   00002A   12....       LCALL   ??GUI_GetCharDistX?relay
   \   00002D   8A..         MOV     ?V0 + 4,R2
   \   00002F   8B..         MOV     ?V0 + 5,R3
   \   000031   E5..         MOV     A,?V0 + 2
   \   000033   25..         ADD     A,?V0 + 4
   \   000035   F5..         MOV     ?V0 + 2,A
   \   000037   E5..         MOV     A,?V0 + 3
   \   000039   35..         ADDC    A,?V0 + 5
   \   00003B   F5..         MOV     ?V0 + 3,A
   \                     ??_GetLineDistX_SJIS_0:
   \   00003D   8E82         MOV     DPL,R6
   \   00003F   8F83         MOV     DPH,R7
   \   000041   E0           MOVX    A,@DPTR
   \   000042   F5..         MOV     ?V0 + 4,A
   \   000044   60D1         JZ      ??_GetLineDistX_SJIS_1
   \   000046   C3           CLR     C
   \   000047   E5..         MOV     A,?V0 + 1
   \   000049   9400         SUBB    A,#0x0
   \   00004B   A2D2         MOV     C,0xD0 /* PSW */.2
   \   00004D   65D0         XRL     A,PSW
   \   00004F   33           RLC     A
   \   000050   40C5         JC      ??_GetLineDistX_SJIS_1
   \   000052   A3           INC     DPTR
   \   000053   AE82         MOV     R6,DPL
   \   000055   12....       LCALL   ??Subroutine1_0 & 0xFFFF
   \                     ??CrossCallReturnLabel_2:
   \   000058   E5..         MOV     A,?V0 + 4
   \   00005A   C3           CLR     C
   \   00005B   9480         SUBB    A,#-0x80
   \   00005D   50C1         JNC     ??_GetLineDistX_SJIS_2
   \   00005F                ; Setup parameters for call to function GUI_GetCharDistX
   \   00005F   AA..         MOV     R2,?V0 + 4
   \   000061   7B00         MOV     R3,#0x0
   \   000063   80C5         SJMP    ??_GetLineDistX_SJIS_3
     59          }

   \                                 In  segment BANKED_CODE, align 1, keep-with-next
   \                     ?Subroutine0:
   \   000000   A3           INC     DPTR
   \   000001   0E           INC     R6
   \   000002                REQUIRE ??Subroutine1_0
   \   000002                ; // Fall through to label ??Subroutine1_0

   \                                 In  segment BANKED_CODE, align 1, keep-with-next
   \                     ??Subroutine1_0:
   \   000000   AF83         MOV     R7,DPH
   \   000002                REQUIRE ??Subroutine2_0
   \   000002                ; // Fall through to label ??Subroutine2_0

   \                                 In  segment BANKED_CODE, align 1, keep-with-next
   \                     ??Subroutine2_0:
   \   000000   E5..         MOV     A,?V0 + 0
   \   000002   24FF         ADD     A,#-0x1
   \   000004   F5..         MOV     ?V0 + 0,A
   \   000006   E5..         MOV     A,?V0 + 1
   \   000008   34FF         ADDC    A,#-0x1
   \   00000A   F5..         MOV     ?V0 + 1,A
   \   00000C   22           RET
     60          
     61          /*********************************************************************
     62          *
     63          *       _GetLineLen_SJIS
     64          * Purpose:
     65          *   Returns the number of characters in a string.
     66          *
     67          * NOTE:
     68          *   The return value can be used as offset into the
     69          *   string, which means that double characters count double
     70          */

   \                                 In  segment BANKED_CODE, align 1, keep-with-next
     71          static int _GetLineLen_SJIS(const char GUI_UNI_PTR *s, int MaxLen) {
   \                     _GetLineLen_SJIS:
   \   000000   74F7         MOV     A,#-0x9
   \   000002   12....       LCALL   ?BANKED_ENTER_XDATA
   \   000005                ; Saved register size: 9
   \   000005                ; Auto size: 0
     72            int Len =0;
   \   000005   7800         MOV     R0,#0x0
   \   000007   7900         MOV     R1,#0x0
   \   000009   8014         SJMP    ??_GetLineLen_SJIS_0
     73            U8 c0;
     74            while (((c0=*(const U8*)s) !=0) && Len < MaxLen) {
     75              s++;
     76              if (c0 > 127) {
     77                Len++; s++;
   \                     ??_GetLineLen_SJIS_1:
   \   00000B   E8           MOV     A,R0
   \   00000C   2401         ADD     A,#0x1
   \   00000E   08           INC     R0
   \   00000F   E9           MOV     A,R1
   \   000010   3400         ADDC    A,#0x0
   \   000012   F9           MOV     R1,A
   \   000013   A3           INC     DPTR
   \   000014   0A           INC     R2
   \   000015   AB83         MOV     R3,DPH
     78              } else {
     79                switch (c0) {
     80                case '\n': return Len;
     81                }
     82              }
     83              Len++;
   \                     ??_GetLineLen_SJIS_2:
   \   000017   E8           MOV     A,R0
   \   000018   2401         ADD     A,#0x1
   \   00001A   08           INC     R0
   \   00001B   E9           MOV     A,R1
   \   00001C   3400         ADDC    A,#0x0
   \   00001E   F9           MOV     R1,A
   \                     ??_GetLineLen_SJIS_0:
   \   00001F   8A82         MOV     DPL,R2
   \   000021   8B83         MOV     DPH,R3
   \   000023   E0           MOVX    A,@DPTR
   \   000024   FE           MOV     R6,A
   \   000025   601C         JZ      ??_GetLineLen_SJIS_3
   \   000027   C3           CLR     C
   \   000028   E8           MOV     A,R0
   \   000029   9C           SUBB    A,R4
   \   00002A   E9           MOV     A,R1
   \   00002B   9D           SUBB    A,R5
   \   00002C   A2D2         MOV     C,0xD0 /* PSW */.2
   \   00002E   65D0         XRL     A,PSW
   \   000030   33           RLC     A
   \   000031   5010         JNC     ??_GetLineLen_SJIS_3
   \   000033   A3           INC     DPTR
   \   000034   AA82         MOV     R2,DPL
   \   000036   AB83         MOV     R3,DPH
   \   000038   EE           MOV     A,R6
   \   000039   C3           CLR     C
   \   00003A   9480         SUBB    A,#-0x80
   \   00003C   50CD         JNC     ??_GetLineLen_SJIS_1
   \   00003E   740A         MOV     A,#0xa
   \   000040   6E           XRL     A,R6
   \   000041   70D4         JNZ     ??_GetLineLen_SJIS_2
   \                     ??_GetLineLen_SJIS_3:
   \   000043   E8           MOV     A,R0
   \   000044   FA           MOV     R2,A
   \   000045   E9           MOV     A,R1
   \   000046   FB           MOV     R3,A
   \   000047   7F01         MOV     R7,#0x1
   \   000049   02....       LJMP    ?BANKED_LEAVE_XDATA
     84            }
     85            return Len;
     86          }
     87          
     88          /*********************************************************************
     89          *
     90          *       _DispLine_SJIS
     91          */

   \                                 In  segment BANKED_CODE, align 1, keep-with-next
     92          static void _DispLine_SJIS(const char GUI_UNI_PTR *s, int Len) {
   \                     _DispLine_SJIS:
   \   000000   74F2         MOV     A,#-0xe
   \   000002   12....       LCALL   ?BANKED_ENTER_XDATA
   \   000005                ; Saved register size: 14
   \   000005                ; Auto size: 0
   \   000005   EA           MOV     A,R2
   \   000006   FE           MOV     R6,A
   \   000007   EB           MOV     A,R3
   \   000008   FF           MOV     R7,A
   \   000009   8C..         MOV     ?V0 + 0,R4
   \   00000B   8D..         MOV     ?V0 + 1,R5
   \   00000D   800D         SJMP    ??_DispLine_SJIS_0
     93            U8 c0;
     94            while (--Len >=0) {
     95              c0=*(const U8*)s++;
     96              if (c0 > 127) {
     97                U8  c1 = *(const U8*)s++;
   \                     ??_DispLine_SJIS_1:
   \   00000F   E0           MOVX    A,@DPTR
   \   000010   F5..         MOV     ?V0 + 4,A
   \   000012   12....       LCALL   ?Subroutine0 & 0xFFFF
     98                Len--;
     99                GL_DispChar (DB2SJIS(c0, c1));
    100              } else {
   \                     ??CrossCallReturnLabel_1:
   \   000015                ; Setup parameters for call to function GL_DispChar
   \   000015   AA..         MOV     R2,?V0 + 4
   \   000017   AB..         MOV     R3,?V0 + 2
   \                     ??_DispLine_SJIS_2:
   \   000019   12....       LCALL   ??GL_DispChar?relay
   \                     ??_DispLine_SJIS_0:
   \   00001C   12....       LCALL   ??Subroutine2_0 & 0xFFFF
   \                     ??CrossCallReturnLabel_3:
   \   00001F   C3           CLR     C
   \   000020   9400         SUBB    A,#0x0
   \   000022   A2D2         MOV     C,0xD0 /* PSW */.2
   \   000024   65D0         XRL     A,PSW
   \   000026   33           RLC     A
   \   000027   4017         JC      ??_DispLine_SJIS_3
   \   000029   8E82         MOV     DPL,R6
   \   00002B   8F83         MOV     DPH,R7
   \   00002D   E0           MOVX    A,@DPTR
   \   00002E   F5..         MOV     ?V0 + 2,A
   \   000030   A3           INC     DPTR
   \   000031   AE82         MOV     R6,DPL
   \   000033   AF83         MOV     R7,DPH
   \   000035   C3           CLR     C
   \   000036   9480         SUBB    A,#-0x80
   \   000038   50D5         JNC     ??_DispLine_SJIS_1
    101                GL_DispChar(c0);
   \   00003A                ; Setup parameters for call to function GL_DispChar
   \   00003A   AA..         MOV     R2,?V0 + 2
   \   00003C   7B00         MOV     R3,#0x0
   \   00003E   80D9         SJMP    ??_DispLine_SJIS_2
    102              }
    103            }
    104          }
   \                     ??_DispLine_SJIS_3:
   \   000040   7F06         MOV     R7,#0x6
   \   000042   02....       LJMP    ?BANKED_LEAVE_XDATA
    105          
    106          /*********************************************************************
    107          *
    108          *       GUI_ENC_APIList_SJIS, API list
    109          */

   \                                 In  segment XDATA_ROM_C, align 1
    110          const tGUI_ENC_APIList GUI_ENC_APIList_SJIS = {
   \                     GUI_ENC_APIList_SJIS:
   \   000000   ....         DW ??_GetLineDistX_SJIS?relay
   \   000002   ....         DW ??_GetLineLen_SJIS?relay
   \   000004   ....         DW ??_DispLine_SJIS?relay

   \                                 In  segment BANK_RELAYS, align 1
   \                     ??_GetLineDistX_SJIS?relay:
   \   000000   12....       LCALL   ?BDISPATCH
   \   000003   ......       DC24    _GetLineDistX_SJIS

   \                                 In  segment BANK_RELAYS, align 1
   \                     ??_GetLineLen_SJIS?relay:
   \   000000   12....       LCALL   ?BDISPATCH
   \   000003   ......       DC24    _GetLineLen_SJIS

   \                                 In  segment BANK_RELAYS, align 1
   \                     ??_DispLine_SJIS?relay:
   \   000000   12....       LCALL   ?BDISPATCH
   \   000003   ......       DC24    _DispLine_SJIS
    111            _GetLineDistX_SJIS,
    112            _GetLineLen_SJIS,
    113            _DispLine_SJIS
    114          };
    115          
    116          /*************************** End of file ****************************/

   Maximum stack usage in bytes:

     Function              ISTACK PSTACK XSTACK
     --------              ------ ------ ------
     _DispLine_SJIS            0      0     14
       -> GL_DispChar          0      0     28
       -> GL_DispChar          0      0     28
     _GetLineDistX_SJIS        0      0     16
       -> GUI_GetCharDistX     0      0     32
       -> GUI_GetCharDistX     0      0     32
     _GetLineLen_SJIS          0      0      9


   Segment part sizes:

     Function/Label             Bytes
     --------------             -----
     _GetLineDistX_SJIS          101
     ?Subroutine0                  2
     ??Subroutine1_0               2
     ??Subroutine2_0              13
     _GetLineLen_SJIS             76
     _DispLine_SJIS               69
     GUI_ENC_APIList_SJIS          6
     ??_GetLineDistX_SJIS?relay    6
     ??_GetLineLen_SJIS?relay      6
     ??_DispLine_SJIS?relay        6

 
 263 bytes in segment BANKED_CODE
  18 bytes in segment BANK_RELAYS
   6 bytes in segment XDATA_ROM_C
 
 281 bytes of CODE  memory
   6 bytes of CONST memory

Errors: none
Warnings: none
