###############################################################################
#                                                                             #
# IAR C/C++ Compiler V8.10.1.10194/W32 for 8051         14/Jun/2016  16:18:48 #
# Copyright 2004-2011 IAR Systems AB.                                         #
#                                                                             #
#    Core               =  plain                                              #
#    Code model         =  banked                                             #
#    Data model         =  large                                              #
#    Calling convention =  xdata reentrant                                    #
#    Constant location  =  data_rom                                           #
#    Dptr setup         =  1,16                                               #
#    Source file        =  F:\นโลฬืสมฯ\ETC-WSNฮ๏มชอ๘นโลฬืสมฯ210\ZigBeeอ๘ย็\WS #
#                          N-CSิดย๋\ZStack-CC2530-2.5.1a\Components\uCGUI\Cor #
#                          e\GUIPolyR.c                                       #
#    Command line       =  -f F:\นโลฬืสมฯ\ETC-WSNฮ๏มชอ๘นโลฬืสมฯ210\ZigBeeอ๘ย็ #
#                          \WSN-CSิดย๋\ZStack-CC2530-2.5.1a\Projects\zstack\U #
#                          tilities\SerialApp\CC2530DB\..\..\..\Tools\CC2530D #
#                          B\f8wCoord.cfg (-DCPU32MHZ -DROOT=__near_func      #
#                          -DMAC_CFG_APP_PENDING_QUEUE=TRUE                   #
#                          -DMAC_CFG_TX_DATA_MAX=5 -DMAC_CFG_TX_MAX=8         #
#                          -DMAC_CFG_RX_MAX=5 -DZDO_COORDINATOR -DRTR_NWK)    #
#                          -f F:\นโลฬืสมฯ\ETC-WSNฮ๏มชอ๘นโลฬืสมฯ210\ZigBeeอ๘ย็ #
#                          \WSN-CSิดย๋\ZStack-CC2530-2.5.1a\Projects\zstack\U #
#                          tilities\SerialApp\CC2530DB\..\..\..\Tools\CC2530D #
#                          B\f8wConfig.cfg (-DZIGBEEPRO -DSECURE=0            #
#                          -DZG_SECURE_DYNAMIC=0 -DREFLECTOR                  #
#                          -DDEFAULT_CHANLIST=0x00000800                      #
#                          -DZDAPP_CONFIG_PAN_ID=0x1001                       #
#                          -DNWK_START_DELAY=100 -DEXTENDED_JOINING_RANDOM_MA #
#                          SK=0x007F -DBEACON_REQUEST_DELAY=100               #
#                          -DBEACON_REQ_DELAY_MASK=0x00FF                     #
#                          -DLINK_STATUS_JITTER_MASK=0x007F                   #
#                          -DROUTE_EXPIRY_TIME=30 -DAPSC_ACK_WAIT_DURATION_PO #
#                          LLED=3000 -DNWK_INDIRECT_MSG_TIMEOUT=7             #
#                          -DMAX_RREQ_ENTRIES=8 -DAPSC_MAX_FRAME_RETRIES=3    #
#                          -DNWK_MAX_DATA_RETRIES=2                           #
#                          -DMAX_POLL_FAILURE_RETRIES=2 -DMAX_BCAST=9         #
#                          -DAPS_MAX_GROUPS=16 -DMAX_RTG_ENTRIES=40           #
#                          -DNWK_MAX_BINDING_ENTRIES=4                        #
#                          -DMAX_BINDING_CLUSTER_IDS=4 "-DDEFAULT_KEY={0x01,  #
#                          0x03, 0x05, 0x07, 0x09, 0x0B, 0x0D, 0x0F, 0x00,    #
#                          0x02, 0x04, 0x06, 0x08, 0x0A, 0x0C, 0x0D}"         #
#                          -DMAC_MAX_FRAME_SIZE=116                           #
#                          -DZDNWKMGR_MIN_TRANSMISSIONS=20 "-DCONST=const     #
#                          __code" -DGENERIC=__generic                        #
#                          -DRFD_RCVC_ALWAYS_ON=FALSE -DPOLL_RATE=1000        #
#                          -DQUEUED_POLL_RATE=100 -DRESPONSE_POLL_RATE=100)   #
#                          -DREJOIN_POLL_RATE=440 F:\นโลฬืสมฯ\ETC-WSNฮ๏มชอ๘นโ #
#                          ลฬืสมฯ210\ZigBeeอ๘ย็\WSN-CSิดย๋\ZStack-CC2530-2.5. #
#                          1a\Components\uCGUI\Core\GUIPolyR.c -D             #
#                          HAL_UART=TRUE -D SERIAL_APP_PORT=0 -D COOR -D      #
#                          LCD_SUPPORTED -D NV_INIT -lC                       #
#                          F:\นโลฬืสมฯ\ETC-WSNฮ๏มชอ๘นโลฬืสมฯ210\ZigBeeอ๘ย็\WS #
#                          N-CSิดย๋\ZStack-CC2530-2.5.1a\Projects\zstack\Util #
#                          ities\SerialApp\CC2530DB\CoordinatorEB\List\ -lA   #
#                          F:\นโลฬืสมฯ\ETC-WSNฮ๏มชอ๘นโลฬืสมฯ210\ZigBeeอ๘ย็\WS #
#                          N-CSิดย๋\ZStack-CC2530-2.5.1a\Projects\zstack\Util #
#                          ities\SerialApp\CC2530DB\CoordinatorEB\List\       #
#                          --diag_suppress Pe001,Pa010 -o                     #
#                          F:\นโลฬืสมฯ\ETC-WSNฮ๏มชอ๘นโลฬืสมฯ210\ZigBeeอ๘ย็\WS #
#                          N-CSิดย๋\ZStack-CC2530-2.5.1a\Projects\zstack\Util #
#                          ities\SerialApp\CC2530DB\CoordinatorEB\Obj\ -e     #
#                          --no_code_motion --debug --core=plain --dptr=16,1  #
#                          --data_model=large --code_model=banked             #
#                          --calling_convention=xdata_reentrant               #
#                          --place_constants=data_rom --nr_virtual_regs 16    #
#                          -I F:\นโลฬืสมฯ\ETC-WSNฮ๏มชอ๘นโลฬืสมฯ210\ZigBeeอ๘ย็ #
#                          \WSN-CSิดย๋\ZStack-CC2530-2.5.1a\Projects\zstack\U #
#                          tilities\SerialApp\CC2530DB\ -I                    #
#                          F:\นโลฬืสมฯ\ETC-WSNฮ๏มชอ๘นโลฬืสมฯ210\ZigBeeอ๘ย็\WS #
#                          N-CSิดย๋\ZStack-CC2530-2.5.1a\Projects\zstack\Util #
#                          ities\SerialApp\CC2530DB\..\Public\ -I             #
#                          F:\นโลฬืสมฯ\ETC-WSNฮ๏มชอ๘นโลฬืสมฯ210\ZigBeeอ๘ย็\WS #
#                          N-CSิดย๋\ZStack-CC2530-2.5.1a\Projects\zstack\Util #
#                          ities\SerialApp\CC2530DB\..\..\..\..\..\Components #
#                          \uCGUI\Core\ -I F:\นโลฬืสมฯ\ETC-WSNฮ๏มชอ๘นโลฬืสมฯ2 #
#                          10\ZigBeeอ๘ย็\WSN-CSิดย๋\ZStack-CC2530-2.5.1a\Proj #
#                          ects\zstack\Utilities\SerialApp\CC2530DB\..\..\..\ #
#                          ..\..\Components\uCGUI\MultiLayer\ -I              #
#                          F:\นโลฬืสมฯ\ETC-WSNฮ๏มชอ๘นโลฬืสมฯ210\ZigBeeอ๘ย็\WS #
#                          N-CSิดย๋\ZStack-CC2530-2.5.1a\Projects\zstack\Util #
#                          ities\SerialApp\CC2530DB\..\..\..\..\..\Components #
#                          \uCGUI\Config\ -I F:\นโลฬืสมฯ\ETC-WSNฮ๏มชอ๘นโลฬืสม #
#                          ฯ210\ZigBeeอ๘ย็\WSN-CSิดย๋\ZStack-CC2530-2.5.1a\Pr #
#                          ojects\zstack\Utilities\SerialApp\CC2530DB\..\Coor #
#                          dinator\ -I F:\นโลฬืสมฯ\ETC-WSNฮ๏มชอ๘นโลฬืสมฯ210\Z #
#                          igBeeอ๘ย็\WSN-CSิดย๋\ZStack-CC2530-2.5.1a\Projects #
#                          \zstack\Utilities\SerialApp\CC2530DB\..\..\..\ZMai #
#                          n\TI2530DB\ -I F:\นโลฬืสมฯ\ETC-WSNฮ๏มชอ๘นโลฬืสมฯ21 #
#                          0\ZigBeeอ๘ย็\WSN-CSิดย๋\ZStack-CC2530-2.5.1a\Proje #
#                          cts\zstack\Utilities\SerialApp\CC2530DB\..\..\..\. #
#                          .\..\Components\hal\include\ -I                    #
#                          F:\นโลฬืสมฯ\ETC-WSNฮ๏มชอ๘นโลฬืสมฯ210\ZigBeeอ๘ย็\WS #
#                          N-CSิดย๋\ZStack-CC2530-2.5.1a\Projects\zstack\Util #
#                          ities\SerialApp\CC2530DB\..\..\..\..\..\Components #
#                          \hal\target\CC2530EB\ -I                           #
#                          F:\นโลฬืสมฯ\ETC-WSNฮ๏มชอ๘นโลฬืสมฯ210\ZigBeeอ๘ย็\WS #
#                          N-CSิดย๋\ZStack-CC2530-2.5.1a\Projects\zstack\Util #
#                          ities\SerialApp\CC2530DB\..\..\..\..\..\Components #
#                          \mac\include\ -I F:\นโลฬืสมฯ\ETC-WSNฮ๏มชอ๘นโลฬืสมฯ #
#                          210\ZigBeeอ๘ย็\WSN-CSิดย๋\ZStack-CC2530-2.5.1a\Pro #
#                          jects\zstack\Utilities\SerialApp\CC2530DB\..\..\.. #
#                          \..\..\Components\mac\high_level\ -I               #
#                          F:\นโลฬืสมฯ\ETC-WSNฮ๏มชอ๘นโลฬืสมฯ210\ZigBeeอ๘ย็\WS #
#                          N-CSิดย๋\ZStack-CC2530-2.5.1a\Projects\zstack\Util #
#                          ities\SerialApp\CC2530DB\..\..\..\..\..\Components #
#                          \mac\low_level\srf04\ -I                           #
#                          F:\นโลฬืสมฯ\ETC-WSNฮ๏มชอ๘นโลฬืสมฯ210\ZigBeeอ๘ย็\WS #
#                          N-CSิดย๋\ZStack-CC2530-2.5.1a\Projects\zstack\Util #
#                          ities\SerialApp\CC2530DB\..\..\..\..\..\Components #
#                          \mac\low_level\srf04\single_chip\ -I               #
#                          F:\นโลฬืสมฯ\ETC-WSNฮ๏มชอ๘นโลฬืสมฯ210\ZigBeeอ๘ย็\WS #
#                          N-CSิดย๋\ZStack-CC2530-2.5.1a\Projects\zstack\Util #
#                          ities\SerialApp\CC2530DB\..\..\..\..\..\Components #
#                          \mt\ -I F:\นโลฬืสมฯ\ETC-WSNฮ๏มชอ๘นโลฬืสมฯ210\ZigBe #
#                          eอ๘ย็\WSN-CSิดย๋\ZStack-CC2530-2.5.1a\Projects\zst #
#                          ack\Utilities\SerialApp\CC2530DB\..\..\..\..\..\Co #
#                          mponents\osal\include\ -I                          #
#                          F:\นโลฬืสมฯ\ETC-WSNฮ๏มชอ๘นโลฬืสมฯ210\ZigBeeอ๘ย็\WS #
#                          N-CSิดย๋\ZStack-CC2530-2.5.1a\Projects\zstack\Util #
#                          ities\SerialApp\CC2530DB\..\..\..\..\..\Components #
#                          \services\saddr\ -I F:\นโลฬืสมฯ\ETC-WSNฮ๏มชอ๘นโลฬื #
#                          สมฯ210\ZigBeeอ๘ย็\WSN-CSิดย๋\ZStack-CC2530-2.5.1a\ #
#                          Projects\zstack\Utilities\SerialApp\CC2530DB\..\.. #
#                          \..\..\..\Components\services\sdata\ -I            #
#                          F:\นโลฬืสมฯ\ETC-WSNฮ๏มชอ๘นโลฬืสมฯ210\ZigBeeอ๘ย็\WS #
#                          N-CSิดย๋\ZStack-CC2530-2.5.1a\Projects\zstack\Util #
#                          ities\SerialApp\CC2530DB\..\..\..\..\..\Components #
#                          \stack\af\ -I F:\นโลฬืสมฯ\ETC-WSNฮ๏มชอ๘นโลฬืสมฯ210 #
#                          \ZigBeeอ๘ย็\WSN-CSิดย๋\ZStack-CC2530-2.5.1a\Projec #
#                          ts\zstack\Utilities\SerialApp\CC2530DB\..\..\..\.. #
#                          \..\Components\stack\nwk\ -I                       #
#                          F:\นโลฬืสมฯ\ETC-WSNฮ๏มชอ๘นโลฬืสมฯ210\ZigBeeอ๘ย็\WS #
#                          N-CSิดย๋\ZStack-CC2530-2.5.1a\Projects\zstack\Util #
#                          ities\SerialApp\CC2530DB\..\..\..\..\..\Components #
#                          \stack\sapi\ -I F:\นโลฬืสมฯ\ETC-WSNฮ๏มชอ๘นโลฬืสมฯ2 #
#                          10\ZigBeeอ๘ย็\WSN-CSิดย๋\ZStack-CC2530-2.5.1a\Proj #
#                          ects\zstack\Utilities\SerialApp\CC2530DB\..\..\..\ #
#                          ..\..\Components\stack\sec\ -I                     #
#                          F:\นโลฬืสมฯ\ETC-WSNฮ๏มชอ๘นโลฬืสมฯ210\ZigBeeอ๘ย็\WS #
#                          N-CSิดย๋\ZStack-CC2530-2.5.1a\Projects\zstack\Util #
#                          ities\SerialApp\CC2530DB\..\..\..\..\..\Components #
#                          \stack\sys\ -I F:\นโลฬืสมฯ\ETC-WSNฮ๏มชอ๘นโลฬืสมฯ21 #
#                          0\ZigBeeอ๘ย็\WSN-CSิดย๋\ZStack-CC2530-2.5.1a\Proje #
#                          cts\zstack\Utilities\SerialApp\CC2530DB\..\..\..\. #
#                          .\..\Components\stack\zdo\ -I                      #
#                          F:\นโลฬืสมฯ\ETC-WSNฮ๏มชอ๘นโลฬืสมฯ210\ZigBeeอ๘ย็\WS #
#                          N-CSิดย๋\ZStack-CC2530-2.5.1a\Projects\zstack\Util #
#                          ities\SerialApp\CC2530DB\..\..\..\..\..\Components #
#                          \zmac\ -I F:\นโลฬืสมฯ\ETC-WSNฮ๏มชอ๘นโลฬืสมฯ210\Zig #
#                          Beeอ๘ย็\WSN-CSิดย๋\ZStack-CC2530-2.5.1a\Projects\z #
#                          stack\Utilities\SerialApp\CC2530DB\..\..\..\..\..\ #
#                          Components\zmac\f8w\ -Ohz --require_prototypes     #
#    List file          =  F:\นโลฬืสมฯ\ETC-WSNฮ๏มชอ๘นโลฬืสมฯ210\ZigBeeอ๘ย็\WS #
#                          N-CSิดย๋\ZStack-CC2530-2.5.1a\Projects\zstack\Util #
#                          ities\SerialApp\CC2530DB\CoordinatorEB\List\GUIPol #
#                          yR.lst                                             #
#    Object file        =  F:\นโลฬืสมฯ\ETC-WSNฮ๏มชอ๘นโลฬืสมฯ210\ZigBeeอ๘ย็\WS #
#                          N-CSิดย๋\ZStack-CC2530-2.5.1a\Projects\zstack\Util #
#                          ities\SerialApp\CC2530DB\CoordinatorEB\Obj\GUIPoly #
#                          R.r51                                              #
#                                                                             #
#                                                                             #
###############################################################################

F:\นโลฬืสมฯ\ETC-WSNฮ๏มชอ๘นโลฬืสมฯ210\ZigBeeอ๘ย็\WSN-CSิดย๋\ZStack-CC2530-2.5.1a\Components\uCGUI\Core\GUIPolyR.c
      1          /*
      2          *********************************************************************************************************
      3          *                                                uC/GUI
      4          *                        Universal graphic software for embedded applications
      5          *
      6          *                       (c) Copyright 2002, Micrium Inc., Weston, FL
      7          *                       (c) Copyright 2002, SEGGER Microcontroller Systeme GmbH
      8          *
      9          *              ตC/GUI is protected by international copyright laws. Knowledge of the
     10          *              source code may not be used to write a similar product. This file may
     11          *              only be used in accordance with a license and should not be redistributed
     12          *              in any way. We appreciate your understanding and fairness.
     13          *
     14          ----------------------------------------------------------------------
     15          File        : GUIPolyR.c
     16          Purpose     : Polygon rotation
     17          ----------------------------------------------------------------------
     18          */
     19          
     20          #include <math.h>
     21          #include "GUI.h"
     22          
     23          /*********************************************************************
     24          *
     25          *       Public code
     26          *
     27          **********************************************************************
     28          */
     29          /*********************************************************************
     30          *
     31          *       GUI_RotatePolygon
     32          */

   \                                 In  segment BANKED_CODE, align 1, keep-with-next
     33          void GUI_RotatePolygon(GUI_POINT* pDest, const GUI_POINT* pSrc, int NumPoints, float Angle) {
   \                     GUI_RotatePolygon:
   \   000000   74E8         MOV     A,#-0x18
   \   000002   12....       LCALL   ?BANKED_ENTER_XDATA
   \   000005                ; Saved register size: 24
   \   000005                ; Auto size: 8
   \   000005   74F8         MOV     A,#-0x8
   \   000007   12....       LCALL   ?ALLOC_XSTACK8
   \   00000A   7402         MOV     A,#0x2
   \   00000C   12....       LCALL   ?XSTACK_DISP0_8
   \   00000F   EA           MOV     A,R2
   \   000010   F0           MOVX    @DPTR,A
   \   000011   A3           INC     DPTR
   \   000012   EB           MOV     A,R3
   \   000013   F0           MOVX    @DPTR,A
   \   000014   85..82       MOV     DPL,?XSP + 0
   \   000017   85..83       MOV     DPH,?XSP + 1
   \   00001A   EC           MOV     A,R4
   \   00001B   F0           MOVX    @DPTR,A
   \   00001C   A3           INC     DPTR
   \   00001D   ED           MOV     A,R5
   \   00001E   F0           MOVX    @DPTR,A
   \   00001F   7422         MOV     A,#0x22
   \   000021   12....       LCALL   ?XSTACK_DISP0_8
   \   000024   78..         MOV     R0,#?V0 + 0
   \   000026   12....       LCALL   ?L_MOV_X
     34            int j;
     35            float fcos = cos(Angle);
   \   000029                ; Setup parameters for call to function cos
   \   000029   AA..         MOV     R2,?V0 + 0
   \   00002B   AB..         MOV     R3,?V0 + 1
   \   00002D   AC..         MOV     R4,?V0 + 2
   \   00002F   AD..         MOV     R5,?V0 + 3
   \   000031   12....       LCALL   ??cos?relay
   \   000034   7404         MOV     A,#0x4
   \   000036   12....       LCALL   ?XSTACK_DISP0_8
   \   000039   12....       LCALL   ?XSTORE_R2345
     36            float fsin = sin(Angle);
   \   00003C                ; Setup parameters for call to function sin
   \   00003C   AA..         MOV     R2,?V0 + 0
   \   00003E   AB..         MOV     R3,?V0 + 1
   \   000040   AC..         MOV     R4,?V0 + 2
   \   000042   AD..         MOV     R5,?V0 + 3
   \   000044   12....       LCALL   ??sin?relay
   \   000047   8A..         MOV     ?V0 + 4,R2
   \   000049   8B..         MOV     ?V0 + 5,R3
   \   00004B   8C..         MOV     ?V0 + 6,R4
   \   00004D   8D..         MOV     ?V0 + 7,R5
     37            for (j=0; j<NumPoints; j++) {
   \   00004F   7C00         MOV     R4,#0x0
   \   000051   7D00         MOV     R5,#0x0
   \   000053   02....       LJMP    ??GUI_RotatePolygon_0 & 0xFFFF
     38              int x = (pSrc+j)->x;
   \                     ??GUI_RotatePolygon_1:
   \   000056   8C..         MOV     ?V0 + 0,R4
   \   000058   8D..         MOV     ?V0 + 1,R5
   \   00005A   7402         MOV     A,#0x2
   \   00005C   78..         MOV     R0,#?V0 + 0
   \   00005E   12....       LCALL   ?S_SHL
   \   000061   AE..         MOV     R6,?V0 + 0
   \   000063   AF..         MOV     R7,?V0 + 1
   \   000065   85..82       MOV     DPL,?XSP + 0
   \   000068   85..83       MOV     DPH,?XSP + 1
   \   00006B   E0           MOVX    A,@DPTR
   \   00006C   2E           ADD     A,R6
   \   00006D   F8           MOV     R0,A
   \   00006E   A3           INC     DPTR
   \   00006F   E0           MOVX    A,@DPTR
   \   000070   3F           ADDC    A,R7
   \   000071   F9           MOV     R1,A
   \   000072   8882         MOV     DPL,R0
   \   000074   8983         MOV     DPH,R1
   \   000076   E0           MOVX    A,@DPTR
   \   000077   FA           MOV     R2,A
   \   000078   A3           INC     DPTR
   \   000079   E0           MOVX    A,@DPTR
   \   00007A   FB           MOV     R3,A
     39              int y = (pSrc+j)->y;
   \   00007B   8882         MOV     DPL,R0
   \   00007D   8983         MOV     DPH,R1
   \   00007F   A3           INC     DPTR
   \   000080   A3           INC     DPTR
   \   000081   E0           MOVX    A,@DPTR
   \   000082   F5..         MOV     ?V0 + 8,A
   \   000084   A3           INC     DPTR
   \   000085   E0           MOVX    A,@DPTR
   \   000086   F5..         MOV     ?V0 + 9,A
     40              (pDest+j)->x =  (int)(x * fcos + y * fsin);
   \   000088   7402         MOV     A,#0x2
   \   00008A   12....       LCALL   ?XSTACK_DISP0_8
   \   00008D   E0           MOVX    A,@DPTR
   \   00008E   2E           ADD     A,R6
   \   00008F   FE           MOV     R6,A
   \   000090   A3           INC     DPTR
   \   000091   E0           MOVX    A,@DPTR
   \   000092   3F           ADDC    A,R7
   \   000093   FF           MOV     R7,A
   \   000094   E5..         MOV     A,?V0 + 9
   \   000096   33           RLC     A
   \   000097   95E0         SUBB    A,0xE0 /* A   */
   \   000099   F5..         MOV     ?V0 + 10,A
   \   00009B   F5..         MOV     ?V0 + 11,A
   \   00009D   78..         MOV     R0,#?V0 + 8
   \   00009F   12....       LCALL   ?L_TO_FLT
   \   0000A2   8A..         MOV     ?V0 + 12,R2
   \   0000A4   EB           MOV     A,R3
   \   0000A5   F5..         MOV     ?V0 + 13,A
   \   0000A7   33           RLC     A
   \   0000A8   95E0         SUBB    A,0xE0 /* A   */
   \   0000AA   F5..         MOV     ?V0 + 14,A
   \   0000AC   F5..         MOV     ?V0 + 15,A
   \   0000AE   78..         MOV     R0,#?V0 + 12
   \   0000B0   12....       LCALL   ?L_TO_FLT
   \   0000B3   7404         MOV     A,#0x4
   \   0000B5   12....       LCALL   ?XSTACK_DISP0_8
   \   0000B8   78..         MOV     R0,#?V0 + 0
   \   0000BA   12....       LCALL   ?L_MOV_X
   \   0000BD   78..         MOV     R0,#?V0 + 12
   \   0000BF   79..         MOV     R1,#?V0 + 0
   \   0000C1   12....       LCALL   ?FLT_MUL
   \   0000C4   85....       MOV     ?V0 + 0,?V0 + 8
   \   0000C7   85....       MOV     ?V0 + 1,?V0 + 9
   \   0000CA   85....       MOV     ?V0 + 2,?V0 + 10
   \   0000CD   85....       MOV     ?V0 + 3,?V0 + 11
   \   0000D0   78..         MOV     R0,#?V0 + 0
   \   0000D2   79..         MOV     R1,#?V0 + 4
   \   0000D4   12....       LCALL   ?FLT_MUL
   \   0000D7   78..         MOV     R0,#?V0 + 12
   \   0000D9   79..         MOV     R1,#?V0 + 0
   \   0000DB   12....       LCALL   ?FLT_ADD
   \   0000DE   78..         MOV     R0,#?V0 + 12
   \   0000E0   12....       LCALL   ?FLT_TO_L
   \   0000E3   8E82         MOV     DPL,R6
   \   0000E5   8F83         MOV     DPH,R7
   \   0000E7   E5..         MOV     A,?V0 + 12
   \   0000E9   F0           MOVX    @DPTR,A
   \   0000EA   A3           INC     DPTR
   \   0000EB   E5..         MOV     A,?V0 + 13
   \   0000ED   F0           MOVX    @DPTR,A
     41              (pDest+j)->y =  (int)(-x * fsin + y * fcos);
   \   0000EE   C3           CLR     C
   \   0000EF   E4           CLR     A
   \   0000F0   9A           SUBB    A,R2
   \   0000F1   F5..         MOV     ?V0 + 0,A
   \   0000F3   E4           CLR     A
   \   0000F4   9B           SUBB    A,R3
   \   0000F5   F5..         MOV     ?V0 + 1,A
   \   0000F7   33           RLC     A
   \   0000F8   95E0         SUBB    A,0xE0 /* A   */
   \   0000FA   F5..         MOV     ?V0 + 2,A
   \   0000FC   F5..         MOV     ?V0 + 3,A
   \   0000FE   78..         MOV     R0,#?V0 + 0
   \   000100   12....       LCALL   ?L_TO_FLT
   \   000103   78..         MOV     R0,#?V0 + 0
   \   000105   79..         MOV     R1,#?V0 + 4
   \   000107   12....       LCALL   ?FLT_MUL
   \   00010A   7404         MOV     A,#0x4
   \   00010C   12....       LCALL   ?XSTACK_DISP0_8
   \   00010F   78..         MOV     R0,#?V0 + 12
   \   000111   12....       LCALL   ?L_MOV_X
   \   000114   78..         MOV     R0,#?V0 + 8
   \   000116   79..         MOV     R1,#?V0 + 12
   \   000118   12....       LCALL   ?FLT_MUL
   \   00011B   78..         MOV     R0,#?V0 + 0
   \   00011D   79..         MOV     R1,#?V0 + 8
   \   00011F   12....       LCALL   ?FLT_ADD
   \   000122   78..         MOV     R0,#?V0 + 0
   \   000124   12....       LCALL   ?FLT_TO_L
   \   000127   8E82         MOV     DPL,R6
   \   000129   8F83         MOV     DPH,R7
   \   00012B   A3           INC     DPTR
   \   00012C   A3           INC     DPTR
   \   00012D   E5..         MOV     A,?V0 + 0
   \   00012F   F0           MOVX    @DPTR,A
   \   000130   A3           INC     DPTR
   \   000131   E5..         MOV     A,?V0 + 1
   \   000133   F0           MOVX    @DPTR,A
     42            }
   \   000134   EC           MOV     A,R4
   \   000135   2401         ADD     A,#0x1
   \   000137   0C           INC     R4
   \   000138   ED           MOV     A,R5
   \   000139   3400         ADDC    A,#0x0
   \   00013B   FD           MOV     R5,A
   \                     ??GUI_RotatePolygon_0:
   \   00013C   7420         MOV     A,#0x20
   \   00013E   12....       LCALL   ?XSTACK_DISP0_8
   \   000141   E0           MOVX    A,@DPTR
   \   000142   F8           MOV     R0,A
   \   000143   A3           INC     DPTR
   \   000144   E0           MOVX    A,@DPTR
   \   000145   F9           MOV     R1,A
   \   000146   C3           CLR     C
   \   000147   EC           MOV     A,R4
   \   000148   98           SUBB    A,R0
   \   000149   ED           MOV     A,R5
   \   00014A   99           SUBB    A,R1
   \   00014B   A2D2         MOV     C,0xD0 /* PSW */.2
   \   00014D   65D0         XRL     A,PSW
   \   00014F   33           RLC     A
   \   000150   5003         JNC     $+5
   \   000152   02....       LJMP    ??GUI_RotatePolygon_1 & 0xFFFF
     43          }
   \   000155   7408         MOV     A,#0x8
   \   000157   12....       LCALL   ?DEALLOC_XSTACK8
   \   00015A   7F10         MOV     R7,#0x10
   \   00015C   02....       LJMP    ?BANKED_LEAVE_XDATA

   \                                 In  segment BANK_RELAYS, align 1
   \                     ??GUI_RotatePolygon?relay:
   \   000000   12....       LCALL   ?BDISPATCH
   \   000003   ......       DC24    GUI_RotatePolygon
     44          
     45          /*************************** End of file ****************************/

   Maximum stack usage in bytes:

     Function          ISTACK PSTACK XSTACK
     --------          ------ ------ ------
     GUI_RotatePolygon     0      0     38
       -> cos              0      0     64
       -> sin              0      0     64


   Segment part sizes:

     Function/Label            Bytes
     --------------            -----
     GUI_RotatePolygon          351
     ??GUI_RotatePolygon?relay    6

 
 351 bytes in segment BANKED_CODE
   6 bytes in segment BANK_RELAYS
 
 357 bytes of CODE memory

Errors: none
Warnings: none
