###############################################################################
#                                                                             #
# IAR C/C++ Compiler V8.10.1.10194/W32 for 8051         14/Jun/2016  16:18:48 #
# Copyright 2004-2011 IAR Systems AB.                                         #
#                                                                             #
#    Core               =  plain                                              #
#    Code model         =  banked                                             #
#    Data model         =  large                                              #
#    Calling convention =  xdata reentrant                                    #
#    Constant location  =  data_rom                                           #
#    Dptr setup         =  1,16                                               #
#    Source file        =  F:\¹âÅÌ×ÊÁÏ\ETC-WSNÎïÁªÍø¹âÅÌ×ÊÁÏ210\ZigBeeÍøÂç\WS #
#                          N-CSÔ´Âë\ZStack-CC2530-2.5.1a\Components\uCGUI\Cor #
#                          e\GUIStream.c                                      #
#    Command line       =  -f F:\¹âÅÌ×ÊÁÏ\ETC-WSNÎïÁªÍø¹âÅÌ×ÊÁÏ210\ZigBeeÍøÂç #
#                          \WSN-CSÔ´Âë\ZStack-CC2530-2.5.1a\Projects\zstack\U #
#                          tilities\SerialApp\CC2530DB\..\..\..\Tools\CC2530D #
#                          B\f8wCoord.cfg (-DCPU32MHZ -DROOT=__near_func      #
#                          -DMAC_CFG_APP_PENDING_QUEUE=TRUE                   #
#                          -DMAC_CFG_TX_DATA_MAX=5 -DMAC_CFG_TX_MAX=8         #
#                          -DMAC_CFG_RX_MAX=5 -DZDO_COORDINATOR -DRTR_NWK)    #
#                          -f F:\¹âÅÌ×ÊÁÏ\ETC-WSNÎïÁªÍø¹âÅÌ×ÊÁÏ210\ZigBeeÍøÂç #
#                          \WSN-CSÔ´Âë\ZStack-CC2530-2.5.1a\Projects\zstack\U #
#                          tilities\SerialApp\CC2530DB\..\..\..\Tools\CC2530D #
#                          B\f8wConfig.cfg (-DZIGBEEPRO -DSECURE=0            #
#                          -DZG_SECURE_DYNAMIC=0 -DREFLECTOR                  #
#                          -DDEFAULT_CHANLIST=0x00000800                      #
#                          -DZDAPP_CONFIG_PAN_ID=0x1001                       #
#                          -DNWK_START_DELAY=100 -DEXTENDED_JOINING_RANDOM_MA #
#                          SK=0x007F -DBEACON_REQUEST_DELAY=100               #
#                          -DBEACON_REQ_DELAY_MASK=0x00FF                     #
#                          -DLINK_STATUS_JITTER_MASK=0x007F                   #
#                          -DROUTE_EXPIRY_TIME=30 -DAPSC_ACK_WAIT_DURATION_PO #
#                          LLED=3000 -DNWK_INDIRECT_MSG_TIMEOUT=7             #
#                          -DMAX_RREQ_ENTRIES=8 -DAPSC_MAX_FRAME_RETRIES=3    #
#                          -DNWK_MAX_DATA_RETRIES=2                           #
#                          -DMAX_POLL_FAILURE_RETRIES=2 -DMAX_BCAST=9         #
#                          -DAPS_MAX_GROUPS=16 -DMAX_RTG_ENTRIES=40           #
#                          -DNWK_MAX_BINDING_ENTRIES=4                        #
#                          -DMAX_BINDING_CLUSTER_IDS=4 "-DDEFAULT_KEY={0x01,  #
#                          0x03, 0x05, 0x07, 0x09, 0x0B, 0x0D, 0x0F, 0x00,    #
#                          0x02, 0x04, 0x06, 0x08, 0x0A, 0x0C, 0x0D}"         #
#                          -DMAC_MAX_FRAME_SIZE=116                           #
#                          -DZDNWKMGR_MIN_TRANSMISSIONS=20 "-DCONST=const     #
#                          __code" -DGENERIC=__generic                        #
#                          -DRFD_RCVC_ALWAYS_ON=FALSE -DPOLL_RATE=1000        #
#                          -DQUEUED_POLL_RATE=100 -DRESPONSE_POLL_RATE=100)   #
#                          -DREJOIN_POLL_RATE=440 F:\¹âÅÌ×ÊÁÏ\ETC-WSNÎïÁªÍø¹â #
#                          ÅÌ×ÊÁÏ210\ZigBeeÍøÂç\WSN-CSÔ´Âë\ZStack-CC2530-2.5. #
#                          1a\Components\uCGUI\Core\GUIStream.c -D            #
#                          HAL_UART=TRUE -D SERIAL_APP_PORT=0 -D COOR -D      #
#                          LCD_SUPPORTED -D NV_INIT -lC                       #
#                          F:\¹âÅÌ×ÊÁÏ\ETC-WSNÎïÁªÍø¹âÅÌ×ÊÁÏ210\ZigBeeÍøÂç\WS #
#                          N-CSÔ´Âë\ZStack-CC2530-2.5.1a\Projects\zstack\Util #
#                          ities\SerialApp\CC2530DB\CoordinatorEB\List\ -lA   #
#                          F:\¹âÅÌ×ÊÁÏ\ETC-WSNÎïÁªÍø¹âÅÌ×ÊÁÏ210\ZigBeeÍøÂç\WS #
#                          N-CSÔ´Âë\ZStack-CC2530-2.5.1a\Projects\zstack\Util #
#                          ities\SerialApp\CC2530DB\CoordinatorEB\List\       #
#                          --diag_suppress Pe001,Pa010 -o                     #
#                          F:\¹âÅÌ×ÊÁÏ\ETC-WSNÎïÁªÍø¹âÅÌ×ÊÁÏ210\ZigBeeÍøÂç\WS #
#                          N-CSÔ´Âë\ZStack-CC2530-2.5.1a\Projects\zstack\Util #
#                          ities\SerialApp\CC2530DB\CoordinatorEB\Obj\ -e     #
#                          --no_code_motion --debug --core=plain --dptr=16,1  #
#                          --data_model=large --code_model=banked             #
#                          --calling_convention=xdata_reentrant               #
#                          --place_constants=data_rom --nr_virtual_regs 16    #
#                          -I F:\¹âÅÌ×ÊÁÏ\ETC-WSNÎïÁªÍø¹âÅÌ×ÊÁÏ210\ZigBeeÍøÂç #
#                          \WSN-CSÔ´Âë\ZStack-CC2530-2.5.1a\Projects\zstack\U #
#                          tilities\SerialApp\CC2530DB\ -I                    #
#                          F:\¹âÅÌ×ÊÁÏ\ETC-WSNÎïÁªÍø¹âÅÌ×ÊÁÏ210\ZigBeeÍøÂç\WS #
#                          N-CSÔ´Âë\ZStack-CC2530-2.5.1a\Projects\zstack\Util #
#                          ities\SerialApp\CC2530DB\..\Public\ -I             #
#                          F:\¹âÅÌ×ÊÁÏ\ETC-WSNÎïÁªÍø¹âÅÌ×ÊÁÏ210\ZigBeeÍøÂç\WS #
#                          N-CSÔ´Âë\ZStack-CC2530-2.5.1a\Projects\zstack\Util #
#                          ities\SerialApp\CC2530DB\..\..\..\..\..\Components #
#                          \uCGUI\Core\ -I F:\¹âÅÌ×ÊÁÏ\ETC-WSNÎïÁªÍø¹âÅÌ×ÊÁÏ2 #
#                          10\ZigBeeÍøÂç\WSN-CSÔ´Âë\ZStack-CC2530-2.5.1a\Proj #
#                          ects\zstack\Utilities\SerialApp\CC2530DB\..\..\..\ #
#                          ..\..\Components\uCGUI\MultiLayer\ -I              #
#                          F:\¹âÅÌ×ÊÁÏ\ETC-WSNÎïÁªÍø¹âÅÌ×ÊÁÏ210\ZigBeeÍøÂç\WS #
#                          N-CSÔ´Âë\ZStack-CC2530-2.5.1a\Projects\zstack\Util #
#                          ities\SerialApp\CC2530DB\..\..\..\..\..\Components #
#                          \uCGUI\Config\ -I F:\¹âÅÌ×ÊÁÏ\ETC-WSNÎïÁªÍø¹âÅÌ×ÊÁ #
#                          Ï210\ZigBeeÍøÂç\WSN-CSÔ´Âë\ZStack-CC2530-2.5.1a\Pr #
#                          ojects\zstack\Utilities\SerialApp\CC2530DB\..\Coor #
#                          dinator\ -I F:\¹âÅÌ×ÊÁÏ\ETC-WSNÎïÁªÍø¹âÅÌ×ÊÁÏ210\Z #
#                          igBeeÍøÂç\WSN-CSÔ´Âë\ZStack-CC2530-2.5.1a\Projects #
#                          \zstack\Utilities\SerialApp\CC2530DB\..\..\..\ZMai #
#                          n\TI2530DB\ -I F:\¹âÅÌ×ÊÁÏ\ETC-WSNÎïÁªÍø¹âÅÌ×ÊÁÏ21 #
#                          0\ZigBeeÍøÂç\WSN-CSÔ´Âë\ZStack-CC2530-2.5.1a\Proje #
#                          cts\zstack\Utilities\SerialApp\CC2530DB\..\..\..\. #
#                          .\..\Components\hal\include\ -I                    #
#                          F:\¹âÅÌ×ÊÁÏ\ETC-WSNÎïÁªÍø¹âÅÌ×ÊÁÏ210\ZigBeeÍøÂç\WS #
#                          N-CSÔ´Âë\ZStack-CC2530-2.5.1a\Projects\zstack\Util #
#                          ities\SerialApp\CC2530DB\..\..\..\..\..\Components #
#                          \hal\target\CC2530EB\ -I                           #
#                          F:\¹âÅÌ×ÊÁÏ\ETC-WSNÎïÁªÍø¹âÅÌ×ÊÁÏ210\ZigBeeÍøÂç\WS #
#                          N-CSÔ´Âë\ZStack-CC2530-2.5.1a\Projects\zstack\Util #
#                          ities\SerialApp\CC2530DB\..\..\..\..\..\Components #
#                          \mac\include\ -I F:\¹âÅÌ×ÊÁÏ\ETC-WSNÎïÁªÍø¹âÅÌ×ÊÁÏ #
#                          210\ZigBeeÍøÂç\WSN-CSÔ´Âë\ZStack-CC2530-2.5.1a\Pro #
#                          jects\zstack\Utilities\SerialApp\CC2530DB\..\..\.. #
#                          \..\..\Components\mac\high_level\ -I               #
#                          F:\¹âÅÌ×ÊÁÏ\ETC-WSNÎïÁªÍø¹âÅÌ×ÊÁÏ210\ZigBeeÍøÂç\WS #
#                          N-CSÔ´Âë\ZStack-CC2530-2.5.1a\Projects\zstack\Util #
#                          ities\SerialApp\CC2530DB\..\..\..\..\..\Components #
#                          \mac\low_level\srf04\ -I                           #
#                          F:\¹âÅÌ×ÊÁÏ\ETC-WSNÎïÁªÍø¹âÅÌ×ÊÁÏ210\ZigBeeÍøÂç\WS #
#                          N-CSÔ´Âë\ZStack-CC2530-2.5.1a\Projects\zstack\Util #
#                          ities\SerialApp\CC2530DB\..\..\..\..\..\Components #
#                          \mac\low_level\srf04\single_chip\ -I               #
#                          F:\¹âÅÌ×ÊÁÏ\ETC-WSNÎïÁªÍø¹âÅÌ×ÊÁÏ210\ZigBeeÍøÂç\WS #
#                          N-CSÔ´Âë\ZStack-CC2530-2.5.1a\Projects\zstack\Util #
#                          ities\SerialApp\CC2530DB\..\..\..\..\..\Components #
#                          \mt\ -I F:\¹âÅÌ×ÊÁÏ\ETC-WSNÎïÁªÍø¹âÅÌ×ÊÁÏ210\ZigBe #
#                          eÍøÂç\WSN-CSÔ´Âë\ZStack-CC2530-2.5.1a\Projects\zst #
#                          ack\Utilities\SerialApp\CC2530DB\..\..\..\..\..\Co #
#                          mponents\osal\include\ -I                          #
#                          F:\¹âÅÌ×ÊÁÏ\ETC-WSNÎïÁªÍø¹âÅÌ×ÊÁÏ210\ZigBeeÍøÂç\WS #
#                          N-CSÔ´Âë\ZStack-CC2530-2.5.1a\Projects\zstack\Util #
#                          ities\SerialApp\CC2530DB\..\..\..\..\..\Components #
#                          \services\saddr\ -I F:\¹âÅÌ×ÊÁÏ\ETC-WSNÎïÁªÍø¹âÅÌ× #
#                          ÊÁÏ210\ZigBeeÍøÂç\WSN-CSÔ´Âë\ZStack-CC2530-2.5.1a\ #
#                          Projects\zstack\Utilities\SerialApp\CC2530DB\..\.. #
#                          \..\..\..\Components\services\sdata\ -I            #
#                          F:\¹âÅÌ×ÊÁÏ\ETC-WSNÎïÁªÍø¹âÅÌ×ÊÁÏ210\ZigBeeÍøÂç\WS #
#                          N-CSÔ´Âë\ZStack-CC2530-2.5.1a\Projects\zstack\Util #
#                          ities\SerialApp\CC2530DB\..\..\..\..\..\Components #
#                          \stack\af\ -I F:\¹âÅÌ×ÊÁÏ\ETC-WSNÎïÁªÍø¹âÅÌ×ÊÁÏ210 #
#                          \ZigBeeÍøÂç\WSN-CSÔ´Âë\ZStack-CC2530-2.5.1a\Projec #
#                          ts\zstack\Utilities\SerialApp\CC2530DB\..\..\..\.. #
#                          \..\Components\stack\nwk\ -I                       #
#                          F:\¹âÅÌ×ÊÁÏ\ETC-WSNÎïÁªÍø¹âÅÌ×ÊÁÏ210\ZigBeeÍøÂç\WS #
#                          N-CSÔ´Âë\ZStack-CC2530-2.5.1a\Projects\zstack\Util #
#                          ities\SerialApp\CC2530DB\..\..\..\..\..\Components #
#                          \stack\sapi\ -I F:\¹âÅÌ×ÊÁÏ\ETC-WSNÎïÁªÍø¹âÅÌ×ÊÁÏ2 #
#                          10\ZigBeeÍøÂç\WSN-CSÔ´Âë\ZStack-CC2530-2.5.1a\Proj #
#                          ects\zstack\Utilities\SerialApp\CC2530DB\..\..\..\ #
#                          ..\..\Components\stack\sec\ -I                     #
#                          F:\¹âÅÌ×ÊÁÏ\ETC-WSNÎïÁªÍø¹âÅÌ×ÊÁÏ210\ZigBeeÍøÂç\WS #
#                          N-CSÔ´Âë\ZStack-CC2530-2.5.1a\Projects\zstack\Util #
#                          ities\SerialApp\CC2530DB\..\..\..\..\..\Components #
#                          \stack\sys\ -I F:\¹âÅÌ×ÊÁÏ\ETC-WSNÎïÁªÍø¹âÅÌ×ÊÁÏ21 #
#                          0\ZigBeeÍøÂç\WSN-CSÔ´Âë\ZStack-CC2530-2.5.1a\Proje #
#                          cts\zstack\Utilities\SerialApp\CC2530DB\..\..\..\. #
#                          .\..\Components\stack\zdo\ -I                      #
#                          F:\¹âÅÌ×ÊÁÏ\ETC-WSNÎïÁªÍø¹âÅÌ×ÊÁÏ210\ZigBeeÍøÂç\WS #
#                          N-CSÔ´Âë\ZStack-CC2530-2.5.1a\Projects\zstack\Util #
#                          ities\SerialApp\CC2530DB\..\..\..\..\..\Components #
#                          \zmac\ -I F:\¹âÅÌ×ÊÁÏ\ETC-WSNÎïÁªÍø¹âÅÌ×ÊÁÏ210\Zig #
#                          BeeÍøÂç\WSN-CSÔ´Âë\ZStack-CC2530-2.5.1a\Projects\z #
#                          stack\Utilities\SerialApp\CC2530DB\..\..\..\..\..\ #
#                          Components\zmac\f8w\ -Ohz --require_prototypes     #
#    List file          =  F:\¹âÅÌ×ÊÁÏ\ETC-WSNÎïÁªÍø¹âÅÌ×ÊÁÏ210\ZigBeeÍøÂç\WS #
#                          N-CSÔ´Âë\ZStack-CC2530-2.5.1a\Projects\zstack\Util #
#                          ities\SerialApp\CC2530DB\CoordinatorEB\List\GUIStr #
#                          eam.lst                                            #
#    Object file        =  F:\¹âÅÌ×ÊÁÏ\ETC-WSNÎïÁªÍø¹âÅÌ×ÊÁÏ210\ZigBeeÍøÂç\WS #
#                          N-CSÔ´Âë\ZStack-CC2530-2.5.1a\Projects\zstack\Util #
#                          ities\SerialApp\CC2530DB\CoordinatorEB\Obj\GUIStre #
#                          am.r51                                             #
#                                                                             #
#                                                                             #
###############################################################################

F:\¹âÅÌ×ÊÁÏ\ETC-WSNÎïÁªÍø¹âÅÌ×ÊÁÏ210\ZigBeeÍøÂç\WSN-CSÔ´Âë\ZStack-CC2530-2.5.1a\Components\uCGUI\Core\GUIStream.c
      1          /*
      2          *********************************************************************************************************
      3          *                                                uC/GUI
      4          *                        Universal graphic software for embedded applications
      5          *
      6          *                       (c) Copyright 2002, Micrium Inc., Weston, FL
      7          *                       (c) Copyright 2002, SEGGER Microcontroller Systeme GmbH
      8          *
      9          *              µC/GUI is protected by international copyright laws. Knowledge of the
     10          *              source code may not be used to write a similar product. This file may
     11          *              only be used in accordance with a license and should not be redistributed
     12          *              in any way. We appreciate your understanding and fairness.
     13          *
     14          ----------------------------------------------------------------------
     15          File        : GUIStream.c
     16          Purpose     : Support for streamed bitmaps
     17          ----------------------------------------------------------------------
     18          */
     19          
     20          #include <stddef.h>           /* needed for definition of NULL */
     21          #include "GUI.h"
     22          
     23          /*********************************************************************
     24          *
     25          *       Public code
     26          *
     27          **********************************************************************
     28          */
     29          /*********************************************************************
     30          *
     31          *       GUI_DrawStreamedBitmap
     32          */

   \                                 In  segment BANKED_CODE, align 1, keep-with-next
     33          void GUI_DrawStreamedBitmap(const GUI_BITMAP_STREAM *pBitmapHeader, int x, int y) {
   \                     GUI_DrawStreamedBitmap:
   \   000000   74F4         MOV     A,#-0xc
   \   000002   12....       LCALL   ?BANKED_ENTER_XDATA
   \   000005                ; Saved register size: 12
   \   000005                ; Auto size: 19
   \   000005   74ED         MOV     A,#-0x13
   \   000007   12....       LCALL   ?ALLOC_XSTACK8
   \   00000A   EC           MOV     A,R4
   \   00000B   FE           MOV     R6,A
   \   00000C   ED           MOV     A,R5
   \   00000D   FF           MOV     R7,A
   \   00000E   741F         MOV     A,#0x1f
   \   000010   12....       LCALL   ?XSTACK_DISP0_8
   \   000013   E0           MOVX    A,@DPTR
   \   000014   F5..         MOV     ?V0 + 0,A
   \   000016   A3           INC     DPTR
   \   000017   E0           MOVX    A,@DPTR
   \   000018   F5..         MOV     ?V0 + 1,A
     34            GUI_BITMAP Bitmap = {0};
   \   00001A   7405         MOV     A,#0x5
   \   00001C   12....       LCALL   ?XSTACK_DISP0_8
   \   00001F   AC82         MOV     R4,DPL
   \   000021   AD83         MOV     R5,DPH
   \   000023   7583..       MOV     DPH,#(`?<Constant {0}>` >> 8) & 0xff
   \   000026   7582..       MOV     DPL,#`?<Constant {0}>` & 0xff
   \   000029   740E         MOV     A,#0xe
   \   00002B   12....       LCALL   ?MOVE_LONG8_XDATA_XDATA
     35            GUI_LOGPALETTE Palette;
     36            Bitmap.BitsPerPixel = pBitmapHeader->BitsPerPixel;
   \   00002E   8A82         MOV     DPL,R2
   \   000030   8B83         MOV     DPH,R3
   \   000032   A3           INC     DPTR
   \   000033   A3           INC     DPTR
   \   000034   A3           INC     DPTR
   \   000035   A3           INC     DPTR
   \   000036   A3           INC     DPTR
   \   000037   A3           INC     DPTR
   \   000038   12....       LCALL   ?Subroutine1 & 0xFFFF
   \                     ??CrossCallReturnLabel_11:
   \   00003B   740B         MOV     A,#0xb
   \   00003D   12....       LCALL   ?XSTACK_DISP0_8
   \   000040   12....       LCALL   ?Subroutine0 & 0xFFFF
     37            Bitmap.BytesPerLine = pBitmapHeader->BytesPerLine;
   \                     ??CrossCallReturnLabel_0:
   \   000043   12....       LCALL   ??Subroutine3_0 & 0xFFFF
   \                     ??CrossCallReturnLabel_10:
   \   000046   7409         MOV     A,#0x9
   \   000048   12....       LCALL   ?XSTACK_DISP0_8
   \   00004B   12....       LCALL   ?Subroutine2 & 0xFFFF
     38            Bitmap.pData        = ((const U8*)pBitmapHeader)+16+4*pBitmapHeader->NumColors;
   \                     ??CrossCallReturnLabel_2:
   \   00004E   EA           MOV     A,R2
   \   00004F   240C         ADD     A,#0xc
   \   000051   F8           MOV     R0,A
   \   000052   EB           MOV     A,R3
   \   000053   3400         ADDC    A,#0x0
   \   000055   F9           MOV     R1,A
   \   000056   E8           MOV     A,R0
   \   000057   FC           MOV     R4,A
   \   000058   E9           MOV     A,R1
   \   000059   FD           MOV     R5,A
   \   00005A   8C82         MOV     DPL,R4
   \   00005C   8D83         MOV     DPH,R5
   \   00005E   E0           MOVX    A,@DPTR
   \   00005F   F5..         MOV     ?V0 + 2,A
   \   000061   A3           INC     DPTR
   \   000062   E0           MOVX    A,@DPTR
   \   000063   F5..         MOV     ?V0 + 3,A
   \   000065   7402         MOV     A,#0x2
   \   000067   78..         MOV     R0,#?V0 + 2
   \   000069   12....       LCALL   ?S_SHL
   \   00006C   EA           MOV     A,R2
   \   00006D   25..         ADD     A,?V0 + 2
   \   00006F   F8           MOV     R0,A
   \   000070   EB           MOV     A,R3
   \   000071   35..         ADDC    A,?V0 + 3
   \   000073   F9           MOV     R1,A
   \   000074   E8           MOV     A,R0
   \   000075   2410         ADD     A,#0x10
   \   000077   F8           MOV     R0,A
   \   000078   E9           MOV     A,R1
   \   000079   3400         ADDC    A,#0x0
   \   00007B   F9           MOV     R1,A
   \   00007C   740D         MOV     A,#0xd
   \   00007E   12....       LCALL   ?XSTACK_DISP0_8
   \   000081   12....       LCALL   ?Subroutine2 & 0xFFFF
     39            Bitmap.pPal         = &Palette;
   \                     ??CrossCallReturnLabel_3:
   \   000084   85..82       MOV     DPL,?XSP + 0
   \   000087   85..83       MOV     DPH,?XSP + 1
   \   00008A   A882         MOV     R0,DPL
   \   00008C   A983         MOV     R1,DPH
   \   00008E   740F         MOV     A,#0xf
   \   000090   12....       LCALL   ?XSTACK_DISP0_8
   \   000093   12....       LCALL   ?Subroutine2 & 0xFFFF
     40            Bitmap.XSize        = pBitmapHeader->XSize;
   \                     ??CrossCallReturnLabel_4:
   \   000096   8A82         MOV     DPL,R2
   \   000098   8B83         MOV     DPH,R3
   \   00009A   12....       LCALL   ?Subroutine1 & 0xFFFF
   \                     ??CrossCallReturnLabel_12:
   \   00009D   7405         MOV     A,#0x5
   \   00009F   12....       LCALL   ?XSTACK_DISP0_8
   \   0000A2   12....       LCALL   ?Subroutine0 & 0xFFFF
     41            Bitmap.YSize        = pBitmapHeader->YSize;
   \                     ??CrossCallReturnLabel_1:
   \   0000A5   12....       LCALL   ??Subroutine4_0 & 0xFFFF
   \                     ??CrossCallReturnLabel_8:
   \   0000A8   7407         MOV     A,#0x7
   \   0000AA   12....       LCALL   ?XSTACK_DISP0_8
   \   0000AD   12....       LCALL   ?Subroutine2 & 0xFFFF
     42            Palette.HasTrans    = pBitmapHeader->HasTrans;
   \                     ??CrossCallReturnLabel_5:
   \   0000B0   EA           MOV     A,R2
   \   0000B1   240E         ADD     A,#0xe
   \   0000B3   F582         MOV     DPL,A
   \   0000B5   EB           MOV     A,R3
   \   0000B6   3400         ADDC    A,#0x0
   \   0000B8   F583         MOV     DPH,A
   \   0000BA   E0           MOVX    A,@DPTR
   \   0000BB   C0E0         PUSH    A
   \   0000BD   7402         MOV     A,#0x2
   \   0000BF   12....       LCALL   ?XSTACK_DISP0_8
   \   0000C2   D0E0         POP     A
   \   0000C4   F0           MOVX    @DPTR,A
     43            Palette.NumEntries  = pBitmapHeader->NumColors;
   \   0000C5   8C82         MOV     DPL,R4
   \   0000C7   8D83         MOV     DPH,R5
   \   0000C9   12....       LCALL   ??Subroutine4_0 & 0xFFFF
   \                     ??CrossCallReturnLabel_9:
   \   0000CC   85..82       MOV     DPL,?XSP + 0
   \   0000CF   85..83       MOV     DPH,?XSP + 1
   \   0000D2   12....       LCALL   ?Subroutine2 & 0xFFFF
     44            Palette.pPalEntries = (const LCD_COLOR*)((const U8*)pBitmapHeader+16);
   \                     ??CrossCallReturnLabel_6:
   \   0000D5   EA           MOV     A,R2
   \   0000D6   2410         ADD     A,#0x10
   \   0000D8   F8           MOV     R0,A
   \   0000D9   EB           MOV     A,R3
   \   0000DA   3400         ADDC    A,#0x0
   \   0000DC   F9           MOV     R1,A
   \   0000DD   7403         MOV     A,#0x3
   \   0000DF   12....       LCALL   ?XSTACK_DISP0_8
   \   0000E2   12....       LCALL   ?Subroutine2 & 0xFFFF
     45            GUI_DrawBitmap(&Bitmap, x, y);
   \                     ??CrossCallReturnLabel_7:
   \   0000E5                ; Setup parameters for call to function GUI_DrawBitmap
   \   0000E5   78..         MOV     R0,#?V0 + 0
   \   0000E7   12....       LCALL   ?PUSH_XSTACK_I_TWO
   \   0000EA   EE           MOV     A,R6
   \   0000EB   FC           MOV     R4,A
   \   0000EC   EF           MOV     A,R7
   \   0000ED   FD           MOV     R5,A
   \   0000EE   7407         MOV     A,#0x7
   \   0000F0   12....       LCALL   ?XSTACK_DISP0_8
   \   0000F3   AA82         MOV     R2,DPL
   \   0000F5   AB83         MOV     R3,DPH
   \   0000F7   12....       LCALL   ??GUI_DrawBitmap?relay
   \   0000FA   7402         MOV     A,#0x2
   \   0000FC   12....       LCALL   ?DEALLOC_XSTACK8
     46          }
   \   0000FF   7413         MOV     A,#0x13
   \   000101   12....       LCALL   ?DEALLOC_XSTACK8
   \   000104   7F04         MOV     R7,#0x4
   \   000106   02....       LJMP    ?BANKED_LEAVE_XDATA

   \                                 In  segment BANKED_CODE, align 1, keep-with-next
   \                     ?Subroutine2:
   \   000000   E8           MOV     A,R0
   \   000001   F0           MOVX    @DPTR,A
   \   000002   A3           INC     DPTR
   \   000003   E9           MOV     A,R1
   \   000004   F0           MOVX    @DPTR,A
   \   000005   22           RET

   \                                 In  segment BANKED_CODE, align 1, keep-with-next
   \                     ?Subroutine1:
   \   000000   A3           INC     DPTR
   \   000001   A3           INC     DPTR
   \   000002                REQUIRE ??Subroutine3_0
   \   000002                ; // Fall through to label ??Subroutine3_0

   \                                 In  segment BANKED_CODE, align 1, keep-with-next
   \                     ??Subroutine3_0:
   \   000000   A3           INC     DPTR
   \   000001   A3           INC     DPTR
   \   000002                REQUIRE ??Subroutine4_0
   \   000002                ; // Fall through to label ??Subroutine4_0

   \                                 In  segment BANKED_CODE, align 1, keep-with-next
   \                     ??Subroutine4_0:
   \   000000   E0           MOVX    A,@DPTR
   \   000001   F8           MOV     R0,A
   \   000002   A3           INC     DPTR
   \   000003   E0           MOVX    A,@DPTR
   \   000004   F9           MOV     R1,A
   \   000005   22           RET

   \                                 In  segment BANKED_CODE, align 1, keep-with-next
   \                     ?Subroutine0:
   \   000000   E8           MOV     A,R0
   \   000001   F0           MOVX    @DPTR,A
   \   000002   A3           INC     DPTR
   \   000003   E9           MOV     A,R1
   \   000004   F0           MOVX    @DPTR,A
   \   000005   8A82         MOV     DPL,R2
   \   000007   8B83         MOV     DPH,R3
   \   000009   A3           INC     DPTR
   \   00000A   A3           INC     DPTR
   \   00000B   A3           INC     DPTR
   \   00000C   A3           INC     DPTR
   \   00000D   A3           INC     DPTR
   \   00000E   A3           INC     DPTR
   \   00000F   22           RET

   \                                 In  segment BANK_RELAYS, align 1
   \                     ??GUI_DrawStreamedBitmap?relay:
   \   000000   12....       LCALL   ?BDISPATCH
   \   000003   ......       DC24    GUI_DrawStreamedBitmap

   \                                 In  segment XDATA_ROM_C, align 1
   \                     `?<Constant {0}>`:
   \   000000   0000         DW 0
   \   000002   00000000     DB 0, 0, 0, 0, 0, 0, 0, 0
   \            00000000
   \   00000A   00000000     DB 0, 0, 0, 0
     47          
     48          /*************************** End of file ****************************/

   Maximum stack usage in bytes:

     Function               ISTACK PSTACK XSTACK
     --------               ------ ------ ------
     GUI_DrawStreamedBitmap     2      0     35
       -> GUI_DrawBitmap        0      0     66


   Segment part sizes:

     Function/Label                 Bytes
     --------------                 -----
     GUI_DrawStreamedBitmap          265
     ?Subroutine2                      6
     ?Subroutine1                      2
     ??Subroutine3_0                   2
     ??Subroutine4_0                   6
     ?Subroutine0                     16
     ??GUI_DrawStreamedBitmap?relay    6
     ?<Constant {0}>                  14

 
 297 bytes in segment BANKED_CODE
   6 bytes in segment BANK_RELAYS
  14 bytes in segment XDATA_ROM_C
 
 303 bytes of CODE  memory
  14 bytes of CONST memory

Errors: none
Warnings: none
