###############################################################################
#                                                                             #
# IAR C/C++ Compiler V8.10.1.10194/W32 for 8051         14/Jun/2016  16:18:43 #
# Copyright 2004-2011 IAR Systems AB.                                         #
#                                                                             #
#    Core               =  plain                                              #
#    Code model         =  banked                                             #
#    Data model         =  large                                              #
#    Calling convention =  xdata reentrant                                    #
#    Constant location  =  data_rom                                           #
#    Dptr setup         =  1,16                                               #
#    Source file        =  F:\¹âÅÌ×ÊÁÏ\ETC-WSNÎïÁªÍø¹âÅÌ×ÊÁÏ210\ZigBeeÍøÂç\WS #
#                          N-CSÔ´Âë\ZStack-CC2530-2.5.1a\Components\uCGUI\Cor #
#                          e\LCD_Mirror.c                                     #
#    Command line       =  -f F:\¹âÅÌ×ÊÁÏ\ETC-WSNÎïÁªÍø¹âÅÌ×ÊÁÏ210\ZigBeeÍøÂç #
#                          \WSN-CSÔ´Âë\ZStack-CC2530-2.5.1a\Projects\zstack\U #
#                          tilities\SerialApp\CC2530DB\..\..\..\Tools\CC2530D #
#                          B\f8wCoord.cfg (-DCPU32MHZ -DROOT=__near_func      #
#                          -DMAC_CFG_APP_PENDING_QUEUE=TRUE                   #
#                          -DMAC_CFG_TX_DATA_MAX=5 -DMAC_CFG_TX_MAX=8         #
#                          -DMAC_CFG_RX_MAX=5 -DZDO_COORDINATOR -DRTR_NWK)    #
#                          -f F:\¹âÅÌ×ÊÁÏ\ETC-WSNÎïÁªÍø¹âÅÌ×ÊÁÏ210\ZigBeeÍøÂç #
#                          \WSN-CSÔ´Âë\ZStack-CC2530-2.5.1a\Projects\zstack\U #
#                          tilities\SerialApp\CC2530DB\..\..\..\Tools\CC2530D #
#                          B\f8wConfig.cfg (-DZIGBEEPRO -DSECURE=0            #
#                          -DZG_SECURE_DYNAMIC=0 -DREFLECTOR                  #
#                          -DDEFAULT_CHANLIST=0x00000800                      #
#                          -DZDAPP_CONFIG_PAN_ID=0x1001                       #
#                          -DNWK_START_DELAY=100 -DEXTENDED_JOINING_RANDOM_MA #
#                          SK=0x007F -DBEACON_REQUEST_DELAY=100               #
#                          -DBEACON_REQ_DELAY_MASK=0x00FF                     #
#                          -DLINK_STATUS_JITTER_MASK=0x007F                   #
#                          -DROUTE_EXPIRY_TIME=30 -DAPSC_ACK_WAIT_DURATION_PO #
#                          LLED=3000 -DNWK_INDIRECT_MSG_TIMEOUT=7             #
#                          -DMAX_RREQ_ENTRIES=8 -DAPSC_MAX_FRAME_RETRIES=3    #
#                          -DNWK_MAX_DATA_RETRIES=2                           #
#                          -DMAX_POLL_FAILURE_RETRIES=2 -DMAX_BCAST=9         #
#                          -DAPS_MAX_GROUPS=16 -DMAX_RTG_ENTRIES=40           #
#                          -DNWK_MAX_BINDING_ENTRIES=4                        #
#                          -DMAX_BINDING_CLUSTER_IDS=4 "-DDEFAULT_KEY={0x01,  #
#                          0x03, 0x05, 0x07, 0x09, 0x0B, 0x0D, 0x0F, 0x00,    #
#                          0x02, 0x04, 0x06, 0x08, 0x0A, 0x0C, 0x0D}"         #
#                          -DMAC_MAX_FRAME_SIZE=116                           #
#                          -DZDNWKMGR_MIN_TRANSMISSIONS=20 "-DCONST=const     #
#                          __code" -DGENERIC=__generic                        #
#                          -DRFD_RCVC_ALWAYS_ON=FALSE -DPOLL_RATE=1000        #
#                          -DQUEUED_POLL_RATE=100 -DRESPONSE_POLL_RATE=100)   #
#                          -DREJOIN_POLL_RATE=440 F:\¹âÅÌ×ÊÁÏ\ETC-WSNÎïÁªÍø¹â #
#                          ÅÌ×ÊÁÏ210\ZigBeeÍøÂç\WSN-CSÔ´Âë\ZStack-CC2530-2.5. #
#                          1a\Components\uCGUI\Core\LCD_Mirror.c -D           #
#                          HAL_UART=TRUE -D SERIAL_APP_PORT=0 -D COOR -D      #
#                          LCD_SUPPORTED -D NV_INIT -lC                       #
#                          F:\¹âÅÌ×ÊÁÏ\ETC-WSNÎïÁªÍø¹âÅÌ×ÊÁÏ210\ZigBeeÍøÂç\WS #
#                          N-CSÔ´Âë\ZStack-CC2530-2.5.1a\Projects\zstack\Util #
#                          ities\SerialApp\CC2530DB\CoordinatorEB\List\ -lA   #
#                          F:\¹âÅÌ×ÊÁÏ\ETC-WSNÎïÁªÍø¹âÅÌ×ÊÁÏ210\ZigBeeÍøÂç\WS #
#                          N-CSÔ´Âë\ZStack-CC2530-2.5.1a\Projects\zstack\Util #
#                          ities\SerialApp\CC2530DB\CoordinatorEB\List\       #
#                          --diag_suppress Pe001,Pa010 -o                     #
#                          F:\¹âÅÌ×ÊÁÏ\ETC-WSNÎïÁªÍø¹âÅÌ×ÊÁÏ210\ZigBeeÍøÂç\WS #
#                          N-CSÔ´Âë\ZStack-CC2530-2.5.1a\Projects\zstack\Util #
#                          ities\SerialApp\CC2530DB\CoordinatorEB\Obj\ -e     #
#                          --no_code_motion --debug --core=plain --dptr=16,1  #
#                          --data_model=large --code_model=banked             #
#                          --calling_convention=xdata_reentrant               #
#                          --place_constants=data_rom --nr_virtual_regs 16    #
#                          -I F:\¹âÅÌ×ÊÁÏ\ETC-WSNÎïÁªÍø¹âÅÌ×ÊÁÏ210\ZigBeeÍøÂç #
#                          \WSN-CSÔ´Âë\ZStack-CC2530-2.5.1a\Projects\zstack\U #
#                          tilities\SerialApp\CC2530DB\ -I                    #
#                          F:\¹âÅÌ×ÊÁÏ\ETC-WSNÎïÁªÍø¹âÅÌ×ÊÁÏ210\ZigBeeÍøÂç\WS #
#                          N-CSÔ´Âë\ZStack-CC2530-2.5.1a\Projects\zstack\Util #
#                          ities\SerialApp\CC2530DB\..\Public\ -I             #
#                          F:\¹âÅÌ×ÊÁÏ\ETC-WSNÎïÁªÍø¹âÅÌ×ÊÁÏ210\ZigBeeÍøÂç\WS #
#                          N-CSÔ´Âë\ZStack-CC2530-2.5.1a\Projects\zstack\Util #
#                          ities\SerialApp\CC2530DB\..\..\..\..\..\Components #
#                          \uCGUI\Core\ -I F:\¹âÅÌ×ÊÁÏ\ETC-WSNÎïÁªÍø¹âÅÌ×ÊÁÏ2 #
#                          10\ZigBeeÍøÂç\WSN-CSÔ´Âë\ZStack-CC2530-2.5.1a\Proj #
#                          ects\zstack\Utilities\SerialApp\CC2530DB\..\..\..\ #
#                          ..\..\Components\uCGUI\MultiLayer\ -I              #
#                          F:\¹âÅÌ×ÊÁÏ\ETC-WSNÎïÁªÍø¹âÅÌ×ÊÁÏ210\ZigBeeÍøÂç\WS #
#                          N-CSÔ´Âë\ZStack-CC2530-2.5.1a\Projects\zstack\Util #
#                          ities\SerialApp\CC2530DB\..\..\..\..\..\Components #
#                          \uCGUI\Config\ -I F:\¹âÅÌ×ÊÁÏ\ETC-WSNÎïÁªÍø¹âÅÌ×ÊÁ #
#                          Ï210\ZigBeeÍøÂç\WSN-CSÔ´Âë\ZStack-CC2530-2.5.1a\Pr #
#                          ojects\zstack\Utilities\SerialApp\CC2530DB\..\Coor #
#                          dinator\ -I F:\¹âÅÌ×ÊÁÏ\ETC-WSNÎïÁªÍø¹âÅÌ×ÊÁÏ210\Z #
#                          igBeeÍøÂç\WSN-CSÔ´Âë\ZStack-CC2530-2.5.1a\Projects #
#                          \zstack\Utilities\SerialApp\CC2530DB\..\..\..\ZMai #
#                          n\TI2530DB\ -I F:\¹âÅÌ×ÊÁÏ\ETC-WSNÎïÁªÍø¹âÅÌ×ÊÁÏ21 #
#                          0\ZigBeeÍøÂç\WSN-CSÔ´Âë\ZStack-CC2530-2.5.1a\Proje #
#                          cts\zstack\Utilities\SerialApp\CC2530DB\..\..\..\. #
#                          .\..\Components\hal\include\ -I                    #
#                          F:\¹âÅÌ×ÊÁÏ\ETC-WSNÎïÁªÍø¹âÅÌ×ÊÁÏ210\ZigBeeÍøÂç\WS #
#                          N-CSÔ´Âë\ZStack-CC2530-2.5.1a\Projects\zstack\Util #
#                          ities\SerialApp\CC2530DB\..\..\..\..\..\Components #
#                          \hal\target\CC2530EB\ -I                           #
#                          F:\¹âÅÌ×ÊÁÏ\ETC-WSNÎïÁªÍø¹âÅÌ×ÊÁÏ210\ZigBeeÍøÂç\WS #
#                          N-CSÔ´Âë\ZStack-CC2530-2.5.1a\Projects\zstack\Util #
#                          ities\SerialApp\CC2530DB\..\..\..\..\..\Components #
#                          \mac\include\ -I F:\¹âÅÌ×ÊÁÏ\ETC-WSNÎïÁªÍø¹âÅÌ×ÊÁÏ #
#                          210\ZigBeeÍøÂç\WSN-CSÔ´Âë\ZStack-CC2530-2.5.1a\Pro #
#                          jects\zstack\Utilities\SerialApp\CC2530DB\..\..\.. #
#                          \..\..\Components\mac\high_level\ -I               #
#                          F:\¹âÅÌ×ÊÁÏ\ETC-WSNÎïÁªÍø¹âÅÌ×ÊÁÏ210\ZigBeeÍøÂç\WS #
#                          N-CSÔ´Âë\ZStack-CC2530-2.5.1a\Projects\zstack\Util #
#                          ities\SerialApp\CC2530DB\..\..\..\..\..\Components #
#                          \mac\low_level\srf04\ -I                           #
#                          F:\¹âÅÌ×ÊÁÏ\ETC-WSNÎïÁªÍø¹âÅÌ×ÊÁÏ210\ZigBeeÍøÂç\WS #
#                          N-CSÔ´Âë\ZStack-CC2530-2.5.1a\Projects\zstack\Util #
#                          ities\SerialApp\CC2530DB\..\..\..\..\..\Components #
#                          \mac\low_level\srf04\single_chip\ -I               #
#                          F:\¹âÅÌ×ÊÁÏ\ETC-WSNÎïÁªÍø¹âÅÌ×ÊÁÏ210\ZigBeeÍøÂç\WS #
#                          N-CSÔ´Âë\ZStack-CC2530-2.5.1a\Projects\zstack\Util #
#                          ities\SerialApp\CC2530DB\..\..\..\..\..\Components #
#                          \mt\ -I F:\¹âÅÌ×ÊÁÏ\ETC-WSNÎïÁªÍø¹âÅÌ×ÊÁÏ210\ZigBe #
#                          eÍøÂç\WSN-CSÔ´Âë\ZStack-CC2530-2.5.1a\Projects\zst #
#                          ack\Utilities\SerialApp\CC2530DB\..\..\..\..\..\Co #
#                          mponents\osal\include\ -I                          #
#                          F:\¹âÅÌ×ÊÁÏ\ETC-WSNÎïÁªÍø¹âÅÌ×ÊÁÏ210\ZigBeeÍøÂç\WS #
#                          N-CSÔ´Âë\ZStack-CC2530-2.5.1a\Projects\zstack\Util #
#                          ities\SerialApp\CC2530DB\..\..\..\..\..\Components #
#                          \services\saddr\ -I F:\¹âÅÌ×ÊÁÏ\ETC-WSNÎïÁªÍø¹âÅÌ× #
#                          ÊÁÏ210\ZigBeeÍøÂç\WSN-CSÔ´Âë\ZStack-CC2530-2.5.1a\ #
#                          Projects\zstack\Utilities\SerialApp\CC2530DB\..\.. #
#                          \..\..\..\Components\services\sdata\ -I            #
#                          F:\¹âÅÌ×ÊÁÏ\ETC-WSNÎïÁªÍø¹âÅÌ×ÊÁÏ210\ZigBeeÍøÂç\WS #
#                          N-CSÔ´Âë\ZStack-CC2530-2.5.1a\Projects\zstack\Util #
#                          ities\SerialApp\CC2530DB\..\..\..\..\..\Components #
#                          \stack\af\ -I F:\¹âÅÌ×ÊÁÏ\ETC-WSNÎïÁªÍø¹âÅÌ×ÊÁÏ210 #
#                          \ZigBeeÍøÂç\WSN-CSÔ´Âë\ZStack-CC2530-2.5.1a\Projec #
#                          ts\zstack\Utilities\SerialApp\CC2530DB\..\..\..\.. #
#                          \..\Components\stack\nwk\ -I                       #
#                          F:\¹âÅÌ×ÊÁÏ\ETC-WSNÎïÁªÍø¹âÅÌ×ÊÁÏ210\ZigBeeÍøÂç\WS #
#                          N-CSÔ´Âë\ZStack-CC2530-2.5.1a\Projects\zstack\Util #
#                          ities\SerialApp\CC2530DB\..\..\..\..\..\Components #
#                          \stack\sapi\ -I F:\¹âÅÌ×ÊÁÏ\ETC-WSNÎïÁªÍø¹âÅÌ×ÊÁÏ2 #
#                          10\ZigBeeÍøÂç\WSN-CSÔ´Âë\ZStack-CC2530-2.5.1a\Proj #
#                          ects\zstack\Utilities\SerialApp\CC2530DB\..\..\..\ #
#                          ..\..\Components\stack\sec\ -I                     #
#                          F:\¹âÅÌ×ÊÁÏ\ETC-WSNÎïÁªÍø¹âÅÌ×ÊÁÏ210\ZigBeeÍøÂç\WS #
#                          N-CSÔ´Âë\ZStack-CC2530-2.5.1a\Projects\zstack\Util #
#                          ities\SerialApp\CC2530DB\..\..\..\..\..\Components #
#                          \stack\sys\ -I F:\¹âÅÌ×ÊÁÏ\ETC-WSNÎïÁªÍø¹âÅÌ×ÊÁÏ21 #
#                          0\ZigBeeÍøÂç\WSN-CSÔ´Âë\ZStack-CC2530-2.5.1a\Proje #
#                          cts\zstack\Utilities\SerialApp\CC2530DB\..\..\..\. #
#                          .\..\Components\stack\zdo\ -I                      #
#                          F:\¹âÅÌ×ÊÁÏ\ETC-WSNÎïÁªÍø¹âÅÌ×ÊÁÏ210\ZigBeeÍøÂç\WS #
#                          N-CSÔ´Âë\ZStack-CC2530-2.5.1a\Projects\zstack\Util #
#                          ities\SerialApp\CC2530DB\..\..\..\..\..\Components #
#                          \zmac\ -I F:\¹âÅÌ×ÊÁÏ\ETC-WSNÎïÁªÍø¹âÅÌ×ÊÁÏ210\Zig #
#                          BeeÍøÂç\WSN-CSÔ´Âë\ZStack-CC2530-2.5.1a\Projects\z #
#                          stack\Utilities\SerialApp\CC2530DB\..\..\..\..\..\ #
#                          Components\zmac\f8w\ -Ohz --require_prototypes     #
#    List file          =  F:\¹âÅÌ×ÊÁÏ\ETC-WSNÎïÁªÍø¹âÅÌ×ÊÁÏ210\ZigBeeÍøÂç\WS #
#                          N-CSÔ´Âë\ZStack-CC2530-2.5.1a\Projects\zstack\Util #
#                          ities\SerialApp\CC2530DB\CoordinatorEB\List\LCD_Mi #
#                          rror.lst                                           #
#    Object file        =  F:\¹âÅÌ×ÊÁÏ\ETC-WSNÎïÁªÍø¹âÅÌ×ÊÁÏ210\ZigBeeÍøÂç\WS #
#                          N-CSÔ´Âë\ZStack-CC2530-2.5.1a\Projects\zstack\Util #
#                          ities\SerialApp\CC2530DB\CoordinatorEB\Obj\LCD_Mir #
#                          ror.r51                                            #
#                                                                             #
#                                                                             #
###############################################################################

F:\¹âÅÌ×ÊÁÏ\ETC-WSNÎïÁªÍø¹âÅÌ×ÊÁÏ210\ZigBeeÍøÂç\WSN-CSÔ´Âë\ZStack-CC2530-2.5.1a\Components\uCGUI\Core\LCD_Mirror.c
      1          /*
      2          *********************************************************************************************************
      3          *                                                uC/GUI
      4          *                        Universal graphic software for embedded applications
      5          *
      6          *                       (c) Copyright 2002, Micrium Inc., Weston, FL
      7          *                       (c) Copyright 2002, SEGGER Microcontroller Systeme GmbH
      8          *
      9          *              µC/GUI is protected by international copyright laws. Knowledge of the
     10          *              source code may not be used to write a similar product. This file may
     11          *              only be used in accordance with a license and should not be redistributed
     12          *              in any way. We appreciate your understanding and fairness.
     13          *
     14          ----------------------------------------------------------------------
     15          File        : LCD_Mirror.c
     16          Purpose     : Data for 8 bit mirroring
     17          ---------------------------END-OF-HEADER------------------------------
     18          */
     19          
     20          #include "GUI.h"
     21          #include "LCD_Protected.h"    /* private modul definitions & config */
     22          
     23          
     24          /*********************************************************************
     25          *
     26          *       Public data
     27          *
     28          **********************************************************************
     29          */

   \                                 In  segment XDATA_ROM_C, align 1
     30          GUI_CONST_STORAGE U8 LCD_aMirror[256] = {
   \                     LCD_aMirror:
   \   000000   00           DB 0
   \   000001   80           DB 128
   \   000002   40           DB 64
   \   000003   C0           DB 192
   \   000004   20           DB 32
   \   000005   A0           DB 160
   \   000006   60           DB 96
   \   000007   E0           DB 224
   \   000008   10           DB 16
   \   000009   90           DB 144
   \   00000A   50           DB 80
   \   00000B   D0           DB 208
   \   00000C   30           DB 48
   \   00000D   B0           DB 176
   \   00000E   70           DB 112
   \   00000F   F0           DB 240
   \   000010   08           DB 8
   \   000011   88           DB 136
   \   000012   48           DB 72
   \   000013   C8           DB 200
   \   000014   28           DB 40
   \   000015   A8           DB 168
   \   000016   68           DB 104
   \   000017   E8           DB 232
   \   000018   18           DB 24
   \   000019   98           DB 152
   \   00001A   58           DB 88
   \   00001B   D8           DB 216
   \   00001C   38           DB 56
   \   00001D   B8           DB 184
   \   00001E   78           DB 120
   \   00001F   F8           DB 248
   \   000020   04           DB 4
   \   000021   84           DB 132
   \   000022   44           DB 68
   \   000023   C4           DB 196
   \   000024   24           DB 36
   \   000025   A4           DB 164
   \   000026   64           DB 100
   \   000027   E4           DB 228
   \   000028   14           DB 20
   \   000029   94           DB 148
   \   00002A   54           DB 84
   \   00002B   D4           DB 212
   \   00002C   34           DB 52
   \   00002D   B4           DB 180
   \   00002E   74           DB 116
   \   00002F   F4           DB 244
   \   000030   0C           DB 12
   \   000031   8C           DB 140
   \   000032   4C           DB 76
   \   000033   CC           DB 204
   \   000034   2C           DB 44
   \   000035   AC           DB 172
   \   000036   6C           DB 108
   \   000037   EC           DB 236
   \   000038   1C           DB 28
   \   000039   9C           DB 156
   \   00003A   5C           DB 92
   \   00003B   DC           DB 220
   \   00003C   3C           DB 60
   \   00003D   BC           DB 188
   \   00003E   7C           DB 124
   \   00003F   FC           DB 252
   \   000040   02           DB 2
   \   000041   82           DB 130
   \   000042   42           DB 66
   \   000043   C2           DB 194
   \   000044   22           DB 34
   \   000045   A2           DB 162
   \   000046   62           DB 98
   \   000047   E2           DB 226
   \   000048   12           DB 18
   \   000049   92           DB 146
   \   00004A   52           DB 82
   \   00004B   D2           DB 210
   \   00004C   32           DB 50
   \   00004D   B2           DB 178
   \   00004E   72           DB 114
   \   00004F   F2           DB 242
   \   000050   0A           DB 10
   \   000051   8A           DB 138
   \   000052   4A           DB 74
   \   000053   CA           DB 202
   \   000054   2A           DB 42
   \   000055   AA           DB 170
   \   000056   6A           DB 106
   \   000057   EA           DB 234
   \   000058   1A           DB 26
   \   000059   9A           DB 154
   \   00005A   5A           DB 90
   \   00005B   DA           DB 218
   \   00005C   3A           DB 58
   \   00005D   BA           DB 186
   \   00005E   7A           DB 122
   \   00005F   FA           DB 250
   \   000060   06           DB 6
   \   000061   86           DB 134
   \   000062   46           DB 70
   \   000063   C6           DB 198
   \   000064   26           DB 38
   \   000065   A6           DB 166
   \   000066   66           DB 102
   \   000067   E6           DB 230
   \   000068   16           DB 22
   \   000069   96           DB 150
   \   00006A   56           DB 86
   \   00006B   D6           DB 214
   \   00006C   36           DB 54
   \   00006D   B6           DB 182
   \   00006E   76           DB 118
   \   00006F   F6           DB 246
   \   000070   0E           DB 14
   \   000071   8E           DB 142
   \   000072   4E           DB 78
   \   000073   CE           DB 206
   \   000074   2E           DB 46
   \   000075   AE           DB 174
   \   000076   6E           DB 110
   \   000077   EE           DB 238
   \   000078   1E           DB 30
   \   000079   9E           DB 158
   \   00007A   5E           DB 94
   \   00007B   DE           DB 222
   \   00007C   3E           DB 62
   \   00007D   BE           DB 190
   \   00007E   7E           DB 126
   \   00007F   FE           DB 254
   \   000080   01           DB 1
   \   000081   81           DB 129
   \   000082   41           DB 65
   \   000083   C1           DB 193
   \   000084   21           DB 33
   \   000085   A1           DB 161
   \   000086   61           DB 97
   \   000087   E1           DB 225
   \   000088   11           DB 17
   \   000089   91           DB 145
   \   00008A   51           DB 81
   \   00008B   D1           DB 209
   \   00008C   31           DB 49
   \   00008D   B1           DB 177
   \   00008E   71           DB 113
   \   00008F   F1           DB 241
   \   000090   09           DB 9
   \   000091   89           DB 137
   \   000092   49           DB 73
   \   000093   C9           DB 201
   \   000094   29           DB 41
   \   000095   A9           DB 169
   \   000096   69           DB 105
   \   000097   E9           DB 233
   \   000098   19           DB 25
   \   000099   99           DB 153
   \   00009A   59           DB 89
   \   00009B   D9           DB 217
   \   00009C   39           DB 57
   \   00009D   B9           DB 185
   \   00009E   79           DB 121
   \   00009F   F9           DB 249
   \   0000A0   05           DB 5
   \   0000A1   85           DB 133
   \   0000A2   45           DB 69
   \   0000A3   C5           DB 197
   \   0000A4   25           DB 37
   \   0000A5   A5           DB 165
   \   0000A6   65           DB 101
   \   0000A7   E5           DB 229
   \   0000A8   15           DB 21
   \   0000A9   95           DB 149
   \   0000AA   55           DB 85
   \   0000AB   D5           DB 213
   \   0000AC   35           DB 53
   \   0000AD   B5           DB 181
   \   0000AE   75           DB 117
   \   0000AF   F5           DB 245
   \   0000B0   0D           DB 13
   \   0000B1   8D           DB 141
   \   0000B2   4D           DB 77
   \   0000B3   CD           DB 205
   \   0000B4   2D           DB 45
   \   0000B5   AD           DB 173
   \   0000B6   6D           DB 109
   \   0000B7   ED           DB 237
   \   0000B8   1D           DB 29
   \   0000B9   9D           DB 157
   \   0000BA   5D           DB 93
   \   0000BB   DD           DB 221
   \   0000BC   3D           DB 61
   \   0000BD   BD           DB 189
   \   0000BE   7D           DB 125
   \   0000BF   FD           DB 253
   \   0000C0   03           DB 3
   \   0000C1   83           DB 131
   \   0000C2   43           DB 67
   \   0000C3   C3           DB 195
   \   0000C4   23           DB 35
   \   0000C5   A3           DB 163
   \   0000C6   63           DB 99
   \   0000C7   E3           DB 227
   \   0000C8   13           DB 19
   \   0000C9   93           DB 147
   \   0000CA   53           DB 83
   \   0000CB   D3           DB 211
   \   0000CC   33           DB 51
   \   0000CD   B3           DB 179
   \   0000CE   73           DB 115
   \   0000CF   F3           DB 243
   \   0000D0   0B           DB 11
   \   0000D1   8B           DB 139
   \   0000D2   4B           DB 75
   \   0000D3   CB           DB 203
   \   0000D4   2B           DB 43
   \   0000D5   AB           DB 171
   \   0000D6   6B           DB 107
   \   0000D7   EB           DB 235
   \   0000D8   1B           DB 27
   \   0000D9   9B           DB 155
   \   0000DA   5B           DB 91
   \   0000DB   DB           DB 219
   \   0000DC   3B           DB 59
   \   0000DD   BB           DB 187
   \   0000DE   7B           DB 123
   \   0000DF   FB           DB 251
   \   0000E0   07           DB 7
   \   0000E1   87           DB 135
   \   0000E2   47           DB 71
   \   0000E3   C7           DB 199
   \   0000E4   27           DB 39
   \   0000E5   A7           DB 167
   \   0000E6   67           DB 103
   \   0000E7   E7           DB 231
   \   0000E8   17           DB 23
   \   0000E9   97           DB 151
   \   0000EA   57           DB 87
   \   0000EB   D7           DB 215
   \   0000EC   37           DB 55
   \   0000ED   B7           DB 183
   \   0000EE   77           DB 119
   \   0000EF   F7           DB 247
   \   0000F0   0F           DB 15
   \   0000F1   8F           DB 143
   \   0000F2   4F           DB 79
   \   0000F3   CF           DB 207
   \   0000F4   2F           DB 47
   \   0000F5   AF           DB 175
   \   0000F6   6F           DB 111
   \   0000F7   EF           DB 239
   \   0000F8   1F           DB 31
   \   0000F9   9F           DB 159
   \   0000FA   5F           DB 95
   \   0000FB   DF           DB 223
   \   0000FC   3F           DB 63
   \   0000FD   BF           DB 191
   \   0000FE   7F           DB 127
   \   0000FF   FF           DB 255
     31            ________, X_______, _X______, XX______, __X_____, X_X_____, _XX_____, XXX_____,
     32            ___X____, X__X____, _X_X____, XX_X____, __XX____, X_XX____, _XXX____, XXXX____,
     33            ____X___, X___X___, _X__X___, XX__X___, __X_X___, X_X_X___, _XX_X___, XXX_X___,
     34            ___XX___, X__XX___, _X_XX___, XX_XX___, __XXX___, X_XXX___, _XXXX___, XXXXX___,
     35            _____X__, X____X__, _X___X__, XX___X__, __X__X__, X_X__X__, _XX__X__, XXX__X__,
     36            ___X_X__, X__X_X__, _X_X_X__, XX_X_X__, __XX_X__, X_XX_X__, _XXX_X__, XXXX_X__,
     37            ____XX__, X___XX__, _X__XX__, XX__XX__, __X_XX__, X_X_XX__, _XX_XX__, XXX_XX__,
     38            ___XXX__, X__XXX__, _X_XXX__, XX_XXX__, __XXXX__, X_XXXX__, _XXXXX__, XXXXXX__,
     39            ______X_, X_____X_, _X____X_, XX____X_, __X___X_, X_X___X_, _XX___X_, XXX___X_,
     40            ___X__X_, X__X__X_, _X_X__X_, XX_X__X_, __XX__X_, X_XX__X_, _XXX__X_, XXXX__X_,
     41            ____X_X_, X___X_X_, _X__X_X_, XX__X_X_, __X_X_X_, X_X_X_X_, _XX_X_X_, XXX_X_X_,
     42            ___XX_X_, X__XX_X_, _X_XX_X_, XX_XX_X_, __XXX_X_, X_XXX_X_, _XXXX_X_, XXXXX_X_,
     43            _____XX_, X____XX_, _X___XX_, XX___XX_, __X__XX_, X_X__XX_, _XX__XX_, XXX__XX_,
     44            ___X_XX_, X__X_XX_, _X_X_XX_, XX_X_XX_, __XX_XX_, X_XX_XX_, _XXX_XX_, XXXX_XX_,
     45            ____XXX_, X___XXX_, _X__XXX_, XX__XXX_, __X_XXX_, X_X_XXX_, _XX_XXX_, XXX_XXX_,
     46            ___XXXX_, X__XXXX_, _X_XXXX_, XX_XXXX_, __XXXXX_, X_XXXXX_, _XXXXXX_, XXXXXXX_,
     47            _______X, X______X, _X_____X, XX_____X, __X____X, X_X____X, _XX____X, XXX____X,
     48            ___X___X, X__X___X, _X_X___X, XX_X___X, __XX___X, X_XX___X, _XXX___X, XXXX___X,
     49            ____X__X, X___X__X, _X__X__X, XX__X__X, __X_X__X, X_X_X__X, _XX_X__X, XXX_X__X,
     50            ___XX__X, X__XX__X, _X_XX__X, XX_XX__X, __XXX__X, X_XXX__X, _XXXX__X, XXXXX__X,
     51            _____X_X, X____X_X, _X___X_X, XX___X_X, __X__X_X, X_X__X_X, _XX__X_X, XXX__X_X,
     52            ___X_X_X, X__X_X_X, _X_X_X_X, XX_X_X_X, __XX_X_X, X_XX_X_X, _XXX_X_X, XXXX_X_X,
     53            ____XX_X, X___XX_X, _X__XX_X, XX__XX_X, __X_XX_X, X_X_XX_X, _XX_XX_X, XXX_XX_X,
     54            ___XXX_X, X__XXX_X, _X_XXX_X, XX_XXX_X, __XXXX_X, X_XXXX_X, _XXXXX_X, XXXXXX_X,
     55            ______XX, X_____XX, _X____XX, XX____XX, __X___XX, X_X___XX, _XX___XX, XXX___XX,
     56            ___X__XX, X__X__XX, _X_X__XX, XX_X__XX, __XX__XX, X_XX__XX, _XXX__XX, XXXX__XX,
     57            ____X_XX, X___X_XX, _X__X_XX, XX__X_XX, __X_X_XX, X_X_X_XX, _XX_X_XX, XXX_X_XX,
     58            ___XX_XX, X__XX_XX, _X_XX_XX, XX_XX_XX, __XXX_XX, X_XXX_XX, _XXXX_XX, XXXXX_XX,
     59            _____XXX, X____XXX, _X___XXX, XX___XXX, __X__XXX, X_X__XXX, _XX__XXX, XXX__XXX,
     60            ___X_XXX, X__X_XXX, _X_X_XXX, XX_X_XXX, __XX_XXX, X_XX_XXX, _XXX_XXX, XXXX_XXX,
     61            ____XXXX, X___XXXX, _X__XXXX, XX__XXXX, __X_XXXX, X_X_XXXX, _XX_XXXX, XXX_XXXX,
     62            ___XXXXX, X__XXXXX, _X_XXXXX, XX_XXXXX, __XXXXXX, X_XXXXXX, _XXXXXXX, XXXXXXXX
     63          };
     64          
     65          /*************************** End of file ****************************/


   Segment part sizes:

     Function/Label Bytes
     -------------- -----
     LCD_aMirror     256

 
 256 bytes in segment XDATA_ROM_C
 
 256 bytes of CONST memory

Errors: none
Warnings: none
