###############################################################################
#                                                                             #
# IAR C/C++ Compiler V8.10.1.10194/W32 for 8051         14/Jun/2016  16:18:16 #
# Copyright 2004-2011 IAR Systems AB.                                         #
#                                                                             #
#    Core               =  plain                                              #
#    Code model         =  banked                                             #
#    Data model         =  large                                              #
#    Calling convention =  xdata reentrant                                    #
#    Constant location  =  data_rom                                           #
#    Dptr setup         =  1,16                                               #
#    Source file        =  F:\¹âÅÌ×ÊÁÏ\ETC-WSNÎïÁªÍø¹âÅÌ×ÊÁÏ210\ZigBeeÍøÂç\WS #
#                          N-CSÔ´Âë\ZStack-CC2530-2.5.1a\Components\uCGUI\Cor #
#                          e\LCD_MixColors256.c                               #
#    Command line       =  -f F:\¹âÅÌ×ÊÁÏ\ETC-WSNÎïÁªÍø¹âÅÌ×ÊÁÏ210\ZigBeeÍøÂç #
#                          \WSN-CSÔ´Âë\ZStack-CC2530-2.5.1a\Projects\zstack\U #
#                          tilities\SerialApp\CC2530DB\..\..\..\Tools\CC2530D #
#                          B\f8wCoord.cfg (-DCPU32MHZ -DROOT=__near_func      #
#                          -DMAC_CFG_APP_PENDING_QUEUE=TRUE                   #
#                          -DMAC_CFG_TX_DATA_MAX=5 -DMAC_CFG_TX_MAX=8         #
#                          -DMAC_CFG_RX_MAX=5 -DZDO_COORDINATOR -DRTR_NWK)    #
#                          -f F:\¹âÅÌ×ÊÁÏ\ETC-WSNÎïÁªÍø¹âÅÌ×ÊÁÏ210\ZigBeeÍøÂç #
#                          \WSN-CSÔ´Âë\ZStack-CC2530-2.5.1a\Projects\zstack\U #
#                          tilities\SerialApp\CC2530DB\..\..\..\Tools\CC2530D #
#                          B\f8wConfig.cfg (-DZIGBEEPRO -DSECURE=0            #
#                          -DZG_SECURE_DYNAMIC=0 -DREFLECTOR                  #
#                          -DDEFAULT_CHANLIST=0x00000800                      #
#                          -DZDAPP_CONFIG_PAN_ID=0x1001                       #
#                          -DNWK_START_DELAY=100 -DEXTENDED_JOINING_RANDOM_MA #
#                          SK=0x007F -DBEACON_REQUEST_DELAY=100               #
#                          -DBEACON_REQ_DELAY_MASK=0x00FF                     #
#                          -DLINK_STATUS_JITTER_MASK=0x007F                   #
#                          -DROUTE_EXPIRY_TIME=30 -DAPSC_ACK_WAIT_DURATION_PO #
#                          LLED=3000 -DNWK_INDIRECT_MSG_TIMEOUT=7             #
#                          -DMAX_RREQ_ENTRIES=8 -DAPSC_MAX_FRAME_RETRIES=3    #
#                          -DNWK_MAX_DATA_RETRIES=2                           #
#                          -DMAX_POLL_FAILURE_RETRIES=2 -DMAX_BCAST=9         #
#                          -DAPS_MAX_GROUPS=16 -DMAX_RTG_ENTRIES=40           #
#                          -DNWK_MAX_BINDING_ENTRIES=4                        #
#                          -DMAX_BINDING_CLUSTER_IDS=4 "-DDEFAULT_KEY={0x01,  #
#                          0x03, 0x05, 0x07, 0x09, 0x0B, 0x0D, 0x0F, 0x00,    #
#                          0x02, 0x04, 0x06, 0x08, 0x0A, 0x0C, 0x0D}"         #
#                          -DMAC_MAX_FRAME_SIZE=116                           #
#                          -DZDNWKMGR_MIN_TRANSMISSIONS=20 "-DCONST=const     #
#                          __code" -DGENERIC=__generic                        #
#                          -DRFD_RCVC_ALWAYS_ON=FALSE -DPOLL_RATE=1000        #
#                          -DQUEUED_POLL_RATE=100 -DRESPONSE_POLL_RATE=100)   #
#                          -DREJOIN_POLL_RATE=440 F:\¹âÅÌ×ÊÁÏ\ETC-WSNÎïÁªÍø¹â #
#                          ÅÌ×ÊÁÏ210\ZigBeeÍøÂç\WSN-CSÔ´Âë\ZStack-CC2530-2.5. #
#                          1a\Components\uCGUI\Core\LCD_MixColors256.c -D     #
#                          HAL_UART=TRUE -D SERIAL_APP_PORT=0 -D COOR -D      #
#                          LCD_SUPPORTED -D NV_INIT -lC                       #
#                          F:\¹âÅÌ×ÊÁÏ\ETC-WSNÎïÁªÍø¹âÅÌ×ÊÁÏ210\ZigBeeÍøÂç\WS #
#                          N-CSÔ´Âë\ZStack-CC2530-2.5.1a\Projects\zstack\Util #
#                          ities\SerialApp\CC2530DB\CoordinatorEB\List\ -lA   #
#                          F:\¹âÅÌ×ÊÁÏ\ETC-WSNÎïÁªÍø¹âÅÌ×ÊÁÏ210\ZigBeeÍøÂç\WS #
#                          N-CSÔ´Âë\ZStack-CC2530-2.5.1a\Projects\zstack\Util #
#                          ities\SerialApp\CC2530DB\CoordinatorEB\List\       #
#                          --diag_suppress Pe001,Pa010 -o                     #
#                          F:\¹âÅÌ×ÊÁÏ\ETC-WSNÎïÁªÍø¹âÅÌ×ÊÁÏ210\ZigBeeÍøÂç\WS #
#                          N-CSÔ´Âë\ZStack-CC2530-2.5.1a\Projects\zstack\Util #
#                          ities\SerialApp\CC2530DB\CoordinatorEB\Obj\ -e     #
#                          --no_code_motion --debug --core=plain --dptr=16,1  #
#                          --data_model=large --code_model=banked             #
#                          --calling_convention=xdata_reentrant               #
#                          --place_constants=data_rom --nr_virtual_regs 16    #
#                          -I F:\¹âÅÌ×ÊÁÏ\ETC-WSNÎïÁªÍø¹âÅÌ×ÊÁÏ210\ZigBeeÍøÂç #
#                          \WSN-CSÔ´Âë\ZStack-CC2530-2.5.1a\Projects\zstack\U #
#                          tilities\SerialApp\CC2530DB\ -I                    #
#                          F:\¹âÅÌ×ÊÁÏ\ETC-WSNÎïÁªÍø¹âÅÌ×ÊÁÏ210\ZigBeeÍøÂç\WS #
#                          N-CSÔ´Âë\ZStack-CC2530-2.5.1a\Projects\zstack\Util #
#                          ities\SerialApp\CC2530DB\..\Public\ -I             #
#                          F:\¹âÅÌ×ÊÁÏ\ETC-WSNÎïÁªÍø¹âÅÌ×ÊÁÏ210\ZigBeeÍøÂç\WS #
#                          N-CSÔ´Âë\ZStack-CC2530-2.5.1a\Projects\zstack\Util #
#                          ities\SerialApp\CC2530DB\..\..\..\..\..\Components #
#                          \uCGUI\Core\ -I F:\¹âÅÌ×ÊÁÏ\ETC-WSNÎïÁªÍø¹âÅÌ×ÊÁÏ2 #
#                          10\ZigBeeÍøÂç\WSN-CSÔ´Âë\ZStack-CC2530-2.5.1a\Proj #
#                          ects\zstack\Utilities\SerialApp\CC2530DB\..\..\..\ #
#                          ..\..\Components\uCGUI\MultiLayer\ -I              #
#                          F:\¹âÅÌ×ÊÁÏ\ETC-WSNÎïÁªÍø¹âÅÌ×ÊÁÏ210\ZigBeeÍøÂç\WS #
#                          N-CSÔ´Âë\ZStack-CC2530-2.5.1a\Projects\zstack\Util #
#                          ities\SerialApp\CC2530DB\..\..\..\..\..\Components #
#                          \uCGUI\Config\ -I F:\¹âÅÌ×ÊÁÏ\ETC-WSNÎïÁªÍø¹âÅÌ×ÊÁ #
#                          Ï210\ZigBeeÍøÂç\WSN-CSÔ´Âë\ZStack-CC2530-2.5.1a\Pr #
#                          ojects\zstack\Utilities\SerialApp\CC2530DB\..\Coor #
#                          dinator\ -I F:\¹âÅÌ×ÊÁÏ\ETC-WSNÎïÁªÍø¹âÅÌ×ÊÁÏ210\Z #
#                          igBeeÍøÂç\WSN-CSÔ´Âë\ZStack-CC2530-2.5.1a\Projects #
#                          \zstack\Utilities\SerialApp\CC2530DB\..\..\..\ZMai #
#                          n\TI2530DB\ -I F:\¹âÅÌ×ÊÁÏ\ETC-WSNÎïÁªÍø¹âÅÌ×ÊÁÏ21 #
#                          0\ZigBeeÍøÂç\WSN-CSÔ´Âë\ZStack-CC2530-2.5.1a\Proje #
#                          cts\zstack\Utilities\SerialApp\CC2530DB\..\..\..\. #
#                          .\..\Components\hal\include\ -I                    #
#                          F:\¹âÅÌ×ÊÁÏ\ETC-WSNÎïÁªÍø¹âÅÌ×ÊÁÏ210\ZigBeeÍøÂç\WS #
#                          N-CSÔ´Âë\ZStack-CC2530-2.5.1a\Projects\zstack\Util #
#                          ities\SerialApp\CC2530DB\..\..\..\..\..\Components #
#                          \hal\target\CC2530EB\ -I                           #
#                          F:\¹âÅÌ×ÊÁÏ\ETC-WSNÎïÁªÍø¹âÅÌ×ÊÁÏ210\ZigBeeÍøÂç\WS #
#                          N-CSÔ´Âë\ZStack-CC2530-2.5.1a\Projects\zstack\Util #
#                          ities\SerialApp\CC2530DB\..\..\..\..\..\Components #
#                          \mac\include\ -I F:\¹âÅÌ×ÊÁÏ\ETC-WSNÎïÁªÍø¹âÅÌ×ÊÁÏ #
#                          210\ZigBeeÍøÂç\WSN-CSÔ´Âë\ZStack-CC2530-2.5.1a\Pro #
#                          jects\zstack\Utilities\SerialApp\CC2530DB\..\..\.. #
#                          \..\..\Components\mac\high_level\ -I               #
#                          F:\¹âÅÌ×ÊÁÏ\ETC-WSNÎïÁªÍø¹âÅÌ×ÊÁÏ210\ZigBeeÍøÂç\WS #
#                          N-CSÔ´Âë\ZStack-CC2530-2.5.1a\Projects\zstack\Util #
#                          ities\SerialApp\CC2530DB\..\..\..\..\..\Components #
#                          \mac\low_level\srf04\ -I                           #
#                          F:\¹âÅÌ×ÊÁÏ\ETC-WSNÎïÁªÍø¹âÅÌ×ÊÁÏ210\ZigBeeÍøÂç\WS #
#                          N-CSÔ´Âë\ZStack-CC2530-2.5.1a\Projects\zstack\Util #
#                          ities\SerialApp\CC2530DB\..\..\..\..\..\Components #
#                          \mac\low_level\srf04\single_chip\ -I               #
#                          F:\¹âÅÌ×ÊÁÏ\ETC-WSNÎïÁªÍø¹âÅÌ×ÊÁÏ210\ZigBeeÍøÂç\WS #
#                          N-CSÔ´Âë\ZStack-CC2530-2.5.1a\Projects\zstack\Util #
#                          ities\SerialApp\CC2530DB\..\..\..\..\..\Components #
#                          \mt\ -I F:\¹âÅÌ×ÊÁÏ\ETC-WSNÎïÁªÍø¹âÅÌ×ÊÁÏ210\ZigBe #
#                          eÍøÂç\WSN-CSÔ´Âë\ZStack-CC2530-2.5.1a\Projects\zst #
#                          ack\Utilities\SerialApp\CC2530DB\..\..\..\..\..\Co #
#                          mponents\osal\include\ -I                          #
#                          F:\¹âÅÌ×ÊÁÏ\ETC-WSNÎïÁªÍø¹âÅÌ×ÊÁÏ210\ZigBeeÍøÂç\WS #
#                          N-CSÔ´Âë\ZStack-CC2530-2.5.1a\Projects\zstack\Util #
#                          ities\SerialApp\CC2530DB\..\..\..\..\..\Components #
#                          \services\saddr\ -I F:\¹âÅÌ×ÊÁÏ\ETC-WSNÎïÁªÍø¹âÅÌ× #
#                          ÊÁÏ210\ZigBeeÍøÂç\WSN-CSÔ´Âë\ZStack-CC2530-2.5.1a\ #
#                          Projects\zstack\Utilities\SerialApp\CC2530DB\..\.. #
#                          \..\..\..\Components\services\sdata\ -I            #
#                          F:\¹âÅÌ×ÊÁÏ\ETC-WSNÎïÁªÍø¹âÅÌ×ÊÁÏ210\ZigBeeÍøÂç\WS #
#                          N-CSÔ´Âë\ZStack-CC2530-2.5.1a\Projects\zstack\Util #
#                          ities\SerialApp\CC2530DB\..\..\..\..\..\Components #
#                          \stack\af\ -I F:\¹âÅÌ×ÊÁÏ\ETC-WSNÎïÁªÍø¹âÅÌ×ÊÁÏ210 #
#                          \ZigBeeÍøÂç\WSN-CSÔ´Âë\ZStack-CC2530-2.5.1a\Projec #
#                          ts\zstack\Utilities\SerialApp\CC2530DB\..\..\..\.. #
#                          \..\Components\stack\nwk\ -I                       #
#                          F:\¹âÅÌ×ÊÁÏ\ETC-WSNÎïÁªÍø¹âÅÌ×ÊÁÏ210\ZigBeeÍøÂç\WS #
#                          N-CSÔ´Âë\ZStack-CC2530-2.5.1a\Projects\zstack\Util #
#                          ities\SerialApp\CC2530DB\..\..\..\..\..\Components #
#                          \stack\sapi\ -I F:\¹âÅÌ×ÊÁÏ\ETC-WSNÎïÁªÍø¹âÅÌ×ÊÁÏ2 #
#                          10\ZigBeeÍøÂç\WSN-CSÔ´Âë\ZStack-CC2530-2.5.1a\Proj #
#                          ects\zstack\Utilities\SerialApp\CC2530DB\..\..\..\ #
#                          ..\..\Components\stack\sec\ -I                     #
#                          F:\¹âÅÌ×ÊÁÏ\ETC-WSNÎïÁªÍø¹âÅÌ×ÊÁÏ210\ZigBeeÍøÂç\WS #
#                          N-CSÔ´Âë\ZStack-CC2530-2.5.1a\Projects\zstack\Util #
#                          ities\SerialApp\CC2530DB\..\..\..\..\..\Components #
#                          \stack\sys\ -I F:\¹âÅÌ×ÊÁÏ\ETC-WSNÎïÁªÍø¹âÅÌ×ÊÁÏ21 #
#                          0\ZigBeeÍøÂç\WSN-CSÔ´Âë\ZStack-CC2530-2.5.1a\Proje #
#                          cts\zstack\Utilities\SerialApp\CC2530DB\..\..\..\. #
#                          .\..\Components\stack\zdo\ -I                      #
#                          F:\¹âÅÌ×ÊÁÏ\ETC-WSNÎïÁªÍø¹âÅÌ×ÊÁÏ210\ZigBeeÍøÂç\WS #
#                          N-CSÔ´Âë\ZStack-CC2530-2.5.1a\Projects\zstack\Util #
#                          ities\SerialApp\CC2530DB\..\..\..\..\..\Components #
#                          \zmac\ -I F:\¹âÅÌ×ÊÁÏ\ETC-WSNÎïÁªÍø¹âÅÌ×ÊÁÏ210\Zig #
#                          BeeÍøÂç\WSN-CSÔ´Âë\ZStack-CC2530-2.5.1a\Projects\z #
#                          stack\Utilities\SerialApp\CC2530DB\..\..\..\..\..\ #
#                          Components\zmac\f8w\ -Ohz --require_prototypes     #
#    List file          =  F:\¹âÅÌ×ÊÁÏ\ETC-WSNÎïÁªÍø¹âÅÌ×ÊÁÏ210\ZigBeeÍøÂç\WS #
#                          N-CSÔ´Âë\ZStack-CC2530-2.5.1a\Projects\zstack\Util #
#                          ities\SerialApp\CC2530DB\CoordinatorEB\List\LCD_Mi #
#                          xColors256.lst                                     #
#    Object file        =  F:\¹âÅÌ×ÊÁÏ\ETC-WSNÎïÁªÍø¹âÅÌ×ÊÁÏ210\ZigBeeÍøÂç\WS #
#                          N-CSÔ´Âë\ZStack-CC2530-2.5.1a\Projects\zstack\Util #
#                          ities\SerialApp\CC2530DB\CoordinatorEB\Obj\LCD_Mix #
#                          Colors256.r51                                      #
#                                                                             #
#                                                                             #
###############################################################################

F:\¹âÅÌ×ÊÁÏ\ETC-WSNÎïÁªÍø¹âÅÌ×ÊÁÏ210\ZigBeeÍøÂç\WSN-CSÔ´Âë\ZStack-CC2530-2.5.1a\Components\uCGUI\Core\LCD_MixColors256.c
      1          /*
      2          *********************************************************************************************************
      3          *                                                uC/GUI
      4          *                        Universal graphic software for embedded applications
      5          *
      6          *                       (c) Copyright 2002, Micrium Inc., Weston, FL
      7          *                       (c) Copyright 2002, SEGGER Microcontroller Systeme GmbH
      8          *
      9          *              µC/GUI is protected by international copyright laws. Knowledge of the
     10          *              source code may not be used to write a similar product. This file may
     11          *              only be used in accordance with a license and should not be redistributed
     12          *              in any way. We appreciate your understanding and fairness.
     13          *
     14          ----------------------------------------------------------------------
     15          File        : LCD_MixColors256.c
     16          Purpose     : Implementation of LCD_MixColors256
     17          ---------------------------END-OF-HEADER------------------------------
     18          */
     19          
     20          #include <stddef.h>           /* needed for definition of NULL */
     21          #include "LCD.h"
     22          #include "GUI_Private.h"
     23          #include "LCD_Private.h"
     24          
     25          /*********************************************************************
     26          *
     27          *       Public code
     28          *
     29          **********************************************************************
     30          */
     31          /*********************************************************************
     32          *
     33          *       LCD_MixColors256
     34          *
     35          * Purpose:
     36          *   Mix 2 colors.
     37          *
     38          * Parameters:
     39          *   Intens:    Intensity of first color in 257 steps, from 0 to 256, where 256 equals 100%
     40          */

   \                                 In  segment BANKED_CODE, align 1, keep-with-next
     41          LCD_COLOR LCD_MixColors256(LCD_COLOR Color, LCD_COLOR BkColor, unsigned Intens) {
   \                     LCD_MixColors256:
   \   000000   74E8         MOV     A,#-0x18
   \   000002   12....       LCALL   ?BANKED_ENTER_XDATA
   \   000005                ; Saved register size: 24
   \   000005                ; Auto size: 12
   \   000005   74F4         MOV     A,#-0xc
   \   000007   12....       LCALL   ?ALLOC_XSTACK8
   \   00000A   8A..         MOV     ?V0 + 12,R2
   \   00000C   8B..         MOV     ?V0 + 13,R3
   \   00000E   8C..         MOV     ?V0 + 14,R4
   \   000010   8D..         MOV     ?V0 + 15,R5
   \   000012   7424         MOV     A,#0x24
   \   000014   12....       LCALL   ?XSTACK_DISP0_8
   \   000017   78..         MOV     R0,#?V0 + 4
   \   000019   12....       LCALL   ?L_MOV_X
   \   00001C   7428         MOV     A,#0x28
   \   00001E   12....       LCALL   ?XSTACK_DISP0_8
   \   000021   E0           MOVX    A,@DPTR
   \   000022   FA           MOV     R2,A
   \   000023   A3           INC     DPTR
   \   000024   E0           MOVX    A,@DPTR
   \   000025   FB           MOV     R3,A
     42            /* Calc Color seperations for FgColor first */
     43            U32 R = (Color & 0xff)    * Intens;
   \   000026   8A..         MOV     ?V0 + 8,R2
   \   000028   8B..         MOV     ?V0 + 9,R3
   \   00002A   E4           CLR     A
   \   00002B   F5..         MOV     ?V0 + 10,A
   \   00002D   F5..         MOV     ?V0 + 11,A
   \   00002F   85....       MOV     ?V0 + 0,?V0 + 12
   \   000032   85....       MOV     ?V0 + 1,?V0 + 13
   \   000035   8C..         MOV     ?V0 + 2,R4
   \   000037   8D..         MOV     ?V0 + 3,R5
   \   000039   90....       MOV     DPTR,#__Constant_ff
   \   00003C   78..         MOV     R0,#?V0 + 0
   \   00003E   12....       LCALL   ?L_AND_X
   \   000041   78..         MOV     R0,#?V0 + 0
   \   000043   79..         MOV     R1,#?V0 + 8
   \   000045   12....       LCALL   ?L_MUL
   \   000048   7408         MOV     A,#0x8
   \   00004A   12....       LCALL   ?XSTACK_DISP0_8
   \   00004D   12....       LCALL   ?Subroutine0 & 0xFFFF
     44            U32 G = (Color & 0xff00)  * Intens;
   \                     ??CrossCallReturnLabel_0:
   \   000050   85....       MOV     ?V0 + 0,?V0 + 12
   \   000053   85....       MOV     ?V0 + 1,?V0 + 13
   \   000056   8C..         MOV     ?V0 + 2,R4
   \   000058   8D..         MOV     ?V0 + 3,R5
   \   00005A   90....       MOV     DPTR,#__Constant_ff00
   \   00005D   78..         MOV     R0,#?V0 + 0
   \   00005F   12....       LCALL   ?L_AND_X
   \   000062   78..         MOV     R0,#?V0 + 0
   \   000064   79..         MOV     R1,#?V0 + 8
   \   000066   12....       LCALL   ?L_MUL
   \   000069   7404         MOV     A,#0x4
   \   00006B   12....       LCALL   ?XSTACK_DISP0_8
   \   00006E   12....       LCALL   ?Subroutine0 & 0xFFFF
     45            U32 B = (Color & 0xff0000)* Intens;
   \                     ??CrossCallReturnLabel_1:
   \   000071   90....       MOV     DPTR,#__Constant_ff0000
   \   000074   78..         MOV     R0,#?V0 + 12
   \   000076   12....       LCALL   ?L_AND_X
   \   000079   78..         MOV     R0,#?V0 + 12
   \   00007B   79..         MOV     R1,#?V0 + 8
   \   00007D   12....       LCALL   ?L_MUL
   \   000080   85..82       MOV     DPL,?XSP + 0
   \   000083   85..83       MOV     DPH,?XSP + 1
   \   000086   78..         MOV     R0,#?V0 + 12
   \   000088   12....       LCALL   ?L_MOV_TO_X
     46            /* Add Color seperations for BkColor */
     47            Intens = 256 - Intens;
   \   00008B   E4           CLR     A
   \   00008C   C3           CLR     C
   \   00008D   9A           SUBB    A,R2
   \   00008E   FA           MOV     R2,A
   \   00008F   7401         MOV     A,#0x1
   \   000091   9B           SUBB    A,R3
   \   000092   FB           MOV     R3,A
     48            R += (BkColor & 0xff)     * Intens;
     49            G += (BkColor & 0xff00)   * Intens;
     50            B += (BkColor & 0xff0000) * Intens;
     51            R = (R >> 8);
     52            G = (G >> 8) & 0xff00;
     53            B = (B >> 8) & 0xff0000;
     54            return R + G + B;
   \   000093   8A..         MOV     ?V0 + 8,R2
   \   000095   8B..         MOV     ?V0 + 9,R3
   \   000097   7408         MOV     A,#0x8
   \   000099   12....       LCALL   ?XSTACK_DISP0_8
   \   00009C   C082         PUSH    DPL
   \   00009E   C083         PUSH    DPH
   \   0000A0   85....       MOV     ?V0 + 12,?V0 + 4
   \   0000A3   85....       MOV     ?V0 + 13,?V0 + 5
   \   0000A6   85....       MOV     ?V0 + 14,?V0 + 6
   \   0000A9   85....       MOV     ?V0 + 15,?V0 + 7
   \   0000AC   90....       MOV     DPTR,#__Constant_ff
   \   0000AF   78..         MOV     R0,#?V0 + 12
   \   0000B1   12....       LCALL   ?L_AND_X
   \   0000B4   78..         MOV     R0,#?V0 + 12
   \   0000B6   79..         MOV     R1,#?V0 + 8
   \   0000B8   12....       LCALL   ?L_MUL
   \   0000BB   D083         POP     DPH
   \   0000BD   D082         POP     DPL
   \   0000BF   78..         MOV     R0,#?V0 + 12
   \   0000C1   12....       LCALL   ?L_ADD_X
   \   0000C4   7408         MOV     A,#0x8
   \   0000C6   78..         MOV     R0,#?V0 + 12
   \   0000C8   12....       LCALL   ?UL_SHR
   \   0000CB   7404         MOV     A,#0x4
   \   0000CD   12....       LCALL   ?XSTACK_DISP0_8
   \   0000D0   C082         PUSH    DPL
   \   0000D2   C083         PUSH    DPH
   \   0000D4   85....       MOV     ?V0 + 0,?V0 + 4
   \   0000D7   85....       MOV     ?V0 + 1,?V0 + 5
   \   0000DA   85....       MOV     ?V0 + 2,?V0 + 6
   \   0000DD   85....       MOV     ?V0 + 3,?V0 + 7
   \   0000E0   90....       MOV     DPTR,#__Constant_ff00
   \   0000E3   78..         MOV     R0,#?V0 + 0
   \   0000E5   12....       LCALL   ?L_AND_X
   \   0000E8   78..         MOV     R0,#?V0 + 0
   \   0000EA   79..         MOV     R1,#?V0 + 8
   \   0000EC   12....       LCALL   ?L_MUL
   \   0000EF   D083         POP     DPH
   \   0000F1   D082         POP     DPL
   \   0000F3   78..         MOV     R0,#?V0 + 0
   \   0000F5   12....       LCALL   ?L_ADD_X
   \   0000F8   7408         MOV     A,#0x8
   \   0000FA   78..         MOV     R0,#?V0 + 0
   \   0000FC   12....       LCALL   ?UL_SHR
   \   0000FF   90....       MOV     DPTR,#__Constant_ff00
   \   000102   78..         MOV     R0,#?V0 + 0
   \   000104   12....       LCALL   ?L_AND_X
   \   000107   78..         MOV     R0,#?V0 + 12
   \   000109   79..         MOV     R1,#?V0 + 0
   \   00010B   12....       LCALL   ?L_ADD
   \   00010E   85..82       MOV     DPL,?XSP + 0
   \   000111   85..83       MOV     DPH,?XSP + 1
   \   000114   C082         PUSH    DPL
   \   000116   C083         PUSH    DPH
   \   000118   90....       MOV     DPTR,#__Constant_ff0000
   \   00011B   78..         MOV     R0,#?V0 + 4
   \   00011D   12....       LCALL   ?L_AND_X
   \   000120   78..         MOV     R0,#?V0 + 4
   \   000122   79..         MOV     R1,#?V0 + 8
   \   000124   12....       LCALL   ?L_MUL
   \   000127   D083         POP     DPH
   \   000129   D082         POP     DPL
   \   00012B   78..         MOV     R0,#?V0 + 4
   \   00012D   12....       LCALL   ?L_ADD_X
   \   000130   7408         MOV     A,#0x8
   \   000132   78..         MOV     R0,#?V0 + 4
   \   000134   12....       LCALL   ?UL_SHR
   \   000137   90....       MOV     DPTR,#__Constant_ff0000
   \   00013A   78..         MOV     R0,#?V0 + 4
   \   00013C   12....       LCALL   ?L_AND_X
   \   00013F   78..         MOV     R0,#?V0 + 12
   \   000141   79..         MOV     R1,#?V0 + 4
   \   000143   12....       LCALL   ?L_ADD
   \   000146   AA..         MOV     R2,?V0 + 12
   \   000148   AB..         MOV     R3,?V0 + 13
   \   00014A   AC..         MOV     R4,?V0 + 14
   \   00014C   AD..         MOV     R5,?V0 + 15
   \   00014E   740C         MOV     A,#0xc
   \   000150   12....       LCALL   ?DEALLOC_XSTACK8
   \   000153   7F10         MOV     R7,#0x10
   \   000155   02....       LJMP    ?BANKED_LEAVE_XDATA
     55          }

   \                                 In  segment BANKED_CODE, align 1, keep-with-next
   \                     ?Subroutine0:
   \   000000   E5..         MOV     A,?V0 + 0
   \   000002   F0           MOVX    @DPTR,A
   \   000003   A3           INC     DPTR
   \   000004   E5..         MOV     A,?V0 + 1
   \   000006   F0           MOVX    @DPTR,A
   \   000007   A3           INC     DPTR
   \   000008   E5..         MOV     A,?V0 + 2
   \   00000A   F0           MOVX    @DPTR,A
   \   00000B   A3           INC     DPTR
   \   00000C   E5..         MOV     A,?V0 + 3
   \   00000E   F0           MOVX    @DPTR,A
   \   00000F   22           RET

   \                                 In  segment XDATA_ROM_C, align 1
   \                     __Constant_ff:
   \   000000   FF000000     DD 255

   \                                 In  segment XDATA_ROM_C, align 1
   \                     __Constant_ff00:
   \   000000   00FF0000     DD 65280

   \                                 In  segment XDATA_ROM_C, align 1
   \                     __Constant_ff0000:
   \   000000   0000FF00     DD 16711680

   \                                 In  segment BANK_RELAYS, align 1
   \                     ??LCD_MixColors256?relay:
   \   000000   12....       LCALL   ?BDISPATCH
   \   000003   ......       DC24    LCD_MixColors256
     56          
     57          /*************************** End of file ****************************/

   Maximum stack usage in bytes:

     Function         ISTACK PSTACK XSTACK
     --------         ------ ------ ------
     LCD_MixColors256     2      0     42


   Segment part sizes:

     Function/Label           Bytes
     --------------           -----
     LCD_MixColors256          344
     ?Subroutine0               16
     __Constant_ff               4
     __Constant_ff00             4
     __Constant_ff0000           4
     ??LCD_MixColors256?relay    6

 
 360 bytes in segment BANKED_CODE
   6 bytes in segment BANK_RELAYS
  12 bytes in segment XDATA_ROM_C
 
 366 bytes of CODE  memory
   0 bytes of CONST memory (+ 12 bytes shared)

Errors: none
Warnings: none
