###############################################################################
#                                                                             #
# IAR C/C++ Compiler V8.10.1.10194/W32 for 8051         14/Jun/2016  16:18:36 #
# Copyright 2004-2011 IAR Systems AB.                                         #
#                                                                             #
#    Core               =  plain                                              #
#    Code model         =  banked                                             #
#    Data model         =  large                                              #
#    Calling convention =  xdata reentrant                                    #
#    Constant location  =  data_rom                                           #
#    Dptr setup         =  1,16                                               #
#    Source file        =  F:\¹âÅÌ×ÊÁÏ\ETC-WSNÎïÁªÍø¹âÅÌ×ÊÁÏ210\ZigBeeÍøÂç\WS #
#                          N-CSÔ´Âë\ZStack-CC2530-2.5.1a\Components\uCGUI\Cor #
#                          e\LCDGetP.c                                        #
#    Command line       =  -f F:\¹âÅÌ×ÊÁÏ\ETC-WSNÎïÁªÍø¹âÅÌ×ÊÁÏ210\ZigBeeÍøÂç #
#                          \WSN-CSÔ´Âë\ZStack-CC2530-2.5.1a\Projects\zstack\U #
#                          tilities\SerialApp\CC2530DB\..\..\..\Tools\CC2530D #
#                          B\f8wCoord.cfg (-DCPU32MHZ -DROOT=__near_func      #
#                          -DMAC_CFG_APP_PENDING_QUEUE=TRUE                   #
#                          -DMAC_CFG_TX_DATA_MAX=5 -DMAC_CFG_TX_MAX=8         #
#                          -DMAC_CFG_RX_MAX=5 -DZDO_COORDINATOR -DRTR_NWK)    #
#                          -f F:\¹âÅÌ×ÊÁÏ\ETC-WSNÎïÁªÍø¹âÅÌ×ÊÁÏ210\ZigBeeÍøÂç #
#                          \WSN-CSÔ´Âë\ZStack-CC2530-2.5.1a\Projects\zstack\U #
#                          tilities\SerialApp\CC2530DB\..\..\..\Tools\CC2530D #
#                          B\f8wConfig.cfg (-DZIGBEEPRO -DSECURE=0            #
#                          -DZG_SECURE_DYNAMIC=0 -DREFLECTOR                  #
#                          -DDEFAULT_CHANLIST=0x00000800                      #
#                          -DZDAPP_CONFIG_PAN_ID=0x1001                       #
#                          -DNWK_START_DELAY=100 -DEXTENDED_JOINING_RANDOM_MA #
#                          SK=0x007F -DBEACON_REQUEST_DELAY=100               #
#                          -DBEACON_REQ_DELAY_MASK=0x00FF                     #
#                          -DLINK_STATUS_JITTER_MASK=0x007F                   #
#                          -DROUTE_EXPIRY_TIME=30 -DAPSC_ACK_WAIT_DURATION_PO #
#                          LLED=3000 -DNWK_INDIRECT_MSG_TIMEOUT=7             #
#                          -DMAX_RREQ_ENTRIES=8 -DAPSC_MAX_FRAME_RETRIES=3    #
#                          -DNWK_MAX_DATA_RETRIES=2                           #
#                          -DMAX_POLL_FAILURE_RETRIES=2 -DMAX_BCAST=9         #
#                          -DAPS_MAX_GROUPS=16 -DMAX_RTG_ENTRIES=40           #
#                          -DNWK_MAX_BINDING_ENTRIES=4                        #
#                          -DMAX_BINDING_CLUSTER_IDS=4 "-DDEFAULT_KEY={0x01,  #
#                          0x03, 0x05, 0x07, 0x09, 0x0B, 0x0D, 0x0F, 0x00,    #
#                          0x02, 0x04, 0x06, 0x08, 0x0A, 0x0C, 0x0D}"         #
#                          -DMAC_MAX_FRAME_SIZE=116                           #
#                          -DZDNWKMGR_MIN_TRANSMISSIONS=20 "-DCONST=const     #
#                          __code" -DGENERIC=__generic                        #
#                          -DRFD_RCVC_ALWAYS_ON=FALSE -DPOLL_RATE=1000        #
#                          -DQUEUED_POLL_RATE=100 -DRESPONSE_POLL_RATE=100)   #
#                          -DREJOIN_POLL_RATE=440 F:\¹âÅÌ×ÊÁÏ\ETC-WSNÎïÁªÍø¹â #
#                          ÅÌ×ÊÁÏ210\ZigBeeÍøÂç\WSN-CSÔ´Âë\ZStack-CC2530-2.5. #
#                          1a\Components\uCGUI\Core\LCDGetP.c -D              #
#                          HAL_UART=TRUE -D SERIAL_APP_PORT=0 -D COOR -D      #
#                          LCD_SUPPORTED -D NV_INIT -lC                       #
#                          F:\¹âÅÌ×ÊÁÏ\ETC-WSNÎïÁªÍø¹âÅÌ×ÊÁÏ210\ZigBeeÍøÂç\WS #
#                          N-CSÔ´Âë\ZStack-CC2530-2.5.1a\Projects\zstack\Util #
#                          ities\SerialApp\CC2530DB\CoordinatorEB\List\ -lA   #
#                          F:\¹âÅÌ×ÊÁÏ\ETC-WSNÎïÁªÍø¹âÅÌ×ÊÁÏ210\ZigBeeÍøÂç\WS #
#                          N-CSÔ´Âë\ZStack-CC2530-2.5.1a\Projects\zstack\Util #
#                          ities\SerialApp\CC2530DB\CoordinatorEB\List\       #
#                          --diag_suppress Pe001,Pa010 -o                     #
#                          F:\¹âÅÌ×ÊÁÏ\ETC-WSNÎïÁªÍø¹âÅÌ×ÊÁÏ210\ZigBeeÍøÂç\WS #
#                          N-CSÔ´Âë\ZStack-CC2530-2.5.1a\Projects\zstack\Util #
#                          ities\SerialApp\CC2530DB\CoordinatorEB\Obj\ -e     #
#                          --no_code_motion --debug --core=plain --dptr=16,1  #
#                          --data_model=large --code_model=banked             #
#                          --calling_convention=xdata_reentrant               #
#                          --place_constants=data_rom --nr_virtual_regs 16    #
#                          -I F:\¹âÅÌ×ÊÁÏ\ETC-WSNÎïÁªÍø¹âÅÌ×ÊÁÏ210\ZigBeeÍøÂç #
#                          \WSN-CSÔ´Âë\ZStack-CC2530-2.5.1a\Projects\zstack\U #
#                          tilities\SerialApp\CC2530DB\ -I                    #
#                          F:\¹âÅÌ×ÊÁÏ\ETC-WSNÎïÁªÍø¹âÅÌ×ÊÁÏ210\ZigBeeÍøÂç\WS #
#                          N-CSÔ´Âë\ZStack-CC2530-2.5.1a\Projects\zstack\Util #
#                          ities\SerialApp\CC2530DB\..\Public\ -I             #
#                          F:\¹âÅÌ×ÊÁÏ\ETC-WSNÎïÁªÍø¹âÅÌ×ÊÁÏ210\ZigBeeÍøÂç\WS #
#                          N-CSÔ´Âë\ZStack-CC2530-2.5.1a\Projects\zstack\Util #
#                          ities\SerialApp\CC2530DB\..\..\..\..\..\Components #
#                          \uCGUI\Core\ -I F:\¹âÅÌ×ÊÁÏ\ETC-WSNÎïÁªÍø¹âÅÌ×ÊÁÏ2 #
#                          10\ZigBeeÍøÂç\WSN-CSÔ´Âë\ZStack-CC2530-2.5.1a\Proj #
#                          ects\zstack\Utilities\SerialApp\CC2530DB\..\..\..\ #
#                          ..\..\Components\uCGUI\MultiLayer\ -I              #
#                          F:\¹âÅÌ×ÊÁÏ\ETC-WSNÎïÁªÍø¹âÅÌ×ÊÁÏ210\ZigBeeÍøÂç\WS #
#                          N-CSÔ´Âë\ZStack-CC2530-2.5.1a\Projects\zstack\Util #
#                          ities\SerialApp\CC2530DB\..\..\..\..\..\Components #
#                          \uCGUI\Config\ -I F:\¹âÅÌ×ÊÁÏ\ETC-WSNÎïÁªÍø¹âÅÌ×ÊÁ #
#                          Ï210\ZigBeeÍøÂç\WSN-CSÔ´Âë\ZStack-CC2530-2.5.1a\Pr #
#                          ojects\zstack\Utilities\SerialApp\CC2530DB\..\Coor #
#                          dinator\ -I F:\¹âÅÌ×ÊÁÏ\ETC-WSNÎïÁªÍø¹âÅÌ×ÊÁÏ210\Z #
#                          igBeeÍøÂç\WSN-CSÔ´Âë\ZStack-CC2530-2.5.1a\Projects #
#                          \zstack\Utilities\SerialApp\CC2530DB\..\..\..\ZMai #
#                          n\TI2530DB\ -I F:\¹âÅÌ×ÊÁÏ\ETC-WSNÎïÁªÍø¹âÅÌ×ÊÁÏ21 #
#                          0\ZigBeeÍøÂç\WSN-CSÔ´Âë\ZStack-CC2530-2.5.1a\Proje #
#                          cts\zstack\Utilities\SerialApp\CC2530DB\..\..\..\. #
#                          .\..\Components\hal\include\ -I                    #
#                          F:\¹âÅÌ×ÊÁÏ\ETC-WSNÎïÁªÍø¹âÅÌ×ÊÁÏ210\ZigBeeÍøÂç\WS #
#                          N-CSÔ´Âë\ZStack-CC2530-2.5.1a\Projects\zstack\Util #
#                          ities\SerialApp\CC2530DB\..\..\..\..\..\Components #
#                          \hal\target\CC2530EB\ -I                           #
#                          F:\¹âÅÌ×ÊÁÏ\ETC-WSNÎïÁªÍø¹âÅÌ×ÊÁÏ210\ZigBeeÍøÂç\WS #
#                          N-CSÔ´Âë\ZStack-CC2530-2.5.1a\Projects\zstack\Util #
#                          ities\SerialApp\CC2530DB\..\..\..\..\..\Components #
#                          \mac\include\ -I F:\¹âÅÌ×ÊÁÏ\ETC-WSNÎïÁªÍø¹âÅÌ×ÊÁÏ #
#                          210\ZigBeeÍøÂç\WSN-CSÔ´Âë\ZStack-CC2530-2.5.1a\Pro #
#                          jects\zstack\Utilities\SerialApp\CC2530DB\..\..\.. #
#                          \..\..\Components\mac\high_level\ -I               #
#                          F:\¹âÅÌ×ÊÁÏ\ETC-WSNÎïÁªÍø¹âÅÌ×ÊÁÏ210\ZigBeeÍøÂç\WS #
#                          N-CSÔ´Âë\ZStack-CC2530-2.5.1a\Projects\zstack\Util #
#                          ities\SerialApp\CC2530DB\..\..\..\..\..\Components #
#                          \mac\low_level\srf04\ -I                           #
#                          F:\¹âÅÌ×ÊÁÏ\ETC-WSNÎïÁªÍø¹âÅÌ×ÊÁÏ210\ZigBeeÍøÂç\WS #
#                          N-CSÔ´Âë\ZStack-CC2530-2.5.1a\Projects\zstack\Util #
#                          ities\SerialApp\CC2530DB\..\..\..\..\..\Components #
#                          \mac\low_level\srf04\single_chip\ -I               #
#                          F:\¹âÅÌ×ÊÁÏ\ETC-WSNÎïÁªÍø¹âÅÌ×ÊÁÏ210\ZigBeeÍøÂç\WS #
#                          N-CSÔ´Âë\ZStack-CC2530-2.5.1a\Projects\zstack\Util #
#                          ities\SerialApp\CC2530DB\..\..\..\..\..\Components #
#                          \mt\ -I F:\¹âÅÌ×ÊÁÏ\ETC-WSNÎïÁªÍø¹âÅÌ×ÊÁÏ210\ZigBe #
#                          eÍøÂç\WSN-CSÔ´Âë\ZStack-CC2530-2.5.1a\Projects\zst #
#                          ack\Utilities\SerialApp\CC2530DB\..\..\..\..\..\Co #
#                          mponents\osal\include\ -I                          #
#                          F:\¹âÅÌ×ÊÁÏ\ETC-WSNÎïÁªÍø¹âÅÌ×ÊÁÏ210\ZigBeeÍøÂç\WS #
#                          N-CSÔ´Âë\ZStack-CC2530-2.5.1a\Projects\zstack\Util #
#                          ities\SerialApp\CC2530DB\..\..\..\..\..\Components #
#                          \services\saddr\ -I F:\¹âÅÌ×ÊÁÏ\ETC-WSNÎïÁªÍø¹âÅÌ× #
#                          ÊÁÏ210\ZigBeeÍøÂç\WSN-CSÔ´Âë\ZStack-CC2530-2.5.1a\ #
#                          Projects\zstack\Utilities\SerialApp\CC2530DB\..\.. #
#                          \..\..\..\Components\services\sdata\ -I            #
#                          F:\¹âÅÌ×ÊÁÏ\ETC-WSNÎïÁªÍø¹âÅÌ×ÊÁÏ210\ZigBeeÍøÂç\WS #
#                          N-CSÔ´Âë\ZStack-CC2530-2.5.1a\Projects\zstack\Util #
#                          ities\SerialApp\CC2530DB\..\..\..\..\..\Components #
#                          \stack\af\ -I F:\¹âÅÌ×ÊÁÏ\ETC-WSNÎïÁªÍø¹âÅÌ×ÊÁÏ210 #
#                          \ZigBeeÍøÂç\WSN-CSÔ´Âë\ZStack-CC2530-2.5.1a\Projec #
#                          ts\zstack\Utilities\SerialApp\CC2530DB\..\..\..\.. #
#                          \..\Components\stack\nwk\ -I                       #
#                          F:\¹âÅÌ×ÊÁÏ\ETC-WSNÎïÁªÍø¹âÅÌ×ÊÁÏ210\ZigBeeÍøÂç\WS #
#                          N-CSÔ´Âë\ZStack-CC2530-2.5.1a\Projects\zstack\Util #
#                          ities\SerialApp\CC2530DB\..\..\..\..\..\Components #
#                          \stack\sapi\ -I F:\¹âÅÌ×ÊÁÏ\ETC-WSNÎïÁªÍø¹âÅÌ×ÊÁÏ2 #
#                          10\ZigBeeÍøÂç\WSN-CSÔ´Âë\ZStack-CC2530-2.5.1a\Proj #
#                          ects\zstack\Utilities\SerialApp\CC2530DB\..\..\..\ #
#                          ..\..\Components\stack\sec\ -I                     #
#                          F:\¹âÅÌ×ÊÁÏ\ETC-WSNÎïÁªÍø¹âÅÌ×ÊÁÏ210\ZigBeeÍøÂç\WS #
#                          N-CSÔ´Âë\ZStack-CC2530-2.5.1a\Projects\zstack\Util #
#                          ities\SerialApp\CC2530DB\..\..\..\..\..\Components #
#                          \stack\sys\ -I F:\¹âÅÌ×ÊÁÏ\ETC-WSNÎïÁªÍø¹âÅÌ×ÊÁÏ21 #
#                          0\ZigBeeÍøÂç\WSN-CSÔ´Âë\ZStack-CC2530-2.5.1a\Proje #
#                          cts\zstack\Utilities\SerialApp\CC2530DB\..\..\..\. #
#                          .\..\Components\stack\zdo\ -I                      #
#                          F:\¹âÅÌ×ÊÁÏ\ETC-WSNÎïÁªÍø¹âÅÌ×ÊÁÏ210\ZigBeeÍøÂç\WS #
#                          N-CSÔ´Âë\ZStack-CC2530-2.5.1a\Projects\zstack\Util #
#                          ities\SerialApp\CC2530DB\..\..\..\..\..\Components #
#                          \zmac\ -I F:\¹âÅÌ×ÊÁÏ\ETC-WSNÎïÁªÍø¹âÅÌ×ÊÁÏ210\Zig #
#                          BeeÍøÂç\WSN-CSÔ´Âë\ZStack-CC2530-2.5.1a\Projects\z #
#                          stack\Utilities\SerialApp\CC2530DB\..\..\..\..\..\ #
#                          Components\zmac\f8w\ -Ohz --require_prototypes     #
#    List file          =  F:\¹âÅÌ×ÊÁÏ\ETC-WSNÎïÁªÍø¹âÅÌ×ÊÁÏ210\ZigBeeÍøÂç\WS #
#                          N-CSÔ´Âë\ZStack-CC2530-2.5.1a\Projects\zstack\Util #
#                          ities\SerialApp\CC2530DB\CoordinatorEB\List\LCDGet #
#                          P.lst                                              #
#    Object file        =  F:\¹âÅÌ×ÊÁÏ\ETC-WSNÎïÁªÍø¹âÅÌ×ÊÁÏ210\ZigBeeÍøÂç\WS #
#                          N-CSÔ´Âë\ZStack-CC2530-2.5.1a\Projects\zstack\Util #
#                          ities\SerialApp\CC2530DB\CoordinatorEB\Obj\LCDGetP #
#                          .r51                                               #
#                                                                             #
#                                                                             #
###############################################################################

F:\¹âÅÌ×ÊÁÏ\ETC-WSNÎïÁªÍø¹âÅÌ×ÊÁÏ210\ZigBeeÍøÂç\WSN-CSÔ´Âë\ZStack-CC2530-2.5.1a\Components\uCGUI\Core\LCDGetP.c
      1          /*
      2          *********************************************************************************************************
      3          *                                                uC/GUI
      4          *                        Universal graphic software for embedded applications
      5          *
      6          *                       (c) Copyright 2002, Micrium Inc., Weston, FL
      7          *                       (c) Copyright 2002, SEGGER Microcontroller Systeme GmbH
      8          *
      9          *              µC/GUI is protected by international copyright laws. Knowledge of the
     10          *              source code may not be used to write a similar product. This file may
     11          *              only be used in accordance with a license and should not be redistributed
     12          *              in any way. We appreciate your understanding and fairness.
     13          *
     14          ----------------------------------------------------------------------
     15          File        : LCDGetP.c
     16          Purpose     : Get Pixel routines
     17                        Note: These routines are in a module of their own
     18                              because they are mostly not required to link
     19          ---------------------------END-OF-HEADER------------------------------
     20          */
     21          
     22          #include <stddef.h>           /* needed for definition of NULL */
     23          #include "GUI_Private.h"
     24          #include "GUIDebug.h"
     25          
     26          /*********************************************************************
     27          *
     28          *       Public code
     29          *
     30          **********************************************************************
     31          */
     32          /*********************************************************************
     33          *
     34          *       LCD_GetPixelIndex
     35          *
     36          * NOTE:
     37          *   We can not use the standard clipping which we use for drawing
     38          *   operations as it is perfectly legal to read pixels outside of
     39          *   the clipping area. We therefor get the bounding rectangle of the
     40          *   device and use it for clipping.
     41          */

   \                                 In  segment BANKED_CODE, align 1, keep-with-next
     42          unsigned LCD_GetPixelIndex(int x, int y)  {
   \                     LCD_GetPixelIndex:
   \   000000   74F6         MOV     A,#-0xa
   \   000002   12....       LCALL   ?BANKED_ENTER_XDATA
   \   000005                ; Saved register size: 10
   \   000005                ; Auto size: 8
   \   000005   74F8         MOV     A,#-0x8
   \   000007   12....       LCALL   ?ALLOC_XSTACK8
   \   00000A   8A..         MOV     ?V0 + 0,R2
   \   00000C   8B..         MOV     ?V0 + 1,R3
   \   00000E   EC           MOV     A,R4
   \   00000F   FE           MOV     R6,A
   \   000010   ED           MOV     A,R5
   \   000011   FF           MOV     R7,A
     43            LCD_RECT r;  
     44            GUI_ASSERT_LOCK();
     45            LCDDEV_L0_GetRect(&r);
   \   000012                ; Setup parameters for call to function LCD_L0_GetRect
   \   000012   85..82       MOV     DPL,?XSP + 0
   \   000015   85..83       MOV     DPH,?XSP + 1
   \   000018   AA82         MOV     R2,DPL
   \   00001A   AB83         MOV     R3,DPH
   \   00001C   12....       LCALL   ??LCD_L0_GetRect?relay
     46            if (x < r.x0) {
   \   00001F   85..82       MOV     DPL,?XSP + 0
   \   000022   85..83       MOV     DPH,?XSP + 1
   \   000025   E0           MOVX    A,@DPTR
   \   000026   F8           MOV     R0,A
   \   000027   A3           INC     DPTR
   \   000028   E0           MOVX    A,@DPTR
   \   000029   F9           MOV     R1,A
   \   00002A   C3           CLR     C
   \   00002B   E5..         MOV     A,?V0 + 0
   \   00002D   98           SUBB    A,R0
   \   00002E   E5..         MOV     A,?V0 + 1
   \   000030   99           SUBB    A,R1
   \   000031   A2D2         MOV     C,0xD0 /* PSW */.2
   \   000033   65D0         XRL     A,PSW
   \   000035   33           RLC     A
   \   000036   5006         JNC     ??LCD_GetPixelIndex_0
     47              return 0;
   \                     ??LCD_GetPixelIndex_1:
   \   000038   7A00         MOV     R2,#0x0
   \   00003A   7B00         MOV     R3,#0x0
   \   00003C   8047         SJMP    ??LCD_GetPixelIndex_2
     48            }
     49            if (x > r.x1) {
   \                     ??LCD_GetPixelIndex_0:
   \   00003E   7404         MOV     A,#0x4
   \   000040   12....       LCALL   ?XSTACK_DISP0_8
   \   000043   C3           CLR     C
   \   000044   E0           MOVX    A,@DPTR
   \   000045   95..         SUBB    A,?V0 + 0
   \   000047   A3           INC     DPTR
   \   000048   E0           MOVX    A,@DPTR
   \   000049   95..         SUBB    A,?V0 + 1
   \   00004B   A2D2         MOV     C,0xD0 /* PSW */.2
   \   00004D   65D0         XRL     A,PSW
   \   00004F   33           RLC     A
   \   000050   40E6         JC      ??LCD_GetPixelIndex_1
     50              return 0;
     51            }
     52            if (y < r.y0) {
   \   000052   7402         MOV     A,#0x2
   \   000054   12....       LCALL   ?XSTACK_DISP0_8
   \   000057   E0           MOVX    A,@DPTR
   \   000058   F8           MOV     R0,A
   \   000059   A3           INC     DPTR
   \   00005A   E0           MOVX    A,@DPTR
   \   00005B   F9           MOV     R1,A
   \   00005C   C3           CLR     C
   \   00005D   EE           MOV     A,R6
   \   00005E   98           SUBB    A,R0
   \   00005F   EF           MOV     A,R7
   \   000060   99           SUBB    A,R1
   \   000061   A2D2         MOV     C,0xD0 /* PSW */.2
   \   000063   65D0         XRL     A,PSW
   \   000065   33           RLC     A
   \   000066   40D0         JC      ??LCD_GetPixelIndex_1
     53              return 0;
     54            }
     55            if (y > r.y1) {
   \   000068   7406         MOV     A,#0x6
   \   00006A   12....       LCALL   ?XSTACK_DISP0_8
   \   00006D   C3           CLR     C
   \   00006E   E0           MOVX    A,@DPTR
   \   00006F   9E           SUBB    A,R6
   \   000070   A3           INC     DPTR
   \   000071   E0           MOVX    A,@DPTR
   \   000072   9F           SUBB    A,R7
   \   000073   A2D2         MOV     C,0xD0 /* PSW */.2
   \   000075   65D0         XRL     A,PSW
   \   000077   33           RLC     A
   \   000078   40BE         JC      ??LCD_GetPixelIndex_1
     56              return 0;
     57            }
     58            return LCDDEV_L0_GetPixelIndex(x,y);
   \   00007A                ; Setup parameters for call to function LCD_L0_GetPixelIndex
   \   00007A   EE           MOV     A,R6
   \   00007B   FC           MOV     R4,A
   \   00007C   EF           MOV     A,R7
   \   00007D   FD           MOV     R5,A
   \   00007E   AA..         MOV     R2,?V0 + 0
   \   000080   AB..         MOV     R3,?V0 + 1
   \   000082   12....       LCALL   ??LCD_L0_GetPixelIndex?relay
   \                     ??LCD_GetPixelIndex_2:
   \   000085   7408         MOV     A,#0x8
   \   000087   12....       LCALL   ?DEALLOC_XSTACK8
   \   00008A   7F02         MOV     R7,#0x2
   \   00008C   02....       LJMP    ?BANKED_LEAVE_XDATA
     59          }

   \                                 In  segment BANK_RELAYS, align 1
   \                     ??LCD_GetPixelIndex?relay:
   \   000000   12....       LCALL   ?BDISPATCH
   \   000003   ......       DC24    LCD_GetPixelIndex
     60          
     61          /*************************** End of file ****************************/

   Maximum stack usage in bytes:

     Function                  ISTACK PSTACK XSTACK
     --------                  ------ ------ ------
     LCD_GetPixelIndex             0      0     18
       -> LCD_L0_GetRect           0      0     36
       -> LCD_L0_GetPixelIndex     0      0     36


   Segment part sizes:

     Function/Label            Bytes
     --------------            -----
     LCD_GetPixelIndex          143
     ??LCD_GetPixelIndex?relay    6

 
 143 bytes in segment BANKED_CODE
   6 bytes in segment BANK_RELAYS
 
 149 bytes of CODE memory

Errors: none
Warnings: none
