###############################################################################
#                                                                             #
# IAR C/C++ Compiler V8.10.1.10194/W32 for 8051         14/Jun/2016  16:18:53 #
# Copyright 2004-2011 IAR Systems AB.                                         #
#                                                                             #
#    Core               =  plain                                              #
#    Code model         =  banked                                             #
#    Data model         =  large                                              #
#    Calling convention =  xdata reentrant                                    #
#    Constant location  =  data_rom                                           #
#    Dptr setup         =  1,16                                               #
#    Source file        =  F:\นโลฬืสมฯ\ETC-WSNฮ๏มชอ๘นโลฬืสมฯ210\ZigBeeอ๘ย็\WS #
#                          N-CSิดย๋\ZStack-CC2530-2.5.1a\Components\uCGUI\Con #
#                          vertColor\LCDP565.c                                #
#    Command line       =  -f F:\นโลฬืสมฯ\ETC-WSNฮ๏มชอ๘นโลฬืสมฯ210\ZigBeeอ๘ย็ #
#                          \WSN-CSิดย๋\ZStack-CC2530-2.5.1a\Projects\zstack\U #
#                          tilities\SerialApp\CC2530DB\..\..\..\Tools\CC2530D #
#                          B\f8wCoord.cfg (-DCPU32MHZ -DROOT=__near_func      #
#                          -DMAC_CFG_APP_PENDING_QUEUE=TRUE                   #
#                          -DMAC_CFG_TX_DATA_MAX=5 -DMAC_CFG_TX_MAX=8         #
#                          -DMAC_CFG_RX_MAX=5 -DZDO_COORDINATOR -DRTR_NWK)    #
#                          -f F:\นโลฬืสมฯ\ETC-WSNฮ๏มชอ๘นโลฬืสมฯ210\ZigBeeอ๘ย็ #
#                          \WSN-CSิดย๋\ZStack-CC2530-2.5.1a\Projects\zstack\U #
#                          tilities\SerialApp\CC2530DB\..\..\..\Tools\CC2530D #
#                          B\f8wConfig.cfg (-DZIGBEEPRO -DSECURE=0            #
#                          -DZG_SECURE_DYNAMIC=0 -DREFLECTOR                  #
#                          -DDEFAULT_CHANLIST=0x00000800                      #
#                          -DZDAPP_CONFIG_PAN_ID=0x1001                       #
#                          -DNWK_START_DELAY=100 -DEXTENDED_JOINING_RANDOM_MA #
#                          SK=0x007F -DBEACON_REQUEST_DELAY=100               #
#                          -DBEACON_REQ_DELAY_MASK=0x00FF                     #
#                          -DLINK_STATUS_JITTER_MASK=0x007F                   #
#                          -DROUTE_EXPIRY_TIME=30 -DAPSC_ACK_WAIT_DURATION_PO #
#                          LLED=3000 -DNWK_INDIRECT_MSG_TIMEOUT=7             #
#                          -DMAX_RREQ_ENTRIES=8 -DAPSC_MAX_FRAME_RETRIES=3    #
#                          -DNWK_MAX_DATA_RETRIES=2                           #
#                          -DMAX_POLL_FAILURE_RETRIES=2 -DMAX_BCAST=9         #
#                          -DAPS_MAX_GROUPS=16 -DMAX_RTG_ENTRIES=40           #
#                          -DNWK_MAX_BINDING_ENTRIES=4                        #
#                          -DMAX_BINDING_CLUSTER_IDS=4 "-DDEFAULT_KEY={0x01,  #
#                          0x03, 0x05, 0x07, 0x09, 0x0B, 0x0D, 0x0F, 0x00,    #
#                          0x02, 0x04, 0x06, 0x08, 0x0A, 0x0C, 0x0D}"         #
#                          -DMAC_MAX_FRAME_SIZE=116                           #
#                          -DZDNWKMGR_MIN_TRANSMISSIONS=20 "-DCONST=const     #
#                          __code" -DGENERIC=__generic                        #
#                          -DRFD_RCVC_ALWAYS_ON=FALSE -DPOLL_RATE=1000        #
#                          -DQUEUED_POLL_RATE=100 -DRESPONSE_POLL_RATE=100)   #
#                          -DREJOIN_POLL_RATE=440 F:\นโลฬืสมฯ\ETC-WSNฮ๏มชอ๘นโ #
#                          ลฬืสมฯ210\ZigBeeอ๘ย็\WSN-CSิดย๋\ZStack-CC2530-2.5. #
#                          1a\Components\uCGUI\ConvertColor\LCDP565.c -D      #
#                          HAL_UART=TRUE -D SERIAL_APP_PORT=0 -D COOR -D      #
#                          LCD_SUPPORTED -D NV_INIT -lC                       #
#                          F:\นโลฬืสมฯ\ETC-WSNฮ๏มชอ๘นโลฬืสมฯ210\ZigBeeอ๘ย็\WS #
#                          N-CSิดย๋\ZStack-CC2530-2.5.1a\Projects\zstack\Util #
#                          ities\SerialApp\CC2530DB\CoordinatorEB\List\ -lA   #
#                          F:\นโลฬืสมฯ\ETC-WSNฮ๏มชอ๘นโลฬืสมฯ210\ZigBeeอ๘ย็\WS #
#                          N-CSิดย๋\ZStack-CC2530-2.5.1a\Projects\zstack\Util #
#                          ities\SerialApp\CC2530DB\CoordinatorEB\List\       #
#                          --diag_suppress Pe001,Pa010 -o                     #
#                          F:\นโลฬืสมฯ\ETC-WSNฮ๏มชอ๘นโลฬืสมฯ210\ZigBeeอ๘ย็\WS #
#                          N-CSิดย๋\ZStack-CC2530-2.5.1a\Projects\zstack\Util #
#                          ities\SerialApp\CC2530DB\CoordinatorEB\Obj\ -e     #
#                          --no_code_motion --debug --core=plain --dptr=16,1  #
#                          --data_model=large --code_model=banked             #
#                          --calling_convention=xdata_reentrant               #
#                          --place_constants=data_rom --nr_virtual_regs 16    #
#                          -I F:\นโลฬืสมฯ\ETC-WSNฮ๏มชอ๘นโลฬืสมฯ210\ZigBeeอ๘ย็ #
#                          \WSN-CSิดย๋\ZStack-CC2530-2.5.1a\Projects\zstack\U #
#                          tilities\SerialApp\CC2530DB\ -I                    #
#                          F:\นโลฬืสมฯ\ETC-WSNฮ๏มชอ๘นโลฬืสมฯ210\ZigBeeอ๘ย็\WS #
#                          N-CSิดย๋\ZStack-CC2530-2.5.1a\Projects\zstack\Util #
#                          ities\SerialApp\CC2530DB\..\Public\ -I             #
#                          F:\นโลฬืสมฯ\ETC-WSNฮ๏มชอ๘นโลฬืสมฯ210\ZigBeeอ๘ย็\WS #
#                          N-CSิดย๋\ZStack-CC2530-2.5.1a\Projects\zstack\Util #
#                          ities\SerialApp\CC2530DB\..\..\..\..\..\Components #
#                          \uCGUI\Core\ -I F:\นโลฬืสมฯ\ETC-WSNฮ๏มชอ๘นโลฬืสมฯ2 #
#                          10\ZigBeeอ๘ย็\WSN-CSิดย๋\ZStack-CC2530-2.5.1a\Proj #
#                          ects\zstack\Utilities\SerialApp\CC2530DB\..\..\..\ #
#                          ..\..\Components\uCGUI\MultiLayer\ -I              #
#                          F:\นโลฬืสมฯ\ETC-WSNฮ๏มชอ๘นโลฬืสมฯ210\ZigBeeอ๘ย็\WS #
#                          N-CSิดย๋\ZStack-CC2530-2.5.1a\Projects\zstack\Util #
#                          ities\SerialApp\CC2530DB\..\..\..\..\..\Components #
#                          \uCGUI\Config\ -I F:\นโลฬืสมฯ\ETC-WSNฮ๏มชอ๘นโลฬืสม #
#                          ฯ210\ZigBeeอ๘ย็\WSN-CSิดย๋\ZStack-CC2530-2.5.1a\Pr #
#                          ojects\zstack\Utilities\SerialApp\CC2530DB\..\Coor #
#                          dinator\ -I F:\นโลฬืสมฯ\ETC-WSNฮ๏มชอ๘นโลฬืสมฯ210\Z #
#                          igBeeอ๘ย็\WSN-CSิดย๋\ZStack-CC2530-2.5.1a\Projects #
#                          \zstack\Utilities\SerialApp\CC2530DB\..\..\..\ZMai #
#                          n\TI2530DB\ -I F:\นโลฬืสมฯ\ETC-WSNฮ๏มชอ๘นโลฬืสมฯ21 #
#                          0\ZigBeeอ๘ย็\WSN-CSิดย๋\ZStack-CC2530-2.5.1a\Proje #
#                          cts\zstack\Utilities\SerialApp\CC2530DB\..\..\..\. #
#                          .\..\Components\hal\include\ -I                    #
#                          F:\นโลฬืสมฯ\ETC-WSNฮ๏มชอ๘นโลฬืสมฯ210\ZigBeeอ๘ย็\WS #
#                          N-CSิดย๋\ZStack-CC2530-2.5.1a\Projects\zstack\Util #
#                          ities\SerialApp\CC2530DB\..\..\..\..\..\Components #
#                          \hal\target\CC2530EB\ -I                           #
#                          F:\นโลฬืสมฯ\ETC-WSNฮ๏มชอ๘นโลฬืสมฯ210\ZigBeeอ๘ย็\WS #
#                          N-CSิดย๋\ZStack-CC2530-2.5.1a\Projects\zstack\Util #
#                          ities\SerialApp\CC2530DB\..\..\..\..\..\Components #
#                          \mac\include\ -I F:\นโลฬืสมฯ\ETC-WSNฮ๏มชอ๘นโลฬืสมฯ #
#                          210\ZigBeeอ๘ย็\WSN-CSิดย๋\ZStack-CC2530-2.5.1a\Pro #
#                          jects\zstack\Utilities\SerialApp\CC2530DB\..\..\.. #
#                          \..\..\Components\mac\high_level\ -I               #
#                          F:\นโลฬืสมฯ\ETC-WSNฮ๏มชอ๘นโลฬืสมฯ210\ZigBeeอ๘ย็\WS #
#                          N-CSิดย๋\ZStack-CC2530-2.5.1a\Projects\zstack\Util #
#                          ities\SerialApp\CC2530DB\..\..\..\..\..\Components #
#                          \mac\low_level\srf04\ -I                           #
#                          F:\นโลฬืสมฯ\ETC-WSNฮ๏มชอ๘นโลฬืสมฯ210\ZigBeeอ๘ย็\WS #
#                          N-CSิดย๋\ZStack-CC2530-2.5.1a\Projects\zstack\Util #
#                          ities\SerialApp\CC2530DB\..\..\..\..\..\Components #
#                          \mac\low_level\srf04\single_chip\ -I               #
#                          F:\นโลฬืสมฯ\ETC-WSNฮ๏มชอ๘นโลฬืสมฯ210\ZigBeeอ๘ย็\WS #
#                          N-CSิดย๋\ZStack-CC2530-2.5.1a\Projects\zstack\Util #
#                          ities\SerialApp\CC2530DB\..\..\..\..\..\Components #
#                          \mt\ -I F:\นโลฬืสมฯ\ETC-WSNฮ๏มชอ๘นโลฬืสมฯ210\ZigBe #
#                          eอ๘ย็\WSN-CSิดย๋\ZStack-CC2530-2.5.1a\Projects\zst #
#                          ack\Utilities\SerialApp\CC2530DB\..\..\..\..\..\Co #
#                          mponents\osal\include\ -I                          #
#                          F:\นโลฬืสมฯ\ETC-WSNฮ๏มชอ๘นโลฬืสมฯ210\ZigBeeอ๘ย็\WS #
#                          N-CSิดย๋\ZStack-CC2530-2.5.1a\Projects\zstack\Util #
#                          ities\SerialApp\CC2530DB\..\..\..\..\..\Components #
#                          \services\saddr\ -I F:\นโลฬืสมฯ\ETC-WSNฮ๏มชอ๘นโลฬื #
#                          สมฯ210\ZigBeeอ๘ย็\WSN-CSิดย๋\ZStack-CC2530-2.5.1a\ #
#                          Projects\zstack\Utilities\SerialApp\CC2530DB\..\.. #
#                          \..\..\..\Components\services\sdata\ -I            #
#                          F:\นโลฬืสมฯ\ETC-WSNฮ๏มชอ๘นโลฬืสมฯ210\ZigBeeอ๘ย็\WS #
#                          N-CSิดย๋\ZStack-CC2530-2.5.1a\Projects\zstack\Util #
#                          ities\SerialApp\CC2530DB\..\..\..\..\..\Components #
#                          \stack\af\ -I F:\นโลฬืสมฯ\ETC-WSNฮ๏มชอ๘นโลฬืสมฯ210 #
#                          \ZigBeeอ๘ย็\WSN-CSิดย๋\ZStack-CC2530-2.5.1a\Projec #
#                          ts\zstack\Utilities\SerialApp\CC2530DB\..\..\..\.. #
#                          \..\Components\stack\nwk\ -I                       #
#                          F:\นโลฬืสมฯ\ETC-WSNฮ๏มชอ๘นโลฬืสมฯ210\ZigBeeอ๘ย็\WS #
#                          N-CSิดย๋\ZStack-CC2530-2.5.1a\Projects\zstack\Util #
#                          ities\SerialApp\CC2530DB\..\..\..\..\..\Components #
#                          \stack\sapi\ -I F:\นโลฬืสมฯ\ETC-WSNฮ๏มชอ๘นโลฬืสมฯ2 #
#                          10\ZigBeeอ๘ย็\WSN-CSิดย๋\ZStack-CC2530-2.5.1a\Proj #
#                          ects\zstack\Utilities\SerialApp\CC2530DB\..\..\..\ #
#                          ..\..\Components\stack\sec\ -I                     #
#                          F:\นโลฬืสมฯ\ETC-WSNฮ๏มชอ๘นโลฬืสมฯ210\ZigBeeอ๘ย็\WS #
#                          N-CSิดย๋\ZStack-CC2530-2.5.1a\Projects\zstack\Util #
#                          ities\SerialApp\CC2530DB\..\..\..\..\..\Components #
#                          \stack\sys\ -I F:\นโลฬืสมฯ\ETC-WSNฮ๏มชอ๘นโลฬืสมฯ21 #
#                          0\ZigBeeอ๘ย็\WSN-CSิดย๋\ZStack-CC2530-2.5.1a\Proje #
#                          cts\zstack\Utilities\SerialApp\CC2530DB\..\..\..\. #
#                          .\..\Components\stack\zdo\ -I                      #
#                          F:\นโลฬืสมฯ\ETC-WSNฮ๏มชอ๘นโลฬืสมฯ210\ZigBeeอ๘ย็\WS #
#                          N-CSิดย๋\ZStack-CC2530-2.5.1a\Projects\zstack\Util #
#                          ities\SerialApp\CC2530DB\..\..\..\..\..\Components #
#                          \zmac\ -I F:\นโลฬืสมฯ\ETC-WSNฮ๏มชอ๘นโลฬืสมฯ210\Zig #
#                          Beeอ๘ย็\WSN-CSิดย๋\ZStack-CC2530-2.5.1a\Projects\z #
#                          stack\Utilities\SerialApp\CC2530DB\..\..\..\..\..\ #
#                          Components\zmac\f8w\ -Ohz --require_prototypes     #
#    List file          =  F:\นโลฬืสมฯ\ETC-WSNฮ๏มชอ๘นโลฬืสมฯ210\ZigBeeอ๘ย็\WS #
#                          N-CSิดย๋\ZStack-CC2530-2.5.1a\Projects\zstack\Util #
#                          ities\SerialApp\CC2530DB\CoordinatorEB\List\LCDP56 #
#                          5.lst                                              #
#    Object file        =  F:\นโลฬืสมฯ\ETC-WSNฮ๏มชอ๘นโลฬืสมฯ210\ZigBeeอ๘ย็\WS #
#                          N-CSิดย๋\ZStack-CC2530-2.5.1a\Projects\zstack\Util #
#                          ities\SerialApp\CC2530DB\CoordinatorEB\Obj\LCDP565 #
#                          .r51                                               #
#                                                                             #
#                                                                             #
###############################################################################

F:\นโลฬืสมฯ\ETC-WSNฮ๏มชอ๘นโลฬืสมฯ210\ZigBeeอ๘ย็\WSN-CSิดย๋\ZStack-CC2530-2.5.1a\Components\uCGUI\ConvertColor\LCDP565.c
      1          /*
      2          *********************************************************************************************************
      3          *                                                uC/GUI
      4          *                        Universal graphic software for embedded applications
      5          *
      6          *                       (c) Copyright 2002, Micrium Inc., Weston, FL
      7          *                       (c) Copyright 2002, SEGGER Microcontroller Systeme GmbH
      8          *
      9          *              ตC/GUI is protected by international copyright laws. Knowledge of the
     10          *              source code may not be used to write a similar product. This file may
     11          *              only be used in accordance with a license and should not be redistributed
     12          *              in any way. We appreciate your understanding and fairness.
     13          *
     14          ----------------------------------------------------------------------
     15          File        : LCDP565.C
     16          Purpose     : Color conversion routines
     17          ---------------------------END-OF-HEADER------------------------------
     18          */
     19          
     20          #include "LCD_Protected.h"    /* inter modul definitions */
     21          
     22          /*********************************************************************
     23          *
     24          *       Defines
     25          *
     26          **********************************************************************
     27          */
     28          
     29          #define B_BITS 5
     30          #define G_BITS 6
     31          #define R_BITS 5
     32          
     33          #define R_MASK ((1 << R_BITS) -1)
     34          #define G_MASK ((1 << G_BITS) -1)
     35          #define B_MASK ((1 << B_BITS) -1)
     36          
     37          /*********************************************************************
     38          *
     39          *       Public code,
     40          *
     41          *       LCD_FIXEDPALETTE == 565, 65536 colors, BBBBBGGGGGGRRRRR
     42          *
     43          **********************************************************************
     44          */
     45          /*********************************************************************
     46          *
     47          *       LCD_Color2Index_565
     48          */

   \                                 In  segment BANKED_CODE, align 1, keep-with-next
     49          unsigned LCD_Color2Index_565(LCD_COLOR Color) {
   \                     LCD_Color2Index_565:
   \   000000   74F0         MOV     A,#-0x10
   \   000002   12....       LCALL   ?BANKED_ENTER_XDATA
   \   000005                ; Saved register size: 16
   \   000005                ; Auto size: 0
   \   000005   8A..         MOV     ?V0 + 4,R2
   \   000007   8B..         MOV     ?V0 + 5,R3
   \   000009   8C..         MOV     ?V0 + 6,R4
   \   00000B   8D..         MOV     ?V0 + 7,R5
     50            int r,g,b;
     51            r = (Color>> (8  - R_BITS)) & R_MASK;
     52            g = (Color>> (16 - G_BITS)) & G_MASK;
     53            b = (Color>> (24 - B_BITS)) & B_MASK;
     54            return r + (g << R_BITS) + (b << (G_BITS + R_BITS));
   \   00000D   8A..         MOV     ?V0 + 0,R2
   \   00000F   EA           MOV     A,R2
   \   000010   13           RRC     A
   \   000011   13           RRC     A
   \   000012   13           RRC     A
   \   000013   541F         ANL     A,#0x1f
   \   000015   FA           MOV     R2,A
   \   000016   8B..         MOV     ?V0 + 1,R3
   \   000018   740A         MOV     A,#0xa
   \   00001A   78..         MOV     R0,#?V0 + 0
   \   00001C   12....       LCALL   ?US_SHR
   \   00001F   7405         MOV     A,#0x5
   \   000021   78..         MOV     R0,#?V0 + 0
   \   000023   12....       LCALL   ?S_SHL
   \   000026   EA           MOV     A,R2
   \   000027   25..         ADD     A,?V0 + 0
   \   000029   FA           MOV     R2,A
   \   00002A   E4           CLR     A
   \   00002B   35..         ADDC    A,?V0 + 1
   \   00002D   FB           MOV     R3,A
   \   00002E   7413         MOV     A,#0x13
   \   000030   78..         MOV     R0,#?V0 + 4
   \   000032   12....       LCALL   ?UL_SHR
   \   000035   740B         MOV     A,#0xb
   \   000037   78..         MOV     R0,#?V0 + 4
   \   000039   12....       LCALL   ?S_SHL
   \   00003C   EA           MOV     A,R2
   \   00003D   2400         ADD     A,#0x0
   \   00003F   EB           MOV     A,R3
   \   000040   35..         ADDC    A,?V0 + 5
   \   000042   FB           MOV     R3,A
   \   000043   7F08         MOV     R7,#0x8
   \   000045   02....       LJMP    ?BANKED_LEAVE_XDATA
     55          }
     56          
     57          /*********************************************************************
     58          *
     59          *       LCD_GetIndexMask_565
     60          */

   \                                 In  segment BANKED_CODE, align 1, keep-with-next
     61          unsigned LCD_GetIndexMask_565(void) {
   \                     LCD_GetIndexMask_565:
   \   000000                ; Saved register size: 0
   \   000000                ; Auto size: 0
     62            return 0xffff;
   \   000000   7AFF         MOV     R2,#-0x1
   \   000002   7BFF         MOV     R3,#-0x1
   \   000004   02....       LJMP    ?BRET
     63          }

   \                                 In  segment BANK_RELAYS, align 1
   \                     ??LCD_Color2Index_565?relay:
   \   000000   12....       LCALL   ?BDISPATCH
   \   000003   ......       DC24    LCD_Color2Index_565

   \                                 In  segment BANK_RELAYS, align 1
   \                     ??LCD_GetIndexMask_565?relay:
   \   000000   12....       LCALL   ?BDISPATCH
   \   000003   ......       DC24    LCD_GetIndexMask_565
     64          
     65          /*************************** End of file ****************************/

   Maximum stack usage in bytes:

     Function             ISTACK PSTACK XSTACK
     --------             ------ ------ ------
     LCD_Color2Index_565      0      0     16
     LCD_GetIndexMask_565     0      0      0


   Segment part sizes:

     Function/Label               Bytes
     --------------               -----
     LCD_Color2Index_565            72
     LCD_GetIndexMask_565            7
     ??LCD_Color2Index_565?relay     6
     ??LCD_GetIndexMask_565?relay    6

 
 79 bytes in segment BANKED_CODE
 12 bytes in segment BANK_RELAYS
 
 91 bytes of CODE memory

Errors: none
Warnings: none
