###############################################################################
#                                                                             #
# IAR C/C++ Compiler V8.10.1.10194/W32 for 8051         10/Jul/2018  15:41:35 #
# Copyright 2004-2011 IAR Systems AB.                                         #
#                                                                             #
#    Core               =  plain                                              #
#    Code model         =  banked                                             #
#    Data model         =  large                                              #
#    Calling convention =  xdata reentrant                                    #
#    Constant location  =  data_rom                                           #
#    Dptr setup         =  1,16                                               #
#    Source file        =  E:\123\´óÈý\Éú²úÊµÏ°\Àý³Ì\Àý³Ì\Ë«»ú\WSN_ZigBee\Com #
#                          ponents\hal\target\CC2530EB\hal_uart.c             #
#    Command line       =  -f E:\123\´óÈý\Éú²úÊµÏ°\Àý³Ì\Àý³Ì\Ë«»ú\WSN_ZigBee\ #
#                          Projects\zstack\Utilities\SerialApp\CC2530DB\..\.. #
#                          \..\Tools\CC2530DB\f8wRouter.cfg (-DCPU32MHZ       #
#                          -DROOT=__near_func -DMAC_CFG_APP_PENDING_QUEUE=TRU #
#                          E -DRTR_NWK -DBLINK_LEDS) -f                       #
#                          E:\123\´óÈý\Éú²úÊµÏ°\Àý³Ì\Àý³Ì\Ë«»ú\WSN_ZigBee\Pro #
#                          jects\zstack\Utilities\SerialApp\CC2530DB\..\..\.. #
#                          \Tools\CC2530DB\f8wConfig.cfg (-DSECURE=0          #
#                          -DZG_SECURE_DYNAMIC=0 -DREFLECTOR                  #
#                          -DDEFAULT_CHANLIST=0x00000800                      #
#                          -DZDAPP_CONFIG_PAN_ID=0xFFF1                       #
#                          -DNWK_START_DELAY=100 -DEXTENDED_JOINING_RANDOM_MA #
#                          SK=0x007F -DBEACON_REQUEST_DELAY=100               #
#                          -DBEACON_REQ_DELAY_MASK=0x00FF                     #
#                          -DROUTE_EXPIRY_TIME=30 -DAPSC_ACK_WAIT_DURATION_PO #
#                          LLED=3000 -DNWK_INDIRECT_MSG_TIMEOUT=7             #
#                          -DMAX_RREQ_ENTRIES=8 -DAPSC_MAX_FRAME_RETRIES=3    #
#                          -DNWK_MAX_DATA_RETRIES=2                           #
#                          -DMAX_POLL_FAILURE_RETRIES=2 -DMAX_BCAST=9         #
#                          -DAPS_MAX_GROUPS=16 -DMAX_RTG_ENTRIES=40           #
#                          -DNWK_MAX_BINDING_ENTRIES=4                        #
#                          -DMAX_BINDING_CLUSTER_IDS=4 "-DDEFAULT_KEY={0x01,  #
#                          0x03, 0x05, 0x07, 0x09, 0x0B, 0x0D, 0x0F, 0x00,    #
#                          0x02, 0x04, 0x06, 0x08, 0x0A, 0x0C, 0x0D}"         #
#                          -DMAC_MAX_FRAME_SIZE=116 "-DCONST=const __code"    #
#                          -DGENERIC=__generic -DRFD_RCVC_ALWAYS_ON=FALSE     #
#                          -DPOLL_RATE=1000 -DQUEUED_POLL_RATE=100            #
#                          -DRESPONSE_POLL_RATE=100) -DREJOIN_POLL_RATE=440   #
#                          E:\123\´óÈý\Éú²úÊµÏ°\Àý³Ì\Àý³Ì\Ë«»ú\WSN_ZigBee\Com #
#                          ponents\hal\target\CC2530EB\hal_uart.c -D          #
#                          ZIGBEEPRO -D HAL_UART=TRUE -D SERIAL_APP_PORT=0    #
#                          -D LCD_SUPPORTED -lC E:\123\´óÈý\Éú²úÊµÏ°\Àý³Ì\Àý³ #
#                          Ì\Ë«»ú\WSN_ZigBee\Projects\zstack\Utilities\Serial #
#                          App\CC2530DB\RouterEB-Pro\List\ -lA                #
#                          E:\123\´óÈý\Éú²úÊµÏ°\Àý³Ì\Àý³Ì\Ë«»ú\WSN_ZigBee\Pro #
#                          jects\zstack\Utilities\SerialApp\CC2530DB\RouterEB #
#                          -Pro\List\ --diag_suppress Pe001,Pa010 -o          #
#                          E:\123\´óÈý\Éú²úÊµÏ°\Àý³Ì\Àý³Ì\Ë«»ú\WSN_ZigBee\Pro #
#                          jects\zstack\Utilities\SerialApp\CC2530DB\RouterEB #
#                          -Pro\Obj\ -e --debug --core=plain --dptr=16,1      #
#                          --data_model=large --code_model=banked             #
#                          --calling_convention=xdata_reentrant               #
#                          --place_constants=data_rom --nr_virtual_regs 8 -I  #
#                          E:\123\´óÈý\Éú²úÊµÏ°\Àý³Ì\Àý³Ì\Ë«»ú\WSN_ZigBee\Pro #
#                          jects\zstack\Utilities\SerialApp\CC2530DB\ -I      #
#                          E:\123\´óÈý\Éú²úÊµÏ°\Àý³Ì\Àý³Ì\Ë«»ú\WSN_ZigBee\Pro #
#                          jects\zstack\Utilities\SerialApp\CC2530DB\..\SOURC #
#                          E\ -I E:\123\´óÈý\Éú²úÊµÏ°\Àý³Ì\Àý³Ì\Ë«»ú\WSN_ZigB #
#                          ee\Projects\zstack\Utilities\SerialApp\CC2530DB\.. #
#                          \..\..\ZMAIN\TI2530DB\ -I                          #
#                          E:\123\´óÈý\Éú²úÊµÏ°\Àý³Ì\Àý³Ì\Ë«»ú\WSN_ZigBee\Pro #
#                          jects\zstack\Utilities\SerialApp\CC2530DB\..\..\.. #
#                          \..\..\COMPONENTS\MT\ -I                           #
#                          E:\123\´óÈý\Éú²úÊµÏ°\Àý³Ì\Àý³Ì\Ë«»ú\WSN_ZigBee\Pro #
#                          jects\zstack\Utilities\SerialApp\CC2530DB\..\..\.. #
#                          \..\..\COMPONENTS\HAL\INCLUDE\ -I                  #
#                          E:\123\´óÈý\Éú²úÊµÏ°\Àý³Ì\Àý³Ì\Ë«»ú\WSN_ZigBee\Pro #
#                          jects\zstack\Utilities\SerialApp\CC2530DB\..\..\.. #
#                          \..\..\COMPONENTS\HAL\TARGET\CC2530EB\ -I          #
#                          E:\123\´óÈý\Éú²úÊµÏ°\Àý³Ì\Àý³Ì\Ë«»ú\WSN_ZigBee\Pro #
#                          jects\zstack\Utilities\SerialApp\CC2530DB\..\..\.. #
#                          \..\..\COMPONENTS\OSAL\MCU\CCSOC\ -I               #
#                          E:\123\´óÈý\Éú²úÊµÏ°\Àý³Ì\Àý³Ì\Ë«»ú\WSN_ZigBee\Pro #
#                          jects\zstack\Utilities\SerialApp\CC2530DB\..\..\.. #
#                          \..\..\COMPONENTS\OSAL\INCLUDE\ -I                 #
#                          E:\123\´óÈý\Éú²úÊµÏ°\Àý³Ì\Àý³Ì\Ë«»ú\WSN_ZigBee\Pro #
#                          jects\zstack\Utilities\SerialApp\CC2530DB\..\..\.. #
#                          \..\..\COMPONENTS\STACK\AF\ -I                     #
#                          E:\123\´óÈý\Éú²úÊµÏ°\Àý³Ì\Àý³Ì\Ë«»ú\WSN_ZigBee\Pro #
#                          jects\zstack\Utilities\SerialApp\CC2530DB\..\..\.. #
#                          \..\..\COMPONENTS\STACK\NWK\ -I                    #
#                          E:\123\´óÈý\Éú²úÊµÏ°\Àý³Ì\Àý³Ì\Ë«»ú\WSN_ZigBee\Pro #
#                          jects\zstack\Utilities\SerialApp\CC2530DB\..\..\.. #
#                          \..\..\COMPONENTS\STACK\SEC\ -I                    #
#                          E:\123\´óÈý\Éú²úÊµÏ°\Àý³Ì\Àý³Ì\Ë«»ú\WSN_ZigBee\Pro #
#                          jects\zstack\Utilities\SerialApp\CC2530DB\..\..\.. #
#                          \..\..\COMPONENTS\STACK\SAPI\ -I                   #
#                          E:\123\´óÈý\Éú²úÊµÏ°\Àý³Ì\Àý³Ì\Ë«»ú\WSN_ZigBee\Pro #
#                          jects\zstack\Utilities\SerialApp\CC2530DB\..\..\.. #
#                          \..\..\COMPONENTS\STACK\SYS\ -I                    #
#                          E:\123\´óÈý\Éú²úÊµÏ°\Àý³Ì\Àý³Ì\Ë«»ú\WSN_ZigBee\Pro #
#                          jects\zstack\Utilities\SerialApp\CC2530DB\..\..\.. #
#                          \..\..\COMPONENTS\STACK\ZDO\ -I                    #
#                          E:\123\´óÈý\Éú²úÊµÏ°\Àý³Ì\Àý³Ì\Ë«»ú\WSN_ZigBee\Pro #
#                          jects\zstack\Utilities\SerialApp\CC2530DB\..\..\.. #
#                          \..\..\COMPONENTS\ZMAC\F8W\ -I                     #
#                          E:\123\´óÈý\Éú²úÊµÏ°\Àý³Ì\Àý³Ì\Ë«»ú\WSN_ZigBee\Pro #
#                          jects\zstack\Utilities\SerialApp\CC2530DB\..\..\.. #
#                          \..\..\COMPONENTS\ZMAC\ -I                         #
#                          E:\123\´óÈý\Éú²úÊµÏ°\Àý³Ì\Àý³Ì\Ë«»ú\WSN_ZigBee\Pro #
#                          jects\zstack\Utilities\SerialApp\CC2530DB\..\..\.. #
#                          \..\..\COMPONENTS\SERVICES\SADDR\ -I               #
#                          E:\123\´óÈý\Éú²úÊµÏ°\Àý³Ì\Àý³Ì\Ë«»ú\WSN_ZigBee\Pro #
#                          jects\zstack\Utilities\SerialApp\CC2530DB\..\..\.. #
#                          \..\..\COMPONENTS\SERVICES\SDATA\ -I               #
#                          E:\123\´óÈý\Éú²úÊµÏ°\Àý³Ì\Àý³Ì\Ë«»ú\WSN_ZigBee\Pro #
#                          jects\zstack\Utilities\SerialApp\CC2530DB\..\..\.. #
#                          \..\..\COMPONENTS\MAC\INCLUDE\ -I                  #
#                          E:\123\´óÈý\Éú²úÊµÏ°\Àý³Ì\Àý³Ì\Ë«»ú\WSN_ZigBee\Pro #
#                          jects\zstack\Utilities\SerialApp\CC2530DB\..\..\.. #
#                          \..\..\COMPONENTS\MAC\HIGH_LEVEL\ -I               #
#                          E:\123\´óÈý\Éú²úÊµÏ°\Àý³Ì\Àý³Ì\Ë«»ú\WSN_ZigBee\Pro #
#                          jects\zstack\Utilities\SerialApp\CC2530DB\..\..\.. #
#                          \..\..\COMPONENTS\MAC\LOW_LEVEL\srf04\ -I          #
#                          E:\123\´óÈý\Éú²úÊµÏ°\Àý³Ì\Àý³Ì\Ë«»ú\WSN_ZigBee\Pro #
#                          jects\zstack\Utilities\SerialApp\CC2530DB\..\..\.. #
#                          \..\..\COMPONENTS\MAC\LOW_LEVEL\srf04\SINGLE_CHIP\ #
#                           -Ohz --require_prototypes                         #
#    List file          =  E:\123\´óÈý\Éú²úÊµÏ°\Àý³Ì\Àý³Ì\Ë«»ú\WSN_ZigBee\Pro #
#                          jects\zstack\Utilities\SerialApp\CC2530DB\RouterEB #
#                          -Pro\List\hal_uart.lst                             #
#    Object file        =  E:\123\´óÈý\Éú²úÊµÏ°\Àý³Ì\Àý³Ì\Ë«»ú\WSN_ZigBee\Pro #
#                          jects\zstack\Utilities\SerialApp\CC2530DB\RouterEB #
#                          -Pro\Obj\hal_uart.r51                              #
#                                                                             #
#                                                                             #
###############################################################################

E:\123\´óÈý\Éú²úÊµÏ°\Àý³Ì\Àý³Ì\Ë«»ú\WSN_ZigBee\Components\hal\target\CC2530EB\hal_uart.c
      1          /**************************************************************************************************
      2            Filename:       _hal_uart.c
      3            Revised:        $Date: 2009-03-19 15:13:41 -0700 (Thu, 19 Mar 2009) $
      4            Revision:       $Revision: 19475 $
      5          
      6            Description: This file contains the interface to the H/W UART driver.
      7          
      8          
      9            Copyright 2006-2009 Texas Instruments Incorporated. All rights reserved.
     10          
     11            IMPORTANT: Your use of this Software is limited to those specific rights
     12            granted under the terms of a software license agreement between the user
     13            who downloaded the software, his/her employer (which must be your employer)
     14            and Texas Instruments Incorporated (the "License").  You may not use this
     15            Software unless you agree to abide by the terms of the License. The License
     16            limits your use, and you acknowledge, that the Software may not be modified,
     17            copied or distributed unless embedded on a Texas Instruments microcontroller
     18            or used solely and exclusively in conjunction with a Texas Instruments radio
     19            frequency transceiver, which is integrated into your product.  Other than for
     20            the foregoing purpose, you may not use, reproduce, copy, prepare derivative
     21            works of, modify, distribute, perform, display or sell this Software and/or
     22            its documentation for any purpose.
     23          
     24            YOU FURTHER ACKNOWLEDGE AND AGREE THAT THE SOFTWARE AND DOCUMENTATION ARE
     25            PROVIDED “AS IS” WITHOUT WARRANTY OF ANY KIND, EITHER EXPRESS OR IMPLIED,
     26            INCLUDING WITHOUT LIMITATION, ANY WARRANTY OF MERCHANTABILITY, TITLE,
     27            NON-INFRINGEMENT AND FITNESS FOR A PARTICULAR PURPOSE. IN NO EVENT SHALL
     28            TEXAS INSTRUMENTS OR ITS LICENSORS BE LIABLE OR OBLIGATED UNDER CONTRACT,
     29            NEGLIGENCE, STRICT LIABILITY, CONTRIBUTION, BREACH OF WARRANTY, OR OTHER
     30            LEGAL EQUITABLE THEORY ANY DIRECT OR INDIRECT DAMAGES OR EXPENSES
     31            INCLUDING BUT NOT LIMITED TO ANY INCIDENTAL, SPECIAL, INDIRECT, PUNITIVE
     32            OR CONSEQUENTIAL DAMAGES, LOST PROFITS OR LOST DATA, COST OF PROCUREMENT
     33            OF SUBSTITUTE GOODS, TECHNOLOGY, SERVICES, OR ANY CLAIMS BY THIRD PARTIES
     34            (INCLUDING BUT NOT LIMITED TO ANY DEFENSE THEREOF), OR OTHER SIMILAR COSTS.
     35          
     36            Should you have any questions regarding your right to use this Software,
     37            contact Texas Instruments Incorporated at www.TI.com.
     38          **************************************************************************************************/
     39          
     40          /*********************************************************************
     41           * INCLUDES
     42           */
     43          
     44          #include "hal_board_cfg.h"

   \                                 In  segment SFR_AN, at 0x80
   \   union <unnamed> volatile __sfr _A_P0
   \                     _A_P0:
   \   000000                DS 1

   \                                 In  segment SFR_AN, at 0x86
   \   unsigned char volatile __sfr U0CSR
   \                     U0CSR:
   \   000000                DS 1

   \                                 In  segment SFR_AN, at 0x95
   \   unsigned char volatile __sfr ST0
   \                     ST0:
   \   000000                DS 1

   \                                 In  segment SFR_AN, at 0xa8
   \   union <unnamed> volatile __sfr _A_IEN0
   \                     _A_IEN0:
   \   000000                DS 1

   \                                 In  segment SFR_AN, at 0xc1
   \   unsigned char volatile __sfr U0DBUF
   \                     U0DBUF:
   \   000000                DS 1

   \                                 In  segment SFR_AN, at 0xc2
   \   unsigned char volatile __sfr U0BAUD
   \                     U0BAUD:
   \   000000                DS 1

   \                                 In  segment SFR_AN, at 0xc4
   \   unsigned char volatile __sfr U0UCR
   \                     U0UCR:
   \   000000                DS 1

   \                                 In  segment SFR_AN, at 0xc5
   \   unsigned char volatile __sfr U0GCR
   \                     U0GCR:
   \   000000                DS 1

   \                                 In  segment SFR_AN, at 0xd1
   \   unsigned char volatile __sfr DMAIRQ
   \                     DMAIRQ:
   \   000000                DS 1

   \                                 In  segment SFR_AN, at 0xd6
   \   unsigned char volatile __sfr DMAARM
   \                     DMAARM:
   \   000000                DS 1

   \                                 In  segment SFR_AN, at 0xd7
   \   unsigned char volatile __sfr DMAREQ
   \                     DMAREQ:
   \   000000                DS 1

   \                                 In  segment SFR_AN, at 0xf1
   \   unsigned char volatile __sfr PERCFG
   \                     PERCFG:
   \   000000                DS 1

   \                                 In  segment SFR_AN, at 0xf2
   \   unsigned char volatile __sfr ADCCFG
   \                     ADCCFG:
   \   000000                DS 1

   \                                 In  segment SFR_AN, at 0xf3
   \   unsigned char volatile __sfr P0SEL
   \                     P0SEL:
   \   000000                DS 1

   \                                 In  segment SFR_AN, at 0xfd
   \   unsigned char volatile __sfr P0DIR
   \                     P0DIR:
   \   000000                DS 1

   \                                 In  segment SFR_AN, at 0xff
   \   unsigned char volatile __sfr P2DIR
   \                     P2DIR:
   \   000000                DS 1
     45          #include "hal_defs.h"
     46          #include "hal_types.h"
     47          #include "hal_uart.h"
     48          
     49          /*********************************************************************
     50           * MACROS
     51           */
     52          
     53          /*********************************************************************
     54           * TYPEDEFS
     55           */
     56          
     57          /*********************************************************************
     58           * CONSTANTS
     59           */
     60          
     61          /*********************************************************************
     62           * GLOBAL VARIABLES
     63           */
     64          
     65          /*********************************************************************
     66           * GLOBAL FUNCTIONS
     67           */
     68          
     69          /*********************************************************************
     70           * LOCAL VARIABLES
     71           */
     72          
     73          /*********************************************************************
     74           * LOCAL FUNCTIONS
     75           */
     76          
     77          #if HAL_UART_DMA
     78          #include "_hal_uart_dma.c"

   \                                 In  segment XDATA_Z, align 1, keep-with-next
   \   static uartDMACfg_t dmaCfg
   \                     dmaCfg:
   \   000000                DS 526
   \   00020E                REQUIRE __INIT_XDATA_Z

   \                                 In  segment BANKED_CODE, align 1, keep-with-next
   \   static __banked_func __xdata_reentrant void HalUARTInitDMA(void)
   \                     HalUARTInitDMA:
   \   000000   C082         PUSH    DPL
   \   000002   C083         PUSH    DPH
   \   000004                ; Saved register size: 2
   \   000004                ; Auto size: 0
   \   000004   53FF3F       ANL     0xff,#0x3f
   \   000007   85FFFF       MOV     0xff,0xff
   \   00000A   53F1FE       ANL     0xf1,#0xfe
   \   00000D   43F30C       ORL     0xf3,#0xc
   \   000010   53F2F3       ANL     0xf2,#0xf3
   \   000013   758680       MOV     0x86,#-0x80
   \   000016   75C480       MOV     0xc4,#-0x80
   \   000019   90....       MOV     DPTR,#dmaCh1234 + 26
   \   00001C   7470         MOV     A,#0x70
   \   00001E   F0           MOVX    @DPTR,A
   \   00001F   A3           INC     DPTR
   \   000020   74C1         MOV     A,#-0x3f
   \   000022   F0           MOVX    @DPTR,A
   \   000023   A3           INC     DPTR
   \   000024   E0           MOVX    A,@DPTR
   \   000025   541F         ANL     A,#0x1f
   \   000027   F0           MOVX    @DPTR,A
   \   000028   90....       MOV     DPTR,#dmaCh1234 + 30
   \   00002B   740F         MOV     A,#0xf
   \   00002D   F0           MOVX    @DPTR,A
   \   00002E   A3           INC     DPTR
   \   00002F   744A         MOV     A,#0x4a
   \   000031   F0           MOVX    @DPTR,A
   \   000032   90....       MOV     DPTR,#dmaCh1234 + 16
   \   000035   7470         MOV     A,#0x70
   \   000037   F0           MOVX    @DPTR,A
   \   000038   A3           INC     DPTR
   \   000039   74C1         MOV     A,#-0x3f
   \   00003B   F0           MOVX    @DPTR,A
   \   00003C   90....       MOV     DPTR,#dmaCh1234 + 20
   \   00003F   E0           MOVX    A,@DPTR
   \   000040   541F         ANL     A,#0x1f
   \   000042   F0           MOVX    @DPTR,A
   \   000043   90....       MOV     DPTR,#dmaCh1234 + 22
   \   000046   74CE         MOV     A,#-0x32
   \   000048   F0           MOVX    @DPTR,A
   \   000049   A3           INC     DPTR
   \   00004A   E0           MOVX    A,@DPTR
   \   00004B   540F         ANL     A,#0xf
   \   00004D   4410         ORL     A,#0x10
   \   00004F   F0           MOVX    @DPTR,A

    HAL_DMA_SET_DEST( ch, dmaCfg.rxBuf );
    ^
"E:\123\´óÈý\Éú²úÊµÏ°\Àý³Ì\Àý³Ì\Ë«»ú\WSN_ZigBee\Components\hal\target\CC2530EB\_hal_uart_dma.c",375  Warning[Pe069]: 
          integer conversion resulted in truncation
   \   000050   74..         MOV     A,#(dmaCfg >> 8) & 0xff
   \   000052   90....       MOV     DPTR,#dmaCh1234 + 18
   \   000055   F0           MOVX    @DPTR,A
   \   000056   A3           INC     DPTR
   \   000057   74..         MOV     A,#dmaCfg & 0xff
   \   000059   F0           MOVX    @DPTR,A
   \   00005A   90....       MOV     DPTR,#dmaCh1234 + 21
   \   00005D   7480         MOV     A,#-0x80
   \   00005F   F0           MOVX    @DPTR,A
   \   000060   90....       MOV     DPTR,#dmaCh1234 + 20
   \   000063   E4           CLR     A
   \   000064   F0           MOVX    @DPTR,A
   \   000065   90....       MOV     DPTR,#dmaCh1234 + 23
   \   000068   7412         MOV     A,#0x12
   \   00006A   02....       LJMP    ?Subroutine0 & 0xFFFF
   \   00006D                REQUIRE P2DIR
   \   00006D                REQUIRE PERCFG
   \   00006D                REQUIRE P0SEL
   \   00006D                REQUIRE ADCCFG
   \   00006D                REQUIRE U0CSR
   \   00006D                REQUIRE U0UCR

   \                                 In  segment BANKED_CODE, align 1, keep-with-next
   \                     ?Subroutine0:
   \   000000   F0           MOVX    @DPTR,A
   \   000001                REQUIRE ??Subroutine15_0
   \   000001                ; // Fall through to label ??Subroutine15_0

   \                                 In  segment BANKED_CODE, align 1, keep-with-next
   \                     ??Subroutine15_0:
   \   000000   D083         POP     DPH
   \   000002   D082         POP     DPL
   \   000004   02....       LJMP    ?BRET

   \                                 In  segment BANKED_CODE, align 1, keep-with-next
   \   static __banked_func __xdata_reentrant void HalUARTOpenDMA(halUARTCfg_t *)
   \                     HalUARTOpenDMA:
   \   000000   C082         PUSH    DPL
   \   000002   C083         PUSH    DPH
   \   000004                ; Saved register size: 2
   \   000004                ; Auto size: 0
   \   000004   EA           MOV     A,R2
   \   000005   241B         ADD     A,#0x1b
   \   000007   F582         MOV     DPL,A
   \   000009   EB           MOV     A,R3
   \   00000A   12....       LCALL   ??Subroutine14_0 & 0xFFFF
   \                     ??CrossCallReturnLabel_18:
   \   00000D   F8           MOV     R0,A
   \   00000E   A3           INC     DPTR
   \   00000F   E0           MOVX    A,@DPTR
   \   000010   F9           MOV     R1,A
   \   000011   90....       MOV     DPTR,#dmaCfg + 524
   \   000014   E8           MOV     A,R0
   \   000015   F0           MOVX    @DPTR,A
   \   000016   A3           INC     DPTR
   \   000017   E9           MOV     A,R1
   \   000018   F0           MOVX    @DPTR,A
   \   000019   8A82         MOV     DPL,R2
   \   00001B   8B83         MOV     DPH,R3
   \   00001D   A3           INC     DPTR
   \   00001E   E0           MOVX    A,@DPTR
   \   00001F   F8           MOV     R0,A
   \   000020   7403         MOV     A,#0x3
   \   000022   68           XRL     A,R0
   \   000023   6005         JZ      ??HalUARTOpenDMA_0
   \   000025   7404         MOV     A,#0x4
   \   000027   68           XRL     A,R0
   \   000028   7005         JNZ     ??HalUARTOpenDMA_1
   \                     ??HalUARTOpenDMA_0:
   \   00002A   75C2D8       MOV     0xc2,#-0x28
   \   00002D   8003         SJMP    ??HalUARTOpenDMA_2
   \                     ??HalUARTOpenDMA_1:
   \   00002F   75C23B       MOV     0xc2,#0x3b
   \                     ??HalUARTOpenDMA_2:
   \   000032   E0           MOVX    A,@DPTR
   \   000033   600B         JZ      ??HalUARTOpenDMA_3
   \   000035   14           DEC     A
   \   000036   6012         JZ      ??HalUARTOpenDMA_4
   \   000038   14           DEC     A
   \   000039   6019         JZ      ??HalUARTOpenDMA_5
   \   00003B   14           DEC     A
   \   00003C   6020         JZ      ??HalUARTOpenDMA_6
   \   00003E   8028         SJMP    ??HalUARTOpenDMA_7
   \                     ??HalUARTOpenDMA_3:
   \   000040   75C508       MOV     0xc5,#0x8
   \   000043   90....       MOV     DPTR,#dmaCfg + 520
   \   000046   7423         MOV     A,#0x23
   \   000048   8026         SJMP    ??HalUARTOpenDMA_8
   \                     ??HalUARTOpenDMA_4:
   \   00004A   75C509       MOV     0xc5,#0x9
   \   00004D   90....       MOV     DPTR,#dmaCfg + 520
   \   000050   7412         MOV     A,#0x12
   \   000052   801C         SJMP    ??HalUARTOpenDMA_8
   \                     ??HalUARTOpenDMA_5:
   \   000054   75C50A       MOV     0xc5,#0xa
   \   000057   90....       MOV     DPTR,#dmaCfg + 520
   \   00005A   7409         MOV     A,#0x9
   \   00005C   8012         SJMP    ??HalUARTOpenDMA_8
   \                     ??HalUARTOpenDMA_6:
   \   00005E   75C50A       MOV     0xc5,#0xa
   \   000061   90....       MOV     DPTR,#dmaCfg + 520
   \   000064   7406         MOV     A,#0x6
   \   000066   8008         SJMP    ??HalUARTOpenDMA_8
   \                     ??HalUARTOpenDMA_7:
   \   000068   75C50B       MOV     0xc5,#0xb
   \   00006B   90....       MOV     DPTR,#dmaCfg + 520
   \   00006E   7403         MOV     A,#0x3
   \                     ??HalUARTOpenDMA_8:
   \   000070   F0           MOVX    @DPTR,A
   \   000071   8A82         MOV     DPL,R2
   \   000073   8B83         MOV     DPH,R3
   \   000075   A3           INC     DPTR
   \   000076   A3           INC     DPTR
   \   000077   E0           MOVX    A,@DPTR
   \   000078   600D         JZ      ??HalUARTOpenDMA_9
   \   00007A   75C442       MOV     0xc4,#0x42
   \   00007D   43F310       ORL     0xf3,#0x10
   \   000080   C285         CLR     0x80.5
   \   000082   43FD20       ORL     0xfd,#0x20
   \   000085   8003         SJMP    ??HalUARTOpenDMA_10
   \                     ??HalUARTOpenDMA_9:
   \   000087   75C402       MOV     0xc4,#0x2
   \                     ??HalUARTOpenDMA_10:
   \   00008A   9070C1       MOV     DPTR,#0x70c1
   \   00008D   E0           MOVX    A,@DPTR
   \   00008E   90....       MOV     DPTR,#dmaCfg
   \   000091   F0           MOVX    @DPTR,A
   \   000092   A3           INC     DPTR
   \   000093   E4           CLR     A
   \   000094   F0           MOVX    @DPTR,A
   \   000095   53D1F7       ANL     0xd1,#0xf7
   \   000098   75D608       MOV     0xd6,#0x8
   \   00009B                ; Setup parameters for call to function osal_memset
   \   00009B   FC           MOV     R4,A
   \   00009C   7D01         MOV     R5,#0x1
   \   00009E   E5C2         MOV     A,0xc2
   \   0000A0   F4           CPL     A
   \   0000A1   F9           MOV     R1,A
   \   0000A2   7A..         MOV     R2,#dmaCfg & 0xff
   \   0000A4   7B..         MOV     R3,#(dmaCfg >> 8) & 0xff
   \   0000A6   12....       LCALL   ??osal_memset?relay
   \   0000A9   438640       ORL     0x86,#0x40
   \   0000AC   75C100       MOV     0xc1,#0x0
   \   0000AF   90....       MOV     DPTR,#dmaCfg + 523
   \   0000B2   E4           CLR     A
   \   0000B3   F0           MOVX    @DPTR,A
   \   0000B4   90....       MOV     DPTR,#dmaCfg + 522
   \   0000B7   02....       LJMP    ?Subroutine0 & 0xFFFF
   \   0000BA                REQUIRE U0BAUD
   \   0000BA                REQUIRE U0GCR
   \   0000BA                REQUIRE U0UCR
   \   0000BA                REQUIRE P0SEL
   \   0000BA                REQUIRE _A_P0
   \   0000BA                REQUIRE P0DIR
   \   0000BA                REQUIRE DMAIRQ
   \   0000BA                REQUIRE DMAARM
   \   0000BA                REQUIRE U0CSR
   \   0000BA                REQUIRE U0DBUF

   \                                 In  segment BANKED_CODE, align 1, keep-with-next
   \                     ??Subroutine14_0:
   \   000000   3400         ADDC    A,#0x0
   \   000002   F583         MOV     DPH,A
   \   000004   E0           MOVX    A,@DPTR
   \   000005   22           RET

   \                                 In  segment BANKED_CODE, align 1, keep-with-next
   \   static __banked_func __xdata_reentrant uint16 HalUARTReadDMA(unsigned char *, uint16)
   \                     HalUARTReadDMA:
   \   000000   74F6         MOV     A,#-0xa
   \   000002   12....       LCALL   ?BANKED_ENTER_XDATA
   \   000005                ; Saved register size: 10
   \   000005                ; Auto size: 0
   \   000005   7800         MOV     R0,#0x0
   \   000007   7900         MOV     R1,#0x0
   \   000009   802F         SJMP    ??HalUARTReadDMA_0
   \                     ??HalUARTReadDMA_1:
   \   00000B   8A82         MOV     DPL,R2
   \   00000D   8B83         MOV     DPH,R3
   \   00000F   E5..         MOV     A,?V0 + 0
   \   000011   F0           MOVX    @DPTR,A
   \   000012   A3           INC     DPTR
   \   000013   AA82         MOV     R2,DPL
   \   000015   AB83         MOV     R3,DPH
   \   000017   E5C2         MOV     A,0xc2
   \   000019   F4           CPL     A
   \   00001A   F5..         MOV     ?V0 + 1,A
   \   00001C   12....       LCALL   ?Subroutine6 & 0xFFFF
   \                     ??CrossCallReturnLabel_6:
   \   00001F   E4           CLR     A
   \   000020   F0           MOVX    @DPTR,A
   \   000021   A3           INC     DPTR
   \   000022   E5..         MOV     A,?V0 + 1
   \   000024   F0           MOVX    @DPTR,A
   \   000025   90....       MOV     DPTR,#dmaCfg + 256
   \   000028   E0           MOVX    A,@DPTR
   \   000029   04           INC     A
   \   00002A   F0           MOVX    @DPTR,A
   \   00002B   C3           CLR     C
   \   00002C   9480         SUBB    A,#-0x80
   \   00002E   4002         JC      ??HalUARTReadDMA_2
   \   000030   E4           CLR     A
   \   000031   F0           MOVX    @DPTR,A
   \                     ??HalUARTReadDMA_2:
   \   000032   E8           MOV     A,R0
   \   000033   2401         ADD     A,#0x1
   \   000035   08           INC     R0
   \   000036   E9           MOV     A,R1
   \   000037   3400         ADDC    A,#0x0
   \   000039   F9           MOV     R1,A
   \                     ??HalUARTReadDMA_0:
   \   00003A   C3           CLR     C
   \   00003B   E8           MOV     A,R0
   \   00003C   9C           SUBB    A,R4
   \   00003D   E9           MOV     A,R1
   \   00003E   9D           SUBB    A,R5
   \   00003F   500C         JNC     ??HalUARTReadDMA_3
   \   000041   12....       LCALL   ?Subroutine6 & 0xFFFF
   \                     ??CrossCallReturnLabel_7:
   \   000044   E0           MOVX    A,@DPTR
   \   000045   F5..         MOV     ?V0 + 0,A
   \   000047   A3           INC     DPTR
   \   000048   E0           MOVX    A,@DPTR
   \   000049   65C2         XRL     A,0xc2
   \   00004B   60BE         JZ      ??HalUARTReadDMA_1
   \                     ??HalUARTReadDMA_3:
   \   00004D   C285         CLR     0x80.5
   \   00004F   E8           MOV     A,R0
   \   000050   FA           MOV     R2,A
   \   000051   E9           MOV     A,R1
   \   000052   FB           MOV     R3,A
   \   000053                REQUIRE ?Subroutine1
   \   000053                REQUIRE U0BAUD
   \   000053                REQUIRE _A_P0
   \   000053                ; // Fall through to label ?Subroutine1

   \                                 In  segment BANKED_CODE, align 1, keep-with-next
   \                     ?Subroutine1:
   \   000000   7F02         MOV     R7,#0x2
   \   000002   02....       LJMP    ?BANKED_LEAVE_XDATA

   \                                 In  segment BANKED_CODE, align 1, keep-with-next
   \                     ?Subroutine6:
   \   000000   90....       MOV     DPTR,#dmaCfg + 256
   \   000003   E0           MOVX    A,@DPTR
   \   000004   C3           CLR     C
   \   000005   33           RLC     A
   \   000006   FE           MOV     R6,A
   \   000007   E4           CLR     A
   \   000008   33           RLC     A
   \   000009   FF           MOV     R7,A
   \   00000A   74..         MOV     A,#dmaCfg & 0xff
   \   00000C   2E           ADD     A,R6
   \   00000D   F582         MOV     DPL,A
   \   00000F   74..         MOV     A,#(dmaCfg >> 8) & 0xff
   \   000011   3F           ADDC    A,R7
   \   000012   F583         MOV     DPH,A
   \   000014   22           RET

   \                                 In  segment BANKED_CODE, align 1, keep-with-next
   \   static __banked_func __xdata_reentrant uint16 HalUARTWriteDMA(unsigned char *, uint16)
   \                     HalUARTWriteDMA:
   \   000000   74F0         MOV     A,#-0x10
   \   000002   12....       LCALL   ?BANKED_ENTER_XDATA
   \   000005                ; Saved register size: 16
   \   000005                ; Auto size: 0
   \   000005   8A..         MOV     ?V0 + 6,R2
   \   000007   8B..         MOV     ?V0 + 7,R3
   \   000009   8C..         MOV     ?V0 + 4,R4
   \   00000B   8D..         MOV     ?V0 + 5,R5
   \   00000D   90....       MOV     DPTR,#dmaCfg + 518
   \   000010   E0           MOVX    A,@DPTR
   \   000011   12....       LCALL   ?Subroutine9 & 0xFFFF
   \                     ??CrossCallReturnLabel_21:
   \   000014   F8           MOV     R0,A
   \   000015   EC           MOV     A,R4
   \   000016   28           ADD     A,R0
   \   000017   F8           MOV     R0,A
   \   000018   ED           MOV     A,R5
   \   000019   3400         ADDC    A,#0x0
   \   00001B   F9           MOV     R1,A
   \   00001C   C3           CLR     C
   \   00001D   E8           MOV     A,R0
   \   00001E   9481         SUBB    A,#-0x7f
   \   000020   E9           MOV     A,R1
   \   000021   9400         SUBB    A,#0x0
   \   000023   4007         JC      ??HalUARTWriteDMA_0
   \   000025   7A00         MOV     R2,#0x0
   \   000027   7B00         MOV     R3,#0x0
   \   000029   02....       LJMP    ??HalUARTWriteDMA_1 & 0xFFFF
   \                     ??HalUARTWriteDMA_0:
   \   00002C   E5A8         MOV     A,0xa8
   \   00002E   F8           MOV     R0,A
   \   00002F   C2AF         CLR     0xa8.7
   \   000031   90....       MOV     DPTR,#dmaCfg + 518
   \   000034   E0           MOVX    A,@DPTR
   \   000035   FE           MOV     R6,A
   \   000036   8E82         MOV     DPL,R6
   \   000038   AC82         MOV     R4,DPL
   \   00003A   7D00         MOV     R5,#0x0
   \   00003C   74..         MOV     A,#(dmaCfg + 4) & 0xff
   \   00003E   2C           ADD     A,R4
   \   00003F   12....       LCALL   ??Subroutine13_0 & 0xFFFF
   \                     ??CrossCallReturnLabel_19:
   \   000042   F9           MOV     R1,A
   \   000043   E8           MOV     A,R0
   \   000044   A2E7         MOV     C,0xE0 /* A   */.7
   \   000046   92AF         MOV     0xa8.7,C
   \   000048   7A00         MOV     R2,#0x0
   \   00004A   7B00         MOV     R3,#0x0
   \   00004C   8018         SJMP    ??CrossCallReturnLabel_4
   \                     ??HalUARTWriteDMA_2:
   \   00004E   12....       LCALL   ?Subroutine11 & 0xFFFF
   \                     ??CrossCallReturnLabel_14:
   \   000051   C0E0         PUSH    A
   \   000053   8C..         MOV     ?V0 + 0,R4
   \   000055   8D..         MOV     ?V0 + 1,R5
   \   000057   7407         MOV     A,#0x7
   \   000059   78..         MOV     R0,#?V0 + 0
   \   00005B   12....       LCALL   ?S_SHL
   \   00005E   12....       LCALL   ?Subroutine7 & 0xFFFF
   \                     ??CrossCallReturnLabel_8:
   \   000061   D0E0         POP     A
   \   000063   12....       LCALL   ?Subroutine5 & 0xFFFF
   \                     ??CrossCallReturnLabel_4:
   \   000066   C3           CLR     C
   \   000067   EA           MOV     A,R2
   \   000068   95..         SUBB    A,?V0 + 4
   \   00006A   EB           MOV     A,R3
   \   00006B   95..         SUBB    A,?V0 + 5
   \   00006D   40DF         JC      ??HalUARTWriteDMA_2
   \   00006F   A2AF         MOV     C,0xa8.7
   \   000071   E4           CLR     A
   \   000072   33           RLC     A
   \   000073   FF           MOV     R7,A
   \   000074   C2AF         CLR     0xa8.7
   \   000076   90....       MOV     DPTR,#dmaCfg + 518
   \   000079   E0           MOVX    A,@DPTR
   \   00007A   6E           XRL     A,R6
   \   00007B   6040         JZ      ??HalUARTWriteDMA_3
   \   00007D   EF           MOV     A,R7
   \   00007E   A2E0         MOV     C,0xE0 /* A   */.0
   \   000080   92AF         MOV     0xa8.7,C
   \   000082   E0           MOVX    A,@DPTR
   \   000083   FE           MOV     R6,A
   \   000084   8E82         MOV     DPL,R6
   \   000086   AC82         MOV     R4,DPL
   \   000088   74..         MOV     A,#(dmaCfg + 4) & 0xff
   \   00008A   2C           ADD     A,R4
   \   00008B   12....       LCALL   ??Subroutine13_0 & 0xFFFF
   \                     ??CrossCallReturnLabel_20:
   \   00008E   F9           MOV     R1,A
   \   00008F   7A00         MOV     R2,#0x0
   \   000091   7B00         MOV     R3,#0x0
   \   000093   8018         SJMP    ??CrossCallReturnLabel_5
   \                     ??HalUARTWriteDMA_4:
   \   000095   12....       LCALL   ?Subroutine11 & 0xFFFF
   \                     ??CrossCallReturnLabel_15:
   \   000098   C0E0         PUSH    A
   \   00009A   8C..         MOV     ?V0 + 0,R4
   \   00009C   8D..         MOV     ?V0 + 1,R5
   \   00009E   7407         MOV     A,#0x7
   \   0000A0   78..         MOV     R0,#?V0 + 0
   \   0000A2   12....       LCALL   ?S_SHL
   \   0000A5   12....       LCALL   ?Subroutine7 & 0xFFFF
   \                     ??CrossCallReturnLabel_9:
   \   0000A8   D0E0         POP     A
   \   0000AA   12....       LCALL   ?Subroutine5 & 0xFFFF
   \                     ??CrossCallReturnLabel_5:
   \   0000AD   C3           CLR     C
   \   0000AE   EA           MOV     A,R2
   \   0000AF   95..         SUBB    A,?V0 + 4
   \   0000B1   EB           MOV     A,R3
   \   0000B2   95..         SUBB    A,?V0 + 5
   \   0000B4   40DF         JC      ??HalUARTWriteDMA_4
   \   0000B6   A2AF         MOV     C,0xa8.7
   \   0000B8   E4           CLR     A
   \   0000B9   33           RLC     A
   \   0000BA   FF           MOV     R7,A
   \   0000BB   C2AF         CLR     0xa8.7
   \                     ??HalUARTWriteDMA_3:
   \   0000BD   8E82         MOV     DPL,R6
   \   0000BF   AC82         MOV     R4,DPL
   \   0000C1   74..         MOV     A,#(dmaCfg + 4) & 0xff
   \   0000C3   2C           ADD     A,R4
   \   0000C4   F582         MOV     DPL,A
   \   0000C6   74..         MOV     A,#((dmaCfg + 516) >> 8) & 0xff
   \   0000C8   3400         ADDC    A,#0x0
   \   0000CA   F583         MOV     DPH,A
   \   0000CC   E9           MOV     A,R1
   \   0000CD   F0           MOVX    @DPTR,A
   \   0000CE   EC           MOV     A,R4
   \   0000CF   6401         XRL     A,#0x1
   \   0000D1   12....       LCALL   ?Subroutine9 & 0xFFFF
   \                     ??CrossCallReturnLabel_22:
   \   0000D4   7006         JNZ     ??HalUARTWriteDMA_5
   \   0000D6   90....       MOV     DPTR,#dmaCfg + 523
   \   0000D9   7401         MOV     A,#0x1
   \   0000DB   F0           MOVX    @DPTR,A
   \                     ??HalUARTWriteDMA_5:
   \   0000DC   EF           MOV     A,R7
   \   0000DD   A2E0         MOV     C,0xE0 /* A   */.0
   \   0000DF   92AF         MOV     0xa8.7,C
   \                     ??HalUARTWriteDMA_1:
   \   0000E1   7F08         MOV     R7,#0x8
   \   0000E3   02....       LJMP    ?BANKED_LEAVE_XDATA
   \   0000E6                REQUIRE _A_IEN0

   \                                 In  segment BANKED_CODE, align 1, keep-with-next
   \                     ?Subroutine11:
   \   000000   E5..         MOV     A,?V0 + 6
   \   000002   2A           ADD     A,R2
   \   000003   F582         MOV     DPL,A
   \   000005   E5..         MOV     A,?V0 + 7
   \   000007   3B           ADDC    A,R3
   \   000008   F583         MOV     DPH,A
   \   00000A   E0           MOVX    A,@DPTR
   \   00000B   22           RET

   \                                 In  segment BANKED_CODE, align 1, keep-with-next
   \                     ?Subroutine9:
   \   000000   F8           MOV     R0,A
   \   000001   74..         MOV     A,#(dmaCfg + 4) & 0xff
   \   000003   28           ADD     A,R0
   \   000004                REQUIRE ??Subroutine13_0
   \   000004                ; // Fall through to label ??Subroutine13_0

   \                                 In  segment BANKED_CODE, align 1, keep-with-next
   \                     ??Subroutine13_0:
   \   000000   F582         MOV     DPL,A
   \   000002   74..         MOV     A,#((dmaCfg + 516) >> 8) & 0xff
   \   000004                REQUIRE ??Subroutine14_0
   \   000004                ; // Fall through to label ??Subroutine14_0

   \                                 In  segment BANKED_CODE, align 1, keep-with-next
   \                     ?Subroutine7:
   \   000000   89..         MOV     ?V0 + 2,R1
   \   000002   74..         MOV     A,#(dmaCfg + 4) & 0xff
   \   000004   25..         ADD     A,?V0 + 2
   \   000006   F5..         MOV     ?V0 + 2,A
   \   000008   74..         MOV     A,#((dmaCfg + 260) >> 8) & 0xff
   \   00000A   3400         ADDC    A,#0x0
   \   00000C   F5..         MOV     ?V0 + 3,A
   \   00000E   E5..         MOV     A,?V0 + 2
   \   000010   25..         ADD     A,?V0 + 0
   \   000012   F582         MOV     DPL,A
   \   000014   E5..         MOV     A,?V0 + 3
   \   000016   35..         ADDC    A,?V0 + 1
   \   000018   F583         MOV     DPH,A
   \   00001A   22           RET

   \                                 In  segment BANKED_CODE, align 1, keep-with-next
   \                     ?Subroutine5:
   \   000000   F0           MOVX    @DPTR,A
   \   000001   09           INC     R1
   \   000002   EA           MOV     A,R2
   \   000003   2401         ADD     A,#0x1
   \   000005   0A           INC     R2
   \   000006   EB           MOV     A,R3
   \   000007   3400         ADDC    A,#0x0
   \   000009   FB           MOV     R3,A
   \   00000A   22           RET

   \                                 In  segment BANKED_CODE, align 1, keep-with-next
   \   static __banked_func __xdata_reentrant void HalUARTPollDMA(void)
   \                     HalUARTPollDMA:
   \   000000   74F6         MOV     A,#-0xa
   \   000002   12....       LCALL   ?BANKED_ENTER_XDATA
   \   000005                ; Saved register size: 10
   \   000005                ; Auto size: 0
   \   000005   7E00         MOV     R6,#0x0
   \   000007   90....       MOV     DPTR,#dmaCfg + 256
   \   00000A   E0           MOVX    A,@DPTR
   \   00000B   FA           MOV     R2,A
   \   00000C   12....       LCALL   ?Subroutine10 & 0xFFFF
   \                     ??CrossCallReturnLabel_12:
   \   00000F   6003         JZ      $+5
   \   000011   02....       LJMP    ??HalUARTPollDMA_0 & 0xFFFF
   \   000014   8A82         MOV     DPL,R2
   \   000016   AC82         MOV     R4,DPL
   \   000018   EC           MOV     A,R4
   \   000019   F8           MOV     R0,A
   \   00001A   7900         MOV     R1,#0x0
   \                     ??HalUARTPollDMA_1:
   \   00001C   E8           MOV     A,R0
   \   00001D   FA           MOV     R2,A
   \   00001E   E9           MOV     A,R1
   \   00001F   FB           MOV     R3,A
   \   000020   EA           MOV     A,R2
   \   000021   C3           CLR     C
   \   000022   33           RLC     A
   \   000023   FA           MOV     R2,A
   \   000024   EB           MOV     A,R3
   \   000025   33           RLC     A
   \   000026   FB           MOV     R3,A
   \   000027   74..         MOV     A,#dmaCfg & 0xff
   \   000029   2A           ADD     A,R2
   \   00002A   F582         MOV     DPL,A
   \   00002C   74..         MOV     A,#(dmaCfg >> 8) & 0xff
   \   00002E   3B           ADDC    A,R3
   \   00002F   F583         MOV     DPH,A
   \   000031   A3           INC     DPTR
   \   000032   E0           MOVX    A,@DPTR
   \   000033   65C2         XRL     A,0xc2
   \   000035   7010         JNZ     ??HalUARTPollDMA_2
   \   000037   12....       LCALL   ?Subroutine8 & 0xFFFF
   \                     ??CrossCallReturnLabel_11:
   \   00003A   4004         JC      ??HalUARTPollDMA_3
   \   00003C   7800         MOV     R0,#0x0
   \   00003E   7900         MOV     R1,#0x0
   \                     ??HalUARTPollDMA_3:
   \   000040   EC           MOV     A,R4
   \   000041   68           XRL     A,R0
   \   000042   7001         JNZ     ??HalUARTPollDMA_4
   \   000044   E9           MOV     A,R1
   \                     ??HalUARTPollDMA_4:
   \   000045   70D5         JNZ     ??HalUARTPollDMA_1
   \                     ??HalUARTPollDMA_2:
   \   000047   90....       MOV     DPTR,#dmaCfg + 257
   \   00004A   E0           MOVX    A,@DPTR
   \   00004B   FA           MOV     R2,A
   \   00004C   E8           MOV     A,R0
   \   00004D   6A           XRL     A,R2
   \   00004E   7001         JNZ     ??HalUARTPollDMA_5
   \   000050   E9           MOV     A,R1
   \                     ??HalUARTPollDMA_5:
   \   000051   6011         JZ      ??HalUARTPollDMA_6
   \   000053   E8           MOV     A,R0
   \   000054   F0           MOVX    @DPTR,A
   \   000055   A3           INC     DPTR
   \   000056   E0           MOVX    A,@DPTR
   \   000057   7004         JNZ     ??HalUARTPollDMA_7
   \   000059   E595         MOV     A,0x95
   \   00005B   A3           INC     DPTR
   \   00005C   F0           MOVX    @DPTR,A
   \                     ??HalUARTPollDMA_7:
   \   00005D   90....       MOV     DPTR,#dmaCfg + 258
   \   000060   74C6         MOV     A,#-0x3a
   \   000062   801E         SJMP    ??HalUARTPollDMA_8
   \                     ??HalUARTPollDMA_6:
   \   000064   A3           INC     DPTR
   \   000065   E0           MOVX    A,@DPTR
   \   000066   F9           MOV     R1,A
   \   000067   601A         JZ      ??HalUARTPollDMA_9
   \   000069   A3           INC     DPTR
   \   00006A   E0           MOVX    A,@DPTR
   \   00006B   F8           MOV     R0,A
   \   00006C   E595         MOV     A,0x95
   \   00006E   C3           CLR     C
   \   00006F   98           SUBB    A,R0
   \   000070   F8           MOV     R0,A
   \   000071   C3           CLR     C
   \   000072   99           SUBB    A,R1
   \   000073   90....       MOV     DPTR,#dmaCfg + 258
   \   000076   5009         JNC     ??HalUARTPollDMA_10
   \   000078   E0           MOVX    A,@DPTR
   \   000079   C3           CLR     C
   \   00007A   98           SUBB    A,R0
   \   00007B   F0           MOVX    @DPTR,A
   \   00007C   E595         MOV     A,0x95
   \   00007E   A3           INC     DPTR
   \   00007F   8001         SJMP    ??HalUARTPollDMA_8
   \                     ??HalUARTPollDMA_10:
   \   000081   E4           CLR     A
   \                     ??HalUARTPollDMA_8:
   \   000082   F0           MOVX    @DPTR,A
   \                     ??HalUARTPollDMA_9:
   \   000083                ; Setup parameters for call to function HalUARTRxAvailDMA
   \   000083   12....       LCALL   ??HalUARTRxAvailDMA?relay
   \   000086   8A..         MOV     ?V0 + 0,R2
   \   000088   8B..         MOV     ?V0 + 1,R3
   \   00008A   A8..         MOV     R0,?V0 + 0
   \   00008C   A9..         MOV     R1,?V0 + 1
   \   00008E   C3           CLR     C
   \   00008F   E8           MOV     A,R0
   \   000090   9470         SUBB    A,#0x70
   \   000092   E9           MOV     A,R1
   \   000093   9400         SUBB    A,#0x0
   \   000095   400A         JC      ??HalUARTPollDMA_11
   \   000097   0E           INC     R6
   \   000098   8022         SJMP    ??HalUARTPollDMA_12
   \                     ??HalUARTPollDMA_0:
   \   00009A   90....       MOV     DPTR,#dmaCfg + 258
   \   00009D   E4           CLR     A
   \   00009E   F0           MOVX    @DPTR,A
   \   00009F   801B         SJMP    ??HalUARTPollDMA_12
   \                     ??HalUARTPollDMA_11:
   \   0000A1   C3           CLR     C
   \   0000A2   E8           MOV     A,R0
   \   0000A3   9430         SUBB    A,#0x30
   \   0000A5   E9           MOV     A,R1
   \   0000A6   9400         SUBB    A,#0x0
   \   0000A8   4006         JC      ??HalUARTPollDMA_13
   \   0000AA   0E           INC     R6
   \   0000AB   0E           INC     R6
   \   0000AC   D285         SETB    0x80.5
   \   0000AE   800C         SJMP    ??HalUARTPollDMA_12
   \                     ??HalUARTPollDMA_13:
   \   0000B0   E8           MOV     A,R0
   \   0000B1   49           ORL     A,R1
   \   0000B2   6008         JZ      ??HalUARTPollDMA_12
   \   0000B4   90....       MOV     DPTR,#dmaCfg + 258
   \   0000B7   E0           MOVX    A,@DPTR
   \   0000B8   7002         JNZ     ??HalUARTPollDMA_12
   \   0000BA   7E04         MOV     R6,#0x4
   \                     ??HalUARTPollDMA_12:
   \   0000BC   90....       MOV     DPTR,#dmaCfg + 519
   \   0000BF   E0           MOVX    A,@DPTR
   \   0000C0   6006         JZ      ??HalUARTPollDMA_14
   \   0000C2   E4           CLR     A
   \   0000C3   F0           MOVX    @DPTR,A
   \   0000C4   EE           MOV     A,R6
   \   0000C5   D2E4         SETB    0xE0 /* A   */.4
   \   0000C7   FE           MOV     R6,A
   \                     ??HalUARTPollDMA_14:
   \   0000C8   90....       MOV     DPTR,#dmaCfg + 522
   \   0000CB   E0           MOVX    A,@DPTR
   \   0000CC   6019         JZ      ??HalUARTPollDMA_15
   \   0000CE   E595         MOV     A,0x95
   \   0000D0   F9           MOV     R1,A
   \   0000D1   90....       MOV     DPTR,#dmaCfg + 521
   \   0000D4   E0           MOVX    A,@DPTR
   \   0000D5   F8           MOV     R0,A
   \   0000D6   E9           MOV     A,R1
   \   0000D7   C3           CLR     C
   \   0000D8   98           SUBB    A,R0
   \   0000D9   F8           MOV     R0,A
   \   0000DA   90....       MOV     DPTR,#dmaCfg + 520
   \   0000DD   E0           MOVX    A,@DPTR
   \   0000DE   C3           CLR     C
   \   0000DF   98           SUBB    A,R0
   \   0000E0   5005         JNC     ??HalUARTPollDMA_15
   \   0000E2   90....       MOV     DPTR,#dmaCfg + 522
   \   0000E5   E4           CLR     A
   \   0000E6   F0           MOVX    @DPTR,A
   \                     ??HalUARTPollDMA_15:
   \   0000E7   90....       MOV     DPTR,#dmaCfg + 523
   \   0000EA   E0           MOVX    A,@DPTR
   \   0000EB   6058         JZ      ??HalUARTPollDMA_16
   \   0000ED   90....       MOV     DPTR,#dmaCfg + 522
   \   0000F0   E0           MOVX    A,@DPTR
   \   0000F1   7052         JNZ     ??HalUARTPollDMA_16
   \   0000F3   A3           INC     DPTR
   \   0000F4   E4           CLR     A
   \   0000F5   12....       LCALL   ?Subroutine4 & 0xFFFF
   \                     ??CrossCallReturnLabel_2:
   \   0000F8   12....       LCALL   ?S_SHL
   \   0000FB   74..         MOV     A,#(dmaCfg + 4) & 0xff
   \   0000FD   25..         ADD     A,?V0 + 0
   \   0000FF   74..         MOV     A,#((dmaCfg + 260) >> 8) & 0xff
   \   000101   35..         ADDC    A,?V0 + 1
   \   000103   90....       MOV     DPTR,#dmaCh1234 + 24
   \   000106   12....       LCALL   ?Subroutine4 & 0xFFFF
   \                     ??CrossCallReturnLabel_3:
   \   000109   12....       LCALL   ?S_SHL
   \   00010C   74..         MOV     A,#(dmaCfg + 4) & 0xff
   \   00010E   25..         ADD     A,?V0 + 0
   \   000110   90....       MOV     DPTR,#dmaCh1234 + 25
   \   000113   12....       LCALL   ?Subroutine3 & 0xFFFF
   \                     ??CrossCallReturnLabel_0:
   \   000116   90....       MOV     DPTR,#dmaCh1234 + 29
   \   000119   F0           MOVX    @DPTR,A
   \   00011A   90....       MOV     DPTR,#dmaCh1234 + 28
   \   00011D   E0           MOVX    A,@DPTR
   \   00011E   54E0         ANL     A,#0xe0
   \   000120   F0           MOVX    @DPTR,A
   \   000121   90....       MOV     DPTR,#dmaCfg + 518
   \   000124   E0           MOVX    A,@DPTR
   \   000125   E0           MOVX    A,@DPTR
   \   000126   6401         XRL     A,#0x1
   \   000128   F0           MOVX    @DPTR,A
   \   000129   A2AF         MOV     C,0xa8.7
   \   00012B   E4           CLR     A
   \   00012C   33           RLC     A
   \   00012D   F8           MOV     R0,A
   \   00012E   C2AF         CLR     0xa8.7
   \   000130   75D610       MOV     0xd6,#0x10
   \                     ??HalUARTPollDMA_17:
   \   000133   00           NOP
   \   000134   E5D6         MOV     A,0xd6
   \   000136   A2E4         MOV     C,0xE0 /* A   */.4
   \   000138   50F9         JNC     ??HalUARTPollDMA_17
   \   00013A   53D1EF       ANL     0xd1,#0xef
   \   00013D   75D710       MOV     0xd7,#0x10
   \   000140   E8           MOV     A,R0
   \   000141   A2E0         MOV     C,0xE0 /* A   */.0
   \   000143   92AF         MOV     0xa8.7,C
   \                     ??HalUARTPollDMA_16:
   \   000145   EE           MOV     A,R6
   \   000146   6019         JZ      ??HalUARTPollDMA_18
   \   000148   90....       MOV     DPTR,#dmaCfg + 524
   \   00014B   E0           MOVX    A,@DPTR
   \   00014C   F8           MOV     R0,A
   \   00014D   A3           INC     DPTR
   \   00014E   E0           MOVX    A,@DPTR
   \   00014F   F9           MOV     R1,A
   \   000150   8882         MOV     DPL,R0
   \   000152   8983         MOV     DPH,R1
   \   000154   E582         MOV     A,DPL
   \   000156   4583         ORL     A,DPH
   \   000158   6007         JZ      ??HalUARTPollDMA_18
   \   00015A                ; Setup parameters for indirect call
   \   00015A   EE           MOV     A,R6
   \   00015B   FA           MOV     R2,A
   \   00015C   7900         MOV     R1,#0x0
   \   00015E   12....       LCALL   ?CALL_IND
   \                     ??HalUARTPollDMA_18:
   \   000161   02....       LJMP    ?Subroutine1 & 0xFFFF
   \   000164                REQUIRE U0BAUD
   \   000164                REQUIRE ST0
   \   000164                REQUIRE _A_P0
   \   000164                REQUIRE _A_IEN0
   \   000164                REQUIRE DMAARM
   \   000164                REQUIRE DMAIRQ
   \   000164                REQUIRE DMAREQ

   \                                 In  segment BANKED_CODE, align 1, keep-with-next
   \                     ?Subroutine4:
   \   000000   F0           MOVX    @DPTR,A
   \   000001   90....       MOV     DPTR,#dmaCfg + 518
   \   000004   E0           MOVX    A,@DPTR
   \   000005   F5..         MOV     ?V0 + 0,A
   \   000007   75..00       MOV     ?V0 + 1,#0x0
   \   00000A   7407         MOV     A,#0x7
   \   00000C   78..         MOV     R0,#?V0 + 0
   \   00000E   22           RET

   \                                 In  segment BANKED_CODE, align 1, keep-with-next
   \                     ?Subroutine10:
   \   000000   C3           CLR     C
   \   000001   33           RLC     A
   \   000002   F8           MOV     R0,A
   \   000003   E4           CLR     A
   \   000004   33           RLC     A
   \   000005   F9           MOV     R1,A
   \   000006   74..         MOV     A,#dmaCfg & 0xff
   \   000008   28           ADD     A,R0
   \   000009   F582         MOV     DPL,A
   \   00000B   74..         MOV     A,#(dmaCfg >> 8) & 0xff
   \   00000D   39           ADDC    A,R1
   \   00000E   F583         MOV     DPH,A
   \   000010   A3           INC     DPTR
   \   000011   E0           MOVX    A,@DPTR
   \   000012   65C2         XRL     A,0xc2
   \   000014   22           RET

   \                                 In  segment BANKED_CODE, align 1, keep-with-next
   \                     ?Subroutine3:
   \   000000   F0           MOVX    @DPTR,A
   \   000001   90....       MOV     DPTR,#dmaCfg + 518
   \   000004   E0           MOVX    A,@DPTR
   \   000005   12....       LCALL   ?Subroutine12 & 0xFFFF
   \                     ??CrossCallReturnLabel_17:
   \   000008   E0           MOVX    A,@DPTR
   \   000009   22           RET

   \                                 In  segment BANKED_CODE, align 1, keep-with-next
   \                     ?Subroutine12:
   \   000000   F8           MOV     R0,A
   \   000001   74..         MOV     A,#(dmaCfg + 4) & 0xff
   \   000003   28           ADD     A,R0
   \   000004   F582         MOV     DPL,A
   \   000006   74..         MOV     A,#((dmaCfg + 516) >> 8) & 0xff
   \   000008   3400         ADDC    A,#0x0
   \   00000A   F583         MOV     DPH,A
   \   00000C   22           RET

   \                                 In  segment BANKED_CODE, align 1, keep-with-next
   \   static __banked_func __xdata_reentrant uint16 HalUARTRxAvailDMA(void)
   \                     HalUARTRxAvailDMA:
   \   000000   C082         PUSH    DPL
   \   000002   C083         PUSH    DPH
   \   000004                ; Saved register size: 2
   \   000004                ; Auto size: 0
   \   000004   7A00         MOV     R2,#0x0
   \   000006   7B00         MOV     R3,#0x0
   \   000008   90....       MOV     DPTR,#dmaCfg + 256
   \   00000B   E0           MOVX    A,@DPTR
   \   00000C   12....       LCALL   ?Subroutine10 & 0xFFFF
   \                     ??CrossCallReturnLabel_13:
   \   00000F   702C         JNZ     ??HalUARTRxAvailDMA_0
   \   000011   7800         MOV     R0,#0x0
   \   000013   7900         MOV     R1,#0x0
   \                     ??HalUARTRxAvailDMA_1:
   \   000015   E8           MOV     A,R0
   \   000016   FC           MOV     R4,A
   \   000017   E9           MOV     A,R1
   \   000018   FD           MOV     R5,A
   \   000019   EC           MOV     A,R4
   \   00001A   C3           CLR     C
   \   00001B   33           RLC     A
   \   00001C   FC           MOV     R4,A
   \   00001D   ED           MOV     A,R5
   \   00001E   33           RLC     A
   \   00001F   FD           MOV     R5,A
   \   000020   74..         MOV     A,#dmaCfg & 0xff
   \   000022   2C           ADD     A,R4
   \   000023   F582         MOV     DPL,A
   \   000025   74..         MOV     A,#(dmaCfg >> 8) & 0xff
   \   000027   3D           ADDC    A,R5
   \   000028   F583         MOV     DPH,A
   \   00002A   A3           INC     DPTR
   \   00002B   E0           MOVX    A,@DPTR
   \   00002C   65C2         XRL     A,0xc2
   \   00002E   7008         JNZ     ??HalUARTRxAvailDMA_2
   \   000030   EA           MOV     A,R2
   \   000031   2401         ADD     A,#0x1
   \   000033   0A           INC     R2
   \   000034   EB           MOV     A,R3
   \   000035   3400         ADDC    A,#0x0
   \   000037   FB           MOV     R3,A
   \                     ??HalUARTRxAvailDMA_2:
   \   000038   12....       LCALL   ?Subroutine8 & 0xFFFF
   \                     ??CrossCallReturnLabel_10:
   \   00003B   40D8         JC      ??HalUARTRxAvailDMA_1
   \                     ??HalUARTRxAvailDMA_0:
   \   00003D   80..         SJMP    ??Subroutine15_0
   \   00003F                REQUIRE U0BAUD

   \                                 In  segment BANKED_CODE, align 1, keep-with-next
   \                     ?Subroutine8:
   \   000000   E8           MOV     A,R0
   \   000001   2401         ADD     A,#0x1
   \   000003   08           INC     R0
   \   000004   E9           MOV     A,R1
   \   000005   3400         ADDC    A,#0x0
   \   000007   F9           MOV     R1,A
   \   000008   C3           CLR     C
   \   000009   E8           MOV     A,R0
   \   00000A   9480         SUBB    A,#-0x80
   \   00000C   E9           MOV     A,R1
   \   00000D   9400         SUBB    A,#0x0
   \   00000F   22           RET

   \                                 In  segment BANKED_CODE, align 1, keep-with-next
   \   __banked_func __xdata_reentrant void HalUARTIsrDMA(void)
   \                     HalUARTIsrDMA:
   \   000000   C082         PUSH    DPL
   \   000002   C083         PUSH    DPH
   \   000004                ; Saved register size: 2
   \   000004                ; Auto size: 0
   \   000004   53D1EF       ANL     0xd1,#0xef
   \   000007   90....       MOV     DPTR,#dmaCfg + 518
   \   00000A   E0           MOVX    A,@DPTR
   \   00000B   6401         XRL     A,#0x1
   \   00000D   12....       LCALL   ?Subroutine12 & 0xFFFF
   \                     ??CrossCallReturnLabel_16:
   \   000010   E4           CLR     A
   \   000011   F0           MOVX    @DPTR,A
   \   000012   90....       MOV     DPTR,#dmaCfg + 519
   \   000015   04           INC     A
   \   000016   F0           MOVX    @DPTR,A
   \   000017   E595         MOV     A,0x95
   \   000019   90....       MOV     DPTR,#dmaCfg + 521
   \   00001C   F0           MOVX    @DPTR,A
   \   00001D   A3           INC     DPTR
   \   00001E   7401         MOV     A,#0x1
   \   000020   12....       LCALL   ?Subroutine3 & 0xFFFF
   \                     ??CrossCallReturnLabel_1:
   \   000023   6006         JZ      ??HalUARTIsrDMA_0
   \   000025   90....       MOV     DPTR,#dmaCfg + 523
   \   000028   7401         MOV     A,#0x1
   \   00002A   F0           MOVX    @DPTR,A
   \                     ??HalUARTIsrDMA_0:
   \   00002B   80..         SJMP    ??Subroutine15_0
   \   00002D                REQUIRE DMAIRQ
   \   00002D                REQUIRE ST0
     79          #endif
     80          #if HAL_UART_ISR
     81          #include "_hal_uart_isr.c"
     82          #endif
     83          
     84          /******************************************************************************
     85           * @fn      HalUARTInit
     86           *
     87           * @brief   Initialize the UART
     88           *
     89           * @param   none
     90           *
     91           * @return  none
     92           *****************************************************************************/

   \                                 In  segment BANKED_CODE, align 1, keep-with-next
     93          void HalUARTInit(void)
   \                     HalUARTInit:
     94          {
   \   000000   C082         PUSH    DPL
   \   000002   C083         PUSH    DPH
   \   000004                ; Saved register size: 2
   \   000004                ; Auto size: 0
     95          #if HAL_UART_DMA
     96            HalUARTInitDMA();
   \   000004                ; Setup parameters for call to function HalUARTInitDMA
   \   000004   12....       LCALL   ??HalUARTInitDMA?relay
     97          #endif
     98          #if HAL_UART_ISR
     99            HalUARTInitISR();
    100          #endif
    101          }
   \   000007   80..         SJMP    ??Subroutine15_0
    102          
    103          /******************************************************************************
    104           * @fn      HalUARTOpen
    105           *
    106           * @brief   Open a port according tp the configuration specified by parameter.
    107           *
    108           * @param   port   - UART port
    109           *          config - contains configuration information
    110           *
    111           * @return  Status of the function call
    112           *****************************************************************************/

   \                                 In  segment BANKED_CODE, align 1, keep-with-next
    113          uint8 HalUARTOpen(uint8 port, halUARTCfg_t *config)
   \                     HalUARTOpen:
    114          {
   \   000000   74F7         MOV     A,#-0x9
   \   000002   12....       LCALL   ?BANKED_ENTER_XDATA
   \   000005                ; Saved register size: 9
   \   000005                ; Auto size: 0
   \   000005   E9           MOV     A,R1
    115          #if (HAL_UART_DMA == 1)
    116            if (port == HAL_UART_PORT_0)  HalUARTOpenDMA(config);
   \   000006   7003         JNZ     ??HalUARTOpen_0
   \   000008                ; Setup parameters for call to function HalUARTOpenDMA
   \   000008   12....       LCALL   ??HalUARTOpenDMA?relay
    117          #endif
    118          #if (HAL_UART_DMA == 2)
    119            if (port == HAL_UART_PORT_1)  HalUARTOpenDMA(config);
    120          #endif
    121          #if (HAL_UART_ISR == 1)
    122            if (port == HAL_UART_PORT_0)  HalUARTOpenISR(config);
    123          #endif
    124          #if (HAL_UART_ISR == 2)
    125            if (port == HAL_UART_PORT_1)  HalUARTOpenISR(config);
    126          #endif
    127            
    128          #if (HAL_UART_DMA == 0) && (HAL_UART_ISR == 0)
    129            // UART is not enabled. Do nothing.
    130            (void) port;   // unused argument
    131            (void) config; // unused argument
    132          #endif
    133            
    134            return HAL_UART_SUCCESS;
   \                     ??HalUARTOpen_0:
   \   00000B   7900         MOV     R1,#0x0
   \   00000D   80..         SJMP    ?Subroutine2
    135          }

   \                                 In  segment BANKED_CODE, align 1, keep-with-next
   \                     ?Subroutine2:
   \   000000   7F01         MOV     R7,#0x1
   \   000002   02....       LJMP    ?BANKED_LEAVE_XDATA
    136          
    137          /*****************************************************************************
    138           * @fn      HalUARTRead
    139           *
    140           * @brief   Read a buffer from the UART
    141           *
    142           * @param   port - USART module designation
    143           *          buf  - valid data buffer at least 'len' bytes in size
    144           *          len  - max length number of bytes to copy to 'buf'
    145           *
    146           * @return  length of buffer that was read
    147           *****************************************************************************/

   \                                 In  segment BANKED_CODE, align 1, keep-with-next
    148          uint16 HalUARTRead(uint8 port, uint8 *buf, uint16 len)
   \                     HalUARTRead:
    149          {
   \   000000   74F7         MOV     A,#-0x9
   \   000002   12....       LCALL   ?BANKED_ENTER_XDATA
   \   000005                ; Saved register size: 9
   \   000005                ; Auto size: 0
   \   000005   E9           MOV     A,R1
    150          #if (HAL_UART_DMA == 1)
    151            if (port == HAL_UART_PORT_0)  return HalUARTReadDMA(buf, len);
   \   000006   7005         JNZ     ??HalUARTRead_0
   \   000008                ; Setup parameters for call to function HalUARTReadDMA
   \   000008   12....       LCALL   ??HalUARTReadDMA?relay
   \   00000B   8004         SJMP    ??HalUARTRead_1
    152          #endif
    153          #if (HAL_UART_DMA == 2)
    154            if (port == HAL_UART_PORT_1)  return HalUARTReadDMA(buf, len);
    155          #endif
    156          #if (HAL_UART_ISR == 1)
    157            if (port == HAL_UART_PORT_0)  return HalUARTReadISR(buf, len);
    158          #endif
    159          #if (HAL_UART_ISR == 2)
    160            if (port == HAL_UART_PORT_1)  return HalUARTReadISR(buf, len);
    161          #endif
    162          
    163          #if (HAL_UART_DMA == 0) && (HAL_UART_ISR == 0)
    164            // UART is not enabled. Do nothing.
    165            // Unused arguments
    166            (void) port;
    167            (void) buf;
    168            (void) len;
    169          #endif
    170            return 0;
   \                     ??HalUARTRead_0:
   \   00000D   7A00         MOV     R2,#0x0
   \   00000F   7B00         MOV     R3,#0x0
   \                     ??HalUARTRead_1:
   \   000011   80..         SJMP    ?Subroutine2
    171          }
    172          
    173          /******************************************************************************
    174           * @fn      HalUARTWrite
    175           *
    176           * @brief   Write a buffer to the UART.
    177           *
    178           * @param   port - UART port
    179           *          buf  - pointer to the buffer that will be written, not freed
    180           *          len  - length of
    181           *
    182           * @return  length of the buffer that was sent
    183           *****************************************************************************/

   \                                 In  segment BANKED_CODE, align 1, keep-with-next
    184          uint16 HalUARTWrite(uint8 port, uint8 *buf, uint16 len)
   \                     HalUARTWrite:
    185          {
   \   000000   74F7         MOV     A,#-0x9
   \   000002   12....       LCALL   ?BANKED_ENTER_XDATA
   \   000005                ; Saved register size: 9
   \   000005                ; Auto size: 0
   \   000005   E9           MOV     A,R1
    186          #if (HAL_UART_DMA == 1)
    187            if (port == HAL_UART_PORT_0)  return HalUARTWriteDMA(buf, len);
   \   000006   7005         JNZ     ??HalUARTWrite_0
   \   000008                ; Setup parameters for call to function HalUARTWriteDMA
   \   000008   12....       LCALL   ??HalUARTWriteDMA?relay
   \   00000B   8004         SJMP    ??HalUARTWrite_1
    188          #endif
    189          #if (HAL_UART_DMA == 2)
    190            if (port == HAL_UART_PORT_1)  return HalUARTWriteDMA(buf, len);
    191          #endif
    192          #if (HAL_UART_ISR == 1)
    193            if (port == HAL_UART_PORT_0)  return HalUARTWriteISR(buf, len);
    194          #endif
    195          #if (HAL_UART_ISR == 2)
    196            if (port == HAL_UART_PORT_1)  return HalUARTWriteISR(buf, len);
    197          #endif
    198          
    199          #if (HAL_UART_DMA == 0) && (HAL_UART_ISR == 0)
    200            // UART is not enabled. Do nothing.
    201            // Unused arguments
    202            (void) port;
    203            (void) buf;
    204            (void) len;
    205          #endif
    206            return 0;
   \                     ??HalUARTWrite_0:
   \   00000D   7A00         MOV     R2,#0x0
   \   00000F   7B00         MOV     R3,#0x0
   \                     ??HalUARTWrite_1:
   \   000011                REQUIRE ?Subroutine2
   \   000011                ; // Fall through to label ?Subroutine2
    207          }
    208          
    209          /******************************************************************************
    210           * @fn      HalUARTSuspend
    211           *
    212           * @brief   Suspend UART hardware before entering PM mode 1, 2 or 3.
    213           *
    214           * @param   None
    215           *
    216           * @return  None
    217           *****************************************************************************/

   \                                 In  segment BANKED_CODE, align 1, keep-with-next
    218          void HalUARTSuspend( void )
   \                     HalUARTSuspend:
    219          {
   \   000000                ; Saved register size: 0
   \   000000                ; Auto size: 0
    220          #if HAL_UART_DMA
    221            HalUARTSuspendDMA();
   \   000000   5386BF       ANL     0x86,#0xbf
    222          #endif
    223          #if HAL_UART_ISR
    224            HalUARTSuspendISR();
    225          #endif
    226          }
   \   000003   02....       LJMP    ?BRET
   \   000006                REQUIRE U0CSR
    227          
    228          /******************************************************************************
    229           * @fn      HalUARTResume
    230           *
    231           * @brief   Resume UART hardware after exiting PM mode 1, 2 or 3.
    232           *
    233           * @param   None
    234           *
    235           * @return  None
    236           *****************************************************************************/

   \                                 In  segment BANKED_CODE, align 1, keep-with-next
    237          void HalUARTResume( void )
   \                     HalUARTResume:
    238          {
   \   000000                ; Saved register size: 0
   \   000000                ; Auto size: 0
    239          #if HAL_UART_DMA
    240            HalUARTResumeDMA();
   \   000000   43C480       ORL     0xc4,#0x80
   \   000003   438640       ORL     0x86,#0x40
    241          #endif
    242          #if HAL_UART_ISR
    243            HalUARTResumeISR();
    244          #endif
    245          }
   \   000006   02....       LJMP    ?BRET
   \   000009                REQUIRE U0UCR
   \   000009                REQUIRE U0CSR
    246          
    247          /***************************************************************************************************
    248           * @fn      HalUARTPoll
    249           *
    250           * @brief   Poll the UART.
    251           *
    252           * @param   none
    253           *
    254           * @return  none
    255           *****************************************************************************/

   \                                 In  segment BANKED_CODE, align 1, keep-with-next
    256          void HalUARTPoll(void)
   \                     HalUARTPoll:
    257          {
   \   000000   C082         PUSH    DPL
   \   000002   C083         PUSH    DPH
   \   000004                ; Saved register size: 2
   \   000004                ; Auto size: 0
    258          #if HAL_UART_DMA
    259            HalUARTPollDMA();
   \   000004                ; Setup parameters for call to function HalUARTPollDMA
   \   000004   12....       LCALL   ??HalUARTPollDMA?relay
    260          #endif
    261          #if HAL_UART_ISR
    262            HalUARTPollISR();
    263          #endif
    264          }
   \   000007   80..         SJMP    ??Subroutine15_0
    265          
    266          /**************************************************************************************************
    267           * @fn      Hal_UART_RxBufLen()
    268           *
    269           * @brief   Calculate Rx Buffer length - the number of bytes in the buffer.
    270           *
    271           * @param   port - UART port
    272           *
    273           * @return  length of current Rx Buffer
    274           **************************************************************************************************/

   \                                 In  segment BANKED_CODE, align 1, keep-with-next
    275          uint16 Hal_UART_RxBufLen( uint8 port )
   \                     Hal_UART_RxBufLen:
    276          {
   \   000000   74F7         MOV     A,#-0x9
   \   000002   12....       LCALL   ?BANKED_ENTER_XDATA
   \   000005                ; Saved register size: 9
   \   000005                ; Auto size: 0
   \   000005   E9           MOV     A,R1
    277          #if (HAL_UART_DMA == 1)
    278            if (port == HAL_UART_PORT_0)  return HalUARTRxAvailDMA();
   \   000006   7005         JNZ     ??Hal_UART_RxBufLen_0
   \   000008                ; Setup parameters for call to function HalUARTRxAvailDMA
   \   000008   12....       LCALL   ??HalUARTRxAvailDMA?relay
   \   00000B   8004         SJMP    ??Hal_UART_RxBufLen_1
    279          #endif
    280          #if (HAL_UART_DMA == 2)
    281            if (port == HAL_UART_PORT_1)  return HalUARTRxAvailDMA();
    282          #endif
    283          #if (HAL_UART_ISR == 1)
    284            if (port == HAL_UART_PORT_0)  return HalUARTRxAvailISR();
    285          #endif
    286          #if (HAL_UART_ISR == 2)
    287            if (port == HAL_UART_PORT_1)  return HalUARTRxAvailISR();
    288          #endif
    289          
    290          #if (HAL_UART_DMA == 0) && (HAL_UART_ISR == 0)
    291            // UART is not enabled. Do nothing.
    292            // Unused argument
    293            (void) port;
    294          #endif
    295            return 0;
   \                     ??Hal_UART_RxBufLen_0:
   \   00000D   7A00         MOV     R2,#0x0
   \   00000F   7B00         MOV     R3,#0x0
   \                     ??Hal_UART_RxBufLen_1:
   \   000011   80..         SJMP    ?Subroutine2
    296          }

   \                                 In  segment BANK_RELAYS, align 1
   \                     ??HalUARTInitDMA?relay:
   \   000000   12....       LCALL   ?BDISPATCH
   \   000003   ......       DC24    HalUARTInitDMA

   \                                 In  segment BANK_RELAYS, align 1
   \                     ??HalUARTOpenDMA?relay:
   \   000000   12....       LCALL   ?BDISPATCH
   \   000003   ......       DC24    HalUARTOpenDMA

   \                                 In  segment BANK_RELAYS, align 1
   \                     ??HalUARTReadDMA?relay:
   \   000000   12....       LCALL   ?BDISPATCH
   \   000003   ......       DC24    HalUARTReadDMA

   \                                 In  segment BANK_RELAYS, align 1
   \                     ??HalUARTWriteDMA?relay:
   \   000000   12....       LCALL   ?BDISPATCH
   \   000003   ......       DC24    HalUARTWriteDMA

   \                                 In  segment BANK_RELAYS, align 1
   \                     ??HalUARTPollDMA?relay:
   \   000000   12....       LCALL   ?BDISPATCH
   \   000003   ......       DC24    HalUARTPollDMA

   \                                 In  segment BANK_RELAYS, align 1
   \                     ??HalUARTRxAvailDMA?relay:
   \   000000   12....       LCALL   ?BDISPATCH
   \   000003   ......       DC24    HalUARTRxAvailDMA

   \                                 In  segment BANK_RELAYS, align 1
   \                     ??HalUARTIsrDMA?relay:
   \   000000   12....       LCALL   ?BDISPATCH
   \   000003   ......       DC24    HalUARTIsrDMA

   \                                 In  segment BANK_RELAYS, align 1
   \                     ??HalUARTInit?relay:
   \   000000   12....       LCALL   ?BDISPATCH
   \   000003   ......       DC24    HalUARTInit

   \                                 In  segment BANK_RELAYS, align 1
   \                     ??HalUARTOpen?relay:
   \   000000   12....       LCALL   ?BDISPATCH
   \   000003   ......       DC24    HalUARTOpen

   \                                 In  segment BANK_RELAYS, align 1
   \                     ??HalUARTRead?relay:
   \   000000   12....       LCALL   ?BDISPATCH
   \   000003   ......       DC24    HalUARTRead

   \                                 In  segment BANK_RELAYS, align 1
   \                     ??HalUARTWrite?relay:
   \   000000   12....       LCALL   ?BDISPATCH
   \   000003   ......       DC24    HalUARTWrite

   \                                 In  segment BANK_RELAYS, align 1
   \                     ??HalUARTSuspend?relay:
   \   000000   12....       LCALL   ?BDISPATCH
   \   000003   ......       DC24    HalUARTSuspend

   \                                 In  segment BANK_RELAYS, align 1
   \                     ??HalUARTResume?relay:
   \   000000   12....       LCALL   ?BDISPATCH
   \   000003   ......       DC24    HalUARTResume

   \                                 In  segment BANK_RELAYS, align 1
   \                     ??HalUARTPoll?relay:
   \   000000   12....       LCALL   ?BDISPATCH
   \   000003   ......       DC24    HalUARTPoll

   \                                 In  segment BANK_RELAYS, align 1
   \                     ??Hal_UART_RxBufLen?relay:
   \   000000   12....       LCALL   ?BDISPATCH
   \   000003   ......       DC24    Hal_UART_RxBufLen
    297          
    298          /******************************************************************************
    299          ******************************************************************************/

   Maximum stack usage in bytes:

     Function               ISTACK PSTACK XSTACK
     --------               ------ ------ ------
     HalUARTInit                2      0      0
       -> HalUARTInitDMA        4      0      0
     HalUARTInitDMA             2      0      0
     HalUARTIsrDMA              2      0      0
     HalUARTOpen                0      0      9
       -> HalUARTOpenDMA        0      0     18
     HalUARTOpenDMA             2      0      9
       -> osal_memset           4      0      0
     HalUARTPoll                2      0      0
       -> HalUARTPollDMA        4      0      0
     HalUARTPollDMA             0      0     10
       -> HalUARTRxAvailDMA     0      0     20
     HalUARTRead                0      0      9
       -> HalUARTReadDMA        0      0     18
     HalUARTReadDMA             1      0     19
     HalUARTResume              0      0      0
     HalUARTRxAvailDMA          2      0     10
     HalUARTSuspend             0      0      0
     HalUARTWrite               0      0      9
       -> HalUARTWriteDMA       0      0     18
     HalUARTWriteDMA            1      0     25
     Hal_UART_RxBufLen          0      0      9
       -> HalUARTRxAvailDMA     0      0     18


   Segment part sizes:

     Function/Label            Bytes
     --------------            -----
     _A_P0                        1
     U0CSR                        1
     ST0                          1
     _A_IEN0                      1
     U0DBUF                       1
     U0BAUD                       1
     U0UCR                        1
     U0GCR                        1
     DMAIRQ                       1
     DMAARM                       1
     DMAREQ                       1
     PERCFG                       1
     ADCCFG                       1
     P0SEL                        1
     P0DIR                        1
     P2DIR                        1
     dmaCfg                     526
     HalUARTInitDMA             109
     ?Subroutine0                 1
     ??Subroutine15_0             7
     HalUARTOpenDMA             186
     ??Subroutine14_0             6
     HalUARTReadDMA              83
     ?Subroutine1                 5
     ?Subroutine6                21
     HalUARTWriteDMA            230
     ?Subroutine11               12
     ?Subroutine9                 4
     ??Subroutine13_0             4
     ?Subroutine7                27
     ?Subroutine5                11
     HalUARTPollDMA             356
     ?Subroutine4                15
     ?Subroutine10               21
     ?Subroutine3                10
     ?Subroutine12               13
     HalUARTRxAvailDMA           63
     ?Subroutine8                16
     HalUARTIsrDMA               45
     HalUARTInit                  9
     HalUARTOpen                 15
     ?Subroutine2                 5
     HalUARTRead                 19
     HalUARTWrite                17
     HalUARTSuspend               6
     HalUARTResume                9
     HalUARTPoll                  9
     Hal_UART_RxBufLen           19
     ??HalUARTInitDMA?relay       6
     ??HalUARTOpenDMA?relay       6
     ??HalUARTReadDMA?relay       6
     ??HalUARTWriteDMA?relay      6
     ??HalUARTPollDMA?relay       6
     ??HalUARTRxAvailDMA?relay    6
     ??HalUARTIsrDMA?relay        6
     ??HalUARTInit?relay          6
     ??HalUARTOpen?relay          6
     ??HalUARTRead?relay          6
     ??HalUARTWrite?relay         6
     ??HalUARTSuspend?relay       6
     ??HalUARTResume?relay        6
     ??HalUARTPoll?relay          6
     ??Hal_UART_RxBufLen?relay    6

 
 1 353 bytes in segment BANKED_CODE
    90 bytes in segment BANK_RELAYS
    16 bytes in segment SFR_AN
   526 bytes in segment XDATA_Z
 
 1 443 bytes of CODE  memory
     0 bytes of DATA  memory (+ 16 bytes shared)
   526 bytes of XDATA memory

Errors: none
Warnings: 1
